#
# A fatal error has been detected by the Java Runtime Environment:
#
#  EXCEPTION_ACCESS_VIOLATION (0xc0000005) at pc=0x00007ffc4d5d6490, pid=4640, tid=19168
#
# JRE version: OpenJDK Runtime Environment (11.0.5+10) (build 11.0.5+10-b520.30)
# Java VM: OpenJDK 64-Bit Server VM (11.0.5+10-b520.30, mixed mode, sharing, tiered, compressed oops, g1 gc, windows-amd64)
# Problematic frame:
# C  0x00007ffc4d5d6490
#
# No core dump will be written. Minidumps are not enabled by default on client versions of Windows
#
# If you would like to submit a bug report, please visit:
#   http://bugreport.java.com/bugreport/crash.jsp
# The crash happened outside the Java Virtual Machine in native code.
# See problematic frame for where to report the bug.
#

---------------  S U M M A R Y ------------

Command Line: -javaagent:D:\IntelliJ\IntelliJ IDEA Community Edition 2019.3.2\lib\idea_rt.jar=56664:D:\IntelliJ\IntelliJ IDEA Community Edition 2019.3.2\bin -Dfile.encoding=UTF-8 com.falconfly.menu.MainMenu

Host: Intel(R) Core(TM) i5-8250U CPU @ 1.60GHz, 8 cores, 7G,  Windows 10 , 64 bit Build 17763 (10.0.17763.1158)
Time: Sun May 31 21:40:00 2020 Aaea?onu (ceia) elapsed time: 19 seconds (0d 0h 0m 19s)

---------------  T H R E A D  ---------------

Current thread (0x000001f3c3607800):  JavaThread "JavaFX Application Thread" [_thread_in_native, id=19168, stack(0x000000e014d00000,0x000000e014e00000)]

Stack: [0x000000e014d00000,0x000000e014e00000],  sp=0x000000e014dfb420,  free space=1005k
Native frames: (J=compiled Java code, j=interpreted, Vv=VM code, C=native code)
C  0x00007ffc4d5d6490

Java frames: (J=compiled Java code, j=interpreted, Vv=VM code)
J 3427  org.lwjgl.system.JNI.invokePV(JJ)V (0 bytes) @ 0x000001f3b3d4bf14 [0x000001f3b3d4bec0+0x0000000000000054]
j  org.lwjgl.glfw.GLFW.glfwDestroyWindow(J)V+6
j  com.falconfly.engine.EngineWindow.destroy()V+4
j  com.falconfly.engine.Engine.cleanup()V+21
j  com.falconfly.engine.Engine.run()V+9
j  com.falconfly.engine.main.Main.main([Ljava/lang/String;)V+29
j  com.falconfly.menu.MainMenu.handle(Ljavafx/event/ActionEvent;)V+134
j  com.falconfly.menu.MainMenu$$Lambda$146.handle(Ljavafx/event/Event;)V+8
j  com.sun.javafx.event.CompositeEventHandler.dispatchBubblingEvent(Ljavafx/event/Event;)V+51 javafx.base@11.0.5
j  com.sun.javafx.event.EventHandlerManager.dispatchBubblingEvent(Ljavafx/event/EventType;Ljavafx/event/Event;)Ljavafx/event/Event;+29 javafx.base@11.0.5
j  com.sun.javafx.event.EventHandlerManager.dispatchBubblingEvent(Ljavafx/event/Event;)Ljavafx/event/Event;+8 javafx.base@11.0.5
j  com.sun.javafx.event.CompositeEventDispatcher.dispatchBubblingEvent(Ljavafx/event/Event;)Ljavafx/event/Event;+11 javafx.base@11.0.5
j  com.sun.javafx.event.BasicEventDispatcher.dispatchEvent(Ljavafx/event/Event;Ljavafx/event/EventDispatchChain;)Ljavafx/event/Event;+29 javafx.base@11.0.5
J 2777 c1 com.sun.javafx.event.EventDispatchChainImpl.dispatchEvent(Ljavafx/event/Event;)Ljavafx/event/Event; javafx.base@11.0.5 (101 bytes) @ 0x000001f3acb72d3c [0x000001f3acb72b60+0x00000000000001dc]
j  com.sun.javafx.event.BasicEventDispatcher.dispatchEvent(Ljavafx/event/Event;Ljavafx/event/EventDispatchChain;)Ljavafx/event/Event;+17 javafx.base@11.0.5
J 2777 c1 com.sun.javafx.event.EventDispatchChainImpl.dispatchEvent(Ljavafx/event/Event;)Ljavafx/event/Event; javafx.base@11.0.5 (101 bytes) @ 0x000001f3acb72d3c [0x000001f3acb72b60+0x00000000000001dc]
j  com.sun.javafx.event.BasicEventDispatcher.dispatchEvent(Ljavafx/event/Event;Ljavafx/event/EventDispatchChain;)Ljavafx/event/Event;+17 javafx.base@11.0.5
J 2777 c1 com.sun.javafx.event.EventDispatchChainImpl.dispatchEvent(Ljavafx/event/Event;)Ljavafx/event/Event; javafx.base@11.0.5 (101 bytes) @ 0x000001f3acb72d3c [0x000001f3acb72b60+0x00000000000001dc]
j  com.sun.javafx.event.EventUtil.fireEventImpl(Ljavafx/event/EventDispatchChain;Ljavafx/event/EventTarget;Ljavafx/event/Event;)Ljavafx/event/Event;+10 javafx.base@11.0.5
j  com.sun.javafx.event.EventUtil.fireEvent(Ljavafx/event/EventTarget;Ljavafx/event/Event;)Ljavafx/event/Event;+37 javafx.base@11.0.5
j  javafx.event.Event.fireEvent(Ljavafx/event/EventTarget;Ljavafx/event/Event;)V+30 javafx.base@11.0.5
j  javafx.scene.Node.fireEvent(Ljavafx/event/Event;)V+86 javafx.graphics@11.0.5
j  javafx.scene.control.Button.fire()V+15 javafx.controls@11.0.5
j  com.sun.javafx.scene.control.behavior.ButtonBehavior.mouseReleased(Ljavafx/scene/input/MouseEvent;)V+27 javafx.controls@11.0.5
j  com.sun.javafx.scene.control.behavior.ButtonBehavior$$Lambda$226.handle(Ljavafx/event/Event;)V+8 javafx.controls@11.0.5
j  com.sun.javafx.scene.control.inputmap.InputMap.handle(Ljavafx/event/Event;)V+61 javafx.controls@11.0.5
j  com.sun.javafx.scene.control.inputmap.InputMap$$Lambda$221.handle(Ljavafx/event/Event;)V+5 javafx.controls@11.0.5
j  com.sun.javafx.event.CompositeEventHandler$NormalEventHandlerRecord.handleBubblingEvent(Ljavafx/event/Event;)V+5 javafx.base@11.0.5
j  com.sun.javafx.event.CompositeEventHandler.dispatchBubblingEvent(Ljavafx/event/Event;)V+28 javafx.base@11.0.5
j  com.sun.javafx.event.EventHandlerManager.dispatchBubblingEvent(Ljavafx/event/EventType;Ljavafx/event/Event;)Ljavafx/event/Event;+29 javafx.base@11.0.5
j  com.sun.javafx.event.EventHandlerManager.dispatchBubblingEvent(Ljavafx/event/Event;)Ljavafx/event/Event;+8 javafx.base@11.0.5
j  com.sun.javafx.event.CompositeEventDispatcher.dispatchBubblingEvent(Ljavafx/event/Event;)Ljavafx/event/Event;+11 javafx.base@11.0.5
j  com.sun.javafx.event.BasicEventDispatcher.dispatchEvent(Ljavafx/event/Event;Ljavafx/event/EventDispatchChain;)Ljavafx/event/Event;+29 javafx.base@11.0.5
J 2777 c1 com.sun.javafx.event.EventDispatchChainImpl.dispatchEvent(Ljavafx/event/Event;)Ljavafx/event/Event; javafx.base@11.0.5 (101 bytes) @ 0x000001f3acb72d3c [0x000001f3acb72b60+0x00000000000001dc]
j  com.sun.javafx.event.BasicEventDispatcher.dispatchEvent(Ljavafx/event/Event;Ljavafx/event/EventDispatchChain;)Ljavafx/event/Event;+17 javafx.base@11.0.5
J 2777 c1 com.sun.javafx.event.EventDispatchChainImpl.dispatchEvent(Ljavafx/event/Event;)Ljavafx/event/Event; javafx.base@11.0.5 (101 bytes) @ 0x000001f3acb72d3c [0x000001f3acb72b60+0x00000000000001dc]
j  com.sun.javafx.event.BasicEventDispatcher.dispatchEvent(Ljavafx/event/Event;Ljavafx/event/EventDispatchChain;)Ljavafx/event/Event;+17 javafx.base@11.0.5
J 2777 c1 com.sun.javafx.event.EventDispatchChainImpl.dispatchEvent(Ljavafx/event/Event;)Ljavafx/event/Event; javafx.base@11.0.5 (101 bytes) @ 0x000001f3acb72d3c [0x000001f3acb72b60+0x00000000000001dc]
j  com.sun.javafx.event.EventUtil.fireEventImpl(Ljavafx/event/EventDispatchChain;Ljavafx/event/EventTarget;Ljavafx/event/Event;)Ljavafx/event/Event;+10 javafx.base@11.0.5
j  com.sun.javafx.event.EventUtil.fireEvent(Ljavafx/event/EventTarget;Ljavafx/event/Event;)Ljavafx/event/Event;+46 javafx.base@11.0.5
J 2747 c1 javafx.scene.Scene$MouseHandler.process(Ljavafx/scene/input/MouseEvent;Z)V javafx.graphics@11.0.5 (735 bytes) @ 0x000001f3acb5a2f4 [0x000001f3acb58580+0x0000000000001d74]
J 2746 c1 javafx.scene.Scene$MouseHandler.access$1300(Ljavafx/scene/Scene$MouseHandler;Ljavafx/scene/input/MouseEvent;Z)V javafx.graphics@11.0.5 (7 bytes) @ 0x000001f3acb57d94 [0x000001f3acb57d40+0x0000000000000054]
j  javafx.scene.Scene.processMouseEvent(Ljavafx/scene/input/MouseEvent;)V+6 javafx.graphics@11.0.5
j  javafx.scene.Scene$ScenePeerListener.mouseEvent(Ljavafx/event/EventType;DDDDLjavafx/scene/input/MouseButton;ZZZZZZZZZ)V+46 javafx.graphics@11.0.5
j  com.sun.javafx.tk.quantum.GlassViewEventHandler$MouseEventNotification.run()Ljava/lang/Void;+582 javafx.graphics@11.0.5
j  com.sun.javafx.tk.quantum.GlassViewEventHandler$MouseEventNotification.run()Ljava/lang/Object;+1 javafx.graphics@11.0.5
v  ~StubRoutines::call_stub
J 2181  java.security.AccessController.doPrivileged(Ljava/security/PrivilegedAction;Ljava/security/AccessControlContext;)Ljava/lang/Object; java.base@11.0.5 (0 bytes) @ 0x000001f3b3c56136 [0x000001f3b3c560c0+0x0000000000000076]
j  com.sun.javafx.tk.quantum.GlassViewEventHandler.lambda$handleMouseEvent$2()Ljava/lang/Void;+11 javafx.graphics@11.0.5
j  com.sun.javafx.tk.quantum.GlassViewEventHandler$$Lambda$263.get()Ljava/lang/Object;+4 javafx.graphics@11.0.5
j  com.sun.javafx.tk.quantum.QuantumToolkit.runWithoutRenderLock(Ljava/util/function/Supplier;)Ljava/lang/Object;+18 javafx.graphics@11.0.5
j  com.sun.javafx.tk.quantum.GlassViewEventHandler.handleMouseEvent(Lcom/sun/glass/ui/View;JIIIIIIIZZ)V+103 javafx.graphics@11.0.5
j  com.sun.glass.ui.View.handleMouseEvent(JIIIIIIIZZ)V+30 javafx.graphics@11.0.5
j  com.sun.glass.ui.View.notifyMouse(IIIIIIIZZ)V+181 javafx.graphics@11.0.5
v  ~StubRoutines::call_stub
j  com.sun.glass.ui.win.WinApplication._runLoop(Ljava/lang/Runnable;)V+0 javafx.graphics@11.0.5
j  com.sun.glass.ui.win.WinApplication.lambda$runLoop$3(ILjava/lang/Runnable;)V+8 javafx.graphics@11.0.5
j  com.sun.glass.ui.win.WinApplication$$Lambda$60.run()V+12 javafx.graphics@11.0.5
j  java.lang.Thread.run()V+11 java.base@11.0.5
v  ~StubRoutines::call_stub

siginfo: EXCEPTION_ACCESS_VIOLATION (0xc0000005), reading address 0x0000000000000000


Register to memory mapping:

RIP=0x00007ffc4d5d6490 points into unknown readable memory: 48 8b 01 48 8b d1 48 8b
RAX=0x0 is NULL
RBX=0x000001f3c49d29f0 points into unknown readable memory: 10 5c bb c4 f3 01 00 00
RCX=0x0 is NULL
RDX=0x00007ffc4d627ee0 points into unknown readable memory: 00 00 00 00 00 00 00 00
RSP=0x000000e014dfb420 is pointing into the stack for thread: 0x000001f3c3607800
RBP=0x000000e014dfb4b0 is pointing into the stack for thread: 0x000001f3c3607800
RSI=0x000001f3d1a46e18 is pointing into metadata
RDI=0x0000000000000160 is an unknown value
R8 =0x000001f3c49d29f0 points into unknown readable memory: 10 5c bb c4 f3 01 00 00
R9 =0x00007ffc4d5d63e0 points into unknown readable memory: 40 53 48 83 ec 20 83 3d
R10=0x00007ffc53b71b10 points into unknown readable memory: 49 8b c8 49 ff e1 cc cc
R11=0x000001f3b3d4bee8 is at entry_point+40 in (nmethod*)0x000001f3b3d4bd10
R12=0x0 is NULL
R13=0x000000e014dfb4d0 is pointing into the stack for thread: 0x000001f3c3607800
R14=0x000000e014dfb4a0 is pointing into the stack for thread: 0x000001f3c3607800
R15=0x000001f3c3607800 is a thread


Registers:
RAX=0x0000000000000000, RBX=0x000001f3c49d29f0, RCX=0x0000000000000000, RDX=0x00007ffc4d627ee0
RSP=0x000000e014dfb420, RBP=0x000000e014dfb4b0, RSI=0x000001f3d1a46e18, RDI=0x0000000000000160
R8 =0x000001f3c49d29f0, R9 =0x00007ffc4d5d63e0, R10=0x00007ffc53b71b10, R11=0x000001f3b3d4bee8
R12=0x0000000000000000, R13=0x000000e014dfb4d0, R14=0x000000e014dfb4a0, R15=0x000001f3c3607800
RIP=0x00007ffc4d5d6490, EFLAGS=0x0000000000010283

Top of Stack: (sp=0x000000e014dfb420)
0x000000e014dfb420:   000001f3c49d29f0 000000e014dfb558
0x000000e014dfb430:   000001f3d17c6490 000001f3c3607800
0x000000e014dfb440:   000001f3d18bba00 000001f3b3d4bfb4
0x000000e014dfb450:   000001f3d17e7d10 000001f3c3607800
0x000000e014dfb460:   000001f3d17e7d10 000001f3c3607800
0x000000e014dfb470:   fffffffe00000000 0000000000000000
0x000000e014dfb480:   0000000000000000 0000000000000000
0x000000e014dfb490:   000000e014dfb558 000001f3ac08de12
0x000000e014dfb4a0:   0000000081d97690 0000000800000000
0x000000e014dfb4b0:   000000e014dfb538 000001f3ac079e73
0x000000e014dfb4c0:   000001f3c43684c0 000001f3ac079e73
0x000000e014dfb4d0:   00007ffc4d5d63e0 0000000000000000
0x000000e014dfb4e0:   000001f3c49d29f0 0000000000000000
0x000000e014dfb4f0:   000000e014dfb4f0 000001f3d17e7cde
0x000000e014dfb500:   000000e014dfb560 000001f3d17fb288
0x000000e014dfb510:   0000000000000000 0000000081db9080 

Instructions: (pc=0x00007ffc4d5d6490)
0x00007ffc4d5d6390:   18 00 00 00 66 0f 6f 05 c4 02 04 00 f3 0f 7f 05
0x00007ffc4d5d63a0:   64 17 05 00 c7 05 6e 17 05 00 08 00 00 00 c7 05
0x00007ffc4d5d63b0:   88 17 05 00 01 00 00 00 c7 05 06 1b 05 00 ff ff
0x00007ffc4d5d63c0:   ff ff c7 05 bc 17 05 00 01 00 00 00 48 83 c4 28
0x00007ffc4d5d63d0:   c3 cc cc cc cc cc cc cc cc cc cc cc cc cc cc cc
0x00007ffc4d5d63e0:   40 53 48 83 ec 20 83 3d 03 17 05 00 00 48 8b d9
0x00007ffc4d5d63f0:   75 11 33 d2 b9 01 00 01 00 48 83 c4 20 5b e9 5d
0x00007ffc4d5d6400:   b8 ff ff 48 85 db 0f 84 a5 00 00 00 0f 57 c0 33
0x00007ffc4d5d6410:   c0 0f 11 81 c0 02 00 00 0f 11 81 d0 02 00 00 0f
0x00007ffc4d5d6420:   11 81 e0 02 00 00 0f 11 81 f0 02 00 00 0f 11 81
0x00007ffc4d5d6430:   00 03 00 00 0f 11 81 10 03 00 00 0f 11 81 20 03
0x00007ffc4d5d6440:   00 00 0f 11 81 30 03 00 00 48 89 81 40 03 00 00
0x00007ffc4d5d6450:   48 8d 0d 35 25 05 00 e8 54 47 00 00 48 3b d8 75
0x00007ffc4d5d6460:   07 33 c9 e8 48 b6 ff ff 48 8b cb e8 80 4a 00 00
0x00007ffc4d5d6470:   48 8b 0d 69 1a 05 00 48 8d 15 62 1a 05 00 48 3b
0x00007ffc4d5d6480:   cb 74 1b 0f 1f 40 00 66 0f 1f 84 00 00 00 00 00
0x00007ffc4d5d6490:   48 8b 01 48 8b d1 48 8b c8 48 3b c3 75 f2 48 8b
0x00007ffc4d5d64a0:   03 48 8b cb 48 89 02 48 83 c4 20 5b e9 97 27 01
0x00007ffc4d5d64b0:   00 48 83 c4 20 5b c3 cc cc cc cc cc cc cc cc cc
0x00007ffc4d5d64c0:   83 3d 29 16 05 00 00 75 0c 33 d2 b9 01 00 01 00
0x00007ffc4d5d64d0:   e9 8b b7 ff ff e9 d6 4a 00 00 cc cc cc cc cc cc
0x00007ffc4d5d64e0:   33 c0 48 85 d2 74 02 89 02 4d 85 c0 74 03 41 89
0x00007ffc4d5d64f0:   00 39 05 f9 15 05 00 75 0c 33 d2 b9 01 00 01 00
0x00007ffc4d5d6500:   e9 5b b7 ff ff e9 96 4c 00 00 cc cc cc cc cc cc
0x00007ffc4d5d6510:   48 83 ec 28 83 3d d5 15 05 00 00 75 13 33 d2 b9
0x00007ffc4d5d6520:   01 00 01 00 e8 37 b7 ff ff 33 c0 48 83 c4 28 c3
0x00007ffc4d5d6530:   81 fa 01 20 02 00 0f 8f 94 00 00 00 0f 84 83 00
0x00007ffc4d5d6540:   00 00 8d 82 ff ff fd ff 83 f8 0b 0f 87 12 01 00
0x00007ffc4d5d6550:   00 48 98 4c 8d 05 a6 9a ff ff 41 8b 84 80 80 66
0x00007ffc4d5d6560:   00 00 49 03 c0 ff e0 48 83 c4 28 e9 50 60 00 00
0x00007ffc4d5d6570:   48 83 c4 28 e9 87 60 00 00 48 83 c4 28 e9 9e 60
0x00007ffc4d5d6580:   00 00 48 83 c4 28 e9 85 60 00 00 48 83 c4 28 e9 


Stack slot to memory mapping:
stack at sp + 0 slots: 0x000001f3c49d29f0 points into unknown readable memory: 10 5c bb c4 f3 01 00 00
stack at sp + 1 slots: 0x000000e014dfb558 is pointing into the stack for thread: 0x000001f3c3607800
stack at sp + 2 slots: 0x000001f3d17c6490 is pointing into metadata
stack at sp + 3 slots: 0x000001f3c3607800 is a thread
stack at sp + 4 slots: {method} {0x000001f3d18bba08} 'invokePV' '(JJ)V' in 'org/lwjgl/system/JNI'
stack at sp + 5 slots: 0x000001f3b3d4bfb4 is at entry_point+244 in (nmethod*)0x000001f3b3d4bd10
stack at sp + 6 slots: {method} {0x000001f3d17e7d18} 'glfwDestroyWindow' '(J)V' in 'org/lwjgl/glfw/GLFW'
stack at sp + 7 slots: 0x000001f3c3607800 is a thread


---------------  P R O C E S S  ---------------

Threads class SMR info:
_java_thread_list=0x000001f3d04d1f30, length=24, elements={
0x000001f3a7fc6000, 0x000001f3c293c000, 0x000001f3c293d000, 0x000001f3c2958000,
0x000001f3c2959000, 0x000001f3c295a000, 0x000001f3c3260800, 0x000001f3c3264000,
0x000001f3c3468000, 0x000001f3c382f000, 0x000001f3c41eb000, 0x000001f3c4352800,
0x000001f3c3ccd000, 0x000001f3c3607800, 0x000001f3c3fb6800, 0x000001f3c4620000,
0x000001f3c4826800, 0x000001f3c47a0800, 0x000001f3c4881000, 0x000001f3c4881800,
0x000001f3c4880000, 0x000001f3c4883000, 0x000001f3c487d800, 0x000001f3c487f000
}

Java Threads: ( => current thread )
  0x000001f3a7fc6000 JavaThread "main" [_thread_blocked, id=19472, stack(0x000000e013700000,0x000000e013800000)]
  0x000001f3c293c000 JavaThread "Reference Handler" daemon [_thread_blocked, id=14972, stack(0x000000e013e00000,0x000000e013f00000)]
  0x000001f3c293d000 JavaThread "Finalizer" daemon [_thread_blocked, id=4208, stack(0x000000e013f00000,0x000000e014000000)]
  0x000001f3c2958000 JavaThread "Signal Dispatcher" daemon [_thread_blocked, id=6200, stack(0x000000e014000000,0x000000e014100000)]
  0x000001f3c2959000 JavaThread "Attach Listener" daemon [_thread_blocked, id=12440, stack(0x000000e014100000,0x000000e014200000)]
  0x000001f3c295a000 JavaThread "C2 CompilerThread0" daemon [_thread_blocked, id=16464, stack(0x000000e014200000,0x000000e014300000)]
  0x000001f3c3260800 JavaThread "C1 CompilerThread0" daemon [_thread_blocked, id=19600, stack(0x000000e014300000,0x000000e014400000)]
  0x000001f3c3264000 JavaThread "Sweeper thread" daemon [_thread_blocked, id=6024, stack(0x000000e014400000,0x000000e014500000)]
  0x000001f3c3468000 JavaThread "Common-Cleaner" daemon [_thread_blocked, id=21092, stack(0x000000e014500000,0x000000e014600000)]
  0x000001f3c382f000 JavaThread "Monitor Ctrl-Break" daemon [_thread_in_native, id=18420, stack(0x000000e014800000,0x000000e014900000)]
  0x000001f3c41eb000 JavaThread "Service Thread" daemon [_thread_blocked, id=12072, stack(0x000000e014900000,0x000000e014a00000)]
  0x000001f3c4352800 JavaThread "QuantumRenderer-0" daemon [_thread_blocked, id=9040, stack(0x000000e014b00000,0x000000e014c00000)]
  0x000001f3c3ccd000 JavaThread "InvokeLaterDispatcher" daemon [_thread_blocked, id=19632, stack(0x000000e014c00000,0x000000e014d00000)]
=>0x000001f3c3607800 JavaThread "JavaFX Application Thread" [_thread_in_native, id=19168, stack(0x000000e014d00000,0x000000e014e00000)]
  0x000001f3c3fb6800 JavaThread "Thread-1" daemon [_thread_in_native, id=20760, stack(0x000000e015400000,0x000000e015500000)]
  0x000001f3c4620000 JavaThread "JavaFX-Launcher" [_thread_blocked, id=18136, stack(0x000000e015500000,0x000000e015600000)]
  0x000001f3c4826800 JavaThread "Java2D Disposer" daemon [_thread_blocked, id=21180, stack(0x000000e015600000,0x000000e015700000)]
  0x000001f3c47a0800 JavaThread "AWT-Windows" daemon [_thread_in_native, id=5880, stack(0x000000e015800000,0x000000e015900000)]
  0x000001f3c4881000 JavaThread "JFXMedia Player EventQueueThread" daemon [_thread_blocked, id=4648, stack(0x000000e015c00000,0x000000e015d00000)]
  0x000001f3c4881800 JavaThread "Prism Font Disposer" daemon [_thread_blocked, id=17468, stack(0x000000e016600000,0x000000e016700000)]
  0x000001f3c4880000 JavaThread "Media Resource Disposer" daemon [_thread_blocked, id=11512, stack(0x000000e016700000,0x000000e016800000)]
  0x000001f3c4883000 JavaThread "JFXMedia Player EventQueueThread" daemon [_thread_blocked, id=932, stack(0x000000e014600000,0x000000e014700000)]
  0x000001f3c487d800 JavaThread "Timer-1" daemon [_thread_blocked, id=20272, stack(0x000000e016f00000,0x000000e017000000)]
  0x000001f3c487f000 JavaThread "Cleaner-0" daemon [_thread_blocked, id=10164, stack(0x000000e016d00000,0x000000e016e00000)]

Other Threads:
  0x000001f3c2939000 VMThread "VM Thread" [stack: 0x000000e013d00000,0x000000e013e00000] [id=21160]
  0x000001f3c3d2a000 WatcherThread [stack: 0x000000e014a00000,0x000000e014b00000] [id=21056]
  0x000001f3a7fdf000 GCTaskThread "GC Thread#0" [stack: 0x000000e013800000,0x000000e013900000] [id=17980]
  0x000001f3c45eb000 GCTaskThread "GC Thread#1" [stack: 0x000000e015100000,0x000000e015200000] [id=20660]
  0x000001f3c45ed000 GCTaskThread "GC Thread#2" [stack: 0x000000e015200000,0x000000e015300000] [id=15652]
  0x000001f3c45f6000 GCTaskThread "GC Thread#3" [stack: 0x000000e015300000,0x000000e015400000] [id=12888]
  0x000001f3c4827000 GCTaskThread "GC Thread#4" [stack: 0x000000e014700000,0x000000e014800000] [id=5036]
  0x000001f3c4c45800 GCTaskThread "GC Thread#5" [stack: 0x000000e015700000,0x000000e015800000] [id=2880]
  0x000001f3c3f5e800 GCTaskThread "GC Thread#6" [stack: 0x000000e017000000,0x000000e017100000] [id=12416]
  0x000001f3cf79d000 GCTaskThread "GC Thread#7" [stack: 0x000000e017400000,0x000000e017500000] [id=11088]
  0x000001f3a8010000 ConcurrentGCThread "G1 Main Marker" [stack: 0x000000e013900000,0x000000e013a00000] [id=5652]
  0x000001f3a8011800 ConcurrentGCThread "G1 Conc#0" [stack: 0x000000e013a00000,0x000000e013b00000] [id=11844]
  0x000001f3cc328800 ConcurrentGCThread "G1 Conc#1" [stack: 0x000000e016400000,0x000000e016500000] [id=7520]
  0x000001f3c27c3800 ConcurrentGCThread "G1 Refine#0" [stack: 0x000000e013b00000,0x000000e013c00000] [id=9836]
  0x000001f3c27c4000 ConcurrentGCThread "G1 Young RemSet Sampling" [stack: 0x000000e013c00000,0x000000e013d00000] [id=18036]

Threads with active compile tasks:

VM state:not at safepoint (normal execution)

VM Mutex/Monitor currently owned by a thread: None

Heap address: 0x0000000081c00000, size: 2020 MB, Compressed Oops mode: 32-bit
Narrow klass base: 0x0000000800000000, Narrow klass shift: 3
Compressed class space size: 1073741824 Address: 0x0000000840000000

Heap:
 garbage-first heap   total 157696K, used 71799K [0x0000000081c00000, 0x0000000100000000)
  region size 1024K, 28 young (28672K), 1 survivors (1024K)
 Metaspace       used 23415K, capacity 24192K, committed 24448K, reserved 1071104K
  class space    used 2333K, capacity 2640K, committed 2688K, reserved 1048576K
Heap Regions: E=young(eden), S=young(survivor), O=old, HS=humongous(starts), HC=humongous(continues), CS=collection set, F=free, A=archive, TAMS=top-at-mark-start (previous, next)
|   0|0x0000000081c00000, 0x0000000081d00000, 0x0000000081d00000|100%| O|  |TAMS 0x0000000081d00000, 0x0000000081c00000| Untracked 
|   1|0x0000000081d00000, 0x0000000081e00000, 0x0000000081e00000|100%| O|  |TAMS 0x0000000081d00000, 0x0000000081d00000| Untracked 
|   2|0x0000000081e00000, 0x0000000081e6c600, 0x0000000081f00000| 42%| O|  |TAMS 0x0000000081e00000, 0x0000000081e00000| Untracked 
|   3|0x0000000081f00000, 0x0000000082000000, 0x0000000082000000|100%|HS|  |TAMS 0x0000000081f00000, 0x0000000081f00000| Complete 
|   4|0x0000000082000000, 0x0000000082100000, 0x0000000082100000|100%|HC|  |TAMS 0x0000000082000000, 0x0000000082000000| Complete 
|   5|0x0000000082100000, 0x0000000082100000, 0x0000000082200000|  0%| F|  |TAMS 0x0000000082100000, 0x0000000082100000| Untracked 
|   6|0x0000000082200000, 0x0000000082200000, 0x0000000082300000|  0%| F|  |TAMS 0x0000000082200000, 0x0000000082200000| Untracked 
|   7|0x0000000082300000, 0x0000000082300000, 0x0000000082400000|  0%| F|  |TAMS 0x0000000082300000, 0x0000000082300000| Untracked 
|   8|0x0000000082400000, 0x0000000082400000, 0x0000000082500000|  0%| F|  |TAMS 0x0000000082400000, 0x0000000082400000| Untracked 
|   9|0x0000000082500000, 0x0000000082600000, 0x0000000082600000|100%|HS|  |TAMS 0x0000000082600000, 0x0000000082500000| Complete 
|  10|0x0000000082600000, 0x0000000082700000, 0x0000000082700000|100%|HC|  |TAMS 0x0000000082700000, 0x0000000082600000| Complete 
|  11|0x0000000082700000, 0x0000000082800000, 0x0000000082800000|100%|HC|  |TAMS 0x0000000082800000, 0x0000000082700000| Complete 
|  12|0x0000000082800000, 0x0000000082900000, 0x0000000082900000|100%|HC|  |TAMS 0x0000000082900000, 0x0000000082800000| Complete 
|  13|0x0000000082900000, 0x0000000082a00000, 0x0000000082a00000|100%|HC|  |TAMS 0x0000000082a00000, 0x0000000082900000| Complete 
|  14|0x0000000082a00000, 0x0000000082b00000, 0x0000000082b00000|100%|HC|  |TAMS 0x0000000082b00000, 0x0000000082a00000| Complete 
|  15|0x0000000082b00000, 0x0000000082c00000, 0x0000000082c00000|100%|HS|  |TAMS 0x0000000082c00000, 0x0000000082b00000| Complete 
|  16|0x0000000082c00000, 0x0000000082d00000, 0x0000000082d00000|100%|HC|  |TAMS 0x0000000082d00000, 0x0000000082c00000| Complete 
|  17|0x0000000082d00000, 0x0000000082e00000, 0x0000000082e00000|100%|HC|  |TAMS 0x0000000082e00000, 0x0000000082d00000| Complete 
|  18|0x0000000082e00000, 0x0000000082f00000, 0x0000000082f00000|100%|HC|  |TAMS 0x0000000082f00000, 0x0000000082e00000| Complete 
|  19|0x0000000082f00000, 0x0000000083000000, 0x0000000083000000|100%|HC|  |TAMS 0x0000000083000000, 0x0000000082f00000| Complete 
|  20|0x0000000083000000, 0x0000000083100000, 0x0000000083100000|100%|HC|  |TAMS 0x0000000083100000, 0x0000000083000000| Complete 
|  21|0x0000000083100000, 0x0000000083200000, 0x0000000083200000|100%|HC|  |TAMS 0x0000000083200000, 0x0000000083100000| Complete 
|  22|0x0000000083200000, 0x0000000083300000, 0x0000000083300000|100%|HC|  |TAMS 0x0000000083300000, 0x0000000083200000| Complete 
|  23|0x0000000083300000, 0x0000000083400000, 0x0000000083400000|100%|HS|  |TAMS 0x0000000083400000, 0x0000000083300000| Complete 
|  24|0x0000000083400000, 0x0000000083500000, 0x0000000083500000|100%|HC|  |TAMS 0x0000000083500000, 0x0000000083400000| Complete 
|  25|0x0000000083500000, 0x0000000083600000, 0x0000000083600000|100%|HC|  |TAMS 0x0000000083600000, 0x0000000083500000| Complete 
|  26|0x0000000083600000, 0x0000000083700000, 0x0000000083700000|100%|HC|  |TAMS 0x0000000083700000, 0x0000000083600000| Complete 
|  27|0x0000000083700000, 0x0000000083800000, 0x0000000083800000|100%|HC|  |TAMS 0x0000000083800000, 0x0000000083700000| Complete 
|  28|0x0000000083800000, 0x0000000083900000, 0x0000000083900000|100%|HC|  |TAMS 0x0000000083900000, 0x0000000083800000| Complete 
|  29|0x0000000083900000, 0x0000000083a00000, 0x0000000083a00000|100%|HC|  |TAMS 0x0000000083a00000, 0x0000000083900000| Complete 
|  30|0x0000000083a00000, 0x0000000083b00000, 0x0000000083b00000|100%|HC|  |TAMS 0x0000000083b00000, 0x0000000083a00000| Complete 
|  31|0x0000000083b00000, 0x0000000083c00000, 0x0000000083c00000|100%|HS|  |TAMS 0x0000000083c00000, 0x0000000083b00000| Complete 
|  32|0x0000000083c00000, 0x0000000083d00000, 0x0000000083d00000|100%|HC|  |TAMS 0x0000000083d00000, 0x0000000083c00000| Complete 
|  33|0x0000000083d00000, 0x0000000083e00000, 0x0000000083e00000|100%|HS|  |TAMS 0x0000000083e00000, 0x0000000083d00000| Complete 
|  34|0x0000000083e00000, 0x0000000083f00000, 0x0000000083f00000|100%|HC|  |TAMS 0x0000000083f00000, 0x0000000083e00000| Complete 
|  35|0x0000000083f00000, 0x0000000084000000, 0x0000000084000000|100%|HS|  |TAMS 0x0000000084000000, 0x0000000083f00000| Complete 
|  36|0x0000000084000000, 0x0000000084100000, 0x0000000084100000|100%|HC|  |TAMS 0x0000000084100000, 0x0000000084000000| Complete 
|  37|0x0000000084100000, 0x0000000084200000, 0x0000000084200000|100%| O|  |TAMS 0x0000000084200000, 0x0000000084100000| Untracked 
|  38|0x0000000084200000, 0x0000000084300000, 0x0000000084300000|100%| O|  |TAMS 0x0000000084300000, 0x0000000084200000| Untracked 
|  39|0x0000000084300000, 0x0000000084400000, 0x0000000084400000|100%|HS|  |TAMS 0x0000000084400000, 0x0000000084300000| Complete 
|  40|0x0000000084400000, 0x0000000084400000, 0x0000000084500000|  0%| F|  |TAMS 0x0000000084400000, 0x0000000084400000| Untracked 
|  41|0x0000000084500000, 0x0000000084500000, 0x0000000084600000|  0%| F|  |TAMS 0x0000000084500000, 0x0000000084500000| Untracked 
|  42|0x0000000084600000, 0x0000000084600000, 0x0000000084700000|  0%| F|  |TAMS 0x0000000084600000, 0x0000000084600000| Untracked 
|  43|0x0000000084700000, 0x0000000084700000, 0x0000000084800000|  0%| F|  |TAMS 0x0000000084700000, 0x0000000084700000| Untracked 
|  44|0x0000000084800000, 0x0000000084800000, 0x0000000084900000|  0%| F|  |TAMS 0x0000000084800000, 0x0000000084800000| Untracked 
|  45|0x0000000084900000, 0x0000000084900000, 0x0000000084a00000|  0%| F|  |TAMS 0x0000000084900000, 0x0000000084900000| Untracked 
|  46|0x0000000084a00000, 0x0000000084a00000, 0x0000000084b00000|  0%| F|  |TAMS 0x0000000084a00000, 0x0000000084a00000| Untracked 
|  47|0x0000000084b00000, 0x0000000084b00000, 0x0000000084c00000|  0%| F|  |TAMS 0x0000000084b00000, 0x0000000084b00000| Untracked 
|  48|0x0000000084c00000, 0x0000000084c00000, 0x0000000084d00000|  0%| F|  |TAMS 0x0000000084c00000, 0x0000000084c00000| Untracked 
|  49|0x0000000084d00000, 0x0000000084d00000, 0x0000000084e00000|  0%| F|  |TAMS 0x0000000084d00000, 0x0000000084d00000| Untracked 
|  50|0x0000000084e00000, 0x0000000084e00000, 0x0000000084f00000|  0%| F|  |TAMS 0x0000000084e00000, 0x0000000084e00000| Untracked 
|  51|0x0000000084f00000, 0x0000000084f00000, 0x0000000085000000|  0%| F|  |TAMS 0x0000000084f00000, 0x0000000084f00000| Untracked 
|  52|0x0000000085000000, 0x0000000085000000, 0x0000000085100000|  0%| F|  |TAMS 0x0000000085000000, 0x0000000085000000| Untracked 
|  53|0x0000000085100000, 0x00000000851b18a0, 0x0000000085200000| 69%| S|CS|TAMS 0x0000000085100000, 0x0000000085100000| Complete 
|  54|0x0000000085200000, 0x0000000085200000, 0x0000000085300000|  0%| F|  |TAMS 0x0000000085200000, 0x0000000085200000| Untracked 
|  55|0x0000000085300000, 0x0000000085300000, 0x0000000085400000|  0%| F|  |TAMS 0x0000000085300000, 0x0000000085300000| Untracked 
|  56|0x0000000085400000, 0x0000000085500000, 0x0000000085500000|100%|HS|  |TAMS 0x0000000085500000, 0x0000000085400000| Complete 
|  57|0x0000000085500000, 0x0000000085600000, 0x0000000085600000|100%|HC|  |TAMS 0x0000000085600000, 0x0000000085500000| Complete 
|  58|0x0000000085600000, 0x0000000085700000, 0x0000000085700000|100%| O|  |TAMS 0x0000000085700000, 0x0000000085600000| Untracked 
|  59|0x0000000085700000, 0x0000000085800000, 0x0000000085800000|100%| O|  |TAMS 0x0000000085800000, 0x0000000085700000| Untracked 
|  60|0x0000000085800000, 0x0000000085900000, 0x0000000085900000|100%| O|  |TAMS 0x0000000085900000, 0x0000000085800000| Untracked 
|  61|0x0000000085900000, 0x0000000085a00000, 0x0000000085a00000|100%| O|  |TAMS 0x0000000085a00000, 0x0000000085900000| Untracked 
|  62|0x0000000085a00000, 0x0000000085b00000, 0x0000000085b00000|100%| O|  |TAMS 0x0000000085b00000, 0x0000000085a00000| Untracked 
|  63|0x0000000085b00000, 0x0000000085c00000, 0x0000000085c00000|100%| O|  |TAMS 0x0000000085b91c00, 0x0000000085b00000| Untracked 
|  64|0x0000000085c00000, 0x0000000085c00000, 0x0000000085d00000|  0%| F|  |TAMS 0x0000000085c00000, 0x0000000085c00000| Untracked 
|  65|0x0000000085d00000, 0x0000000085d00000, 0x0000000085e00000|  0%| F|  |TAMS 0x0000000085d00000, 0x0000000085d00000| Untracked 
|  66|0x0000000085e00000, 0x0000000085e00000, 0x0000000085f00000|  0%| F|  |TAMS 0x0000000085e00000, 0x0000000085e00000| Untracked 
|  67|0x0000000085f00000, 0x0000000085f00000, 0x0000000086000000|  0%| F|  |TAMS 0x0000000085f00000, 0x0000000085f00000| Untracked 
|  68|0x0000000086000000, 0x0000000086000000, 0x0000000086100000|  0%| F|  |TAMS 0x0000000086000000, 0x0000000086000000| Untracked 
|  69|0x0000000086100000, 0x0000000086100000, 0x0000000086200000|  0%| F|  |TAMS 0x0000000086100000, 0x0000000086100000| Untracked 
|  70|0x0000000086200000, 0x0000000086200000, 0x0000000086300000|  0%| F|  |TAMS 0x0000000086200000, 0x0000000086200000| Untracked 
|  71|0x0000000086300000, 0x0000000086300000, 0x0000000086400000|  0%| F|  |TAMS 0x0000000086300000, 0x0000000086300000| Untracked 
|  72|0x0000000086400000, 0x0000000086400000, 0x0000000086500000|  0%| F|  |TAMS 0x0000000086400000, 0x0000000086400000| Untracked 
|  73|0x0000000086500000, 0x0000000086500000, 0x0000000086600000|  0%| F|  |TAMS 0x0000000086500000, 0x0000000086500000| Untracked 
|  74|0x0000000086600000, 0x0000000086600000, 0x0000000086700000|  0%| F|  |TAMS 0x0000000086600000, 0x0000000086600000| Untracked 
|  75|0x0000000086700000, 0x0000000086700000, 0x0000000086800000|  0%| F|  |TAMS 0x0000000086700000, 0x0000000086700000| Untracked 
|  76|0x0000000086800000, 0x0000000086800000, 0x0000000086900000|  0%| F|  |TAMS 0x0000000086800000, 0x0000000086800000| Untracked 
|  77|0x0000000086900000, 0x0000000086900000, 0x0000000086a00000|  0%| F|  |TAMS 0x0000000086900000, 0x0000000086900000| Untracked 
|  78|0x0000000086a00000, 0x0000000086a00000, 0x0000000086b00000|  0%| F|  |TAMS 0x0000000086a00000, 0x0000000086a00000| Untracked 
|  79|0x0000000086b00000, 0x0000000086b00000, 0x0000000086c00000|  0%| F|  |TAMS 0x0000000086b00000, 0x0000000086b00000| Untracked 
|  80|0x0000000086c00000, 0x0000000086c00000, 0x0000000086d00000|  0%| F|  |TAMS 0x0000000086c00000, 0x0000000086c00000| Untracked 
|  81|0x0000000086d00000, 0x0000000086d00000, 0x0000000086e00000|  0%| F|  |TAMS 0x0000000086d00000, 0x0000000086d00000| Untracked 
|  82|0x0000000086e00000, 0x0000000086e00000, 0x0000000086f00000|  0%| F|  |TAMS 0x0000000086e00000, 0x0000000086e00000| Untracked 
|  83|0x0000000086f00000, 0x0000000086f00000, 0x0000000087000000|  0%| F|  |TAMS 0x0000000086f00000, 0x0000000086f00000| Untracked 
|  84|0x0000000087000000, 0x0000000087000000, 0x0000000087100000|  0%| F|  |TAMS 0x0000000087000000, 0x0000000087000000| Untracked 
|  85|0x0000000087100000, 0x0000000087100000, 0x0000000087200000|  0%| F|  |TAMS 0x0000000087100000, 0x0000000087100000| Untracked 
|  86|0x0000000087200000, 0x0000000087200000, 0x0000000087300000|  0%| F|  |TAMS 0x0000000087200000, 0x0000000087200000| Untracked 
|  87|0x0000000087300000, 0x0000000087300000, 0x0000000087400000|  0%| F|  |TAMS 0x0000000087300000, 0x0000000087300000| Untracked 
|  88|0x0000000087400000, 0x0000000087400000, 0x0000000087500000|  0%| F|  |TAMS 0x0000000087400000, 0x0000000087400000| Untracked 
|  89|0x0000000087500000, 0x0000000087500000, 0x0000000087600000|  0%| F|  |TAMS 0x0000000087500000, 0x0000000087500000| Untracked 
|  90|0x0000000087600000, 0x0000000087600000, 0x0000000087700000|  0%| F|  |TAMS 0x0000000087600000, 0x0000000087600000| Untracked 
|  91|0x0000000087700000, 0x0000000087700000, 0x0000000087800000|  0%| F|  |TAMS 0x0000000087700000, 0x0000000087700000| Untracked 
|  92|0x0000000087800000, 0x0000000087800000, 0x0000000087900000|  0%| F|  |TAMS 0x0000000087800000, 0x0000000087800000| Untracked 
|  93|0x0000000087900000, 0x0000000087900000, 0x0000000087a00000|  0%| F|  |TAMS 0x0000000087900000, 0x0000000087900000| Untracked 
|  94|0x0000000087a00000, 0x0000000087a00000, 0x0000000087b00000|  0%| F|  |TAMS 0x0000000087a00000, 0x0000000087a00000| Untracked 
|  95|0x0000000087b00000, 0x0000000087b00000, 0x0000000087c00000|  0%| F|  |TAMS 0x0000000087b00000, 0x0000000087b00000| Untracked 
|  96|0x0000000087c00000, 0x0000000087c00000, 0x0000000087d00000|  0%| F|  |TAMS 0x0000000087c00000, 0x0000000087c00000| Untracked 
|  97|0x0000000087d00000, 0x0000000087d00000, 0x0000000087e00000|  0%| F|  |TAMS 0x0000000087d00000, 0x0000000087d00000| Untracked 
|  98|0x0000000087e00000, 0x0000000087e00000, 0x0000000087f00000|  0%| F|  |TAMS 0x0000000087e00000, 0x0000000087e00000| Untracked 
|  99|0x0000000087f00000, 0x0000000087f00000, 0x0000000088000000|  0%| F|  |TAMS 0x0000000087f00000, 0x0000000087f00000| Untracked 
| 100|0x0000000088000000, 0x0000000088000000, 0x0000000088100000|  0%| F|  |TAMS 0x0000000088000000, 0x0000000088000000| Untracked 
| 101|0x0000000088100000, 0x0000000088100000, 0x0000000088200000|  0%| F|  |TAMS 0x0000000088100000, 0x0000000088100000| Untracked 
| 102|0x0000000088200000, 0x0000000088200000, 0x0000000088300000|  0%| F|  |TAMS 0x0000000088200000, 0x0000000088200000| Untracked 
| 103|0x0000000088300000, 0x0000000088300000, 0x0000000088400000|  0%| F|  |TAMS 0x0000000088300000, 0x0000000088300000| Untracked 
| 104|0x0000000088400000, 0x0000000088400000, 0x0000000088500000|  0%| F|  |TAMS 0x0000000088400000, 0x0000000088400000| Untracked 
| 105|0x0000000088500000, 0x0000000088500000, 0x0000000088600000|  0%| F|  |TAMS 0x0000000088500000, 0x0000000088500000| Untracked 
| 106|0x0000000088600000, 0x0000000088600000, 0x0000000088700000|  0%| F|  |TAMS 0x0000000088600000, 0x0000000088600000| Untracked 
| 107|0x0000000088700000, 0x0000000088700000, 0x0000000088800000|  0%| F|  |TAMS 0x0000000088700000, 0x0000000088700000| Untracked 
| 108|0x0000000088800000, 0x0000000088800000, 0x0000000088900000|  0%| F|  |TAMS 0x0000000088800000, 0x0000000088800000| Untracked 
| 109|0x0000000088900000, 0x0000000088900000, 0x0000000088a00000|  0%| F|  |TAMS 0x0000000088900000, 0x0000000088900000| Untracked 
| 110|0x0000000088a00000, 0x0000000088a00000, 0x0000000088b00000|  0%| F|  |TAMS 0x0000000088a00000, 0x0000000088a00000| Untracked 
| 111|0x0000000088b00000, 0x0000000088b00000, 0x0000000088c00000|  0%| F|  |TAMS 0x0000000088b00000, 0x0000000088b00000| Untracked 
| 112|0x0000000088c00000, 0x0000000088c00000, 0x0000000088d00000|  0%| F|  |TAMS 0x0000000088c00000, 0x0000000088c00000| Untracked 
| 113|0x0000000088d00000, 0x0000000088d00000, 0x0000000088e00000|  0%| F|  |TAMS 0x0000000088d00000, 0x0000000088d00000| Untracked 
| 114|0x0000000088e00000, 0x0000000088e00000, 0x0000000088f00000|  0%| F|  |TAMS 0x0000000088e00000, 0x0000000088e00000| Untracked 
| 115|0x0000000088f00000, 0x0000000088f00000, 0x0000000089000000|  0%| F|  |TAMS 0x0000000088f00000, 0x0000000088f00000| Untracked 
| 116|0x0000000089000000, 0x0000000089000000, 0x0000000089100000|  0%| F|  |TAMS 0x0000000089000000, 0x0000000089000000| Untracked 
| 117|0x0000000089100000, 0x0000000089100000, 0x0000000089200000|  0%| F|  |TAMS 0x0000000089100000, 0x0000000089100000| Untracked 
| 118|0x0000000089200000, 0x0000000089200000, 0x0000000089300000|  0%| F|  |TAMS 0x0000000089200000, 0x0000000089200000| Untracked 
| 119|0x0000000089300000, 0x0000000089300000, 0x0000000089400000|  0%| F|  |TAMS 0x0000000089300000, 0x0000000089300000| Untracked 
| 120|0x0000000089400000, 0x0000000089400000, 0x0000000089500000|  0%| F|  |TAMS 0x0000000089400000, 0x0000000089400000| Untracked 
| 121|0x0000000089500000, 0x0000000089500000, 0x0000000089600000|  0%| F|  |TAMS 0x0000000089500000, 0x0000000089500000| Untracked 
| 122|0x0000000089600000, 0x0000000089600000, 0x0000000089700000|  0%| F|  |TAMS 0x0000000089600000, 0x0000000089600000| Untracked 
| 123|0x0000000089700000, 0x0000000089700000, 0x0000000089800000|  0%| F|  |TAMS 0x0000000089700000, 0x0000000089700000| Untracked 
| 124|0x0000000089800000, 0x0000000089800000, 0x0000000089900000|  0%| F|  |TAMS 0x0000000089800000, 0x0000000089800000| Untracked 
| 125|0x0000000089900000, 0x0000000089900000, 0x0000000089a00000|  0%| F|  |TAMS 0x0000000089900000, 0x0000000089900000| Untracked 
| 126|0x0000000089a00000, 0x0000000089a00000, 0x0000000089b00000|  0%| F|  |TAMS 0x0000000089a00000, 0x0000000089a00000| Untracked 
| 127|0x0000000089b00000, 0x0000000089b5cc00, 0x0000000089c00000| 36%| E|  |TAMS 0x0000000089b00000, 0x0000000089b00000| Complete 
| 128|0x0000000089c00000, 0x0000000089d00000, 0x0000000089d00000|100%| E|CS|TAMS 0x0000000089c00000, 0x0000000089c00000| Complete 
| 129|0x0000000089d00000, 0x0000000089e00000, 0x0000000089e00000|100%| E|CS|TAMS 0x0000000089d00000, 0x0000000089d00000| Complete 
| 130|0x0000000089e00000, 0x0000000089f00000, 0x0000000089f00000|100%| E|CS|TAMS 0x0000000089e00000, 0x0000000089e00000| Complete 
| 131|0x0000000089f00000, 0x000000008a000000, 0x000000008a000000|100%| E|CS|TAMS 0x0000000089f00000, 0x0000000089f00000| Complete 
| 132|0x000000008a000000, 0x000000008a100000, 0x000000008a100000|100%| E|CS|TAMS 0x000000008a000000, 0x000000008a000000| Complete 
| 133|0x000000008a100000, 0x000000008a200000, 0x000000008a200000|100%| E|CS|TAMS 0x000000008a100000, 0x000000008a100000| Complete 
| 134|0x000000008a200000, 0x000000008a300000, 0x000000008a300000|100%| E|CS|TAMS 0x000000008a200000, 0x000000008a200000| Complete 
| 135|0x000000008a300000, 0x000000008a400000, 0x000000008a400000|100%| E|CS|TAMS 0x000000008a300000, 0x000000008a300000| Complete 
| 136|0x000000008a400000, 0x000000008a500000, 0x000000008a500000|100%| E|CS|TAMS 0x000000008a400000, 0x000000008a400000| Complete 
| 137|0x000000008a500000, 0x000000008a600000, 0x000000008a600000|100%| E|CS|TAMS 0x000000008a500000, 0x000000008a500000| Complete 
| 138|0x000000008a600000, 0x000000008a700000, 0x000000008a700000|100%| E|CS|TAMS 0x000000008a600000, 0x000000008a600000| Complete 
| 139|0x000000008a700000, 0x000000008a800000, 0x000000008a800000|100%| E|CS|TAMS 0x000000008a700000, 0x000000008a700000| Complete 
| 140|0x000000008a800000, 0x000000008a900000, 0x000000008a900000|100%| E|CS|TAMS 0x000000008a800000, 0x000000008a800000| Complete 
| 141|0x000000008a900000, 0x000000008aa00000, 0x000000008aa00000|100%| E|CS|TAMS 0x000000008a900000, 0x000000008a900000| Complete 
| 142|0x000000008aa00000, 0x000000008ab00000, 0x000000008ab00000|100%| E|CS|TAMS 0x000000008aa00000, 0x000000008aa00000| Complete 
| 143|0x000000008ab00000, 0x000000008ac00000, 0x000000008ac00000|100%| E|CS|TAMS 0x000000008ab00000, 0x000000008ab00000| Complete 
| 144|0x000000008ac00000, 0x000000008ad00000, 0x000000008ad00000|100%| E|CS|TAMS 0x000000008ac00000, 0x000000008ac00000| Complete 
| 145|0x000000008ad00000, 0x000000008ae00000, 0x000000008ae00000|100%| E|CS|TAMS 0x000000008ad00000, 0x000000008ad00000| Complete 
| 146|0x000000008ae00000, 0x000000008af00000, 0x000000008af00000|100%| E|CS|TAMS 0x000000008ae00000, 0x000000008ae00000| Complete 
| 147|0x000000008af00000, 0x000000008b000000, 0x000000008b000000|100%| E|CS|TAMS 0x000000008af00000, 0x000000008af00000| Complete 
| 148|0x000000008b000000, 0x000000008b100000, 0x000000008b100000|100%| E|CS|TAMS 0x000000008b000000, 0x000000008b000000| Complete 
| 149|0x000000008b100000, 0x000000008b200000, 0x000000008b200000|100%| E|CS|TAMS 0x000000008b100000, 0x000000008b100000| Complete 
| 150|0x000000008b200000, 0x000000008b300000, 0x000000008b300000|100%| E|CS|TAMS 0x000000008b200000, 0x000000008b200000| Complete 
| 151|0x000000008b300000, 0x000000008b400000, 0x000000008b400000|100%| E|CS|TAMS 0x000000008b300000, 0x000000008b300000| Complete 
| 152|0x000000008b400000, 0x000000008b500000, 0x000000008b500000|100%| E|CS|TAMS 0x000000008b400000, 0x000000008b400000| Complete 
| 153|0x000000008b500000, 0x000000008b600000, 0x000000008b600000|100%| E|CS|TAMS 0x000000008b500000, 0x000000008b500000| Complete 

Card table byte_map: [0x000001f3bb7b0000,0x000001f3bbbb0000] _byte_map_base: 0x000001f3bb3a2000

Marking Bits (Prev, Next): (CMBitMap*) 0x000001f3a80075d8, (CMBitMap*) 0x000001f3a8007610
 Prev Bits: [0x000001f3bbfb0000, 0x000001f3bdf40000)
 Next Bits: [0x000001f3bdf40000, 0x000001f3bfed0000)

Polling page: 0x000001f3a5ef0000

Metaspace:

Usage:
  Non-class:     21.05 MB capacity,    20.59 MB ( 98%) used,   384.59 KB (  2%) free+waste,    85.13 KB ( <1%) overhead. 
      Class:      2.58 MB capacity,     2.28 MB ( 88%) used,   265.41 KB ( 10%) free+waste,    41.50 KB (  2%) overhead. 
       Both:     23.63 MB capacity,    22.87 MB ( 97%) used,   650.01 KB (  3%) free+waste,   126.63 KB ( <1%) overhead. 

Virtual space:
  Non-class space:       22.00 MB reserved,      21.25 MB ( 97%) committed 
      Class space:        1.00 GB reserved,       2.63 MB ( <1%) committed 
             Both:        1.02 GB reserved,      23.88 MB (  2%) committed 

Chunk freelists:
   Non-Class:  16.00 KB
       Class:  16.00 KB
        Both:  32.00 KB

MaxMetaspaceSize: 17179869184.00 GB
CompressedClassSpaceSize: 1.00 GB

CodeHeap 'non-profiled nmethods': size=120000Kb used=2566Kb max_used=2566Kb free=117433Kb
 bounds [0x000001f3b3b40000, 0x000001f3b3dd0000, 0x000001f3bb070000]
CodeHeap 'profiled nmethods': size=120000Kb used=8688Kb max_used=8688Kb free=111311Kb
 bounds [0x000001f3ac610000, 0x000001f3ace90000, 0x000001f3b3b40000]
CodeHeap 'non-nmethods': size=5760Kb used=1760Kb max_used=1817Kb free=3999Kb
 bounds [0x000001f3ac070000, 0x000001f3ac2e0000, 0x000001f3ac610000]
 total_blobs=7035 nmethods=4146 adapters=1311
 compilation: enabled
              stopped_count=0, restarted_count=0
 full_count=0

Compilation events (20 events):
Event: 19.095 Thread 0x000001f3c3260800 nmethod 4135 0x000001f3ace84d90 code [0x000001f3ace84f80, 0x000001f3ace854f0]
Event: 19.095 Thread 0x000001f3c3260800 4136   !   3       java.nio.DirectIntBufferU::put (32 bytes)
Event: 19.095 Thread 0x000001f3c295a000 nmethod 4134 0x000001f3b3dbed90 code [0x000001f3b3dbef20, 0x000001f3b3dbef98]
Event: 19.095 Thread 0x000001f3c3260800 nmethod 4136 0x000001f3ace85690 code [0x000001f3ace85860, 0x000001f3ace85bd8]
Event: 19.095 Thread 0x000001f3c3260800 4137       3       org.lwjgl.opengl.GL15::glDeleteBuffers (5 bytes)
Event: 19.095 Thread 0x000001f3c3260800 nmethod 4137 0x000001f3ace85e10 code [0x000001f3ace85fc0, 0x000001f3ace86130]
Event: 19.095 Thread 0x000001f3c3260800 4138   !   3       org.lwjgl.opengl.GL15C::glDeleteBuffers (42 bytes)
Event: 19.096 Thread 0x000001f3c3260800 nmethod 4138 0x000001f3ace86210 code [0x000001f3ace864c0, 0x000001f3ace875b0]
Event: 19.136 Thread 0x000001f3c3260800 4140       3       com.falconfly.engine.graph.Mesh::cleanUp (77 bytes)
Event: 19.136 Thread 0x000001f3c295a000 4142       4       org.lwjgl.system.MemoryStack::stackGet (10 bytes)
Event: 19.136 Thread 0x000001f3c3260800 nmethod 4140 0x000001f3ace87b10 code [0x000001f3ace87da0, 0x000001f3ace88790]
Event: 19.136 Thread 0x000001f3c3260800 4141       3       org.lwjgl.opengl.GL20::glDisableVertexAttribArray (5 bytes)
Event: 19.136 Thread 0x000001f3c3260800 nmethod 4141 0x000001f3ace88b10 code [0x000001f3ace88cc0, 0x000001f3ace88e30]
Event: 19.137 Thread 0x000001f3c295a000 nmethod 4142 0x000001f3b3dbf410 code [0x000001f3b3dbf5c0, 0x000001f3b3dbf758]
Event: 19.256 Thread 0x000001f3c3260800 4147   !   3       org.lwjgl.opengl.GL11C::glDeleteTextures (42 bytes)
Event: 19.256 Thread 0x000001f3c295a000 4146       4       org.lwjgl.system.MemoryUtil::memAddress (13 bytes)
Event: 19.256 Thread 0x000001f3c295a000 nmethod 4146 0x000001f3b3dc0510 code [0x000001f3b3dc06a0, 0x000001f3b3dc06f8]
Event: 19.256 Thread 0x000001f3c295a000 4150   !   4       java.nio.DirectIntBufferU::put (32 bytes)
Event: 19.256 Thread 0x000001f3c3260800 nmethod 4147 0x000001f3ace88f10 code [0x000001f3ace891c0, 0x000001f3ace8a2b0]
Event: 19.256 Thread 0x000001f3c3260800 4148   !   3       org.lwjgl.opengl.GL30C::glDeleteVertexArrays (42 bytes)

GC Heap History (20 events):
Event: 9.481 GC heap before
{Heap before GC invocations=18 (full 0):
 garbage-first heap   total 131072K, used 111258K [0x0000000081c00000, 0x0000000100000000)
  region size 1024K, 69 young (70656K), 2 survivors (2048K)
 Metaspace       used 21459K, capacity 22211K, committed 22272K, reserved 1069056K
  class space    used 2221K, capacity 2558K, committed 2560K, reserved 1048576K
}
Event: 9.482 GC heap after
{Heap after GC invocations=19 (full 0):
 garbage-first heap   total 131072K, used 42530K [0x0000000081c00000, 0x0000000100000000)
  region size 1024K, 2 young (2048K), 2 survivors (2048K)
 Metaspace       used 21459K, capacity 22211K, committed 22272K, reserved 1069056K
  class space    used 2221K, capacity 2558K, committed 2560K, reserved 1048576K
}
Event: 9.635 GC heap before
{Heap before GC invocations=19 (full 0):
 garbage-first heap   total 131072K, used 111138K [0x0000000081c00000, 0x0000000100000000)
  region size 1024K, 69 young (70656K), 2 survivors (2048K)
 Metaspace       used 21462K, capacity 22211K, committed 22272K, reserved 1069056K
  class space    used 2221K, capacity 2558K, committed 2560K, reserved 1048576K
}
Event: 9.638 GC heap after
{Heap after GC invocations=20 (full 0):
 garbage-first heap   total 157696K, used 42605K [0x0000000081c00000, 0x0000000100000000)
  region size 1024K, 2 young (2048K), 2 survivors (2048K)
 Metaspace       used 21462K, capacity 22211K, committed 22272K, reserved 1069056K
  class space    used 2221K, capacity 2558K, committed 2560K, reserved 1048576K
}
Event: 9.785 GC heap before
{Heap before GC invocations=20 (full 0):
 garbage-first heap   total 157696K, used 126573K [0x0000000081c00000, 0x0000000100000000)
  region size 1024K, 85 young (87040K), 2 survivors (2048K)
 Metaspace       used 21473K, capacity 22211K, committed 22272K, reserved 1069056K
  class space    used 2221K, capacity 2558K, committed 2560K, reserved 1048576K
}
Event: 9.787 GC heap after
{Heap after GC invocations=21 (full 0):
 garbage-first heap   total 157696K, used 44215K [0x0000000081c00000, 0x0000000100000000)
  region size 1024K, 3 young (3072K), 3 survivors (3072K)
 Metaspace       used 21473K, capacity 22211K, committed 22272K, reserved 1069056K
  class space    used 2221K, capacity 2558K, committed 2560K, reserved 1048576K
}
Event: 9.880 GC heap before
{Heap before GC invocations=21 (full 0):
 garbage-first heap   total 157696K, used 131255K [0x0000000081c00000, 0x0000000100000000)
  region size 1024K, 89 young (91136K), 3 survivors (3072K)
 Metaspace       used 21473K, capacity 22211K, committed 22272K, reserved 1069056K
  class space    used 2221K, capacity 2558K, committed 2560K, reserved 1048576K
}
Event: 9.881 GC heap after
{Heap after GC invocations=22 (full 0):
 garbage-first heap   total 157696K, used 42695K [0x0000000081c00000, 0x0000000100000000)
  region size 1024K, 1 young (1024K), 1 survivors (1024K)
 Metaspace       used 21473K, capacity 22211K, committed 22272K, reserved 1069056K
  class space    used 2221K, capacity 2558K, committed 2560K, reserved 1048576K
}
Event: 9.978 GC heap before
{Heap before GC invocations=22 (full 0):
 garbage-first heap   total 157696K, used 134855K [0x0000000081c00000, 0x0000000100000000)
  region size 1024K, 92 young (94208K), 1 survivors (1024K)
 Metaspace       used 21473K, capacity 22211K, committed 22272K, reserved 1069056K
  class space    used 2221K, capacity 2558K, committed 2560K, reserved 1048576K
}
Event: 9.979 GC heap after
{Heap after GC invocations=23 (full 0):
 garbage-first heap   total 157696K, used 42621K [0x0000000081c00000, 0x0000000100000000)
  region size 1024K, 1 young (1024K), 1 survivors (1024K)
 Metaspace       used 21473K, capacity 22211K, committed 22272K, reserved 1069056K
  class space    used 2221K, capacity 2558K, committed 2560K, reserved 1048576K
}
Event: 10.077 GC heap before
{Heap before GC invocations=23 (full 0):
 garbage-first heap   total 157696K, used 134781K [0x0000000081c00000, 0x0000000100000000)
  region size 1024K, 91 young (93184K), 1 survivors (1024K)
 Metaspace       used 21490K, capacity 22275K, committed 22528K, reserved 1069056K
  class space    used 2221K, capacity 2558K, committed 2560K, reserved 1048576K
}
Event: 10.079 GC heap after
{Heap after GC invocations=24 (full 0):
 garbage-first heap   total 157696K, used 44496K [0x0000000081c00000, 0x0000000100000000)
  region size 1024K, 3 young (3072K), 3 survivors (3072K)
 Metaspace       used 21490K, capacity 22275K, committed 22528K, reserved 1069056K
  class space    used 2221K, capacity 2558K, committed 2560K, reserved 1048576K
}
Event: 10.970 GC heap before
{Heap before GC invocations=24 (full 0):
 garbage-first heap   total 157696K, used 135632K [0x0000000081c00000, 0x0000000100000000)
  region size 1024K, 92 young (94208K), 3 survivors (3072K)
 Metaspace       used 22444K, capacity 23203K, committed 23424K, reserved 1071104K
  class space    used 2256K, capacity 2590K, committed 2688K, reserved 1048576K
}
Event: 10.971 GC heap after
{Heap after GC invocations=25 (full 0):
 garbage-first heap   total 157696K, used 42692K [0x0000000081c00000, 0x0000000100000000)
  region size 1024K, 1 young (1024K), 1 survivors (1024K)
 Metaspace       used 22444K, capacity 23203K, committed 23424K, reserved 1071104K
  class space    used 2256K, capacity 2590K, committed 2688K, reserved 1048576K
}
Event: 12.912 GC heap before
{Heap before GC invocations=25 (full 0):
 garbage-first heap   total 157696K, used 135876K [0x0000000081c00000, 0x0000000100000000)
  region size 1024K, 92 young (94208K), 1 survivors (1024K)
 Metaspace       used 22454K, capacity 23267K, committed 23424K, reserved 1071104K
  class space    used 2256K, capacity 2590K, committed 2688K, reserved 1048576K
}
Event: 12.914 GC heap after
{Heap after GC invocations=26 (full 0):
 garbage-first heap   total 157696K, used 42606K [0x0000000081c00000, 0x0000000100000000)
  region size 1024K, 1 young (1024K), 1 survivors (1024K)
 Metaspace       used 22454K, capacity 23267K, committed 23424K, reserved 1071104K
  class space    used 2256K, capacity 2590K, committed 2688K, reserved 1048576K
}
Event: 15.290 GC heap before
{Heap before GC invocations=26 (full 0):
 garbage-first heap   total 157696K, used 135790K [0x0000000081c00000, 0x0000000100000000)
  region size 1024K, 92 young (94208K), 1 survivors (1024K)
 Metaspace       used 22513K, capacity 23332K, committed 23680K, reserved 1071104K
  class space    used 2256K, capacity 2590K, committed 2688K, reserved 1048576K
}
Event: 15.292 GC heap after
{Heap after GC invocations=27 (full 0):
 garbage-first heap   total 157696K, used 42591K [0x0000000081c00000, 0x0000000100000000)
  region size 1024K, 1 young (1024K), 1 survivors (1024K)
 Metaspace       used 22513K, capacity 23332K, committed 23680K, reserved 1071104K
  class space    used 2256K, capacity 2590K, committed 2688K, reserved 1048576K
}
Event: 18.150 GC heap before
{Heap before GC invocations=27 (full 0):
 garbage-first heap   total 157696K, used 136799K [0x0000000081c00000, 0x0000000100000000)
  region size 1024K, 92 young (94208K), 1 survivors (1024K)
 Metaspace       used 23288K, capacity 24047K, committed 24192K, reserved 1071104K
  class space    used 2330K, capacity 2636K, committed 2688K, reserved 1048576K
}
Event: 18.152 GC heap after
{Heap after GC invocations=28 (full 0):
 garbage-first heap   total 157696K, used 45175K [0x0000000081c00000, 0x0000000100000000)
  region size 1024K, 1 young (1024K), 1 survivors (1024K)
 Metaspace       used 23288K, capacity 24047K, committed 24192K, reserved 1071104K
  class space    used 2330K, capacity 2636K, committed 2688K, reserved 1048576K
}

Deoptimization events (20 events):
Event: 17.597 Thread 0x000001f3c4352800 Uncommon trap: trap_request=0xffffff6e fr.pc=0x000001f3b3c8f304 relative=0x00000000000006a4
Event: 17.598 Thread 0x000001f3c4352800 Uncommon trap: reason=speculate_class_check action=maybe_recompile pc=0x000001f3b3c8f304 method=com.sun.javafx.sg.prism.NGNode.doRender(Lcom/sun/prism/Graphics;)V @ 330 c2
Event: 17.598 Thread 0x000001f3c4352800 DEOPT PACKING pc=0x000001f3b3c8f304 sp=0x000000e014bfe520
Event: 17.598 Thread 0x000001f3c4352800 DEOPT UNPACKING pc=0x000001f3ac09922f sp=0x000000e014bfe458 mode 2
Event: 17.601 Thread 0x000001f3c4352800 Uncommon trap: trap_request=0xffffff4d fr.pc=0x000001f3b3d9dcf0 relative=0x0000000000000590
Event: 17.601 Thread 0x000001f3c4352800 Uncommon trap: reason=unstable_if action=reinterpret pc=0x000001f3b3d9dcf0 method=com.sun.prism.impl.BaseContext.flushMask()V @ 11 c2
Event: 17.601 Thread 0x000001f3c4352800 DEOPT PACKING pc=0x000001f3b3d9dcf0 sp=0x000000e014bfdb20
Event: 17.601 Thread 0x000001f3c4352800 DEOPT UNPACKING pc=0x000001f3ac09922f sp=0x000000e014bfd8d0 mode 2
Event: 17.617 Thread 0x000001f3c4352800 Uncommon trap: trap_request=0xffffff6e fr.pc=0x000001f3b3c8f304 relative=0x00000000000006a4
Event: 17.617 Thread 0x000001f3c4352800 Uncommon trap: reason=speculate_class_check action=maybe_recompile pc=0x000001f3b3c8f304 method=com.sun.javafx.sg.prism.NGNode.doRender(Lcom/sun/prism/Graphics;)V @ 330 c2
Event: 17.617 Thread 0x000001f3c4352800 DEOPT PACKING pc=0x000001f3b3c8f304 sp=0x000000e014bfe520
Event: 17.617 Thread 0x000001f3c4352800 DEOPT UNPACKING pc=0x000001f3ac09922f sp=0x000000e014bfe458 mode 2
Event: 17.620 Thread 0x000001f3c4352800 Uncommon trap: trap_request=0xffffff6e fr.pc=0x000001f3b3c8f304 relative=0x00000000000006a4
Event: 17.620 Thread 0x000001f3c4352800 Uncommon trap: reason=speculate_class_check action=maybe_recompile pc=0x000001f3b3c8f304 method=com.sun.javafx.sg.prism.NGNode.doRender(Lcom/sun/prism/Graphics;)V @ 330 c2
Event: 17.620 Thread 0x000001f3c4352800 DEOPT PACKING pc=0x000001f3b3c8f304 sp=0x000000e014bfe520
Event: 17.620 Thread 0x000001f3c4352800 DEOPT UNPACKING pc=0x000001f3ac09922f sp=0x000000e014bfe458 mode 2
Event: 18.322 Thread 0x000001f3c4352800 Uncommon trap: trap_request=0xffffff6e fr.pc=0x000001f3b3c8f304 relative=0x00000000000006a4
Event: 18.322 Thread 0x000001f3c4352800 Uncommon trap: reason=speculate_class_check action=maybe_recompile pc=0x000001f3b3c8f304 method=com.sun.javafx.sg.prism.NGNode.doRender(Lcom/sun/prism/Graphics;)V @ 330 c2
Event: 18.322 Thread 0x000001f3c4352800 DEOPT PACKING pc=0x000001f3b3c8f304 sp=0x000000e014bfe7c0
Event: 18.322 Thread 0x000001f3c4352800 DEOPT UNPACKING pc=0x000001f3ac09922f sp=0x000000e014bfe6f8 mode 2

Classes redefined (0 events):
No events

Internal exceptions (20 events):
Event: 2.248 Thread 0x000001f3c3607800 Exception <a 'java/lang/NoSuchMethodError'{0x00000000891541f0}: 'java.lang.Object java.lang.invoke.DirectMethodHandle$Holder.invokeStatic(java.lang.Object, java.lang.Object, double)'> (0x00000000891541f0) thrown at [c:/BuildAgent/work/5ff2f6c26000d570/src
Event: 7.513 Thread 0x000001f3c3607800 Exception <a 'sun/nio/fs/WindowsException'{0x0000000087e68b30}> (0x0000000087e68b30) thrown at [c:/BuildAgent/work/5ff2f6c26000d570/src/hotspot/share/prims/jni.cpp, line 615]
Event: 7.515 Thread 0x000001f3c3607800 Exception <a 'sun/nio/fs/WindowsException'{0x0000000087e70bc0}> (0x0000000087e70bc0) thrown at [c:/BuildAgent/work/5ff2f6c26000d570/src/hotspot/share/prims/jni.cpp, line 615]
Event: 7.535 Thread 0x000001f3c3607800 Implicit null exception at 0x000001f3b3ba4a5f to 0x000001f3b3ba4ed6
Event: 7.536 Thread 0x000001f3c3607800 Exception <a 'java/lang/NoSuchMethodError'{0x0000000087cd6870}: 'void java.lang.invoke.DirectMethodHandle$Holder.invokeStatic(java.lang.Object, java.lang.Object, int, java.lang.Object)'> (0x0000000087cd6870) thrown at [c:/BuildAgent/work/5ff2f6c26000d570/
Event: 7.537 Thread 0x000001f3c3607800 Exception <a 'java/lang/NoSuchMethodError'{0x0000000087cdd0f0}: 'void java.lang.invoke.DelegatingMethodHandle$Holder.delegate(java.lang.Object, java.lang.Object, int, java.lang.Object)'> (0x0000000087cdd0f0) thrown at [c:/BuildAgent/work/5ff2f6c26000d570/
Event: 7.538 Thread 0x000001f3c3607800 Exception <a 'java/lang/NoSuchMethodError'{0x0000000087ce4850}: 'java.lang.Object java.lang.invoke.DirectMethodHandle$Holder.invokeStaticInit(java.lang.Object, java.lang.Object, java.lang.Object)'> (0x0000000087ce4850) thrown at [c:/BuildAgent/work/5ff2f6
Event: 7.552 Thread 0x000001f3c3607800 Exception <a 'sun/nio/fs/WindowsException'{0x0000000087b3def8}> (0x0000000087b3def8) thrown at [c:/BuildAgent/work/5ff2f6c26000d570/src/hotspot/share/prims/jni.cpp, line 615]
Event: 7.553 Thread 0x000001f3c3607800 Exception <a 'sun/nio/fs/WindowsException'{0x0000000087b3e458}> (0x0000000087b3e458) thrown at [c:/BuildAgent/work/5ff2f6c26000d570/src/hotspot/share/prims/jni.cpp, line 615]
Event: 7.557 Thread 0x000001f3c3607800 Exception <a 'sun/nio/fs/WindowsException'{0x0000000087ba4978}> (0x0000000087ba4978) thrown at [c:/BuildAgent/work/5ff2f6c26000d570/src/hotspot/share/prims/jni.cpp, line 615]
Event: 7.557 Thread 0x000001f3c3607800 Exception <a 'sun/nio/fs/WindowsException'{0x0000000087ba4cf8}> (0x0000000087ba4cf8) thrown at [c:/BuildAgent/work/5ff2f6c26000d570/src/hotspot/share/prims/jni.cpp, line 615]
Event: 7.704 Thread 0x000001f3c3607800 Exception <a 'sun/nio/fs/WindowsException'{0x00000000879599b0}> (0x00000000879599b0) thrown at [c:/BuildAgent/work/5ff2f6c26000d570/src/hotspot/share/prims/jni.cpp, line 615]
Event: 7.704 Thread 0x000001f3c3607800 Exception <a 'sun/nio/fs/WindowsException'{0x0000000087959d60}> (0x0000000087959d60) thrown at [c:/BuildAgent/work/5ff2f6c26000d570/src/hotspot/share/prims/jni.cpp, line 615]
Event: 7.713 Thread 0x000001f3c3607800 Exception <a 'sun/nio/fs/WindowsException'{0x00000000878b0ef8}> (0x00000000878b0ef8) thrown at [c:/BuildAgent/work/5ff2f6c26000d570/src/hotspot/share/prims/jni.cpp, line 615]
Event: 7.713 Thread 0x000001f3c3607800 Exception <a 'sun/nio/fs/WindowsException'{0x00000000878b12b0}> (0x00000000878b12b0) thrown at [c:/BuildAgent/work/5ff2f6c26000d570/src/hotspot/share/prims/jni.cpp, line 615]
Event: 7.716 Thread 0x000001f3c3607800 Exception <a 'sun/nio/fs/WindowsException'{0x000000008776dc30}> (0x000000008776dc30) thrown at [c:/BuildAgent/work/5ff2f6c26000d570/src/hotspot/share/prims/jni.cpp, line 615]
Event: 7.716 Thread 0x000001f3c3607800 Exception <a 'sun/nio/fs/WindowsException'{0x000000008776df20}> (0x000000008776df20) thrown at [c:/BuildAgent/work/5ff2f6c26000d570/src/hotspot/share/prims/jni.cpp, line 615]
Event: 8.161 Thread 0x000001f3c3607800 Exception <a 'sun/nio/fs/WindowsException'{0x0000000088c73330}> (0x0000000088c73330) thrown at [c:/BuildAgent/work/5ff2f6c26000d570/src/hotspot/share/prims/jni.cpp, line 615]
Event: 8.161 Thread 0x000001f3c3607800 Exception <a 'sun/nio/fs/WindowsException'{0x0000000088c736c0}> (0x0000000088c736c0) thrown at [c:/BuildAgent/work/5ff2f6c26000d570/src/hotspot/share/prims/jni.cpp, line 615]
Event: 10.164 Thread 0x000001f3c3607800 Implicit null exception at 0x000001f3b3ceebb7 to 0x000001f3b3cf022a

Events (20 events):
Event: 19.056 Thread 0x000001f3c4882800 Thread exited: 0x000001f3c4882800
Event: 19.057 Thread 0x000001f3c4884000 Thread added: 0x000001f3c4884000
Event: 19.057 Thread 0x000001f3c4884000 Thread exited: 0x000001f3c4884000
Event: 19.177 Thread 0x000001f3c4884000 Thread added: 0x000001f3c4884000
Event: 19.177 Thread 0x000001f3c4884000 Thread exited: 0x000001f3c4884000
Event: 19.177 Thread 0x000001f3c4884000 Thread added: 0x000001f3c4884000
Event: 19.177 Thread 0x000001f3c4884000 Thread exited: 0x000001f3c4884000
Event: 19.177 Thread 0x000001f3c4882800 Thread added: 0x000001f3c4882800
Event: 19.177 Thread 0x000001f3c4882800 Thread exited: 0x000001f3c4882800
Event: 19.177 Thread 0x000001f3c4882800 Thread added: 0x000001f3c4882800
Event: 19.177 Thread 0x000001f3c4882800 Thread exited: 0x000001f3c4882800
Event: 19.177 Thread 0x000001f3c4882800 Thread added: 0x000001f3c4882800
Event: 19.177 Thread 0x000001f3c4882800 Thread exited: 0x000001f3c4882800
Event: 19.177 Thread 0x000001f3c4882800 Thread added: 0x000001f3c4882800
Event: 19.177 Thread 0x000001f3c4882800 Thread exited: 0x000001f3c4882800
Event: 19.177 Thread 0x000001f3c4882800 Thread added: 0x000001f3c4882800
Event: 19.177 Thread 0x000001f3c4882800 Thread exited: 0x000001f3c4882800
Event: 19.177 Thread 0x000001f3c4882800 Thread added: 0x000001f3c4882800
Event: 19.177 Thread 0x000001f3c4882800 Thread exited: 0x000001f3c4882800
Event: 19.257 Thread 0x000001f3c4884000 Thread added: 0x000001f3c4884000


Dynamic libraries:
0x00007ff7a5900000 - 0x00007ff7a590a000 	D:\IntelliJ\IntelliJ IDEA Community Edition 2019.3.2\jbr\bin\java.exe
0x00007ffc7e070000 - 0x00007ffc7e25d000 	C:\WINDOWS\SYSTEM32\ntdll.dll
0x00007ffc7b600000 - 0x00007ffc7b6b3000 	C:\WINDOWS\System32\KERNEL32.DLL
0x00007ffc7a440000 - 0x00007ffc7a6d5000 	C:\WINDOWS\System32\KERNELBASE.dll
0x00007ffc7a6e0000 - 0x00007ffc7a7da000 	C:\WINDOWS\System32\ucrtbase.dll
0x00007ffc62fb0000 - 0x00007ffc62fc9000 	D:\IntelliJ\IntelliJ IDEA Community Edition 2019.3.2\jbr\bin\jli.dll
0x00007ffc63050000 - 0x00007ffc63067000 	D:\IntelliJ\IntelliJ IDEA Community Edition 2019.3.2\jbr\bin\VCRUNTIME140.dll
0x00007ffc7b460000 - 0x00007ffc7b5f7000 	C:\WINDOWS\System32\USER32.dll
0x00007ffc6e1a0000 - 0x00007ffc6e419000 	C:\WINDOWS\WinSxS\amd64_microsoft.windows.common-controls_6595b64144ccf1df_6.0.17763.1158_none_de722d88534a897f\COMCTL32.dll
0x00007ffc7aa70000 - 0x00007ffc7aa90000 	C:\WINDOWS\System32\win32u.dll
0x00007ffc7df10000 - 0x00007ffc7dfae000 	C:\WINDOWS\System32\msvcrt.dll
0x00007ffc7d050000 - 0x00007ffc7d079000 	C:\WINDOWS\System32\GDI32.dll
0x00007ffc7db30000 - 0x00007ffc7de5c000 	C:\WINDOWS\System32\combase.dll
0x00007ffc7a7e0000 - 0x00007ffc7a979000 	C:\WINDOWS\System32\gdi32full.dll
0x00007ffc7a9d0000 - 0x00007ffc7aa70000 	C:\WINDOWS\System32\msvcp_win.dll
0x00007ffc7b6f0000 - 0x00007ffc7b812000 	C:\WINDOWS\System32\RPCRT4.dll
0x00007ffc7a3c0000 - 0x00007ffc7a43e000 	C:\WINDOWS\System32\bcryptPrimitives.dll
0x00007ffc7b6c0000 - 0x00007ffc7b6ee000 	C:\WINDOWS\System32\IMM32.DLL
0x00007ffc4b360000 - 0x00007ffc4b3fd000 	D:\IntelliJ\IntelliJ IDEA Community Edition 2019.3.2\jbr\bin\msvcp140.dll
0x00007ffc29560000 - 0x00007ffc2a01b000 	D:\IntelliJ\IntelliJ IDEA Community Edition 2019.3.2\jbr\bin\server\jvm.dll
0x00007ffc7cf90000 - 0x00007ffc7d033000 	C:\WINDOWS\System32\ADVAPI32.dll
0x00007ffc7d430000 - 0x00007ffc7d4ce000 	C:\WINDOWS\System32\sechost.dll
0x00007ffc7e010000 - 0x00007ffc7e018000 	C:\WINDOWS\System32\PSAPI.DLL
0x00007ffc75d80000 - 0x00007ffc75d89000 	C:\WINDOWS\SYSTEM32\WSOCK32.dll
0x00007ffc6f2c0000 - 0x00007ffc6f2e4000 	C:\WINDOWS\SYSTEM32\WINMM.dll
0x00007ffc74b00000 - 0x00007ffc74b0a000 	C:\WINDOWS\SYSTEM32\VERSION.dll
0x00007ffc7cf20000 - 0x00007ffc7cf8d000 	C:\WINDOWS\System32\WS2_32.dll
0x00007ffc6f080000 - 0x00007ffc6f0ad000 	C:\WINDOWS\SYSTEM32\winmmbase.dll
0x00007ffc7a370000 - 0x00007ffc7a3ba000 	C:\WINDOWS\System32\cfgmgr32.dll
0x00007ffc7a060000 - 0x00007ffc7a071000 	C:\WINDOWS\System32\kernel.appcore.dll
0x00007ffc754c0000 - 0x00007ffc754d1000 	D:\IntelliJ\IntelliJ IDEA Community Edition 2019.3.2\jbr\bin\verify.dll
0x00007ffc72290000 - 0x00007ffc7247d000 	C:\WINDOWS\SYSTEM32\DBGHELP.DLL
0x00007ffc72260000 - 0x00007ffc7228a000 	C:\WINDOWS\SYSTEM32\dbgcore.DLL
0x00007ffc62e40000 - 0x00007ffc62e69000 	D:\IntelliJ\IntelliJ IDEA Community Edition 2019.3.2\jbr\bin\java.dll
0x00007ffc75e40000 - 0x00007ffc75e4f000 	D:\IntelliJ\IntelliJ IDEA Community Edition 2019.3.2\jbr\bin\instrument.dll
0x00007ffc6c690000 - 0x00007ffc6c6a7000 	D:\IntelliJ\IntelliJ IDEA Community Edition 2019.3.2\jbr\bin\zip.dll
0x00007ffc759f0000 - 0x00007ffc759fb000 	D:\IntelliJ\IntelliJ IDEA Community Edition 2019.3.2\jbr\bin\jimage.dll
0x00007ffc7b820000 - 0x00007ffc7cd14000 	C:\WINDOWS\System32\SHELL32.dll
0x00007ffc7de60000 - 0x00007ffc7df08000 	C:\WINDOWS\System32\shcore.dll
0x00007ffc7ab40000 - 0x00007ffc7b28d000 	C:\WINDOWS\System32\windows.storage.dll
0x00007ffc7a100000 - 0x00007ffc7a124000 	C:\WINDOWS\System32\profapi.dll
0x00007ffc7a080000 - 0x00007ffc7a0dd000 	C:\WINDOWS\System32\powrprof.dll
0x00007ffc7cd30000 - 0x00007ffc7cd82000 	C:\WINDOWS\System32\shlwapi.dll
0x00007ffc7a980000 - 0x00007ffc7a997000 	C:\WINDOWS\System32\cryptsp.dll
0x00007ffc6c500000 - 0x00007ffc6c51a000 	D:\IntelliJ\IntelliJ IDEA Community Edition 2019.3.2\jbr\bin\net.dll
0x00007ffc70910000 - 0x00007ffc70a02000 	C:\WINDOWS\SYSTEM32\WINHTTP.dll
0x00007ffc79870000 - 0x00007ffc798d7000 	C:\WINDOWS\system32\mswsock.dll
0x00007ffc6af30000 - 0x00007ffc6af44000 	D:\IntelliJ\IntelliJ IDEA Community Edition 2019.3.2\jbr\bin\nio.dll
0x00007ffc6d9c0000 - 0x00007ffc6d9da000 	D:\IntelliJ\IntelliJ IDEA Community Edition 2019.3.2\bin\breakgen64.dll
0x000001f3a7eb0000 - 0x000001f3a7eb3000 	D:\IntelliJ\IntelliJ IDEA Community Edition 2019.3.2\jbr\bin\api-ms-win-core-console-l1-1-0.dll
0x000001f3a7ec0000 - 0x000001f3a7ec3000 	D:\IntelliJ\IntelliJ IDEA Community Edition 2019.3.2\jbr\bin\api-ms-win-core-datetime-l1-1-0.dll
0x000001f3a7ed0000 - 0x000001f3a7ed3000 	D:\IntelliJ\IntelliJ IDEA Community Edition 2019.3.2\jbr\bin\api-ms-win-core-debug-l1-1-0.dll
0x000001f3a7ee0000 - 0x000001f3a7ee3000 	D:\IntelliJ\IntelliJ IDEA Community Edition 2019.3.2\jbr\bin\api-ms-win-core-errorhandling-l1-1-0.dll
0x000001f3a7ef0000 - 0x000001f3a7ef4000 	D:\IntelliJ\IntelliJ IDEA Community Edition 2019.3.2\jbr\bin\api-ms-win-core-file-l1-1-0.dll
0x000001f3a7f00000 - 0x000001f3a7f03000 	D:\IntelliJ\IntelliJ IDEA Community Edition 2019.3.2\jbr\bin\api-ms-win-core-file-l1-2-0.dll
0x000001f3a7f10000 - 0x000001f3a7f13000 	D:\IntelliJ\IntelliJ IDEA Community Edition 2019.3.2\jbr\bin\api-ms-win-core-file-l2-1-0.dll
0x000001f3a7f20000 - 0x000001f3a7f23000 	D:\IntelliJ\IntelliJ IDEA Community Edition 2019.3.2\jbr\bin\api-ms-win-core-handle-l1-1-0.dll
0x000001f3a7f30000 - 0x000001f3a7f33000 	D:\IntelliJ\IntelliJ IDEA Community Edition 2019.3.2\jbr\bin\api-ms-win-core-heap-l1-1-0.dll
0x000001f3a7f40000 - 0x000001f3a7f43000 	D:\IntelliJ\IntelliJ IDEA Community Edition 2019.3.2\jbr\bin\api-ms-win-core-interlocked-l1-1-0.dll
0x000001f3a7f50000 - 0x000001f3a7f53000 	D:\IntelliJ\IntelliJ IDEA Community Edition 2019.3.2\jbr\bin\api-ms-win-core-libraryloader-l1-1-0.dll
0x000001f3a7f60000 - 0x000001f3a7f63000 	D:\IntelliJ\IntelliJ IDEA Community Edition 2019.3.2\jbr\bin\api-ms-win-core-localization-l1-2-0.dll
0x000001f3a7f70000 - 0x000001f3a7f73000 	D:\IntelliJ\IntelliJ IDEA Community Edition 2019.3.2\jbr\bin\api-ms-win-core-memory-l1-1-0.dll
0x000001f3c4e30000 - 0x000001f3c4e33000 	D:\IntelliJ\IntelliJ IDEA Community Edition 2019.3.2\jbr\bin\api-ms-win-core-namedpipe-l1-1-0.dll
0x000001f3c4e40000 - 0x000001f3c4e43000 	D:\IntelliJ\IntelliJ IDEA Community Edition 2019.3.2\jbr\bin\api-ms-win-core-processenvironment-l1-1-0.dll
0x000001f3c4e50000 - 0x000001f3c4e53000 	D:\IntelliJ\IntelliJ IDEA Community Edition 2019.3.2\jbr\bin\api-ms-win-core-processthreads-l1-1-0.dll
0x000001f3c4e60000 - 0x000001f3c4e63000 	D:\IntelliJ\IntelliJ IDEA Community Edition 2019.3.2\jbr\bin\api-ms-win-core-processthreads-l1-1-1.dll
0x000001f3c4e70000 - 0x000001f3c4e73000 	D:\IntelliJ\IntelliJ IDEA Community Edition 2019.3.2\jbr\bin\api-ms-win-core-profile-l1-1-0.dll
0x000001f3c4e80000 - 0x000001f3c4e83000 	D:\IntelliJ\IntelliJ IDEA Community Edition 2019.3.2\jbr\bin\api-ms-win-core-rtlsupport-l1-1-0.dll
0x000001f3c4e90000 - 0x000001f3c4e93000 	D:\IntelliJ\IntelliJ IDEA Community Edition 2019.3.2\jbr\bin\api-ms-win-core-string-l1-1-0.dll
0x000001f3c4ea0000 - 0x000001f3c4ea3000 	D:\IntelliJ\IntelliJ IDEA Community Edition 2019.3.2\jbr\bin\api-ms-win-core-synch-l1-1-0.dll
0x000001f3c4eb0000 - 0x000001f3c4eb3000 	D:\IntelliJ\IntelliJ IDEA Community Edition 2019.3.2\jbr\bin\api-ms-win-core-synch-l1-2-0.dll
0x000001f3c4ec0000 - 0x000001f3c4ec3000 	D:\IntelliJ\IntelliJ IDEA Community Edition 2019.3.2\jbr\bin\api-ms-win-core-sysinfo-l1-1-0.dll
0x000001f3c4ed0000 - 0x000001f3c4ed3000 	D:\IntelliJ\IntelliJ IDEA Community Edition 2019.3.2\jbr\bin\api-ms-win-core-timezone-l1-1-0.dll
0x000001f3c4ee0000 - 0x000001f3c4ee3000 	D:\IntelliJ\IntelliJ IDEA Community Edition 2019.3.2\jbr\bin\api-ms-win-core-util-l1-1-0.dll
0x000001f3c4ef0000 - 0x000001f3c4ef3000 	D:\IntelliJ\IntelliJ IDEA Community Edition 2019.3.2\jbr\bin\api-ms-win-crt-conio-l1-1-0.dll
0x000001f3c4f00000 - 0x000001f3c4f04000 	D:\IntelliJ\IntelliJ IDEA Community Edition 2019.3.2\jbr\bin\api-ms-win-crt-convert-l1-1-0.dll
0x000001f3c4f10000 - 0x000001f3c4f13000 	D:\IntelliJ\IntelliJ IDEA Community Edition 2019.3.2\jbr\bin\api-ms-win-crt-environment-l1-1-0.dll
0x000001f3c4f20000 - 0x000001f3c4f23000 	D:\IntelliJ\IntelliJ IDEA Community Edition 2019.3.2\jbr\bin\api-ms-win-crt-filesystem-l1-1-0.dll
0x000001f3c4f30000 - 0x000001f3c4f33000 	D:\IntelliJ\IntelliJ IDEA Community Edition 2019.3.2\jbr\bin\api-ms-win-crt-heap-l1-1-0.dll
0x000001f3c4f40000 - 0x000001f3c4f43000 	D:\IntelliJ\IntelliJ IDEA Community Edition 2019.3.2\jbr\bin\api-ms-win-crt-locale-l1-1-0.dll
0x000001f3c4f50000 - 0x000001f3c4f55000 	D:\IntelliJ\IntelliJ IDEA Community Edition 2019.3.2\jbr\bin\api-ms-win-crt-math-l1-1-0.dll
0x000001f3c4f60000 - 0x000001f3c4f65000 	D:\IntelliJ\IntelliJ IDEA Community Edition 2019.3.2\jbr\bin\api-ms-win-crt-multibyte-l1-1-0.dll
0x000001f3c4f70000 - 0x000001f3c4f80000 	D:\IntelliJ\IntelliJ IDEA Community Edition 2019.3.2\jbr\bin\api-ms-win-crt-private-l1-1-0.dll
0x000001f3c4f80000 - 0x000001f3c4f83000 	D:\IntelliJ\IntelliJ IDEA Community Edition 2019.3.2\jbr\bin\api-ms-win-crt-process-l1-1-0.dll
0x000001f3c4f90000 - 0x000001f3c4f94000 	D:\IntelliJ\IntelliJ IDEA Community Edition 2019.3.2\jbr\bin\api-ms-win-crt-runtime-l1-1-0.dll
0x000001f3c4fa0000 - 0x000001f3c4fa4000 	D:\IntelliJ\IntelliJ IDEA Community Edition 2019.3.2\jbr\bin\api-ms-win-crt-stdio-l1-1-0.dll
0x000001f3c4fb0000 - 0x000001f3c4fb4000 	D:\IntelliJ\IntelliJ IDEA Community Edition 2019.3.2\jbr\bin\api-ms-win-crt-string-l1-1-0.dll
0x000001f3c4fc0000 - 0x000001f3c4fc3000 	D:\IntelliJ\IntelliJ IDEA Community Edition 2019.3.2\jbr\bin\api-ms-win-crt-time-l1-1-0.dll
0x000001f3c4fd0000 - 0x000001f3c4fd3000 	D:\IntelliJ\IntelliJ IDEA Community Edition 2019.3.2\jbr\bin\api-ms-win-crt-utility-l1-1-0.dll
0x00007ffc53fb0000 - 0x00007ffc540aa000 	D:\IntelliJ\IntelliJ IDEA Community Edition 2019.3.2\jbr\bin\ucrtbase.dll
0x00007ffc62f00000 - 0x00007ffc62f52000 	C:\Windows\System32\concrt140.dll
0x00007ffc62ed0000 - 0x00007ffc62ef3000 	D:\IntelliJ\IntelliJ IDEA Community Edition 2019.3.2\jbr\bin\prism_d3d.dll
0x00007ffc71110000 - 0x00007ffc712ae000 	C:\WINDOWS\system32\d3d9.dll
0x00007ffc786c0000 - 0x00007ffc786ee000 	C:\WINDOWS\SYSTEM32\dwmapi.dll
0x00007ffc7a130000 - 0x00007ffc7a30c000 	C:\WINDOWS\System32\CRYPT32.dll
0x00007ffc7a0e0000 - 0x00007ffc7a0f2000 	C:\WINDOWS\System32\MSASN1.dll
0x00007ffc783b0000 - 0x00007ffc7844c000 	C:\WINDOWS\system32\uxtheme.dll
0x00007ffc47de0000 - 0x00007ffc47fa0000 	C:\WINDOWS\System32\DriverStore\FileRepository\igdlh64.inf_amd64_d03105a152ac7ed4\igdumdim64.dll
0x00007ffc64440000 - 0x00007ffc64592000 	C:\WINDOWS\System32\DriverStore\FileRepository\igdlh64.inf_amd64_d03105a152ac7ed4\igdgmm64.dll
0x00007ffc579b0000 - 0x00007ffc579f5000 	D:\IntelliJ\IntelliJ IDEA Community Edition 2019.3.2\jbr\bin\glass.dll
0x00007ffc7cd90000 - 0x00007ffc7ceb7000 	C:\WINDOWS\System32\COMDLG32.dll
0x00007ffc7d550000 - 0x00007ffc7d6a5000 	C:\WINDOWS\System32\ole32.dll
0x00007ffc7d100000 - 0x00007ffc7d1c4000 	C:\WINDOWS\System32\OLEAUT32.dll
0x00007ffc7b2f0000 - 0x00007ffc7b45b000 	C:\WINDOWS\System32\MSCTF.dll
0x00007ffc23270000 - 0x00007ffc26e4b000 	C:\WINDOWS\System32\DriverStore\FileRepository\igdlh64.inf_amd64_d03105a152ac7ed4\igd9dxva64.dll
0x00007ffc32f60000 - 0x00007ffc32f82000 	C:\WINDOWS\System32\DriverStore\FileRepository\igdlh64.inf_amd64_d03105a152ac7ed4\igdinfo64.dll
0x00007ffc603a0000 - 0x00007ffc626f6000 	C:\WINDOWS\System32\DriverStore\FileRepository\igdlh64.inf_amd64_d03105a152ac7ed4\igc64.dll
0x00007ffc45cb0000 - 0x00007ffc45e51000 	D:\IntelliJ\IntelliJ IDEA Community Edition 2019.3.2\jbr\bin\awt.dll
0x00007ffc773b0000 - 0x00007ffc7796e000 	C:\WINDOWS\SYSTEM32\d2d1.dll
0x00007ffc78130000 - 0x00007ffc781bc000 	C:\WINDOWS\SYSTEM32\apphelp.dll
0x00007ffc45b80000 - 0x00007ffc45ca7000 	C:\WINDOWS\system32\opengl32.dll
0x00007ffc62e10000 - 0x00007ffc62e3c000 	C:\WINDOWS\SYSTEM32\GLU32.dll
0x00007ffc6c6b0000 - 0x00007ffc6c6c4000 	D:\IntelliJ\IntelliJ IDEA Community Edition 2019.3.2\jbr\bin\javafx_font.dll
0x00007ffc578f0000 - 0x00007ffc57975000 	D:\IntelliJ\IntelliJ IDEA Community Edition 2019.3.2\jbr\bin\freetype.dll
0x00007ffc50190000 - 0x00007ffc50238000 	D:\IntelliJ\IntelliJ IDEA Community Edition 2019.3.2\jbr\bin\fontmanager.dll
0x00007ffc65f50000 - 0x00007ffc6624c000 	C:\WINDOWS\SYSTEM32\dwrite.dll
0x00007ffc53f20000 - 0x00007ffc53fb0000 	D:\IntelliJ\IntelliJ IDEA Community Edition 2019.3.2\jbr\bin\glib-lite.dll
0x00007ffc4b480000 - 0x00007ffc4b537000 	D:\IntelliJ\IntelliJ IDEA Community Edition 2019.3.2\jbr\bin\gstreamer-lite.dll
0x00007ffc402b0000 - 0x00007ffc40346000 	C:\WINDOWS\SYSTEM32\DSOUND.dll
0x00007ffc57c60000 - 0x00007ffc57c86000 	D:\IntelliJ\IntelliJ IDEA Community Edition 2019.3.2\jbr\bin\jfxmedia.dll
0x00007ffc7d1d0000 - 0x00007ffc7d272000 	C:\WINDOWS\System32\clbcatq.dll
0x00007ffc76900000 - 0x00007ffc76aa9000 	C:\WINDOWS\system32\propsys.dll
0x00007ffc57980000 - 0x00007ffc579a2000 	D:\IntelliJ\IntelliJ IDEA Community Edition 2019.3.2\jbr\bin\fxplugins.dll
0x00007ffc71600000 - 0x00007ffc71670000 	C:\WINDOWS\System32\MMDevApi.dll
0x00007ffc79e10000 - 0x00007ffc79e39000 	C:\WINDOWS\System32\DEVOBJ.dll
0x00007ffc70e20000 - 0x00007ffc70f68000 	C:\WINDOWS\SYSTEM32\AUDIOSES.DLL
0x00007ffc760b0000 - 0x00007ffc76203000 	C:\WINDOWS\SYSTEM32\wintypes.dll
0x00007ffc75990000 - 0x00007ffc7599a000 	C:\WINDOWS\SYSTEM32\AVRT.dll

dbghelp: loaded successfully - version: 4.0.5 - missing functions: none
symbol engine: initialized successfully - sym options: 0x614 - pdb path: .;D:\IntelliJ\IntelliJ IDEA Community Edition 2019.3.2\jbr\bin;C:\WINDOWS\SYSTEM32;C:\WINDOWS\WinSxS\amd64_microsoft.windows.common-controls_6595b64144ccf1df_6.0.17763.1158_none_de722d88534a897f;D:\IntelliJ\IntelliJ IDEA Community Edition 2019.3.2\jbr\bin\server;D:\IntelliJ\IntelliJ IDEA Community Edition 2019.3.2\bin;C:\WINDOWS\System32\DriverStore\FileRepository\igdlh64.inf_amd64_d03105a152ac7ed4;C:\Program Files\Common Files\Microsoft Shared\Ink;C:\Users\XIAOMi\AppData\Local\Temp\lwjglXIAOMi\3.2.3-build-13

VM Arguments:
jvm_args: -javaagent:D:\IntelliJ\IntelliJ IDEA Community Edition 2019.3.2\lib\idea_rt.jar=56664:D:\IntelliJ\IntelliJ IDEA Community Edition 2019.3.2\bin -Dfile.encoding=UTF-8 
java_command: com.falconfly.menu.MainMenu
java_class_path (initial): D:\projects\4_sem\falcon-fly\out\production\falcon-fly;D:\IntelliJ\lwjgl\lwjgl\lwjgl.jar;D:\IntelliJ\lwjgl\lwjgl\lwjgl-javadoc.jar;D:\IntelliJ\lwjgl\lwjgl\lwjgl-sources.jar;D:\IntelliJ\lwjgl\lwjgl\lwjgl-natives-linux.jar;D:\IntelliJ\lwjgl\lwjgl\lwjgl-natives-macos.jar;D:\IntelliJ\lwjgl\lwjgl\lwjgl-natives-windows.jar;D:\IntelliJ\lwjgl\lwjgl\lwjgl-natives-linux-arm32.jar;D:\IntelliJ\lwjgl\lwjgl\lwjgl-natives-linux-arm64.jar;D:\IntelliJ\lwjgl\lwjgl\lwjgl-natives-windows-x86.jar;D:\IntelliJ\lwjgl\lwjgl-assimp\lwjgl-assimp.jar;D:\IntelliJ\lwjgl\lwjgl-assimp\lwjgl-assimp-javadoc.jar;D:\IntelliJ\lwjgl\lwjgl-assimp\lwjgl-assimp-sources.jar;D:\IntelliJ\lwjgl\lwjgl-assimp\lwjgl-assimp-natives-linux.jar;D:\IntelliJ\lwjgl\lwjgl-assimp\lwjgl-assimp-natives-macos.jar;D:\IntelliJ\lwjgl\lwjgl-assimp\lwjgl-assimp-natives-windows.jar;D:\IntelliJ\lwjgl\lwjgl-assimp\lwjgl-assimp-natives-linux-arm32.jar;D:\IntelliJ\lwjgl\lwjgl-assimp\lwjgl-assimp-natives-linux-arm64.jar;D:\IntelliJ\lwjgl\lwjgl-assimp\lwjgl-assimp-natives-windows-x86.jar;D:\IntelliJ\lwjgl\lwjgl-bgfx\lwjgl-bgfx.jar;D:\IntelliJ\lwjgl\lwjgl-bgfx\lwjgl-bgfx-javadoc.jar;D:\IntelliJ\lwjgl\lwjgl-bgfx\lwjgl-bgfx-sources.jar;D:\IntelliJ\lwjgl\lwjgl-bgfx\lwjgl-bgfx-natives-linux.jar;D:\IntelliJ\lwjgl\lwjgl-bgfx\lwjgl-bgfx-natives-macos.jar;D:\IntelliJ\lwjgl\lwjgl-bgfx\lwjgl-bgfx-natives-windows.jar;D:\IntelliJ\lwjgl\lwjgl-bgfx\lwjgl-bgfx-natives-linux-arm32.jar;D:\IntelliJ\lwjgl\lwjgl-bgfx\lwjgl-bgfx-natives-linux-arm64.jar;D:\IntelliJ\lwjgl\lwjgl-bgfx\lwjgl-bgfx-natives-windows-x86.jar;D:\IntelliJ\lwjgl\lwjgl-cuda\lwjgl-cuda.jar;D:\IntelliJ\lwjgl\lwjgl-cuda\lwjgl-cuda-javadoc.jar;D:\IntelliJ\lwjgl\lwjgl-cuda\lwjgl-cuda-sources.jar;D:\IntelliJ\lwjgl\lwjgl-egl\lwjgl-egl.jar;D:\IntelliJ\lwjgl\lwjgl-egl\lwjgl-egl-javadoc.jar;D:\IntelliJ\lwjgl\lwjgl-egl\lwjgl-egl-sources.jar;D:\IntelliJ\lwjgl\lwjgl-glfw\lwjgl-glfw.jar;D:\IntelliJ\lwjgl\lwjgl-glfw\lwjgl-glfw-javadoc.jar;D:\IntelliJ\lwjgl\lwjgl-glfw\lwjgl-g
Launcher Type: SUN_STANDARD

[Global flags]
     intx CICompilerCount                          = 4                                         {product} {ergonomic}
     uint ConcGCThreads                            = 2                                         {product} {ergonomic}
     uint G1ConcRefinementThreads                  = 8                                         {product} {ergonomic}
   size_t G1HeapRegionSize                         = 1048576                                   {product} {ergonomic}
    uintx GCDrainStackTargetSize                   = 64                                        {product} {ergonomic}
   size_t InitialHeapSize                          = 134217728                                 {product} {ergonomic}
   size_t MarkStackSize                            = 4194304                                   {product} {ergonomic}
   size_t MaxHeapSize                              = 2118123520                                {product} {ergonomic}
   size_t MaxNewSize                               = 1270874112                                {product} {ergonomic}
   size_t MinHeapDeltaBytes                        = 1048576                                   {product} {ergonomic}
    uintx NonNMethodCodeHeapSize                   = 5836300                                {pd product} {ergonomic}
    uintx NonProfiledCodeHeapSize                  = 122910970                              {pd product} {ergonomic}
    uintx ProfiledCodeHeapSize                     = 122910970                              {pd product} {ergonomic}
    uintx ReservedCodeCacheSize                    = 251658240                              {pd product} {ergonomic}
     bool SegmentedCodeCache                       = true                                      {product} {ergonomic}
     bool UseCompressedClassPointers               = true                                 {lp64_product} {ergonomic}
     bool UseCompressedOops                        = true                                 {lp64_product} {ergonomic}
     bool UseG1GC                                  = true                                      {product} {ergonomic}
     bool UseLargePagesIndividualAllocation        = false                                  {pd product} {ergonomic}

Logging:
Log output configuration:
 #0: stdout all=warning uptime,level,tags
 #1: stderr all=off uptime,level,tags

Environment Variables:
PATH=C:\WINDOWS\system32;C:\WINDOWS;C:\WINDOWS\System32\Wbem;C:\WINDOWS\System32\WindowsPowerShell\v1.0\;C:\WINDOWS\System32\OpenSSH\;C:\Program Files (x86)\IncrediBuild;C:\Program Files\NVIDIA Corporation\NVIDIA NvDLISR;C:\Program Files (x86)\NVIDIA Corporation\PhysX\Common;C:\Program Files\Git\cmd;C:\Users\XIAOMi\AppData\Local\Microsoft\WindowsApps;
USERNAME=XIAOMi
OS=Windows_NT
PROCESSOR_IDENTIFIER=Intel64 Family 6 Model 142 Stepping 10, GenuineIntel



---------------  S Y S T E M  ---------------

OS: Windows 10 , 64 bit Build 17763 (10.0.17763.1158)

CPU:total 8 (initial active 8) (4 cores per cpu, 2 threads per core) family 6 model 142 stepping 10, cmov, cx8, fxsr, mmx, sse, sse2, sse3, ssse3, sse4.1, sse4.2, popcnt, avx, avx2, aes, clmul, erms, 3dnowpref, lzcnt, ht, tsc, tscinvbit, bmi1, bmi2, adx, fma

Memory: 4k page, system-wide physical 8076M (1573M free)
TotalPageFile size 19929M (AvailPageFile size 1638M)
current process WorkingSet (physical memory assigned to process): 494M, peak: 542M
current process commit charge ("private bytes"): 527M, peak: 554M

vm_info: OpenJDK 64-Bit Server VM (11.0.5+10-b520.30) for windows-amd64 JRE (11.0.5+10-b520.30), built on Dec 24 2019 12:06:09 by "" with MS VC++ 14.0 (VS2015)

END.
