#
# A fatal error has been detected by the Java Runtime Environment:
#
#  EXCEPTION_ACCESS_VIOLATION (0xc0000005) at pc=0x00007ffc4d5d6490, pid=15040, tid=3700
#
# JRE version: OpenJDK Runtime Environment (11.0.5+10) (build 11.0.5+10-b520.30)
# Java VM: OpenJDK 64-Bit Server VM (11.0.5+10-b520.30, mixed mode, sharing, tiered, compressed oops, g1 gc, windows-amd64)
# Problematic frame:
# C  0x00007ffc4d5d6490
#
# No core dump will be written. Minidumps are not enabled by default on client versions of Windows
#
# If you would like to submit a bug report, please visit:
#   http://bugreport.java.com/bugreport/crash.jsp
# The crash happened outside the Java Virtual Machine in native code.
# See problematic frame for where to report the bug.
#

---------------  S U M M A R Y ------------

Command Line: -javaagent:D:\IntelliJ\IntelliJ IDEA Community Edition 2019.3.2\lib\idea_rt.jar=56603:D:\IntelliJ\IntelliJ IDEA Community Edition 2019.3.2\bin -Dfile.encoding=UTF-8 com.falconfly.menu.MainMenu

Host: Intel(R) Core(TM) i5-8250U CPU @ 1.60GHz, 8 cores, 7G,  Windows 10 , 64 bit Build 17763 (10.0.17763.1158)
Time: Sun May 31 21:30:40 2020 Aaea?onu (ceia) elapsed time: 16 seconds (0d 0h 0m 16s)

---------------  T H R E A D  ---------------

Current thread (0x0000021dbb6e2000):  JavaThread "JavaFX Application Thread" [_thread_in_native, id=3700, stack(0x000000c475300000,0x000000c475400000)]

Stack: [0x000000c475300000,0x000000c475400000],  sp=0x000000c4753fb530,  free space=1005k
Native frames: (J=compiled Java code, j=interpreted, Vv=VM code, C=native code)
C  0x00007ffc4d5d6490

Java frames: (J=compiled Java code, j=interpreted, Vv=VM code)
J 2957  org.lwjgl.system.JNI.invokePV(JJ)V (0 bytes) @ 0x0000021dabb78094 [0x0000021dabb78040+0x0000000000000054]
j  org.lwjgl.glfw.GLFW.glfwDestroyWindow(J)V+6
j  com.falconfly.engine.EngineWindow.destroy()V+4
j  com.falconfly.engine.Engine.cleanup()V+13
j  com.falconfly.engine.Engine.run()V+9
j  com.falconfly.engine.main.Main.main([Ljava/lang/String;)V+29
j  com.falconfly.menu.MainMenu.handle(Ljavafx/event/ActionEvent;)V+134
j  com.falconfly.menu.MainMenu$$Lambda$143.handle(Ljavafx/event/Event;)V+8
j  com.sun.javafx.event.CompositeEventHandler.dispatchBubblingEvent(Ljavafx/event/Event;)V+51 javafx.base@11.0.5
j  com.sun.javafx.event.EventHandlerManager.dispatchBubblingEvent(Ljavafx/event/EventType;Ljavafx/event/Event;)Ljavafx/event/Event;+29 javafx.base@11.0.5
j  com.sun.javafx.event.EventHandlerManager.dispatchBubblingEvent(Ljavafx/event/Event;)Ljavafx/event/Event;+8 javafx.base@11.0.5
j  com.sun.javafx.event.CompositeEventDispatcher.dispatchBubblingEvent(Ljavafx/event/Event;)Ljavafx/event/Event;+11 javafx.base@11.0.5
j  com.sun.javafx.event.BasicEventDispatcher.dispatchEvent(Ljavafx/event/Event;Ljavafx/event/EventDispatchChain;)Ljavafx/event/Event;+29 javafx.base@11.0.5
j  com.sun.javafx.event.EventDispatchChainImpl.dispatchEvent(Ljavafx/event/Event;)Ljavafx/event/Event;+69 javafx.base@11.0.5
j  com.sun.javafx.event.BasicEventDispatcher.dispatchEvent(Ljavafx/event/Event;Ljavafx/event/EventDispatchChain;)Ljavafx/event/Event;+17 javafx.base@11.0.5
j  com.sun.javafx.event.EventDispatchChainImpl.dispatchEvent(Ljavafx/event/Event;)Ljavafx/event/Event;+69 javafx.base@11.0.5
j  com.sun.javafx.event.BasicEventDispatcher.dispatchEvent(Ljavafx/event/Event;Ljavafx/event/EventDispatchChain;)Ljavafx/event/Event;+17 javafx.base@11.0.5
j  com.sun.javafx.event.EventDispatchChainImpl.dispatchEvent(Ljavafx/event/Event;)Ljavafx/event/Event;+69 javafx.base@11.0.5
j  com.sun.javafx.event.EventUtil.fireEventImpl(Ljavafx/event/EventDispatchChain;Ljavafx/event/EventTarget;Ljavafx/event/Event;)Ljavafx/event/Event;+10 javafx.base@11.0.5
j  com.sun.javafx.event.EventUtil.fireEvent(Ljavafx/event/EventTarget;Ljavafx/event/Event;)Ljavafx/event/Event;+37 javafx.base@11.0.5
j  javafx.event.Event.fireEvent(Ljavafx/event/EventTarget;Ljavafx/event/Event;)V+30 javafx.base@11.0.5
j  javafx.scene.Node.fireEvent(Ljavafx/event/Event;)V+86 javafx.graphics@11.0.5
j  javafx.scene.control.Button.fire()V+15 javafx.controls@11.0.5
j  com.sun.javafx.scene.control.behavior.ButtonBehavior.mouseReleased(Ljavafx/scene/input/MouseEvent;)V+27 javafx.controls@11.0.5
j  com.sun.javafx.scene.control.behavior.ButtonBehavior$$Lambda$223.handle(Ljavafx/event/Event;)V+8 javafx.controls@11.0.5
j  com.sun.javafx.scene.control.inputmap.InputMap.handle(Ljavafx/event/Event;)V+61 javafx.controls@11.0.5
j  com.sun.javafx.scene.control.inputmap.InputMap$$Lambda$218.handle(Ljavafx/event/Event;)V+5 javafx.controls@11.0.5
j  com.sun.javafx.event.CompositeEventHandler$NormalEventHandlerRecord.handleBubblingEvent(Ljavafx/event/Event;)V+5 javafx.base@11.0.5
j  com.sun.javafx.event.CompositeEventHandler.dispatchBubblingEvent(Ljavafx/event/Event;)V+28 javafx.base@11.0.5
j  com.sun.javafx.event.EventHandlerManager.dispatchBubblingEvent(Ljavafx/event/EventType;Ljavafx/event/Event;)Ljavafx/event/Event;+29 javafx.base@11.0.5
j  com.sun.javafx.event.EventHandlerManager.dispatchBubblingEvent(Ljavafx/event/Event;)Ljavafx/event/Event;+8 javafx.base@11.0.5
j  com.sun.javafx.event.CompositeEventDispatcher.dispatchBubblingEvent(Ljavafx/event/Event;)Ljavafx/event/Event;+11 javafx.base@11.0.5
j  com.sun.javafx.event.BasicEventDispatcher.dispatchEvent(Ljavafx/event/Event;Ljavafx/event/EventDispatchChain;)Ljavafx/event/Event;+29 javafx.base@11.0.5
j  com.sun.javafx.event.EventDispatchChainImpl.dispatchEvent(Ljavafx/event/Event;)Ljavafx/event/Event;+69 javafx.base@11.0.5
j  com.sun.javafx.event.BasicEventDispatcher.dispatchEvent(Ljavafx/event/Event;Ljavafx/event/EventDispatchChain;)Ljavafx/event/Event;+17 javafx.base@11.0.5
j  com.sun.javafx.event.EventDispatchChainImpl.dispatchEvent(Ljavafx/event/Event;)Ljavafx/event/Event;+69 javafx.base@11.0.5
j  com.sun.javafx.event.BasicEventDispatcher.dispatchEvent(Ljavafx/event/Event;Ljavafx/event/EventDispatchChain;)Ljavafx/event/Event;+17 javafx.base@11.0.5
j  com.sun.javafx.event.EventDispatchChainImpl.dispatchEvent(Ljavafx/event/Event;)Ljavafx/event/Event;+69 javafx.base@11.0.5
j  com.sun.javafx.event.EventUtil.fireEventImpl(Ljavafx/event/EventDispatchChain;Ljavafx/event/EventTarget;Ljavafx/event/Event;)Ljavafx/event/Event;+10 javafx.base@11.0.5
j  com.sun.javafx.event.EventUtil.fireEvent(Ljavafx/event/EventTarget;Ljavafx/event/Event;)Ljavafx/event/Event;+46 javafx.base@11.0.5
j  javafx.event.Event.fireEvent(Ljavafx/event/EventTarget;Ljavafx/event/Event;)V+30 javafx.base@11.0.5
j  javafx.scene.Scene$MouseHandler.process(Ljavafx/scene/input/MouseEvent;Z)V+491 javafx.graphics@11.0.5
j  javafx.scene.Scene$MouseHandler.access$1300(Ljavafx/scene/Scene$MouseHandler;Ljavafx/scene/input/MouseEvent;Z)V+3 javafx.graphics@11.0.5
j  javafx.scene.Scene.processMouseEvent(Ljavafx/scene/input/MouseEvent;)V+6 javafx.graphics@11.0.5
j  javafx.scene.Scene$ScenePeerListener.mouseEvent(Ljavafx/event/EventType;DDDDLjavafx/scene/input/MouseButton;ZZZZZZZZZ)V+46 javafx.graphics@11.0.5
j  com.sun.javafx.tk.quantum.GlassViewEventHandler$MouseEventNotification.run()Ljava/lang/Void;+582 javafx.graphics@11.0.5
j  com.sun.javafx.tk.quantum.GlassViewEventHandler$MouseEventNotification.run()Ljava/lang/Object;+1 javafx.graphics@11.0.5
v  ~StubRoutines::call_stub
J 2192  java.security.AccessController.doPrivileged(Ljava/security/PrivilegedAction;Ljava/security/AccessControlContext;)Ljava/lang/Object; java.base@11.0.5 (0 bytes) @ 0x0000021dababe836 [0x0000021dababe7c0+0x0000000000000076]
j  com.sun.javafx.tk.quantum.GlassViewEventHandler.lambda$handleMouseEvent$2()Ljava/lang/Void;+11 javafx.graphics@11.0.5
j  com.sun.javafx.tk.quantum.GlassViewEventHandler$$Lambda$260.get()Ljava/lang/Object;+4 javafx.graphics@11.0.5
j  com.sun.javafx.tk.quantum.QuantumToolkit.runWithoutRenderLock(Ljava/util/function/Supplier;)Ljava/lang/Object;+18 javafx.graphics@11.0.5
j  com.sun.javafx.tk.quantum.GlassViewEventHandler.handleMouseEvent(Lcom/sun/glass/ui/View;JIIIIIIIZZ)V+103 javafx.graphics@11.0.5
j  com.sun.glass.ui.View.handleMouseEvent(JIIIIIIIZZ)V+30 javafx.graphics@11.0.5
j  com.sun.glass.ui.View.notifyMouse(IIIIIIIZZ)V+181 javafx.graphics@11.0.5
v  ~StubRoutines::call_stub
j  com.sun.glass.ui.win.WinApplication._runLoop(Ljava/lang/Runnable;)V+0 javafx.graphics@11.0.5
j  com.sun.glass.ui.win.WinApplication.lambda$runLoop$3(ILjava/lang/Runnable;)V+8 javafx.graphics@11.0.5
j  com.sun.glass.ui.win.WinApplication$$Lambda$60.run()V+12 javafx.graphics@11.0.5
j  java.lang.Thread.run()V+11 java.base@11.0.5
v  ~StubRoutines::call_stub

siginfo: EXCEPTION_ACCESS_VIOLATION (0xc0000005), reading address 0x0000000000000000


Register to memory mapping:

RIP=0x00007ffc4d5d6490 points into unknown readable memory: 48 8b 01 48 8b d1 48 8b
RAX=0x0 is NULL
RBX=0x0000021dc4a07a70 points into unknown readable memory: a0 2a cb c4 1d 02 00 00
RCX=0x0 is NULL
RDX=0x00007ffc4d627ee0 points into unknown readable memory: 00 00 00 00 00 00 00 00
RSP=0x000000c4753fb530 is pointing into the stack for thread: 0x0000021dbb6e2000
RBP=0x000000c4753fb5c0 is pointing into the stack for thread: 0x0000021dbb6e2000
RSI=0x0000021dd2cd60f8 is pointing into metadata
RDI=0x0000000000000160 is an unknown value
R8 =0x0000021dc4a07a70 points into unknown readable memory: a0 2a cb c4 1d 02 00 00
R9 =0x00007ffc4d5d63e0 points into unknown readable memory: 40 53 48 83 ec 20 83 3d
R10=0x00007ffc53b71b10 points into unknown readable memory: 49 8b c8 49 ff e1 cc cc
R11=0x0000021dabb78068 is at entry_point+40 in (nmethod*)0x0000021dabb77e90
R12=0x0 is NULL
R13=0x000000c4753fb5e0 is pointing into the stack for thread: 0x0000021dbb6e2000
R14=0x000000c4753fb5b0 is pointing into the stack for thread: 0x0000021dbb6e2000
R15=0x0000021dbb6e2000 is a thread


Registers:
RAX=0x0000000000000000, RBX=0x0000021dc4a07a70, RCX=0x0000000000000000, RDX=0x00007ffc4d627ee0
RSP=0x000000c4753fb530, RBP=0x000000c4753fb5c0, RSI=0x0000021dd2cd60f8, RDI=0x0000000000000160
R8 =0x0000021dc4a07a70, R9 =0x00007ffc4d5d63e0, R10=0x00007ffc53b71b10, R11=0x0000021dabb78068
R12=0x0000000000000000, R13=0x000000c4753fb5e0, R14=0x000000c4753fb5b0, R15=0x0000021dbb6e2000
RIP=0x00007ffc4d5d6490, EFLAGS=0x0000000000010287

Top of Stack: (sp=0x000000c4753fb530)
0x000000c4753fb530:   0000021dc4a07a70 000000c4753fb668
0x000000c4753fb540:   0000021dc8456450 0000021dbb6e2000
0x000000c4753fb550:   0000021dc854ba00 0000021dabb78134
0x000000c4753fb560:   0000021dc8477d10 0000021dbb6e2000
0x000000c4753fb570:   0000021dc8477d10 0000021dbb6e2000
0x000000c4753fb580:   fffffffe00000000 0000000000000000
0x000000c4753fb590:   0000000000000000 0000000000000000
0x000000c4753fb5a0:   000000c4753fb668 0000021da3efde12
0x000000c4753fb5b0:   0000000085bfa8b0 0000000800000000
0x000000c4753fb5c0:   000000c4753fb648 0000021da3ee9e73
0x000000c4753fb5d0:   0000021dbc0dbf30 0000021da3ee9e73
0x000000c4753fb5e0:   00007ffc4d5d63e0 0000000000000000
0x000000c4753fb5f0:   0000021dc4a07a70 0000000000000000
0x000000c4753fb600:   000000c4753fb600 0000021dc8477cde
0x000000c4753fb610:   000000c4753fb670 0000021dc848b288
0x000000c4753fb620:   0000000000000000 0000000085bec640 

Instructions: (pc=0x00007ffc4d5d6490)
0x00007ffc4d5d6390:   18 00 00 00 66 0f 6f 05 c4 02 04 00 f3 0f 7f 05
0x00007ffc4d5d63a0:   64 17 05 00 c7 05 6e 17 05 00 08 00 00 00 c7 05
0x00007ffc4d5d63b0:   88 17 05 00 01 00 00 00 c7 05 06 1b 05 00 ff ff
0x00007ffc4d5d63c0:   ff ff c7 05 bc 17 05 00 01 00 00 00 48 83 c4 28
0x00007ffc4d5d63d0:   c3 cc cc cc cc cc cc cc cc cc cc cc cc cc cc cc
0x00007ffc4d5d63e0:   40 53 48 83 ec 20 83 3d 03 17 05 00 00 48 8b d9
0x00007ffc4d5d63f0:   75 11 33 d2 b9 01 00 01 00 48 83 c4 20 5b e9 5d
0x00007ffc4d5d6400:   b8 ff ff 48 85 db 0f 84 a5 00 00 00 0f 57 c0 33
0x00007ffc4d5d6410:   c0 0f 11 81 c0 02 00 00 0f 11 81 d0 02 00 00 0f
0x00007ffc4d5d6420:   11 81 e0 02 00 00 0f 11 81 f0 02 00 00 0f 11 81
0x00007ffc4d5d6430:   00 03 00 00 0f 11 81 10 03 00 00 0f 11 81 20 03
0x00007ffc4d5d6440:   00 00 0f 11 81 30 03 00 00 48 89 81 40 03 00 00
0x00007ffc4d5d6450:   48 8d 0d 35 25 05 00 e8 54 47 00 00 48 3b d8 75
0x00007ffc4d5d6460:   07 33 c9 e8 48 b6 ff ff 48 8b cb e8 80 4a 00 00
0x00007ffc4d5d6470:   48 8b 0d 69 1a 05 00 48 8d 15 62 1a 05 00 48 3b
0x00007ffc4d5d6480:   cb 74 1b 0f 1f 40 00 66 0f 1f 84 00 00 00 00 00
0x00007ffc4d5d6490:   48 8b 01 48 8b d1 48 8b c8 48 3b c3 75 f2 48 8b
0x00007ffc4d5d64a0:   03 48 8b cb 48 89 02 48 83 c4 20 5b e9 97 27 01
0x00007ffc4d5d64b0:   00 48 83 c4 20 5b c3 cc cc cc cc cc cc cc cc cc
0x00007ffc4d5d64c0:   83 3d 29 16 05 00 00 75 0c 33 d2 b9 01 00 01 00
0x00007ffc4d5d64d0:   e9 8b b7 ff ff e9 d6 4a 00 00 cc cc cc cc cc cc
0x00007ffc4d5d64e0:   33 c0 48 85 d2 74 02 89 02 4d 85 c0 74 03 41 89
0x00007ffc4d5d64f0:   00 39 05 f9 15 05 00 75 0c 33 d2 b9 01 00 01 00
0x00007ffc4d5d6500:   e9 5b b7 ff ff e9 96 4c 00 00 cc cc cc cc cc cc
0x00007ffc4d5d6510:   48 83 ec 28 83 3d d5 15 05 00 00 75 13 33 d2 b9
0x00007ffc4d5d6520:   01 00 01 00 e8 37 b7 ff ff 33 c0 48 83 c4 28 c3
0x00007ffc4d5d6530:   81 fa 01 20 02 00 0f 8f 94 00 00 00 0f 84 83 00
0x00007ffc4d5d6540:   00 00 8d 82 ff ff fd ff 83 f8 0b 0f 87 12 01 00
0x00007ffc4d5d6550:   00 48 98 4c 8d 05 a6 9a ff ff 41 8b 84 80 80 66
0x00007ffc4d5d6560:   00 00 49 03 c0 ff e0 48 83 c4 28 e9 50 60 00 00
0x00007ffc4d5d6570:   48 83 c4 28 e9 87 60 00 00 48 83 c4 28 e9 9e 60
0x00007ffc4d5d6580:   00 00 48 83 c4 28 e9 85 60 00 00 48 83 c4 28 e9 


Stack slot to memory mapping:
stack at sp + 0 slots: 0x0000021dc4a07a70 points into unknown readable memory: a0 2a cb c4 1d 02 00 00
stack at sp + 1 slots: 0x000000c4753fb668 is pointing into the stack for thread: 0x0000021dbb6e2000
stack at sp + 2 slots: 0x0000021dc8456450 is pointing into metadata
stack at sp + 3 slots: 0x0000021dbb6e2000 is a thread
stack at sp + 4 slots: {method} {0x0000021dc854ba08} 'invokePV' '(JJ)V' in 'org/lwjgl/system/JNI'
stack at sp + 5 slots: 0x0000021dabb78134 is at entry_point+244 in (nmethod*)0x0000021dabb77e90
stack at sp + 6 slots: {method} {0x0000021dc8477d18} 'glfwDestroyWindow' '(J)V' in 'org/lwjgl/glfw/GLFW'
stack at sp + 7 slots: 0x0000021dbb6e2000 is a thread


---------------  P R O C E S S  ---------------

Threads class SMR info:
_java_thread_list=0x0000021dc3d81b40, length=24, elements={
0x0000021d9fe37800, 0x0000021dba75a800, 0x0000021dba75b800, 0x0000021dba774800,
0x0000021dba775800, 0x0000021dba776800, 0x0000021dba788000, 0x0000021dba791800,
0x0000021dbb23d000, 0x0000021dbb979000, 0x0000021dbb97a000, 0x0000021dbb7c3800,
0x0000021dbb3ce800, 0x0000021dbb6e2000, 0x0000021dbc2bf000, 0x0000021dbc2bd800,
0x0000021dbc584000, 0x0000021dbc41c800, 0x0000021dbcc13000, 0x0000021dbcc0d000,
0x0000021dbcc12000, 0x0000021dbcc0f800, 0x0000021dd343f800, 0x0000021dbc9f1000
}

Java Threads: ( => current thread )
  0x0000021d9fe37800 JavaThread "main" [_thread_blocked, id=4472, stack(0x000000c473e00000,0x000000c473f00000)]
  0x0000021dba75a800 JavaThread "Reference Handler" daemon [_thread_blocked, id=12424, stack(0x000000c474500000,0x000000c474600000)]
  0x0000021dba75b800 JavaThread "Finalizer" daemon [_thread_blocked, id=11008, stack(0x000000c474600000,0x000000c474700000)]
  0x0000021dba774800 JavaThread "Signal Dispatcher" daemon [_thread_blocked, id=10192, stack(0x000000c474700000,0x000000c474800000)]
  0x0000021dba775800 JavaThread "Attach Listener" daemon [_thread_blocked, id=15048, stack(0x000000c474800000,0x000000c474900000)]
  0x0000021dba776800 JavaThread "C2 CompilerThread0" daemon [_thread_blocked, id=20536, stack(0x000000c474900000,0x000000c474a00000)]
  0x0000021dba788000 JavaThread "C1 CompilerThread0" daemon [_thread_blocked, id=1356, stack(0x000000c474a00000,0x000000c474b00000)]
  0x0000021dba791800 JavaThread "Sweeper thread" daemon [_thread_blocked, id=14500, stack(0x000000c474b00000,0x000000c474c00000)]
  0x0000021dbb23d000 JavaThread "Common-Cleaner" daemon [_thread_blocked, id=9544, stack(0x000000c474c00000,0x000000c474d00000)]
  0x0000021dbb979000 JavaThread "Monitor Ctrl-Break" daemon [_thread_in_native, id=13632, stack(0x000000c474e00000,0x000000c474f00000)]
  0x0000021dbb97a000 JavaThread "Service Thread" daemon [_thread_blocked, id=3668, stack(0x000000c474f00000,0x000000c475000000)]
  0x0000021dbb7c3800 JavaThread "QuantumRenderer-0" daemon [_thread_blocked, id=6368, stack(0x000000c475100000,0x000000c475200000)]
  0x0000021dbb3ce800 JavaThread "InvokeLaterDispatcher" daemon [_thread_blocked, id=6008, stack(0x000000c475200000,0x000000c475300000)]
=>0x0000021dbb6e2000 JavaThread "JavaFX Application Thread" [_thread_in_native, id=3700, stack(0x000000c475300000,0x000000c475400000)]
  0x0000021dbc2bf000 JavaThread "Thread-1" daemon [_thread_in_native, id=5696, stack(0x000000c475a00000,0x000000c475b00000)]
  0x0000021dbc2bd800 JavaThread "JavaFX-Launcher" [_thread_blocked, id=19448, stack(0x000000c475b00000,0x000000c475c00000)]
  0x0000021dbc584000 JavaThread "Java2D Disposer" daemon [_thread_blocked, id=17892, stack(0x000000c475c00000,0x000000c475d00000)]
  0x0000021dbc41c800 JavaThread "AWT-Windows" daemon [_thread_in_native, id=21156, stack(0x000000c475e00000,0x000000c475f00000)]
  0x0000021dbcc13000 JavaThread "JFXMedia Player EventQueueThread" daemon [_thread_blocked, id=20944, stack(0x000000c476200000,0x000000c476300000)]
  0x0000021dbcc0d000 JavaThread "Prism Font Disposer" daemon [_thread_blocked, id=19380, stack(0x000000c476d00000,0x000000c476e00000)]
  0x0000021dbcc12000 JavaThread "Media Resource Disposer" daemon [_thread_blocked, id=16304, stack(0x000000c476e00000,0x000000c476f00000)]
  0x0000021dbcc0f800 JavaThread "JFXMedia Player EventQueueThread" daemon [_thread_blocked, id=12388, stack(0x000000c474d00000,0x000000c474e00000)]
  0x0000021dd343f800 JavaThread "Timer-1" daemon [_thread_blocked, id=19444, stack(0x000000c477b00000,0x000000c477c00000)]
  0x0000021dbc9f1000 JavaThread "Cleaner-0" daemon [_thread_blocked, id=19256, stack(0x000000c477600000,0x000000c477700000)]

Other Threads:
  0x0000021dba759800 VMThread "VM Thread" [stack: 0x000000c474400000,0x000000c474500000] [id=16828]
  0x0000021dbbb9a800 WatcherThread [stack: 0x000000c475000000,0x000000c475100000] [id=11984]
  0x0000021d9fe50000 GCTaskThread "GC Thread#0" [stack: 0x000000c473f00000,0x000000c474000000] [id=12852]
  0x0000021dbc2d7800 GCTaskThread "GC Thread#1" [stack: 0x000000c475700000,0x000000c475800000] [id=19552]
  0x0000021dbc34b800 GCTaskThread "GC Thread#2" [stack: 0x000000c475800000,0x000000c475900000] [id=21024]
  0x0000021dbc351000 GCTaskThread "GC Thread#3" [stack: 0x000000c475900000,0x000000c475a00000] [id=6932]
  0x0000021dbc34c800 GCTaskThread "GC Thread#4" [stack: 0x000000c475d00000,0x000000c475e00000] [id=17968]
  0x0000021dbc34d000 GCTaskThread "GC Thread#5" [stack: 0x000000c476a00000,0x000000c476b00000] [id=2696]
  0x0000021dbc34f800 GCTaskThread "GC Thread#6" [stack: 0x000000c477400000,0x000000c477500000] [id=20124]
  0x0000021dbc352000 GCTaskThread "GC Thread#7" [stack: 0x000000c477a00000,0x000000c477b00000] [id=11908]
  0x0000021d9fe81000 ConcurrentGCThread "G1 Main Marker" [stack: 0x000000c474000000,0x000000c474100000] [id=14652]
  0x0000021d9fe82800 ConcurrentGCThread "G1 Conc#0" [stack: 0x000000c474100000,0x000000c474200000] [id=8988]
  0x0000021dbc351800 ConcurrentGCThread "G1 Conc#1" [stack: 0x000000c476b00000,0x000000c476c00000] [id=5624]
  0x0000021dba5eb800 ConcurrentGCThread "G1 Refine#0" [stack: 0x000000c474200000,0x000000c474300000] [id=13924]
  0x0000021dba5ec000 ConcurrentGCThread "G1 Young RemSet Sampling" [stack: 0x000000c474300000,0x000000c474400000] [id=2596]

Threads with active compile tasks:

VM state:not at safepoint (normal execution)

VM Mutex/Monitor currently owned by a thread: None

Heap address: 0x0000000081c00000, size: 2020 MB, Compressed Oops mode: 32-bit
Narrow klass base: 0x0000000800000000, Narrow klass shift: 3
Compressed class space size: 1073741824 Address: 0x0000000840000000

Heap:
 garbage-first heap   total 157696K, used 124509K [0x0000000081c00000, 0x0000000100000000)
  region size 1024K, 81 young (82944K), 1 survivors (1024K)
 Metaspace       used 23240K, capacity 23994K, committed 24192K, reserved 1071104K
  class space    used 2334K, capacity 2640K, committed 2688K, reserved 1048576K
Heap Regions: E=young(eden), S=young(survivor), O=old, HS=humongous(starts), HC=humongous(continues), CS=collection set, F=free, A=archive, TAMS=top-at-mark-start (previous, next)
|   0|0x0000000081c00000, 0x0000000081d00000, 0x0000000081d00000|100%| O|  |TAMS 0x0000000081d00000, 0x0000000081c00000| Untracked 
|   1|0x0000000081d00000, 0x0000000081e00000, 0x0000000081e00000|100%| O|  |TAMS 0x0000000081d00000, 0x0000000081d00000| Untracked 
|   2|0x0000000081e00000, 0x0000000081e67e00, 0x0000000081f00000| 40%| O|  |TAMS 0x0000000081e00000, 0x0000000081e00000| Untracked 
|   3|0x0000000081f00000, 0x0000000082000000, 0x0000000082000000|100%|HS|  |TAMS 0x0000000081f00000, 0x0000000081f00000| Complete 
|   4|0x0000000082000000, 0x0000000082100000, 0x0000000082100000|100%|HC|  |TAMS 0x0000000082000000, 0x0000000082000000| Complete 
|   5|0x0000000082100000, 0x0000000082100000, 0x0000000082200000|  0%| F|  |TAMS 0x0000000082100000, 0x0000000082100000| Untracked 
|   6|0x0000000082200000, 0x0000000082200000, 0x0000000082300000|  0%| F|  |TAMS 0x0000000082200000, 0x0000000082200000| Untracked 
|   7|0x0000000082300000, 0x0000000082300000, 0x0000000082400000|  0%| F|  |TAMS 0x0000000082300000, 0x0000000082300000| Untracked 
|   8|0x0000000082400000, 0x0000000082400000, 0x0000000082500000|  0%| F|  |TAMS 0x0000000082400000, 0x0000000082400000| Untracked 
|   9|0x0000000082500000, 0x0000000082600000, 0x0000000082600000|100%|HS|  |TAMS 0x0000000082600000, 0x0000000082500000| Complete 
|  10|0x0000000082600000, 0x0000000082700000, 0x0000000082700000|100%|HC|  |TAMS 0x0000000082700000, 0x0000000082600000| Complete 
|  11|0x0000000082700000, 0x0000000082800000, 0x0000000082800000|100%|HC|  |TAMS 0x0000000082800000, 0x0000000082700000| Complete 
|  12|0x0000000082800000, 0x0000000082900000, 0x0000000082900000|100%|HC|  |TAMS 0x0000000082900000, 0x0000000082800000| Complete 
|  13|0x0000000082900000, 0x0000000082a00000, 0x0000000082a00000|100%|HC|  |TAMS 0x0000000082a00000, 0x0000000082900000| Complete 
|  14|0x0000000082a00000, 0x0000000082b00000, 0x0000000082b00000|100%|HC|  |TAMS 0x0000000082b00000, 0x0000000082a00000| Complete 
|  15|0x0000000082b00000, 0x0000000082c00000, 0x0000000082c00000|100%|HS|  |TAMS 0x0000000082c00000, 0x0000000082b00000| Complete 
|  16|0x0000000082c00000, 0x0000000082d00000, 0x0000000082d00000|100%|HC|  |TAMS 0x0000000082d00000, 0x0000000082c00000| Complete 
|  17|0x0000000082d00000, 0x0000000082e00000, 0x0000000082e00000|100%|HC|  |TAMS 0x0000000082e00000, 0x0000000082d00000| Complete 
|  18|0x0000000082e00000, 0x0000000082f00000, 0x0000000082f00000|100%|HC|  |TAMS 0x0000000082f00000, 0x0000000082e00000| Complete 
|  19|0x0000000082f00000, 0x0000000083000000, 0x0000000083000000|100%|HC|  |TAMS 0x0000000083000000, 0x0000000082f00000| Complete 
|  20|0x0000000083000000, 0x0000000083100000, 0x0000000083100000|100%|HC|  |TAMS 0x0000000083100000, 0x0000000083000000| Complete 
|  21|0x0000000083100000, 0x0000000083200000, 0x0000000083200000|100%|HC|  |TAMS 0x0000000083200000, 0x0000000083100000| Complete 
|  22|0x0000000083200000, 0x0000000083300000, 0x0000000083300000|100%|HC|  |TAMS 0x0000000083300000, 0x0000000083200000| Complete 
|  23|0x0000000083300000, 0x0000000083400000, 0x0000000083400000|100%|HS|  |TAMS 0x0000000083400000, 0x0000000083300000| Complete 
|  24|0x0000000083400000, 0x0000000083500000, 0x0000000083500000|100%|HC|  |TAMS 0x0000000083500000, 0x0000000083400000| Complete 
|  25|0x0000000083500000, 0x0000000083600000, 0x0000000083600000|100%|HC|  |TAMS 0x0000000083600000, 0x0000000083500000| Complete 
|  26|0x0000000083600000, 0x0000000083700000, 0x0000000083700000|100%|HC|  |TAMS 0x0000000083700000, 0x0000000083600000| Complete 
|  27|0x0000000083700000, 0x0000000083800000, 0x0000000083800000|100%|HC|  |TAMS 0x0000000083800000, 0x0000000083700000| Complete 
|  28|0x0000000083800000, 0x0000000083900000, 0x0000000083900000|100%|HC|  |TAMS 0x0000000083900000, 0x0000000083800000| Complete 
|  29|0x0000000083900000, 0x0000000083a00000, 0x0000000083a00000|100%|HC|  |TAMS 0x0000000083a00000, 0x0000000083900000| Complete 
|  30|0x0000000083a00000, 0x0000000083b00000, 0x0000000083b00000|100%|HC|  |TAMS 0x0000000083b00000, 0x0000000083a00000| Complete 
|  31|0x0000000083b00000, 0x0000000083c00000, 0x0000000083c00000|100%|HS|  |TAMS 0x0000000083c00000, 0x0000000083b00000| Complete 
|  32|0x0000000083c00000, 0x0000000083d00000, 0x0000000083d00000|100%|HC|  |TAMS 0x0000000083d00000, 0x0000000083c00000| Complete 
|  33|0x0000000083d00000, 0x0000000083e00000, 0x0000000083e00000|100%|HS|  |TAMS 0x0000000083e00000, 0x0000000083d00000| Complete 
|  34|0x0000000083e00000, 0x0000000083f00000, 0x0000000083f00000|100%|HC|  |TAMS 0x0000000083f00000, 0x0000000083e00000| Complete 
|  35|0x0000000083f00000, 0x0000000084000000, 0x0000000084000000|100%|HS|  |TAMS 0x0000000084000000, 0x0000000083f00000| Complete 
|  36|0x0000000084000000, 0x0000000084100000, 0x0000000084100000|100%|HC|  |TAMS 0x0000000084100000, 0x0000000084000000| Complete 
|  37|0x0000000084100000, 0x0000000084200000, 0x0000000084200000|100%| O|  |TAMS 0x0000000084200000, 0x0000000084100000| Untracked 
|  38|0x0000000084200000, 0x0000000084300000, 0x0000000084300000|100%| O|  |TAMS 0x0000000084300000, 0x0000000084200000| Untracked 
|  39|0x0000000084300000, 0x0000000084400000, 0x0000000084400000|100%|HS|  |TAMS 0x0000000084400000, 0x0000000084300000| Complete 
|  40|0x0000000084400000, 0x0000000084400000, 0x0000000084500000|  0%| F|  |TAMS 0x0000000084400000, 0x0000000084400000| Untracked 
|  41|0x0000000084500000, 0x0000000084500000, 0x0000000084600000|  0%| F|  |TAMS 0x0000000084500000, 0x0000000084500000| Untracked 
|  42|0x0000000084600000, 0x0000000084600000, 0x0000000084700000|  0%| F|  |TAMS 0x0000000084600000, 0x0000000084600000| Untracked 
|  43|0x0000000084700000, 0x0000000084700000, 0x0000000084800000|  0%| F|  |TAMS 0x0000000084700000, 0x0000000084700000| Untracked 
|  44|0x0000000084800000, 0x0000000084800000, 0x0000000084900000|  0%| F|  |TAMS 0x0000000084800000, 0x0000000084800000| Untracked 
|  45|0x0000000084900000, 0x0000000084900000, 0x0000000084a00000|  0%| F|  |TAMS 0x0000000084900000, 0x0000000084900000| Untracked 
|  46|0x0000000084a00000, 0x0000000084a00000, 0x0000000084b00000|  0%| F|  |TAMS 0x0000000084a00000, 0x0000000084a00000| Untracked 
|  47|0x0000000084b00000, 0x0000000084b00000, 0x0000000084c00000|  0%| F|  |TAMS 0x0000000084b00000, 0x0000000084b00000| Untracked 
|  48|0x0000000084c00000, 0x0000000084c00000, 0x0000000084d00000|  0%| F|  |TAMS 0x0000000084c00000, 0x0000000084c00000| Untracked 
|  49|0x0000000084d00000, 0x0000000084d00000, 0x0000000084e00000|  0%| F|  |TAMS 0x0000000084d00000, 0x0000000084d00000| Untracked 
|  50|0x0000000084e00000, 0x0000000084e00000, 0x0000000084f00000|  0%| F|  |TAMS 0x0000000084e00000, 0x0000000084e00000| Untracked 
|  51|0x0000000084f00000, 0x0000000084f00000, 0x0000000085000000|  0%| F|  |TAMS 0x0000000084f00000, 0x0000000084f00000| Untracked 
|  52|0x0000000085000000, 0x0000000085000000, 0x0000000085100000|  0%| F|  |TAMS 0x0000000085000000, 0x0000000085000000| Untracked 
|  53|0x0000000085100000, 0x0000000085100000, 0x0000000085200000|  0%| F|  |TAMS 0x0000000085100000, 0x0000000085100000| Untracked 
|  54|0x0000000085200000, 0x000000008522f650, 0x0000000085300000| 18%| S|CS|TAMS 0x0000000085200000, 0x0000000085200000| Complete 
|  55|0x0000000085300000, 0x0000000085300000, 0x0000000085400000|  0%| F|  |TAMS 0x0000000085300000, 0x0000000085300000| Untracked 
|  56|0x0000000085400000, 0x0000000085500000, 0x0000000085500000|100%|HS|  |TAMS 0x0000000085500000, 0x0000000085400000| Complete 
|  57|0x0000000085500000, 0x0000000085600000, 0x0000000085600000|100%|HC|  |TAMS 0x0000000085600000, 0x0000000085500000| Complete 
|  58|0x0000000085600000, 0x0000000085700000, 0x0000000085700000|100%| O|  |TAMS 0x0000000085700000, 0x0000000085600000| Untracked 
|  59|0x0000000085700000, 0x0000000085800000, 0x0000000085800000|100%| O|  |TAMS 0x0000000085800000, 0x0000000085700000| Untracked 
|  60|0x0000000085800000, 0x0000000085900000, 0x0000000085900000|100%| O|  |TAMS 0x0000000085900000, 0x0000000085800000| Untracked 
|  61|0x0000000085900000, 0x0000000085a00000, 0x0000000085a00000|100%| O|  |TAMS 0x0000000085a00000, 0x0000000085900000| Untracked 
|  62|0x0000000085a00000, 0x0000000085b00000, 0x0000000085b00000|100%| O|  |TAMS 0x0000000085b00000, 0x0000000085a00000| Untracked 
|  63|0x0000000085b00000, 0x0000000085c00000, 0x0000000085c00000|100%| O|  |TAMS 0x0000000085b9a600, 0x0000000085b00000| Untracked 
|  64|0x0000000085c00000, 0x0000000085c00000, 0x0000000085d00000|  0%| F|  |TAMS 0x0000000085c00000, 0x0000000085c00000| Untracked 
|  65|0x0000000085d00000, 0x0000000085d00000, 0x0000000085e00000|  0%| F|  |TAMS 0x0000000085d00000, 0x0000000085d00000| Untracked 
|  66|0x0000000085e00000, 0x0000000085e00000, 0x0000000085f00000|  0%| F|  |TAMS 0x0000000085e00000, 0x0000000085e00000| Untracked 
|  67|0x0000000085f00000, 0x0000000085f00000, 0x0000000086000000|  0%| F|  |TAMS 0x0000000085f00000, 0x0000000085f00000| Untracked 
|  68|0x0000000086000000, 0x0000000086000000, 0x0000000086100000|  0%| F|  |TAMS 0x0000000086000000, 0x0000000086000000| Untracked 
|  69|0x0000000086100000, 0x0000000086100000, 0x0000000086200000|  0%| F|  |TAMS 0x0000000086100000, 0x0000000086100000| Untracked 
|  70|0x0000000086200000, 0x0000000086200000, 0x0000000086300000|  0%| F|  |TAMS 0x0000000086200000, 0x0000000086200000| Untracked 
|  71|0x0000000086300000, 0x0000000086300000, 0x0000000086400000|  0%| F|  |TAMS 0x0000000086300000, 0x0000000086300000| Untracked 
|  72|0x0000000086400000, 0x0000000086400000, 0x0000000086500000|  0%| F|  |TAMS 0x0000000086400000, 0x0000000086400000| Untracked 
|  73|0x0000000086500000, 0x0000000086500000, 0x0000000086600000|  0%| F|  |TAMS 0x0000000086500000, 0x0000000086500000| Untracked 
|  74|0x0000000086600000, 0x0000000086600800, 0x0000000086700000|  0%| E|  |TAMS 0x0000000086600000, 0x0000000086600000| Complete 
|  75|0x0000000086700000, 0x0000000086800000, 0x0000000086800000|100%| E|CS|TAMS 0x0000000086700000, 0x0000000086700000| Complete 
|  76|0x0000000086800000, 0x0000000086900000, 0x0000000086900000|100%| E|CS|TAMS 0x0000000086800000, 0x0000000086800000| Complete 
|  77|0x0000000086900000, 0x0000000086a00000, 0x0000000086a00000|100%| E|CS|TAMS 0x0000000086900000, 0x0000000086900000| Complete 
|  78|0x0000000086a00000, 0x0000000086b00000, 0x0000000086b00000|100%| E|CS|TAMS 0x0000000086a00000, 0x0000000086a00000| Complete 
|  79|0x0000000086b00000, 0x0000000086c00000, 0x0000000086c00000|100%| E|CS|TAMS 0x0000000086b00000, 0x0000000086b00000| Complete 
|  80|0x0000000086c00000, 0x0000000086d00000, 0x0000000086d00000|100%| E|CS|TAMS 0x0000000086c00000, 0x0000000086c00000| Complete 
|  81|0x0000000086d00000, 0x0000000086e00000, 0x0000000086e00000|100%| E|CS|TAMS 0x0000000086d00000, 0x0000000086d00000| Complete 
|  82|0x0000000086e00000, 0x0000000086f00000, 0x0000000086f00000|100%| E|CS|TAMS 0x0000000086e00000, 0x0000000086e00000| Complete 
|  83|0x0000000086f00000, 0x0000000087000000, 0x0000000087000000|100%| E|CS|TAMS 0x0000000086f00000, 0x0000000086f00000| Complete 
|  84|0x0000000087000000, 0x0000000087100000, 0x0000000087100000|100%| E|CS|TAMS 0x0000000087000000, 0x0000000087000000| Complete 
|  85|0x0000000087100000, 0x0000000087200000, 0x0000000087200000|100%| E|CS|TAMS 0x0000000087100000, 0x0000000087100000| Complete 
|  86|0x0000000087200000, 0x0000000087300000, 0x0000000087300000|100%| E|CS|TAMS 0x0000000087200000, 0x0000000087200000| Complete 
|  87|0x0000000087300000, 0x0000000087400000, 0x0000000087400000|100%| E|CS|TAMS 0x0000000087300000, 0x0000000087300000| Complete 
|  88|0x0000000087400000, 0x0000000087500000, 0x0000000087500000|100%| E|CS|TAMS 0x0000000087400000, 0x0000000087400000| Complete 
|  89|0x0000000087500000, 0x0000000087600000, 0x0000000087600000|100%| E|CS|TAMS 0x0000000087500000, 0x0000000087500000| Complete 
|  90|0x0000000087600000, 0x0000000087700000, 0x0000000087700000|100%| E|CS|TAMS 0x0000000087600000, 0x0000000087600000| Complete 
|  91|0x0000000087700000, 0x0000000087800000, 0x0000000087800000|100%| E|CS|TAMS 0x0000000087700000, 0x0000000087700000| Complete 
|  92|0x0000000087800000, 0x0000000087900000, 0x0000000087900000|100%| E|CS|TAMS 0x0000000087800000, 0x0000000087800000| Complete 
|  93|0x0000000087900000, 0x0000000087a00000, 0x0000000087a00000|100%| E|CS|TAMS 0x0000000087900000, 0x0000000087900000| Complete 
|  94|0x0000000087a00000, 0x0000000087b00000, 0x0000000087b00000|100%| E|CS|TAMS 0x0000000087a00000, 0x0000000087a00000| Complete 
|  95|0x0000000087b00000, 0x0000000087c00000, 0x0000000087c00000|100%| E|CS|TAMS 0x0000000087b00000, 0x0000000087b00000| Complete 
|  96|0x0000000087c00000, 0x0000000087d00000, 0x0000000087d00000|100%| E|CS|TAMS 0x0000000087c00000, 0x0000000087c00000| Complete 
|  97|0x0000000087d00000, 0x0000000087e00000, 0x0000000087e00000|100%| E|CS|TAMS 0x0000000087d00000, 0x0000000087d00000| Complete 
|  98|0x0000000087e00000, 0x0000000087f00000, 0x0000000087f00000|100%| E|CS|TAMS 0x0000000087e00000, 0x0000000087e00000| Complete 
|  99|0x0000000087f00000, 0x0000000088000000, 0x0000000088000000|100%| E|CS|TAMS 0x0000000087f00000, 0x0000000087f00000| Complete 
| 100|0x0000000088000000, 0x0000000088100000, 0x0000000088100000|100%| E|CS|TAMS 0x0000000088000000, 0x0000000088000000| Complete 
| 101|0x0000000088100000, 0x0000000088200000, 0x0000000088200000|100%| E|CS|TAMS 0x0000000088100000, 0x0000000088100000| Complete 
| 102|0x0000000088200000, 0x0000000088300000, 0x0000000088300000|100%| E|CS|TAMS 0x0000000088200000, 0x0000000088200000| Complete 
| 103|0x0000000088300000, 0x0000000088400000, 0x0000000088400000|100%| E|CS|TAMS 0x0000000088300000, 0x0000000088300000| Complete 
| 104|0x0000000088400000, 0x0000000088500000, 0x0000000088500000|100%| E|CS|TAMS 0x0000000088400000, 0x0000000088400000| Complete 
| 105|0x0000000088500000, 0x0000000088600000, 0x0000000088600000|100%| E|CS|TAMS 0x0000000088500000, 0x0000000088500000| Complete 
| 106|0x0000000088600000, 0x0000000088700000, 0x0000000088700000|100%| E|CS|TAMS 0x0000000088600000, 0x0000000088600000| Complete 
| 107|0x0000000088700000, 0x0000000088800000, 0x0000000088800000|100%| E|CS|TAMS 0x0000000088700000, 0x0000000088700000| Complete 
| 108|0x0000000088800000, 0x0000000088900000, 0x0000000088900000|100%| E|CS|TAMS 0x0000000088800000, 0x0000000088800000| Complete 
| 109|0x0000000088900000, 0x0000000088a00000, 0x0000000088a00000|100%| E|CS|TAMS 0x0000000088900000, 0x0000000088900000| Complete 
| 110|0x0000000088a00000, 0x0000000088b00000, 0x0000000088b00000|100%| E|CS|TAMS 0x0000000088a00000, 0x0000000088a00000| Complete 
| 111|0x0000000088b00000, 0x0000000088c00000, 0x0000000088c00000|100%| E|CS|TAMS 0x0000000088b00000, 0x0000000088b00000| Complete 
| 112|0x0000000088c00000, 0x0000000088d00000, 0x0000000088d00000|100%| E|CS|TAMS 0x0000000088c00000, 0x0000000088c00000| Complete 
| 113|0x0000000088d00000, 0x0000000088e00000, 0x0000000088e00000|100%| E|CS|TAMS 0x0000000088d00000, 0x0000000088d00000| Complete 
| 114|0x0000000088e00000, 0x0000000088f00000, 0x0000000088f00000|100%| E|CS|TAMS 0x0000000088e00000, 0x0000000088e00000| Complete 
| 115|0x0000000088f00000, 0x0000000089000000, 0x0000000089000000|100%| E|CS|TAMS 0x0000000088f00000, 0x0000000088f00000| Complete 
| 116|0x0000000089000000, 0x0000000089100000, 0x0000000089100000|100%| E|CS|TAMS 0x0000000089000000, 0x0000000089000000| Complete 
| 117|0x0000000089100000, 0x0000000089200000, 0x0000000089200000|100%| E|CS|TAMS 0x0000000089100000, 0x0000000089100000| Complete 
| 118|0x0000000089200000, 0x0000000089300000, 0x0000000089300000|100%| E|CS|TAMS 0x0000000089200000, 0x0000000089200000| Complete 
| 119|0x0000000089300000, 0x0000000089400000, 0x0000000089400000|100%| E|CS|TAMS 0x0000000089300000, 0x0000000089300000| Complete 
| 120|0x0000000089400000, 0x0000000089500000, 0x0000000089500000|100%| E|CS|TAMS 0x0000000089400000, 0x0000000089400000| Complete 
| 121|0x0000000089500000, 0x0000000089600000, 0x0000000089600000|100%| E|CS|TAMS 0x0000000089500000, 0x0000000089500000| Complete 
| 122|0x0000000089600000, 0x0000000089700000, 0x0000000089700000|100%| E|CS|TAMS 0x0000000089600000, 0x0000000089600000| Complete 
| 123|0x0000000089700000, 0x0000000089800000, 0x0000000089800000|100%| E|CS|TAMS 0x0000000089700000, 0x0000000089700000| Complete 
| 124|0x0000000089800000, 0x0000000089900000, 0x0000000089900000|100%| E|CS|TAMS 0x0000000089800000, 0x0000000089800000| Complete 
| 125|0x0000000089900000, 0x0000000089a00000, 0x0000000089a00000|100%| E|CS|TAMS 0x0000000089900000, 0x0000000089900000| Complete 
| 126|0x0000000089a00000, 0x0000000089b00000, 0x0000000089b00000|100%| E|  |TAMS 0x0000000089a00000, 0x0000000089a00000| Complete 
| 127|0x0000000089b00000, 0x0000000089c00000, 0x0000000089c00000|100%| E|CS|TAMS 0x0000000089b00000, 0x0000000089b00000| Complete 
| 128|0x0000000089c00000, 0x0000000089d00000, 0x0000000089d00000|100%| E|CS|TAMS 0x0000000089c00000, 0x0000000089c00000| Complete 
| 129|0x0000000089d00000, 0x0000000089e00000, 0x0000000089e00000|100%| E|CS|TAMS 0x0000000089d00000, 0x0000000089d00000| Complete 
| 130|0x0000000089e00000, 0x0000000089f00000, 0x0000000089f00000|100%| E|CS|TAMS 0x0000000089e00000, 0x0000000089e00000| Complete 
| 131|0x0000000089f00000, 0x000000008a000000, 0x000000008a000000|100%| E|CS|TAMS 0x0000000089f00000, 0x0000000089f00000| Complete 
| 132|0x000000008a000000, 0x000000008a100000, 0x000000008a100000|100%| E|CS|TAMS 0x000000008a000000, 0x000000008a000000| Complete 
| 133|0x000000008a100000, 0x000000008a200000, 0x000000008a200000|100%| E|CS|TAMS 0x000000008a100000, 0x000000008a100000| Complete 
| 134|0x000000008a200000, 0x000000008a300000, 0x000000008a300000|100%| E|CS|TAMS 0x000000008a200000, 0x000000008a200000| Complete 
| 135|0x000000008a300000, 0x000000008a400000, 0x000000008a400000|100%| E|CS|TAMS 0x000000008a300000, 0x000000008a300000| Complete 
| 136|0x000000008a400000, 0x000000008a500000, 0x000000008a500000|100%| E|CS|TAMS 0x000000008a400000, 0x000000008a400000| Complete 
| 137|0x000000008a500000, 0x000000008a600000, 0x000000008a600000|100%| E|CS|TAMS 0x000000008a500000, 0x000000008a500000| Complete 
| 138|0x000000008a600000, 0x000000008a700000, 0x000000008a700000|100%| E|CS|TAMS 0x000000008a600000, 0x000000008a600000| Complete 
| 139|0x000000008a700000, 0x000000008a800000, 0x000000008a800000|100%| E|CS|TAMS 0x000000008a700000, 0x000000008a700000| Complete 
| 140|0x000000008a800000, 0x000000008a900000, 0x000000008a900000|100%| E|CS|TAMS 0x000000008a800000, 0x000000008a800000| Complete 
| 141|0x000000008a900000, 0x000000008aa00000, 0x000000008aa00000|100%| E|CS|TAMS 0x000000008a900000, 0x000000008a900000| Complete 
| 142|0x000000008aa00000, 0x000000008ab00000, 0x000000008ab00000|100%| E|CS|TAMS 0x000000008aa00000, 0x000000008aa00000| Complete 
| 143|0x000000008ab00000, 0x000000008ac00000, 0x000000008ac00000|100%| E|CS|TAMS 0x000000008ab00000, 0x000000008ab00000| Complete 
| 144|0x000000008ac00000, 0x000000008ad00000, 0x000000008ad00000|100%| E|CS|TAMS 0x000000008ac00000, 0x000000008ac00000| Complete 
| 145|0x000000008ad00000, 0x000000008ae00000, 0x000000008ae00000|100%| E|CS|TAMS 0x000000008ad00000, 0x000000008ad00000| Complete 
| 146|0x000000008ae00000, 0x000000008af00000, 0x000000008af00000|100%| E|CS|TAMS 0x000000008ae00000, 0x000000008ae00000| Complete 
| 147|0x000000008af00000, 0x000000008b000000, 0x000000008b000000|100%| E|CS|TAMS 0x000000008af00000, 0x000000008af00000| Complete 
| 148|0x000000008b000000, 0x000000008b100000, 0x000000008b100000|100%| E|CS|TAMS 0x000000008b000000, 0x000000008b000000| Complete 
| 149|0x000000008b100000, 0x000000008b200000, 0x000000008b200000|100%| E|CS|TAMS 0x000000008b100000, 0x000000008b100000| Complete 
| 150|0x000000008b200000, 0x000000008b300000, 0x000000008b300000|100%| E|CS|TAMS 0x000000008b200000, 0x000000008b200000| Complete 
| 151|0x000000008b300000, 0x000000008b400000, 0x000000008b400000|100%| E|CS|TAMS 0x000000008b300000, 0x000000008b300000| Complete 
| 152|0x000000008b400000, 0x000000008b500000, 0x000000008b500000|100%| E|CS|TAMS 0x000000008b400000, 0x000000008b400000| Complete 
| 153|0x000000008b500000, 0x000000008b600000, 0x000000008b600000|100%| E|CS|TAMS 0x000000008b500000, 0x000000008b500000| Complete 

Card table byte_map: [0x0000021db3610000,0x0000021db3a10000] _byte_map_base: 0x0000021db3202000

Marking Bits (Prev, Next): (CMBitMap*) 0x0000021d9fe783d8, (CMBitMap*) 0x0000021d9fe78410
 Prev Bits: [0x0000021db3e10000, 0x0000021db5da0000)
 Next Bits: [0x0000021db5da0000, 0x0000021db7d30000)

Polling page: 0x0000021d9dd50000

Metaspace:

Usage:
  Non-class:     20.85 MB capacity,    20.42 MB ( 98%) used,   363.33 KB (  2%) free+waste,    84.75 KB ( <1%) overhead. 
      Class:      2.58 MB capacity,     2.28 MB ( 88%) used,   264.36 KB ( 10%) free+waste,    41.50 KB (  2%) overhead. 
       Both:     23.43 MB capacity,    22.70 MB ( 97%) used,   627.69 KB (  3%) free+waste,   126.25 KB ( <1%) overhead. 

Virtual space:
  Non-class space:       22.00 MB reserved,      21.00 MB ( 95%) committed 
      Class space:        1.00 GB reserved,       2.63 MB ( <1%) committed 
             Both:        1.02 GB reserved,      23.63 MB (  2%) committed 

Chunk freelists:
   Non-Class:  22.00 KB
       Class:  16.00 KB
        Both:  38.00 KB

MaxMetaspaceSize: 17179869184.00 GB
CompressedClassSpaceSize: 1.00 GB

CodeHeap 'non-profiled nmethods': size=120000Kb used=2358Kb max_used=2358Kb free=117641Kb
 bounds [0x0000021dab9b0000, 0x0000021dabc20000, 0x0000021db2ee0000]
CodeHeap 'profiled nmethods': size=120000Kb used=8078Kb max_used=8078Kb free=111921Kb
 bounds [0x0000021da4480000, 0x0000021da4c70000, 0x0000021dab9b0000]
CodeHeap 'non-nmethods': size=5760Kb used=1764Kb max_used=1808Kb free=3995Kb
 bounds [0x0000021da3ee0000, 0x0000021da4150000, 0x0000021da4480000]
 total_blobs=6754 nmethods=3914 adapters=1311
 compilation: enabled
              stopped_count=0, restarted_count=0
 full_count=0

Compilation events (20 events):
Event: 15.913 Thread 0x0000021dba788000 nmethod 3901 0x0000021da4c5d110 code [0x0000021da4c5d2e0, 0x0000021da4c5d658]
Event: 15.913 Thread 0x0000021dba788000 3902       3       org.lwjgl.opengl.GL15::glDeleteBuffers (5 bytes)
Event: 15.913 Thread 0x0000021dba788000 nmethod 3902 0x0000021da4c5d890 code [0x0000021da4c5da40, 0x0000021da4c5dbb0]
Event: 15.913 Thread 0x0000021dba788000 3903   !   3       org.lwjgl.opengl.GL15C::glDeleteBuffers (42 bytes)
Event: 15.916 Thread 0x0000021dba788000 nmethod 3903 0x0000021da4c5dc90 code [0x0000021da4c5df40, 0x0000021da4c5f030]
Event: 15.980 Thread 0x0000021dba776800 3905       4       org.lwjgl.system.MemoryStack::stackGet (10 bytes)
Event: 15.980 Thread 0x0000021dba788000 3906       3       com.falconfly.engine.graph.Mesh::cleanUp (77 bytes)
Event: 15.981 Thread 0x0000021dba788000 nmethod 3906 0x0000021da4c5f590 code [0x0000021da4c5f820, 0x0000021da4c60230]
Event: 15.981 Thread 0x0000021dba788000 3907       3       org.lwjgl.opengl.GL20::glDisableVertexAttribArray (5 bytes)
Event: 15.981 Thread 0x0000021dba788000 nmethod 3907 0x0000021da4c60590 code [0x0000021da4c60740, 0x0000021da4c608b0]
Event: 15.982 Thread 0x0000021dba776800 nmethod 3905 0x0000021dabbfb010 code [0x0000021dabbfb1c0, 0x0000021dabbfb358]
Event: 15.982 Thread 0x0000021dba776800 3908       4       org.lwjgl.opengl.GL30::glBindVertexArray (5 bytes)
Event: 15.982 Thread 0x0000021dba776800 nmethod 3908 0x0000021dabbfb510 code [0x0000021dabbfb6a0, 0x0000021dabbfb708]
Event: 16.099 Thread 0x0000021dba788000 3913   !   3       org.lwjgl.opengl.GL11C::glDeleteTextures (42 bytes)
Event: 16.099 Thread 0x0000021dba776800 3912       4       org.lwjgl.system.MemoryUtil::memAddress (13 bytes)
Event: 16.100 Thread 0x0000021dba776800 nmethod 3912 0x0000021dabbfc390 code [0x0000021dabbfc520, 0x0000021dabbfc578]
Event: 16.100 Thread 0x0000021dba776800 3916       4       org.lwjgl.system.MemoryStack::ints (11 bytes)
Event: 16.100 Thread 0x0000021dba788000 nmethod 3913 0x0000021da4c60990 code [0x0000021da4c60c40, 0x0000021da4c61d30]
Event: 16.100 Thread 0x0000021dba788000 3914   !   3       org.lwjgl.opengl.GL30C::glDeleteVertexArrays (42 bytes)
Event: 16.101 Thread 0x0000021dba788000 nmethod 3914 0x0000021da4c62290 code [0x0000021da4c62540, 0x0000021da4c63630]

GC Heap History (20 events):
Event: 5.708 GC heap before
{Heap before GC invocations=14 (full 0):
 garbage-first heap   total 131072K, used 112883K [0x0000000081c00000, 0x0000000100000000)
  region size 1024K, 71 young (72704K), 4 survivors (4096K)
 Metaspace       used 21105K, capacity 21886K, committed 22016K, reserved 1069056K
  class space    used 2221K, capacity 2558K, committed 2560K, reserved 1048576K
}
Event: 5.710 GC heap after
{Heap after GC invocations=15 (full 0):
 garbage-first heap   total 131072K, used 42697K [0x0000000081c00000, 0x0000000100000000)
  region size 1024K, 3 young (3072K), 3 survivors (3072K)
 Metaspace       used 21105K, capacity 21886K, committed 22016K, reserved 1069056K
  class space    used 2221K, capacity 2558K, committed 2560K, reserved 1048576K
}
Event: 5.786 GC heap before
{Heap before GC invocations=15 (full 0):
 garbage-first heap   total 131072K, used 111305K [0x0000000081c00000, 0x0000000100000000)
  region size 1024K, 70 young (71680K), 3 survivors (3072K)
 Metaspace       used 21105K, capacity 21886K, committed 22016K, reserved 1069056K
  class space    used 2221K, capacity 2558K, committed 2560K, reserved 1048576K
}
Event: 5.788 GC heap after
{Heap after GC invocations=16 (full 0):
 garbage-first heap   total 131072K, used 42601K [0x0000000081c00000, 0x0000000100000000)
  region size 1024K, 2 young (2048K), 2 survivors (2048K)
 Metaspace       used 21105K, capacity 21886K, committed 22016K, reserved 1069056K
  class space    used 2221K, capacity 2558K, committed 2560K, reserved 1048576K
}
Event: 5.942 GC heap before
{Heap before GC invocations=16 (full 0):
 garbage-first heap   total 131072K, used 112233K [0x0000000081c00000, 0x0000000100000000)
  region size 1024K, 70 young (71680K), 2 survivors (2048K)
 Metaspace       used 21111K, capacity 21886K, committed 22016K, reserved 1069056K
  class space    used 2221K, capacity 2558K, committed 2560K, reserved 1048576K
}
Event: 5.944 GC heap after
{Heap after GC invocations=17 (full 0):
 garbage-first heap   total 131072K, used 43255K [0x0000000081c00000, 0x0000000100000000)
  region size 1024K, 3 young (3072K), 3 survivors (3072K)
 Metaspace       used 21111K, capacity 21886K, committed 22016K, reserved 1069056K
  class space    used 2221K, capacity 2558K, committed 2560K, reserved 1048576K
}
Event: 6.062 GC heap before
{Heap before GC invocations=17 (full 0):
 garbage-first heap   total 131072K, used 112887K [0x0000000081c00000, 0x0000000100000000)
  region size 1024K, 71 young (72704K), 3 survivors (3072K)
 Metaspace       used 21121K, capacity 21886K, committed 22016K, reserved 1069056K
  class space    used 2221K, capacity 2558K, committed 2560K, reserved 1048576K
}
Event: 6.064 GC heap after
{Heap after GC invocations=18 (full 0):
 garbage-first heap   total 131072K, used 42676K [0x0000000081c00000, 0x0000000100000000)
  region size 1024K, 3 young (3072K), 3 survivors (3072K)
 Metaspace       used 21121K, capacity 21886K, committed 22016K, reserved 1069056K
  class space    used 2221K, capacity 2558K, committed 2560K, reserved 1048576K
}
Event: 6.145 GC heap before
{Heap before GC invocations=18 (full 0):
 garbage-first heap   total 131072K, used 112308K [0x0000000081c00000, 0x0000000100000000)
  region size 1024K, 71 young (72704K), 3 survivors (3072K)
 Metaspace       used 21121K, capacity 21886K, committed 22016K, reserved 1069056K
  class space    used 2221K, capacity 2558K, committed 2560K, reserved 1048576K
}
Event: 6.149 GC heap after
{Heap after GC invocations=19 (full 0):
 garbage-first heap   total 157696K, used 44649K [0x0000000081c00000, 0x0000000100000000)
  region size 1024K, 4 young (4096K), 4 survivors (4096K)
 Metaspace       used 21121K, capacity 21886K, committed 22016K, reserved 1069056K
  class space    used 2221K, capacity 2558K, committed 2560K, reserved 1048576K
}
Event: 6.253 GC heap before
{Heap before GC invocations=19 (full 0):
 garbage-first heap   total 157696K, used 125545K [0x0000000081c00000, 0x0000000100000000)
  region size 1024K, 83 young (84992K), 4 survivors (4096K)
 Metaspace       used 21122K, capacity 21886K, committed 22016K, reserved 1069056K
  class space    used 2221K, capacity 2558K, committed 2560K, reserved 1048576K
}
Event: 6.255 GC heap after
{Heap after GC invocations=20 (full 0):
 garbage-first heap   total 157696K, used 42808K [0x0000000081c00000, 0x0000000100000000)
  region size 1024K, 2 young (2048K), 2 survivors (2048K)
 Metaspace       used 21122K, capacity 21886K, committed 22016K, reserved 1069056K
  class space    used 2221K, capacity 2558K, committed 2560K, reserved 1048576K
}
Event: 6.524 GC heap before
{Heap before GC invocations=20 (full 0):
 garbage-first heap   total 157696K, used 134968K [0x0000000081c00000, 0x0000000100000000)
  region size 1024K, 92 young (94208K), 2 survivors (2048K)
 Metaspace       used 21168K, capacity 21950K, committed 22016K, reserved 1069056K
  class space    used 2224K, capacity 2558K, committed 2560K, reserved 1048576K
}
Event: 6.526 GC heap after
{Heap after GC invocations=21 (full 0):
 garbage-first heap   total 157696K, used 43653K [0x0000000081c00000, 0x0000000100000000)
  region size 1024K, 2 young (2048K), 2 survivors (2048K)
 Metaspace       used 21168K, capacity 21950K, committed 22016K, reserved 1069056K
  class space    used 2224K, capacity 2558K, committed 2560K, reserved 1048576K
}
Event: 8.038 GC heap before
{Heap before GC invocations=21 (full 0):
 garbage-first heap   total 157696K, used 135813K [0x0000000081c00000, 0x0000000100000000)
  region size 1024K, 92 young (94208K), 2 survivors (2048K)
 Metaspace       used 22157K, capacity 22945K, committed 23168K, reserved 1069056K
  class space    used 2256K, capacity 2590K, committed 2688K, reserved 1048576K
}
Event: 8.041 GC heap after
{Heap after GC invocations=22 (full 0):
 garbage-first heap   total 157696K, used 42654K [0x0000000081c00000, 0x0000000100000000)
  region size 1024K, 1 young (1024K), 1 survivors (1024K)
 Metaspace       used 22157K, capacity 22945K, committed 23168K, reserved 1069056K
  class space    used 2256K, capacity 2590K, committed 2688K, reserved 1048576K
}
Event: 10.251 GC heap before
{Heap before GC invocations=22 (full 0):
 garbage-first heap   total 157696K, used 135838K [0x0000000081c00000, 0x0000000100000000)
  region size 1024K, 92 young (94208K), 1 survivors (1024K)
 Metaspace       used 22217K, capacity 23010K, committed 23168K, reserved 1069056K
  class space    used 2256K, capacity 2590K, committed 2688K, reserved 1048576K
}
Event: 10.253 GC heap after
{Heap after GC invocations=23 (full 0):
 garbage-first heap   total 157696K, used 42595K [0x0000000081c00000, 0x0000000100000000)
  region size 1024K, 1 young (1024K), 1 survivors (1024K)
 Metaspace       used 22217K, capacity 23010K, committed 23168K, reserved 1069056K
  class space    used 2256K, capacity 2590K, committed 2688K, reserved 1048576K
}
Event: 12.868 GC heap before
{Heap before GC invocations=23 (full 0):
 garbage-first heap   total 157696K, used 135779K [0x0000000081c00000, 0x0000000100000000)
  region size 1024K, 92 young (94208K), 1 survivors (1024K)
 Metaspace       used 22278K, capacity 23074K, committed 23424K, reserved 1071104K
  class space    used 2256K, capacity 2590K, committed 2688K, reserved 1048576K
}
Event: 12.870 GC heap after
{Heap after GC invocations=24 (full 0):
 garbage-first heap   total 157696K, used 42589K [0x0000000081c00000, 0x0000000100000000)
  region size 1024K, 1 young (1024K), 1 survivors (1024K)
 Metaspace       used 22278K, capacity 23074K, committed 23424K, reserved 1071104K
  class space    used 2256K, capacity 2590K, committed 2688K, reserved 1048576K
}

Deoptimization events (20 events):
Event: 14.722 Thread 0x0000021dbb7c3800 Uncommon trap: trap_request=0xffffffde fr.pc=0x0000021dabbdceec relative=0x00000000000000ac
Event: 14.722 Thread 0x0000021dbb7c3800 Uncommon trap: reason=class_check action=maybe_recompile pc=0x0000021dabbdceec method=com.sun.javafx.geom.transform.AffineBase.transform(Lcom/sun/javafx/geom/BaseBounds;Lcom/sun/javafx/geom/BaseBounds;)Lcom/sun/javafx/geom/BaseBounds; @ 11 c2
Event: 14.722 Thread 0x0000021dbb7c3800 DEOPT PACKING pc=0x0000021dabbdceec sp=0x000000c4751fe9d0
Event: 14.722 Thread 0x0000021dbb7c3800 DEOPT UNPACKING pc=0x0000021da3f0922f sp=0x000000c4751fe908 mode 2
Event: 14.724 Thread 0x0000021dbb7c3800 Uncommon trap: trap_request=0xffffffde fr.pc=0x0000021dabbdceec relative=0x00000000000000ac
Event: 14.724 Thread 0x0000021dbb7c3800 Uncommon trap: reason=class_check action=maybe_recompile pc=0x0000021dabbdceec method=com.sun.javafx.geom.transform.AffineBase.transform(Lcom/sun/javafx/geom/BaseBounds;Lcom/sun/javafx/geom/BaseBounds;)Lcom/sun/javafx/geom/BaseBounds; @ 11 c2
Event: 14.724 Thread 0x0000021dbb7c3800 DEOPT PACKING pc=0x0000021dabbdceec sp=0x000000c4751fe950
Event: 14.724 Thread 0x0000021dbb7c3800 DEOPT UNPACKING pc=0x0000021da3f0922f sp=0x000000c4751fe888 mode 2
Event: 14.724 Thread 0x0000021dbb7c3800 Uncommon trap: trap_request=0xffffffde fr.pc=0x0000021dabbdceec relative=0x00000000000000ac
Event: 14.724 Thread 0x0000021dbb7c3800 Uncommon trap: reason=class_check action=maybe_recompile pc=0x0000021dabbdceec method=com.sun.javafx.geom.transform.AffineBase.transform(Lcom/sun/javafx/geom/BaseBounds;Lcom/sun/javafx/geom/BaseBounds;)Lcom/sun/javafx/geom/BaseBounds; @ 11 c2
Event: 14.724 Thread 0x0000021dbb7c3800 DEOPT PACKING pc=0x0000021dabbdceec sp=0x000000c4751fe950
Event: 14.724 Thread 0x0000021dbb7c3800 DEOPT UNPACKING pc=0x0000021da3f0922f sp=0x000000c4751fe888 mode 2
Event: 14.724 Thread 0x0000021dbb7c3800 Uncommon trap: trap_request=0xffffffde fr.pc=0x0000021dabbdc75c relative=0x000000000000009c
Event: 14.724 Thread 0x0000021dbb7c3800 Uncommon trap: reason=class_check action=maybe_recompile pc=0x0000021dabbdc75c method=com.sun.javafx.geom.transform.AffineBase.transform(Lcom/sun/javafx/geom/BaseBounds;Lcom/sun/javafx/geom/BaseBounds;)Lcom/sun/javafx/geom/BaseBounds; @ 11 c2
Event: 14.724 Thread 0x0000021dbb7c3800 DEOPT PACKING pc=0x0000021dabbdc75c sp=0x000000c4751fe8d0
Event: 14.724 Thread 0x0000021dbb7c3800 DEOPT UNPACKING pc=0x0000021da3f0922f sp=0x000000c4751fe880 mode 2
Event: 14.725 Thread 0x0000021dbb7c3800 Uncommon trap: trap_request=0xffffff4d fr.pc=0x0000021dabbed2d8 relative=0x0000000000000a78
Event: 14.725 Thread 0x0000021dbb7c3800 Uncommon trap: reason=unstable_if action=reinterpret pc=0x0000021dabbed2d8 method=com.sun.javafx.sg.prism.NGNode.doRender(Lcom/sun/prism/Graphics;)V @ 24 c2
Event: 14.725 Thread 0x0000021dbb7c3800 DEOPT PACKING pc=0x0000021dabbed2d8 sp=0x000000c4751fec50
Event: 14.725 Thread 0x0000021dbb7c3800 DEOPT UNPACKING pc=0x0000021da3f0922f sp=0x000000c4751feb90 mode 2

Classes redefined (0 events):
No events

Internal exceptions (20 events):
Event: 2.204 Thread 0x0000021dbb6e2000 Exception <a 'java/lang/NoSuchMethodError'{0x0000000089251058}: 'java.lang.Object java.lang.invoke.DirectMethodHandle$Holder.invokeStatic(java.lang.Object, java.lang.Object, double)'> (0x0000000089251058) thrown at [c:/BuildAgent/work/5ff2f6c26000d570/src
Event: 3.671 Thread 0x0000021dbb6e2000 Exception <a 'sun/nio/fs/WindowsException'{0x0000000087363c18}> (0x0000000087363c18) thrown at [c:/BuildAgent/work/5ff2f6c26000d570/src/hotspot/share/prims/jni.cpp, line 615]
Event: 3.673 Thread 0x0000021dbb6e2000 Exception <a 'sun/nio/fs/WindowsException'{0x000000008736bca8}> (0x000000008736bca8) thrown at [c:/BuildAgent/work/5ff2f6c26000d570/src/hotspot/share/prims/jni.cpp, line 615]
Event: 3.705 Thread 0x0000021dbb6e2000 Implicit null exception at 0x0000021daba1745f to 0x0000021daba178ca
Event: 3.708 Thread 0x0000021dbb6e2000 Exception <a 'java/lang/NoSuchMethodError'{0x00000000871d1c50}: 'void java.lang.invoke.DirectMethodHandle$Holder.invokeStatic(java.lang.Object, java.lang.Object, int, java.lang.Object)'> (0x00000000871d1c50) thrown at [c:/BuildAgent/work/5ff2f6c26000d570/
Event: 3.709 Thread 0x0000021dbb6e2000 Exception <a 'java/lang/NoSuchMethodError'{0x00000000871d84d0}: 'void java.lang.invoke.DelegatingMethodHandle$Holder.delegate(java.lang.Object, java.lang.Object, int, java.lang.Object)'> (0x00000000871d84d0) thrown at [c:/BuildAgent/work/5ff2f6c26000d570/
Event: 3.710 Thread 0x0000021dbb6e2000 Exception <a 'java/lang/NoSuchMethodError'{0x00000000871dfb90}: 'java.lang.Object java.lang.invoke.DirectMethodHandle$Holder.invokeStaticInit(java.lang.Object, java.lang.Object, java.lang.Object)'> (0x00000000871dfb90) thrown at [c:/BuildAgent/work/5ff2f6
Event: 3.740 Thread 0x0000021dbb6e2000 Exception <a 'sun/nio/fs/WindowsException'{0x00000000870394b0}> (0x00000000870394b0) thrown at [c:/BuildAgent/work/5ff2f6c26000d570/src/hotspot/share/prims/jni.cpp, line 615]
Event: 3.741 Thread 0x0000021dbb6e2000 Exception <a 'sun/nio/fs/WindowsException'{0x0000000087039a10}> (0x0000000087039a10) thrown at [c:/BuildAgent/work/5ff2f6c26000d570/src/hotspot/share/prims/jni.cpp, line 615]
Event: 3.751 Thread 0x0000021dbb6e2000 Exception <a 'sun/nio/fs/WindowsException'{0x000000008709ff50}> (0x000000008709ff50) thrown at [c:/BuildAgent/work/5ff2f6c26000d570/src/hotspot/share/prims/jni.cpp, line 615]
Event: 3.751 Thread 0x0000021dbb6e2000 Exception <a 'sun/nio/fs/WindowsException'{0x00000000870a02d0}> (0x00000000870a02d0) thrown at [c:/BuildAgent/work/5ff2f6c26000d570/src/hotspot/share/prims/jni.cpp, line 615]
Event: 3.992 Thread 0x0000021dbb6e2000 Exception <a 'sun/nio/fs/WindowsException'{0x0000000089b56488}> (0x0000000089b56488) thrown at [c:/BuildAgent/work/5ff2f6c26000d570/src/hotspot/share/prims/jni.cpp, line 615]
Event: 3.992 Thread 0x0000021dbb6e2000 Exception <a 'sun/nio/fs/WindowsException'{0x0000000089b56838}> (0x0000000089b56838) thrown at [c:/BuildAgent/work/5ff2f6c26000d570/src/hotspot/share/prims/jni.cpp, line 615]
Event: 4.002 Thread 0x0000021dbb6e2000 Exception <a 'sun/nio/fs/WindowsException'{0x0000000089aad980}> (0x0000000089aad980) thrown at [c:/BuildAgent/work/5ff2f6c26000d570/src/hotspot/share/prims/jni.cpp, line 615]
Event: 4.002 Thread 0x0000021dbb6e2000 Exception <a 'sun/nio/fs/WindowsException'{0x0000000089aadd38}> (0x0000000089aadd38) thrown at [c:/BuildAgent/work/5ff2f6c26000d570/src/hotspot/share/prims/jni.cpp, line 615]
Event: 4.005 Thread 0x0000021dbb6e2000 Exception <a 'sun/nio/fs/WindowsException'{0x000000008996a780}> (0x000000008996a780) thrown at [c:/BuildAgent/work/5ff2f6c26000d570/src/hotspot/share/prims/jni.cpp, line 615]
Event: 4.005 Thread 0x0000021dbb6e2000 Exception <a 'sun/nio/fs/WindowsException'{0x000000008996aa70}> (0x000000008996aa70) thrown at [c:/BuildAgent/work/5ff2f6c26000d570/src/hotspot/share/prims/jni.cpp, line 615]
Event: 4.463 Thread 0x0000021dbb6e2000 Exception <a 'sun/nio/fs/WindowsException'{0x0000000087630458}> (0x0000000087630458) thrown at [c:/BuildAgent/work/5ff2f6c26000d570/src/hotspot/share/prims/jni.cpp, line 615]
Event: 4.463 Thread 0x0000021dbb6e2000 Exception <a 'sun/nio/fs/WindowsException'{0x00000000876307e8}> (0x00000000876307e8) thrown at [c:/BuildAgent/work/5ff2f6c26000d570/src/hotspot/share/prims/jni.cpp, line 615]
Event: 6.354 Thread 0x0000021dbb6e2000 Implicit null exception at 0x0000021dabb12fb9 to 0x0000021dabb14612

Events (20 events):
Event: 16.086 Thread 0x0000021dd3440000 Thread added: 0x0000021dd3440000
Event: 16.087 Thread 0x0000021dd3440000 Thread exited: 0x0000021dd3440000
Event: 16.087 Thread 0x0000021dd3440000 Thread added: 0x0000021dd3440000
Event: 16.087 Thread 0x0000021dd3440000 Thread exited: 0x0000021dd3440000
Event: 16.087 Thread 0x0000021dd3440000 Thread added: 0x0000021dd3440000
Event: 16.087 Thread 0x0000021dd3440000 Thread exited: 0x0000021dd3440000
Event: 16.087 Thread 0x0000021dd3440000 Thread added: 0x0000021dd3440000
Event: 16.087 Thread 0x0000021dd3440000 Thread exited: 0x0000021dd3440000
Event: 16.087 Thread 0x0000021dd3440000 Thread added: 0x0000021dd3440000
Event: 16.087 Thread 0x0000021dd3440000 Thread exited: 0x0000021dd3440000
Event: 16.087 Thread 0x0000021dd3440000 Thread added: 0x0000021dd3440000
Event: 16.087 Thread 0x0000021dd3440000 Thread exited: 0x0000021dd3440000
Event: 16.087 Thread 0x0000021dd3440000 Thread added: 0x0000021dd3440000
Event: 16.087 Thread 0x0000021dd3440000 Thread exited: 0x0000021dd3440000
Event: 16.087 Thread 0x0000021dd3440000 Thread added: 0x0000021dd3440000
Event: 16.087 Thread 0x0000021dd3440000 Thread exited: 0x0000021dd3440000
Event: 16.087 Thread 0x0000021dd3440000 Thread added: 0x0000021dd3440000
Event: 16.087 Thread 0x0000021dd3440000 Thread exited: 0x0000021dd3440000
Event: 16.087 Thread 0x0000021dd3440000 Thread added: 0x0000021dd3440000
Event: 16.087 Thread 0x0000021dd3440000 Thread exited: 0x0000021dd3440000


Dynamic libraries:
0x00007ff7a5900000 - 0x00007ff7a590a000 	D:\IntelliJ\IntelliJ IDEA Community Edition 2019.3.2\jbr\bin\java.exe
0x00007ffc7e070000 - 0x00007ffc7e25d000 	C:\WINDOWS\SYSTEM32\ntdll.dll
0x00007ffc7b600000 - 0x00007ffc7b6b3000 	C:\WINDOWS\System32\KERNEL32.DLL
0x00007ffc7a440000 - 0x00007ffc7a6d5000 	C:\WINDOWS\System32\KERNELBASE.dll
0x00007ffc7a6e0000 - 0x00007ffc7a7da000 	C:\WINDOWS\System32\ucrtbase.dll
0x00007ffc63050000 - 0x00007ffc63067000 	D:\IntelliJ\IntelliJ IDEA Community Edition 2019.3.2\jbr\bin\VCRUNTIME140.dll
0x00007ffc62fb0000 - 0x00007ffc62fc9000 	D:\IntelliJ\IntelliJ IDEA Community Edition 2019.3.2\jbr\bin\jli.dll
0x00007ffc7b460000 - 0x00007ffc7b5f7000 	C:\WINDOWS\System32\USER32.dll
0x00007ffc6e1a0000 - 0x00007ffc6e419000 	C:\WINDOWS\WinSxS\amd64_microsoft.windows.common-controls_6595b64144ccf1df_6.0.17763.1158_none_de722d88534a897f\COMCTL32.dll
0x00007ffc7aa70000 - 0x00007ffc7aa90000 	C:\WINDOWS\System32\win32u.dll
0x00007ffc7d050000 - 0x00007ffc7d079000 	C:\WINDOWS\System32\GDI32.dll
0x00007ffc7df10000 - 0x00007ffc7dfae000 	C:\WINDOWS\System32\msvcrt.dll
0x00007ffc7a7e0000 - 0x00007ffc7a979000 	C:\WINDOWS\System32\gdi32full.dll
0x00007ffc7db30000 - 0x00007ffc7de5c000 	C:\WINDOWS\System32\combase.dll
0x00007ffc7a9d0000 - 0x00007ffc7aa70000 	C:\WINDOWS\System32\msvcp_win.dll
0x00007ffc7b6f0000 - 0x00007ffc7b812000 	C:\WINDOWS\System32\RPCRT4.dll
0x00007ffc7a3c0000 - 0x00007ffc7a43e000 	C:\WINDOWS\System32\bcryptPrimitives.dll
0x00007ffc7b6c0000 - 0x00007ffc7b6ee000 	C:\WINDOWS\System32\IMM32.DLL
0x00007ffc4b360000 - 0x00007ffc4b3fd000 	D:\IntelliJ\IntelliJ IDEA Community Edition 2019.3.2\jbr\bin\msvcp140.dll
0x00007ffc29560000 - 0x00007ffc2a01b000 	D:\IntelliJ\IntelliJ IDEA Community Edition 2019.3.2\jbr\bin\server\jvm.dll
0x00007ffc7cf90000 - 0x00007ffc7d033000 	C:\WINDOWS\System32\ADVAPI32.dll
0x00007ffc7d430000 - 0x00007ffc7d4ce000 	C:\WINDOWS\System32\sechost.dll
0x00007ffc7e010000 - 0x00007ffc7e018000 	C:\WINDOWS\System32\PSAPI.DLL
0x00007ffc75d80000 - 0x00007ffc75d89000 	C:\WINDOWS\SYSTEM32\WSOCK32.dll
0x00007ffc6f2c0000 - 0x00007ffc6f2e4000 	C:\WINDOWS\SYSTEM32\WINMM.dll
0x00007ffc7cf20000 - 0x00007ffc7cf8d000 	C:\WINDOWS\System32\WS2_32.dll
0x00007ffc74b00000 - 0x00007ffc74b0a000 	C:\WINDOWS\SYSTEM32\VERSION.dll
0x00007ffc6f080000 - 0x00007ffc6f0ad000 	C:\WINDOWS\SYSTEM32\winmmbase.dll
0x00007ffc7a370000 - 0x00007ffc7a3ba000 	C:\WINDOWS\System32\cfgmgr32.dll
0x00007ffc7a060000 - 0x00007ffc7a071000 	C:\WINDOWS\System32\kernel.appcore.dll
0x00007ffc754c0000 - 0x00007ffc754d1000 	D:\IntelliJ\IntelliJ IDEA Community Edition 2019.3.2\jbr\bin\verify.dll
0x00007ffc72290000 - 0x00007ffc7247d000 	C:\WINDOWS\SYSTEM32\DBGHELP.DLL
0x00007ffc72260000 - 0x00007ffc7228a000 	C:\WINDOWS\SYSTEM32\dbgcore.DLL
0x00007ffc62e40000 - 0x00007ffc62e69000 	D:\IntelliJ\IntelliJ IDEA Community Edition 2019.3.2\jbr\bin\java.dll
0x00007ffc75e40000 - 0x00007ffc75e4f000 	D:\IntelliJ\IntelliJ IDEA Community Edition 2019.3.2\jbr\bin\instrument.dll
0x00007ffc6c690000 - 0x00007ffc6c6a7000 	D:\IntelliJ\IntelliJ IDEA Community Edition 2019.3.2\jbr\bin\zip.dll
0x00007ffc759f0000 - 0x00007ffc759fb000 	D:\IntelliJ\IntelliJ IDEA Community Edition 2019.3.2\jbr\bin\jimage.dll
0x00007ffc7b820000 - 0x00007ffc7cd14000 	C:\WINDOWS\System32\SHELL32.dll
0x00007ffc7de60000 - 0x00007ffc7df08000 	C:\WINDOWS\System32\shcore.dll
0x00007ffc7ab40000 - 0x00007ffc7b28d000 	C:\WINDOWS\System32\windows.storage.dll
0x00007ffc7a100000 - 0x00007ffc7a124000 	C:\WINDOWS\System32\profapi.dll
0x00007ffc7a080000 - 0x00007ffc7a0dd000 	C:\WINDOWS\System32\powrprof.dll
0x00007ffc7cd30000 - 0x00007ffc7cd82000 	C:\WINDOWS\System32\shlwapi.dll
0x00007ffc7a980000 - 0x00007ffc7a997000 	C:\WINDOWS\System32\cryptsp.dll
0x00007ffc6c500000 - 0x00007ffc6c51a000 	D:\IntelliJ\IntelliJ IDEA Community Edition 2019.3.2\jbr\bin\net.dll
0x00007ffc70910000 - 0x00007ffc70a02000 	C:\WINDOWS\SYSTEM32\WINHTTP.dll
0x00007ffc79870000 - 0x00007ffc798d7000 	C:\WINDOWS\system32\mswsock.dll
0x00007ffc6af30000 - 0x00007ffc6af44000 	D:\IntelliJ\IntelliJ IDEA Community Edition 2019.3.2\jbr\bin\nio.dll
0x00007ffc74dd0000 - 0x00007ffc74dea000 	D:\IntelliJ\IntelliJ IDEA Community Edition 2019.3.2\bin\breakgen64.dll
0x0000021d9de30000 - 0x0000021d9de33000 	D:\IntelliJ\IntelliJ IDEA Community Edition 2019.3.2\jbr\bin\api-ms-win-core-console-l1-1-0.dll
0x0000021d9fd30000 - 0x0000021d9fd33000 	D:\IntelliJ\IntelliJ IDEA Community Edition 2019.3.2\jbr\bin\api-ms-win-core-datetime-l1-1-0.dll
0x0000021d9fd40000 - 0x0000021d9fd43000 	D:\IntelliJ\IntelliJ IDEA Community Edition 2019.3.2\jbr\bin\api-ms-win-core-debug-l1-1-0.dll
0x0000021d9fd50000 - 0x0000021d9fd53000 	D:\IntelliJ\IntelliJ IDEA Community Edition 2019.3.2\jbr\bin\api-ms-win-core-errorhandling-l1-1-0.dll
0x0000021d9fd60000 - 0x0000021d9fd64000 	D:\IntelliJ\IntelliJ IDEA Community Edition 2019.3.2\jbr\bin\api-ms-win-core-file-l1-1-0.dll
0x0000021d9fd70000 - 0x0000021d9fd73000 	D:\IntelliJ\IntelliJ IDEA Community Edition 2019.3.2\jbr\bin\api-ms-win-core-file-l1-2-0.dll
0x0000021d9fd80000 - 0x0000021d9fd83000 	D:\IntelliJ\IntelliJ IDEA Community Edition 2019.3.2\jbr\bin\api-ms-win-core-file-l2-1-0.dll
0x0000021d9fd90000 - 0x0000021d9fd93000 	D:\IntelliJ\IntelliJ IDEA Community Edition 2019.3.2\jbr\bin\api-ms-win-core-handle-l1-1-0.dll
0x0000021d9fda0000 - 0x0000021d9fda3000 	D:\IntelliJ\IntelliJ IDEA Community Edition 2019.3.2\jbr\bin\api-ms-win-core-heap-l1-1-0.dll
0x0000021d9fdb0000 - 0x0000021d9fdb3000 	D:\IntelliJ\IntelliJ IDEA Community Edition 2019.3.2\jbr\bin\api-ms-win-core-interlocked-l1-1-0.dll
0x0000021d9fdc0000 - 0x0000021d9fdc3000 	D:\IntelliJ\IntelliJ IDEA Community Edition 2019.3.2\jbr\bin\api-ms-win-core-libraryloader-l1-1-0.dll
0x0000021d9fdd0000 - 0x0000021d9fdd3000 	D:\IntelliJ\IntelliJ IDEA Community Edition 2019.3.2\jbr\bin\api-ms-win-core-localization-l1-2-0.dll
0x0000021d9fde0000 - 0x0000021d9fde3000 	D:\IntelliJ\IntelliJ IDEA Community Edition 2019.3.2\jbr\bin\api-ms-win-core-memory-l1-1-0.dll
0x0000021dbcc80000 - 0x0000021dbcc83000 	D:\IntelliJ\IntelliJ IDEA Community Edition 2019.3.2\jbr\bin\api-ms-win-core-namedpipe-l1-1-0.dll
0x0000021dbcc90000 - 0x0000021dbcc93000 	D:\IntelliJ\IntelliJ IDEA Community Edition 2019.3.2\jbr\bin\api-ms-win-core-processenvironment-l1-1-0.dll
0x0000021dbcca0000 - 0x0000021dbcca3000 	D:\IntelliJ\IntelliJ IDEA Community Edition 2019.3.2\jbr\bin\api-ms-win-core-processthreads-l1-1-0.dll
0x0000021dbccb0000 - 0x0000021dbccb3000 	D:\IntelliJ\IntelliJ IDEA Community Edition 2019.3.2\jbr\bin\api-ms-win-core-processthreads-l1-1-1.dll
0x0000021dbccc0000 - 0x0000021dbccc3000 	D:\IntelliJ\IntelliJ IDEA Community Edition 2019.3.2\jbr\bin\api-ms-win-core-profile-l1-1-0.dll
0x0000021dbccd0000 - 0x0000021dbccd3000 	D:\IntelliJ\IntelliJ IDEA Community Edition 2019.3.2\jbr\bin\api-ms-win-core-rtlsupport-l1-1-0.dll
0x0000021dbcce0000 - 0x0000021dbcce3000 	D:\IntelliJ\IntelliJ IDEA Community Edition 2019.3.2\jbr\bin\api-ms-win-core-string-l1-1-0.dll
0x0000021dbccf0000 - 0x0000021dbccf3000 	D:\IntelliJ\IntelliJ IDEA Community Edition 2019.3.2\jbr\bin\api-ms-win-core-synch-l1-1-0.dll
0x0000021dbcd00000 - 0x0000021dbcd03000 	D:\IntelliJ\IntelliJ IDEA Community Edition 2019.3.2\jbr\bin\api-ms-win-core-synch-l1-2-0.dll
0x0000021dbcd10000 - 0x0000021dbcd13000 	D:\IntelliJ\IntelliJ IDEA Community Edition 2019.3.2\jbr\bin\api-ms-win-core-sysinfo-l1-1-0.dll
0x0000021dbcd20000 - 0x0000021dbcd23000 	D:\IntelliJ\IntelliJ IDEA Community Edition 2019.3.2\jbr\bin\api-ms-win-core-timezone-l1-1-0.dll
0x0000021dbcd30000 - 0x0000021dbcd33000 	D:\IntelliJ\IntelliJ IDEA Community Edition 2019.3.2\jbr\bin\api-ms-win-core-util-l1-1-0.dll
0x0000021dbcd40000 - 0x0000021dbcd43000 	D:\IntelliJ\IntelliJ IDEA Community Edition 2019.3.2\jbr\bin\api-ms-win-crt-conio-l1-1-0.dll
0x0000021dbcd50000 - 0x0000021dbcd54000 	D:\IntelliJ\IntelliJ IDEA Community Edition 2019.3.2\jbr\bin\api-ms-win-crt-convert-l1-1-0.dll
0x0000021dbcd60000 - 0x0000021dbcd63000 	D:\IntelliJ\IntelliJ IDEA Community Edition 2019.3.2\jbr\bin\api-ms-win-crt-environment-l1-1-0.dll
0x0000021dbcd70000 - 0x0000021dbcd73000 	D:\IntelliJ\IntelliJ IDEA Community Edition 2019.3.2\jbr\bin\api-ms-win-crt-filesystem-l1-1-0.dll
0x0000021dbcd80000 - 0x0000021dbcd83000 	D:\IntelliJ\IntelliJ IDEA Community Edition 2019.3.2\jbr\bin\api-ms-win-crt-heap-l1-1-0.dll
0x0000021dbcd90000 - 0x0000021dbcd93000 	D:\IntelliJ\IntelliJ IDEA Community Edition 2019.3.2\jbr\bin\api-ms-win-crt-locale-l1-1-0.dll
0x0000021dbcda0000 - 0x0000021dbcda5000 	D:\IntelliJ\IntelliJ IDEA Community Edition 2019.3.2\jbr\bin\api-ms-win-crt-math-l1-1-0.dll
0x0000021dbcdb0000 - 0x0000021dbcdb5000 	D:\IntelliJ\IntelliJ IDEA Community Edition 2019.3.2\jbr\bin\api-ms-win-crt-multibyte-l1-1-0.dll
0x0000021dbcdc0000 - 0x0000021dbcdd0000 	D:\IntelliJ\IntelliJ IDEA Community Edition 2019.3.2\jbr\bin\api-ms-win-crt-private-l1-1-0.dll
0x0000021dbcdd0000 - 0x0000021dbcdd3000 	D:\IntelliJ\IntelliJ IDEA Community Edition 2019.3.2\jbr\bin\api-ms-win-crt-process-l1-1-0.dll
0x0000021dbcde0000 - 0x0000021dbcde4000 	D:\IntelliJ\IntelliJ IDEA Community Edition 2019.3.2\jbr\bin\api-ms-win-crt-runtime-l1-1-0.dll
0x0000021dbcdf0000 - 0x0000021dbcdf4000 	D:\IntelliJ\IntelliJ IDEA Community Edition 2019.3.2\jbr\bin\api-ms-win-crt-stdio-l1-1-0.dll
0x0000021dbce00000 - 0x0000021dbce04000 	D:\IntelliJ\IntelliJ IDEA Community Edition 2019.3.2\jbr\bin\api-ms-win-crt-string-l1-1-0.dll
0x0000021dbce10000 - 0x0000021dbce13000 	D:\IntelliJ\IntelliJ IDEA Community Edition 2019.3.2\jbr\bin\api-ms-win-crt-time-l1-1-0.dll
0x0000021dbce20000 - 0x0000021dbce23000 	D:\IntelliJ\IntelliJ IDEA Community Edition 2019.3.2\jbr\bin\api-ms-win-crt-utility-l1-1-0.dll
0x00007ffc53fb0000 - 0x00007ffc540aa000 	D:\IntelliJ\IntelliJ IDEA Community Edition 2019.3.2\jbr\bin\ucrtbase.dll
0x00007ffc62f00000 - 0x00007ffc62f52000 	C:\Windows\System32\concrt140.dll
0x00007ffc6d9b0000 - 0x00007ffc6d9d3000 	D:\IntelliJ\IntelliJ IDEA Community Edition 2019.3.2\jbr\bin\prism_d3d.dll
0x00007ffc71110000 - 0x00007ffc712ae000 	C:\WINDOWS\system32\d3d9.dll
0x00007ffc786c0000 - 0x00007ffc786ee000 	C:\WINDOWS\SYSTEM32\dwmapi.dll
0x00007ffc7a130000 - 0x00007ffc7a30c000 	C:\WINDOWS\System32\CRYPT32.dll
0x00007ffc7a0e0000 - 0x00007ffc7a0f2000 	C:\WINDOWS\System32\MSASN1.dll
0x00007ffc783b0000 - 0x00007ffc7844c000 	C:\WINDOWS\system32\uxtheme.dll
0x00007ffc47de0000 - 0x00007ffc47fa0000 	C:\WINDOWS\System32\DriverStore\FileRepository\igdlh64.inf_amd64_d03105a152ac7ed4\igdumdim64.dll
0x00007ffc64440000 - 0x00007ffc64592000 	C:\WINDOWS\System32\DriverStore\FileRepository\igdlh64.inf_amd64_d03105a152ac7ed4\igdgmm64.dll
0x00007ffc62eb0000 - 0x00007ffc62ef5000 	D:\IntelliJ\IntelliJ IDEA Community Edition 2019.3.2\jbr\bin\glass.dll
0x00007ffc7cd90000 - 0x00007ffc7ceb7000 	C:\WINDOWS\System32\COMDLG32.dll
0x00007ffc7d550000 - 0x00007ffc7d6a5000 	C:\WINDOWS\System32\ole32.dll
0x00007ffc7d100000 - 0x00007ffc7d1c4000 	C:\WINDOWS\System32\OLEAUT32.dll
0x00007ffc7b2f0000 - 0x00007ffc7b45b000 	C:\WINDOWS\System32\MSCTF.dll
0x00007ffc23270000 - 0x00007ffc26e4b000 	C:\WINDOWS\System32\DriverStore\FileRepository\igdlh64.inf_amd64_d03105a152ac7ed4\igd9dxva64.dll
0x00007ffc32f60000 - 0x00007ffc32f82000 	C:\WINDOWS\System32\DriverStore\FileRepository\igdlh64.inf_amd64_d03105a152ac7ed4\igdinfo64.dll
0x00007ffc603a0000 - 0x00007ffc626f6000 	C:\WINDOWS\System32\DriverStore\FileRepository\igdlh64.inf_amd64_d03105a152ac7ed4\igc64.dll
0x00007ffc45cb0000 - 0x00007ffc45e51000 	D:\IntelliJ\IntelliJ IDEA Community Edition 2019.3.2\jbr\bin\awt.dll
0x00007ffc773b0000 - 0x00007ffc7796e000 	C:\WINDOWS\SYSTEM32\d2d1.dll
0x00007ffc78130000 - 0x00007ffc781bc000 	C:\WINDOWS\SYSTEM32\apphelp.dll
0x00007ffc45b80000 - 0x00007ffc45ca7000 	C:\WINDOWS\system32\opengl32.dll
0x00007ffc62e10000 - 0x00007ffc62e3c000 	C:\WINDOWS\SYSTEM32\GLU32.dll
0x00007ffc6c6b0000 - 0x00007ffc6c6c4000 	D:\IntelliJ\IntelliJ IDEA Community Edition 2019.3.2\jbr\bin\javafx_font.dll
0x00007ffc578f0000 - 0x00007ffc57975000 	D:\IntelliJ\IntelliJ IDEA Community Edition 2019.3.2\jbr\bin\freetype.dll
0x00007ffc50190000 - 0x00007ffc50238000 	D:\IntelliJ\IntelliJ IDEA Community Edition 2019.3.2\jbr\bin\fontmanager.dll
0x00007ffc65f50000 - 0x00007ffc6624c000 	C:\WINDOWS\SYSTEM32\dwrite.dll
0x00007ffc53f20000 - 0x00007ffc53fb0000 	D:\IntelliJ\IntelliJ IDEA Community Edition 2019.3.2\jbr\bin\glib-lite.dll
0x00007ffc4b480000 - 0x00007ffc4b537000 	D:\IntelliJ\IntelliJ IDEA Community Edition 2019.3.2\jbr\bin\gstreamer-lite.dll
0x00007ffc402b0000 - 0x00007ffc40346000 	C:\WINDOWS\SYSTEM32\DSOUND.dll
0x00007ffc57c60000 - 0x00007ffc57c86000 	D:\IntelliJ\IntelliJ IDEA Community Edition 2019.3.2\jbr\bin\jfxmedia.dll
0x00007ffc7d1d0000 - 0x00007ffc7d272000 	C:\WINDOWS\System32\clbcatq.dll
0x00007ffc76900000 - 0x00007ffc76aa9000 	C:\WINDOWS\system32\propsys.dll
0x00007ffc579d0000 - 0x00007ffc579f2000 	D:\IntelliJ\IntelliJ IDEA Community Edition 2019.3.2\jbr\bin\fxplugins.dll
0x00007ffc71600000 - 0x00007ffc71670000 	C:\WINDOWS\System32\MMDevApi.dll
0x00007ffc79e10000 - 0x00007ffc79e39000 	C:\WINDOWS\System32\DEVOBJ.dll
0x00007ffc70e20000 - 0x00007ffc70f68000 	C:\WINDOWS\SYSTEM32\AUDIOSES.DLL
0x00007ffc760b0000 - 0x00007ffc76203000 	C:\WINDOWS\SYSTEM32\wintypes.dll
0x00007ffc75990000 - 0x00007ffc7599a000 	C:\WINDOWS\SYSTEM32\AVRT.dll

dbghelp: loaded successfully - version: 4.0.5 - missing functions: none
symbol engine: initialized successfully - sym options: 0x614 - pdb path: .;D:\IntelliJ\IntelliJ IDEA Community Edition 2019.3.2\jbr\bin;C:\WINDOWS\SYSTEM32;C:\WINDOWS\WinSxS\amd64_microsoft.windows.common-controls_6595b64144ccf1df_6.0.17763.1158_none_de722d88534a897f;D:\IntelliJ\IntelliJ IDEA Community Edition 2019.3.2\jbr\bin\server;D:\IntelliJ\IntelliJ IDEA Community Edition 2019.3.2\bin;C:\WINDOWS\System32\DriverStore\FileRepository\igdlh64.inf_amd64_d03105a152ac7ed4;C:\Program Files\Common Files\Microsoft Shared\Ink;C:\Users\XIAOMi\AppData\Local\Temp\lwjglXIAOMi\3.2.3-build-13

VM Arguments:
jvm_args: -javaagent:D:\IntelliJ\IntelliJ IDEA Community Edition 2019.3.2\lib\idea_rt.jar=56603:D:\IntelliJ\IntelliJ IDEA Community Edition 2019.3.2\bin -Dfile.encoding=UTF-8 
java_command: com.falconfly.menu.MainMenu
java_class_path (initial): D:\projects\4_sem\falcon-fly\out\production\falcon-fly;D:\IntelliJ\lwjgl\lwjgl\lwjgl.jar;D:\IntelliJ\lwjgl\lwjgl\lwjgl-javadoc.jar;D:\IntelliJ\lwjgl\lwjgl\lwjgl-sources.jar;D:\IntelliJ\lwjgl\lwjgl\lwjgl-natives-linux.jar;D:\IntelliJ\lwjgl\lwjgl\lwjgl-natives-macos.jar;D:\IntelliJ\lwjgl\lwjgl\lwjgl-natives-windows.jar;D:\IntelliJ\lwjgl\lwjgl\lwjgl-natives-linux-arm32.jar;D:\IntelliJ\lwjgl\lwjgl\lwjgl-natives-linux-arm64.jar;D:\IntelliJ\lwjgl\lwjgl\lwjgl-natives-windows-x86.jar;D:\IntelliJ\lwjgl\lwjgl-assimp\lwjgl-assimp.jar;D:\IntelliJ\lwjgl\lwjgl-assimp\lwjgl-assimp-javadoc.jar;D:\IntelliJ\lwjgl\lwjgl-assimp\lwjgl-assimp-sources.jar;D:\IntelliJ\lwjgl\lwjgl-assimp\lwjgl-assimp-natives-linux.jar;D:\IntelliJ\lwjgl\lwjgl-assimp\lwjgl-assimp-natives-macos.jar;D:\IntelliJ\lwjgl\lwjgl-assimp\lwjgl-assimp-natives-windows.jar;D:\IntelliJ\lwjgl\lwjgl-assimp\lwjgl-assimp-natives-linux-arm32.jar;D:\IntelliJ\lwjgl\lwjgl-assimp\lwjgl-assimp-natives-linux-arm64.jar;D:\IntelliJ\lwjgl\lwjgl-assimp\lwjgl-assimp-natives-windows-x86.jar;D:\IntelliJ\lwjgl\lwjgl-bgfx\lwjgl-bgfx.jar;D:\IntelliJ\lwjgl\lwjgl-bgfx\lwjgl-bgfx-javadoc.jar;D:\IntelliJ\lwjgl\lwjgl-bgfx\lwjgl-bgfx-sources.jar;D:\IntelliJ\lwjgl\lwjgl-bgfx\lwjgl-bgfx-natives-linux.jar;D:\IntelliJ\lwjgl\lwjgl-bgfx\lwjgl-bgfx-natives-macos.jar;D:\IntelliJ\lwjgl\lwjgl-bgfx\lwjgl-bgfx-natives-windows.jar;D:\IntelliJ\lwjgl\lwjgl-bgfx\lwjgl-bgfx-natives-linux-arm32.jar;D:\IntelliJ\lwjgl\lwjgl-bgfx\lwjgl-bgfx-natives-linux-arm64.jar;D:\IntelliJ\lwjgl\lwjgl-bgfx\lwjgl-bgfx-natives-windows-x86.jar;D:\IntelliJ\lwjgl\lwjgl-cuda\lwjgl-cuda.jar;D:\IntelliJ\lwjgl\lwjgl-cuda\lwjgl-cuda-javadoc.jar;D:\IntelliJ\lwjgl\lwjgl-cuda\lwjgl-cuda-sources.jar;D:\IntelliJ\lwjgl\lwjgl-egl\lwjgl-egl.jar;D:\IntelliJ\lwjgl\lwjgl-egl\lwjgl-egl-javadoc.jar;D:\IntelliJ\lwjgl\lwjgl-egl\lwjgl-egl-sources.jar;D:\IntelliJ\lwjgl\lwjgl-glfw\lwjgl-glfw.jar;D:\IntelliJ\lwjgl\lwjgl-glfw\lwjgl-glfw-javadoc.jar;D:\IntelliJ\lwjgl\lwjgl-glfw\lwjgl-g
Launcher Type: SUN_STANDARD

[Global flags]
     intx CICompilerCount                          = 4                                         {product} {ergonomic}
     uint ConcGCThreads                            = 2                                         {product} {ergonomic}
     uint G1ConcRefinementThreads                  = 8                                         {product} {ergonomic}
   size_t G1HeapRegionSize                         = 1048576                                   {product} {ergonomic}
    uintx GCDrainStackTargetSize                   = 64                                        {product} {ergonomic}
   size_t InitialHeapSize                          = 134217728                                 {product} {ergonomic}
   size_t MarkStackSize                            = 4194304                                   {product} {ergonomic}
   size_t MaxHeapSize                              = 2118123520                                {product} {ergonomic}
   size_t MaxNewSize                               = 1270874112                                {product} {ergonomic}
   size_t MinHeapDeltaBytes                        = 1048576                                   {product} {ergonomic}
    uintx NonNMethodCodeHeapSize                   = 5836300                                {pd product} {ergonomic}
    uintx NonProfiledCodeHeapSize                  = 122910970                              {pd product} {ergonomic}
    uintx ProfiledCodeHeapSize                     = 122910970                              {pd product} {ergonomic}
    uintx ReservedCodeCacheSize                    = 251658240                              {pd product} {ergonomic}
     bool SegmentedCodeCache                       = true                                      {product} {ergonomic}
     bool UseCompressedClassPointers               = true                                 {lp64_product} {ergonomic}
     bool UseCompressedOops                        = true                                 {lp64_product} {ergonomic}
     bool UseG1GC                                  = true                                      {product} {ergonomic}
     bool UseLargePagesIndividualAllocation        = false                                  {pd product} {ergonomic}

Logging:
Log output configuration:
 #0: stdout all=warning uptime,level,tags
 #1: stderr all=off uptime,level,tags

Environment Variables:
PATH=C:\WINDOWS\system32;C:\WINDOWS;C:\WINDOWS\System32\Wbem;C:\WINDOWS\System32\WindowsPowerShell\v1.0\;C:\WINDOWS\System32\OpenSSH\;C:\Program Files (x86)\IncrediBuild;C:\Program Files\NVIDIA Corporation\NVIDIA NvDLISR;C:\Program Files (x86)\NVIDIA Corporation\PhysX\Common;C:\Program Files\Git\cmd;C:\Users\XIAOMi\AppData\Local\Microsoft\WindowsApps;
USERNAME=XIAOMi
OS=Windows_NT
PROCESSOR_IDENTIFIER=Intel64 Family 6 Model 142 Stepping 10, GenuineIntel



---------------  S Y S T E M  ---------------

OS: Windows 10 , 64 bit Build 17763 (10.0.17763.1158)

CPU:total 8 (initial active 8) (4 cores per cpu, 2 threads per core) family 6 model 142 stepping 10, cmov, cx8, fxsr, mmx, sse, sse2, sse3, ssse3, sse4.1, sse4.2, popcnt, avx, avx2, aes, clmul, erms, 3dnowpref, lzcnt, ht, tsc, tscinvbit, bmi1, bmi2, adx, fma

Memory: 4k page, system-wide physical 8076M (1623M free)
TotalPageFile size 19929M (AvailPageFile size 1626M)
current process WorkingSet (physical memory assigned to process): 484M, peak: 530M
current process commit charge ("private bytes"): 520M, peak: 537M

vm_info: OpenJDK 64-Bit Server VM (11.0.5+10-b520.30) for windows-amd64 JRE (11.0.5+10-b520.30), built on Dec 24 2019 12:06:09 by "" with MS VC++ 14.0 (VS2015)

END.
