#
# A fatal error has been detected by the Java Runtime Environment:
#
#  EXCEPTION_ACCESS_VIOLATION (0xc0000005) at pc=0x00007ffc4d5d6490, pid=4924, tid=15112
#
# JRE version: OpenJDK Runtime Environment (11.0.5+10) (build 11.0.5+10-b520.30)
# Java VM: OpenJDK 64-Bit Server VM (11.0.5+10-b520.30, mixed mode, sharing, tiered, compressed oops, g1 gc, windows-amd64)
# Problematic frame:
# C  0x00007ffc4d5d6490
#
# No core dump will be written. Minidumps are not enabled by default on client versions of Windows
#
# If you would like to submit a bug report, please visit:
#   http://bugreport.java.com/bugreport/crash.jsp
# The crash happened outside the Java Virtual Machine in native code.
# See problematic frame for where to report the bug.
#

---------------  S U M M A R Y ------------

Command Line: -javaagent:D:\IntelliJ\IntelliJ IDEA Community Edition 2019.3.2\lib\idea_rt.jar=56636:D:\IntelliJ\IntelliJ IDEA Community Edition 2019.3.2\bin -Dfile.encoding=UTF-8 com.falconfly.menu.MainMenu

Host: Intel(R) Core(TM) i5-8250U CPU @ 1.60GHz, 8 cores, 7G,  Windows 10 , 64 bit Build 17763 (10.0.17763.1158)
Time: Sun May 31 21:35:09 2020 Aaea?onu (ceia) elapsed time: 16 seconds (0d 0h 0m 16s)

---------------  T H R E A D  ---------------

Current thread (0x0000020cd2899800):  JavaThread "JavaFX Application Thread" [_thread_in_native, id=15112, stack(0x0000008e38700000,0x0000008e38800000)]

Stack: [0x0000008e38700000,0x0000008e38800000],  sp=0x0000008e387fb4a0,  free space=1005k
Native frames: (J=compiled Java code, j=interpreted, Vv=VM code, C=native code)
C  0x00007ffc4d5d6490

Java frames: (J=compiled Java code, j=interpreted, Vv=VM code)
J 3001  org.lwjgl.system.JNI.invokePV(JJ)V (0 bytes) @ 0x0000020cc2be6514 [0x0000020cc2be64c0+0x0000000000000054]
j  org.lwjgl.glfw.GLFW.glfwDestroyWindow(J)V+6
j  com.falconfly.engine.EngineWindow.destroy()V+4
j  com.falconfly.engine.Engine.cleanup()V+13
j  com.falconfly.engine.Engine.run()V+9
j  com.falconfly.engine.main.Main.main([Ljava/lang/String;)V+29
j  com.falconfly.menu.MainMenu.handle(Ljavafx/event/ActionEvent;)V+134
j  com.falconfly.menu.MainMenu$$Lambda$146.handle(Ljavafx/event/Event;)V+8
j  com.sun.javafx.event.CompositeEventHandler.dispatchBubblingEvent(Ljavafx/event/Event;)V+51 javafx.base@11.0.5
J 2320 c1 com.sun.javafx.event.EventHandlerManager.dispatchBubblingEvent(Ljavafx/event/EventType;Ljavafx/event/Event;)Ljavafx/event/Event; javafx.base@11.0.5 (34 bytes) @ 0x0000020cbb986054 [0x0000020cbb985b00+0x0000000000000554]
j  com.sun.javafx.event.EventHandlerManager.dispatchBubblingEvent(Ljavafx/event/Event;)Ljavafx/event/Event;+8 javafx.base@11.0.5
j  com.sun.javafx.event.CompositeEventDispatcher.dispatchBubblingEvent(Ljavafx/event/Event;)Ljavafx/event/Event;+11 javafx.base@11.0.5
j  com.sun.javafx.event.BasicEventDispatcher.dispatchEvent(Ljavafx/event/Event;Ljavafx/event/EventDispatchChain;)Ljavafx/event/Event;+29 javafx.base@11.0.5
j  com.sun.javafx.event.EventDispatchChainImpl.dispatchEvent(Ljavafx/event/Event;)Ljavafx/event/Event;+69 javafx.base@11.0.5
j  com.sun.javafx.event.BasicEventDispatcher.dispatchEvent(Ljavafx/event/Event;Ljavafx/event/EventDispatchChain;)Ljavafx/event/Event;+17 javafx.base@11.0.5
j  com.sun.javafx.event.EventDispatchChainImpl.dispatchEvent(Ljavafx/event/Event;)Ljavafx/event/Event;+69 javafx.base@11.0.5
j  com.sun.javafx.event.BasicEventDispatcher.dispatchEvent(Ljavafx/event/Event;Ljavafx/event/EventDispatchChain;)Ljavafx/event/Event;+17 javafx.base@11.0.5
j  com.sun.javafx.event.EventDispatchChainImpl.dispatchEvent(Ljavafx/event/Event;)Ljavafx/event/Event;+69 javafx.base@11.0.5
j  com.sun.javafx.event.EventUtil.fireEventImpl(Ljavafx/event/EventDispatchChain;Ljavafx/event/EventTarget;Ljavafx/event/Event;)Ljavafx/event/Event;+10 javafx.base@11.0.5
j  com.sun.javafx.event.EventUtil.fireEvent(Ljavafx/event/EventTarget;Ljavafx/event/Event;)Ljavafx/event/Event;+37 javafx.base@11.0.5
j  javafx.event.Event.fireEvent(Ljavafx/event/EventTarget;Ljavafx/event/Event;)V+30 javafx.base@11.0.5
j  javafx.scene.Node.fireEvent(Ljavafx/event/Event;)V+86 javafx.graphics@11.0.5
j  javafx.scene.control.Button.fire()V+15 javafx.controls@11.0.5
j  com.sun.javafx.scene.control.behavior.ButtonBehavior.mouseReleased(Ljavafx/scene/input/MouseEvent;)V+27 javafx.controls@11.0.5
j  com.sun.javafx.scene.control.behavior.ButtonBehavior$$Lambda$226.handle(Ljavafx/event/Event;)V+8 javafx.controls@11.0.5
j  com.sun.javafx.scene.control.inputmap.InputMap.handle(Ljavafx/event/Event;)V+61 javafx.controls@11.0.5
j  com.sun.javafx.scene.control.inputmap.InputMap$$Lambda$221.handle(Ljavafx/event/Event;)V+5 javafx.controls@11.0.5
j  com.sun.javafx.event.CompositeEventHandler$NormalEventHandlerRecord.handleBubblingEvent(Ljavafx/event/Event;)V+5 javafx.base@11.0.5
j  com.sun.javafx.event.CompositeEventHandler.dispatchBubblingEvent(Ljavafx/event/Event;)V+28 javafx.base@11.0.5
J 2320 c1 com.sun.javafx.event.EventHandlerManager.dispatchBubblingEvent(Ljavafx/event/EventType;Ljavafx/event/Event;)Ljavafx/event/Event; javafx.base@11.0.5 (34 bytes) @ 0x0000020cbb986054 [0x0000020cbb985b00+0x0000000000000554]
j  com.sun.javafx.event.EventHandlerManager.dispatchBubblingEvent(Ljavafx/event/Event;)Ljavafx/event/Event;+8 javafx.base@11.0.5
j  com.sun.javafx.event.CompositeEventDispatcher.dispatchBubblingEvent(Ljavafx/event/Event;)Ljavafx/event/Event;+11 javafx.base@11.0.5
j  com.sun.javafx.event.BasicEventDispatcher.dispatchEvent(Ljavafx/event/Event;Ljavafx/event/EventDispatchChain;)Ljavafx/event/Event;+29 javafx.base@11.0.5
j  com.sun.javafx.event.EventDispatchChainImpl.dispatchEvent(Ljavafx/event/Event;)Ljavafx/event/Event;+69 javafx.base@11.0.5
j  com.sun.javafx.event.BasicEventDispatcher.dispatchEvent(Ljavafx/event/Event;Ljavafx/event/EventDispatchChain;)Ljavafx/event/Event;+17 javafx.base@11.0.5
j  com.sun.javafx.event.EventDispatchChainImpl.dispatchEvent(Ljavafx/event/Event;)Ljavafx/event/Event;+69 javafx.base@11.0.5
j  com.sun.javafx.event.BasicEventDispatcher.dispatchEvent(Ljavafx/event/Event;Ljavafx/event/EventDispatchChain;)Ljavafx/event/Event;+17 javafx.base@11.0.5
j  com.sun.javafx.event.EventDispatchChainImpl.dispatchEvent(Ljavafx/event/Event;)Ljavafx/event/Event;+69 javafx.base@11.0.5
j  com.sun.javafx.event.EventUtil.fireEventImpl(Ljavafx/event/EventDispatchChain;Ljavafx/event/EventTarget;Ljavafx/event/Event;)Ljavafx/event/Event;+10 javafx.base@11.0.5
j  com.sun.javafx.event.EventUtil.fireEvent(Ljavafx/event/EventTarget;Ljavafx/event/Event;)Ljavafx/event/Event;+46 javafx.base@11.0.5
j  javafx.event.Event.fireEvent(Ljavafx/event/EventTarget;Ljavafx/event/Event;)V+30 javafx.base@11.0.5
j  javafx.scene.Scene$MouseHandler.process(Ljavafx/scene/input/MouseEvent;Z)V+491 javafx.graphics@11.0.5
j  javafx.scene.Scene$MouseHandler.access$1300(Ljavafx/scene/Scene$MouseHandler;Ljavafx/scene/input/MouseEvent;Z)V+3 javafx.graphics@11.0.5
j  javafx.scene.Scene.processMouseEvent(Ljavafx/scene/input/MouseEvent;)V+6 javafx.graphics@11.0.5
j  javafx.scene.Scene$ScenePeerListener.mouseEvent(Ljavafx/event/EventType;DDDDLjavafx/scene/input/MouseButton;ZZZZZZZZZ)V+46 javafx.graphics@11.0.5
j  com.sun.javafx.tk.quantum.GlassViewEventHandler$MouseEventNotification.run()Ljava/lang/Void;+582 javafx.graphics@11.0.5
j  com.sun.javafx.tk.quantum.GlassViewEventHandler$MouseEventNotification.run()Ljava/lang/Object;+1 javafx.graphics@11.0.5
v  ~StubRoutines::call_stub
J 2167  java.security.AccessController.doPrivileged(Ljava/security/PrivilegedAction;Ljava/security/AccessControlContext;)Ljava/lang/Object; java.base@11.0.5 (0 bytes) @ 0x0000020cc2b26a36 [0x0000020cc2b269c0+0x0000000000000076]
j  com.sun.javafx.tk.quantum.GlassViewEventHandler.lambda$handleMouseEvent$2()Ljava/lang/Void;+11 javafx.graphics@11.0.5
j  com.sun.javafx.tk.quantum.GlassViewEventHandler$$Lambda$263.get()Ljava/lang/Object;+4 javafx.graphics@11.0.5
j  com.sun.javafx.tk.quantum.QuantumToolkit.runWithoutRenderLock(Ljava/util/function/Supplier;)Ljava/lang/Object;+18 javafx.graphics@11.0.5
j  com.sun.javafx.tk.quantum.GlassViewEventHandler.handleMouseEvent(Lcom/sun/glass/ui/View;JIIIIIIIZZ)V+103 javafx.graphics@11.0.5
j  com.sun.glass.ui.View.handleMouseEvent(JIIIIIIIZZ)V+30 javafx.graphics@11.0.5
j  com.sun.glass.ui.View.notifyMouse(IIIIIIIZZ)V+181 javafx.graphics@11.0.5
v  ~StubRoutines::call_stub
j  com.sun.glass.ui.win.WinApplication._runLoop(Ljava/lang/Runnable;)V+0 javafx.graphics@11.0.5
j  com.sun.glass.ui.win.WinApplication.lambda$runLoop$3(ILjava/lang/Runnable;)V+8 javafx.graphics@11.0.5
j  com.sun.glass.ui.win.WinApplication$$Lambda$60.run()V+12 javafx.graphics@11.0.5
j  java.lang.Thread.run()V+11 java.base@11.0.5
v  ~StubRoutines::call_stub

siginfo: EXCEPTION_ACCESS_VIOLATION (0xc0000005), reading address 0x0000000000000000


Register to memory mapping:

RIP=0x00007ffc4d5d6490 points into unknown readable memory: 48 8b 01 48 8b d1 48 8b
RAX=0x0 is NULL
RBX=0x0000020cd35ccaf0 points into unknown readable memory: 00 00 00 00 00 00 00 00
RCX=0x0 is NULL
RDX=0x00007ffc4d627ee0 points into unknown readable memory: 00 00 00 00 00 00 00 00
RSP=0x0000008e387fb4a0 is pointing into the stack for thread: 0x0000020cd2899800
RBP=0x0000008e387fb530 is pointing into the stack for thread: 0x0000020cd2899800
RSI=0x0000000085ba9db0 is an oop: org.lwjgl.system.MemoryStack 
{0x0000000085ba9db0} - klass: 'org/lwjgl/system/MemoryStack'
RDI=0x0000000000010000 is an unknown value
R8 =0x0000020cd35ccaf0 points into unknown readable memory: 00 00 00 00 00 00 00 00
R9 =0x00007ffc4d5d63e0 points into unknown readable memory: 40 53 48 83 ec 20 83 3d
R10=0x00007ffc53b71b10 points into unknown readable memory: 49 8b c8 49 ff e1 cc cc
R11=0x0000020cc2be64e8 is at entry_point+40 in (nmethod*)0x0000020cc2be6310
R12=0x0 is NULL
R13=0x0000008e387fb550 is pointing into the stack for thread: 0x0000020cd2899800
R14=0x0000008e387fb520 is pointing into the stack for thread: 0x0000020cd2899800
R15=0x0000020cd2899800 is a thread


Registers:
RAX=0x0000000000000000, RBX=0x0000020cd35ccaf0, RCX=0x0000000000000000, RDX=0x00007ffc4d627ee0
RSP=0x0000008e387fb4a0, RBP=0x0000008e387fb530, RSI=0x0000000085ba9db0, RDI=0x0000000000010000
R8 =0x0000020cd35ccaf0, R9 =0x00007ffc4d5d63e0, R10=0x00007ffc53b71b10, R11=0x0000020cc2be64e8
R12=0x0000000000000000, R13=0x0000008e387fb550, R14=0x0000008e387fb520, R15=0x0000020cd2899800
RIP=0x00007ffc4d5d6490, EFLAGS=0x0000000000010283

Top of Stack: (sp=0x0000008e387fb4a0)
0x0000008e387fb4a0:   0000020cd35ccaf0 0000008e387fb5d8
0x0000008e387fb4b0:   0000020cdf5c6498 0000020cd2899800
0x0000008e387fb4c0:   0000020cdf6bba00 0000020cc2be65b4
0x0000008e387fb4d0:   0000020cdf5e7d10 0000020cd2899800
0x0000008e387fb4e0:   0000020cdf5e7d10 0000020cd2899800
0x0000008e387fb4f0:   fffffffe00000000 0000000000000000
0x0000008e387fb500:   0000000000000000 0000000000000000
0x0000008e387fb510:   0000008e387fb5d8 0000020cbaf7de12
0x0000008e387fb520:   0000000085b994b8 0000000800000000
0x0000008e387fb530:   0000008e387fb5b8 0000020cbaf69e73
0x0000008e387fb540:   0000020cd31eca90 0000020cbaf69e73
0x0000008e387fb550:   00007ffc4d5d63e0 0000000000000000
0x0000008e387fb560:   0000020cd35ccaf0 0000000000000000
0x0000008e387fb570:   0000008e387fb570 0000020cdf5e7cde
0x0000008e387fb580:   0000008e387fb5e0 0000020cdf5fb288
0x0000008e387fb590:   0000000000000000 0000000085b8a2f0 

Instructions: (pc=0x00007ffc4d5d6490)
0x00007ffc4d5d6390:   18 00 00 00 66 0f 6f 05 c4 02 04 00 f3 0f 7f 05
0x00007ffc4d5d63a0:   64 17 05 00 c7 05 6e 17 05 00 08 00 00 00 c7 05
0x00007ffc4d5d63b0:   88 17 05 00 01 00 00 00 c7 05 06 1b 05 00 ff ff
0x00007ffc4d5d63c0:   ff ff c7 05 bc 17 05 00 01 00 00 00 48 83 c4 28
0x00007ffc4d5d63d0:   c3 cc cc cc cc cc cc cc cc cc cc cc cc cc cc cc
0x00007ffc4d5d63e0:   40 53 48 83 ec 20 83 3d 03 17 05 00 00 48 8b d9
0x00007ffc4d5d63f0:   75 11 33 d2 b9 01 00 01 00 48 83 c4 20 5b e9 5d
0x00007ffc4d5d6400:   b8 ff ff 48 85 db 0f 84 a5 00 00 00 0f 57 c0 33
0x00007ffc4d5d6410:   c0 0f 11 81 c0 02 00 00 0f 11 81 d0 02 00 00 0f
0x00007ffc4d5d6420:   11 81 e0 02 00 00 0f 11 81 f0 02 00 00 0f 11 81
0x00007ffc4d5d6430:   00 03 00 00 0f 11 81 10 03 00 00 0f 11 81 20 03
0x00007ffc4d5d6440:   00 00 0f 11 81 30 03 00 00 48 89 81 40 03 00 00
0x00007ffc4d5d6450:   48 8d 0d 35 25 05 00 e8 54 47 00 00 48 3b d8 75
0x00007ffc4d5d6460:   07 33 c9 e8 48 b6 ff ff 48 8b cb e8 80 4a 00 00
0x00007ffc4d5d6470:   48 8b 0d 69 1a 05 00 48 8d 15 62 1a 05 00 48 3b
0x00007ffc4d5d6480:   cb 74 1b 0f 1f 40 00 66 0f 1f 84 00 00 00 00 00
0x00007ffc4d5d6490:   48 8b 01 48 8b d1 48 8b c8 48 3b c3 75 f2 48 8b
0x00007ffc4d5d64a0:   03 48 8b cb 48 89 02 48 83 c4 20 5b e9 97 27 01
0x00007ffc4d5d64b0:   00 48 83 c4 20 5b c3 cc cc cc cc cc cc cc cc cc
0x00007ffc4d5d64c0:   83 3d 29 16 05 00 00 75 0c 33 d2 b9 01 00 01 00
0x00007ffc4d5d64d0:   e9 8b b7 ff ff e9 d6 4a 00 00 cc cc cc cc cc cc
0x00007ffc4d5d64e0:   33 c0 48 85 d2 74 02 89 02 4d 85 c0 74 03 41 89
0x00007ffc4d5d64f0:   00 39 05 f9 15 05 00 75 0c 33 d2 b9 01 00 01 00
0x00007ffc4d5d6500:   e9 5b b7 ff ff e9 96 4c 00 00 cc cc cc cc cc cc
0x00007ffc4d5d6510:   48 83 ec 28 83 3d d5 15 05 00 00 75 13 33 d2 b9
0x00007ffc4d5d6520:   01 00 01 00 e8 37 b7 ff ff 33 c0 48 83 c4 28 c3
0x00007ffc4d5d6530:   81 fa 01 20 02 00 0f 8f 94 00 00 00 0f 84 83 00
0x00007ffc4d5d6540:   00 00 8d 82 ff ff fd ff 83 f8 0b 0f 87 12 01 00
0x00007ffc4d5d6550:   00 48 98 4c 8d 05 a6 9a ff ff 41 8b 84 80 80 66
0x00007ffc4d5d6560:   00 00 49 03 c0 ff e0 48 83 c4 28 e9 50 60 00 00
0x00007ffc4d5d6570:   48 83 c4 28 e9 87 60 00 00 48 83 c4 28 e9 9e 60
0x00007ffc4d5d6580:   00 00 48 83 c4 28 e9 85 60 00 00 48 83 c4 28 e9 


Stack slot to memory mapping:
stack at sp + 0 slots: 0x0000020cd35ccaf0 points into unknown readable memory: 00 00 00 00 00 00 00 00
stack at sp + 1 slots: 0x0000008e387fb5d8 is pointing into the stack for thread: 0x0000020cd2899800
stack at sp + 2 slots: 0x0000020cdf5c6498 is pointing into metadata
stack at sp + 3 slots: 0x0000020cd2899800 is a thread
stack at sp + 4 slots: {method} {0x0000020cdf6bba08} 'invokePV' '(JJ)V' in 'org/lwjgl/system/JNI'
stack at sp + 5 slots: 0x0000020cc2be65b4 is at entry_point+244 in (nmethod*)0x0000020cc2be6310
stack at sp + 6 slots: {method} {0x0000020cdf5e7d18} 'glfwDestroyWindow' '(J)V' in 'org/lwjgl/glfw/GLFW'
stack at sp + 7 slots: 0x0000020cd2899800 is a thread


---------------  P R O C E S S  ---------------

Threads class SMR info:
_java_thread_list=0x0000020cd3be6330, length=24, elements={
0x0000020cb6eba800, 0x0000020cd17f7800, 0x0000020cd17f9800, 0x0000020cd1813800,
0x0000020cd1814800, 0x0000020cd1815800, 0x0000020cd181c000, 0x0000020cd1823000,
0x0000020cd23bc800, 0x0000020cd2908000, 0x0000020cd297e800, 0x0000020cd2d48800,
0x0000020cd2427800, 0x0000020cd2899800, 0x0000020cd2768800, 0x0000020cd2aa3800,
0x0000020cd37e4800, 0x0000020cd35e8800, 0x0000020cd362d000, 0x0000020cd362e000,
0x0000020cd362b800, 0x0000020cd362f800, 0x0000020cd3632000, 0x0000020cd3630800
}

Java Threads: ( => current thread )
  0x0000020cb6eba800 JavaThread "main" [_thread_blocked, id=2228, stack(0x0000008e37200000,0x0000008e37300000)]
  0x0000020cd17f7800 JavaThread "Reference Handler" daemon [_thread_blocked, id=6292, stack(0x0000008e37900000,0x0000008e37a00000)]
  0x0000020cd17f9800 JavaThread "Finalizer" daemon [_thread_blocked, id=13484, stack(0x0000008e37a00000,0x0000008e37b00000)]
  0x0000020cd1813800 JavaThread "Signal Dispatcher" daemon [_thread_blocked, id=6984, stack(0x0000008e37b00000,0x0000008e37c00000)]
  0x0000020cd1814800 JavaThread "Attach Listener" daemon [_thread_blocked, id=2828, stack(0x0000008e37c00000,0x0000008e37d00000)]
  0x0000020cd1815800 JavaThread "C2 CompilerThread0" daemon [_thread_blocked, id=19376, stack(0x0000008e37d00000,0x0000008e37e00000)]
  0x0000020cd181c000 JavaThread "C1 CompilerThread0" daemon [_thread_blocked, id=3836, stack(0x0000008e37e00000,0x0000008e37f00000)]
  0x0000020cd1823000 JavaThread "Sweeper thread" daemon [_thread_blocked, id=14660, stack(0x0000008e37f00000,0x0000008e38000000)]
  0x0000020cd23bc800 JavaThread "Common-Cleaner" daemon [_thread_blocked, id=8860, stack(0x0000008e38000000,0x0000008e38100000)]
  0x0000020cd2908000 JavaThread "Monitor Ctrl-Break" daemon [_thread_in_native, id=10660, stack(0x0000008e38200000,0x0000008e38300000)]
  0x0000020cd297e800 JavaThread "Service Thread" daemon [_thread_blocked, id=4732, stack(0x0000008e38300000,0x0000008e38400000)]
  0x0000020cd2d48800 JavaThread "QuantumRenderer-0" daemon [_thread_blocked, id=7852, stack(0x0000008e38500000,0x0000008e38600000)]
  0x0000020cd2427800 JavaThread "InvokeLaterDispatcher" daemon [_thread_blocked, id=21300, stack(0x0000008e38600000,0x0000008e38700000)]
=>0x0000020cd2899800 JavaThread "JavaFX Application Thread" [_thread_in_native, id=15112, stack(0x0000008e38700000,0x0000008e38800000)]
  0x0000020cd2768800 JavaThread "Thread-1" daemon [_thread_in_native, id=16632, stack(0x0000008e38e00000,0x0000008e38f00000)]
  0x0000020cd2aa3800 JavaThread "JavaFX-Launcher" [_thread_blocked, id=19564, stack(0x0000008e38f00000,0x0000008e39000000)]
  0x0000020cd37e4800 JavaThread "Java2D Disposer" daemon [_thread_blocked, id=12304, stack(0x0000008e39000000,0x0000008e39100000)]
  0x0000020cd35e8800 JavaThread "AWT-Windows" daemon [_thread_in_native, id=3620, stack(0x0000008e39200000,0x0000008e39300000)]
  0x0000020cd362d000 JavaThread "JFXMedia Player EventQueueThread" daemon [_thread_blocked, id=11240, stack(0x0000008e39600000,0x0000008e39700000)]
  0x0000020cd362e000 JavaThread "Prism Font Disposer" daemon [_thread_blocked, id=3908, stack(0x0000008e3a000000,0x0000008e3a100000)]
  0x0000020cd362b800 JavaThread "Media Resource Disposer" daemon [_thread_blocked, id=14352, stack(0x0000008e3a100000,0x0000008e3a200000)]
  0x0000020cd362f800 JavaThread "JFXMedia Player EventQueueThread" daemon [_thread_blocked, id=13516, stack(0x0000008e3a200000,0x0000008e3a300000)]
  0x0000020cd3632000 JavaThread "Timer-1" daemon [_thread_blocked, id=16080, stack(0x0000008e3aa00000,0x0000008e3ab00000)]
  0x0000020cd3630800 JavaThread "Cleaner-0" daemon [_thread_blocked, id=4432, stack(0x0000008e3a800000,0x0000008e3a900000)]

Other Threads:
  0x0000020cd17f5800 VMThread "VM Thread" [stack: 0x0000008e37800000,0x0000008e37900000] [id=7180]
  0x0000020cd27cb800 WatcherThread [stack: 0x0000008e38400000,0x0000008e38500000] [id=15608]
  0x0000020cb6ed4000 GCTaskThread "GC Thread#0" [stack: 0x0000008e37300000,0x0000008e37400000] [id=18688]
  0x0000020cd3524800 GCTaskThread "GC Thread#1" [stack: 0x0000008e38b00000,0x0000008e38c00000] [id=18416]
  0x0000020cd3525800 GCTaskThread "GC Thread#2" [stack: 0x0000008e38c00000,0x0000008e38d00000] [id=12232]
  0x0000020cd3536800 GCTaskThread "GC Thread#3" [stack: 0x0000008e38d00000,0x0000008e38e00000] [id=16368]
  0x0000020cd3536000 GCTaskThread "GC Thread#4" [stack: 0x0000008e39100000,0x0000008e39200000] [id=19608]
  0x0000020cd3531800 GCTaskThread "GC Thread#5" [stack: 0x0000008e39e00000,0x0000008e39f00000] [id=9832]
  0x0000020cd3537800 GCTaskThread "GC Thread#6" [stack: 0x0000008e3af00000,0x0000008e3b000000] [id=20020]
  0x0000020cd3533000 GCTaskThread "GC Thread#7" [stack: 0x0000008e3b000000,0x0000008e3b100000] [id=4640]
  0x0000020cb6f05000 ConcurrentGCThread "G1 Main Marker" [stack: 0x0000008e37400000,0x0000008e37500000] [id=14296]
  0x0000020cb6f06000 ConcurrentGCThread "G1 Conc#0" [stack: 0x0000008e37500000,0x0000008e37600000] [id=9792]
  0x0000020cd3534800 ConcurrentGCThread "G1 Conc#1" [stack: 0x0000008e39f00000,0x0000008e3a000000] [id=18632]
  0x0000020cb6f6e800 ConcurrentGCThread "G1 Refine#0" [stack: 0x0000008e37600000,0x0000008e37700000] [id=11100]
  0x0000020cd168a000 ConcurrentGCThread "G1 Young RemSet Sampling" [stack: 0x0000008e37700000,0x0000008e37800000] [id=5580]

Threads with active compile tasks:

VM state:not at safepoint (normal execution)

VM Mutex/Monitor currently owned by a thread: None

Heap address: 0x0000000081c00000, size: 2020 MB, Compressed Oops mode: 32-bit
Narrow klass base: 0x0000000800000000, Narrow klass shift: 3
Compressed class space size: 1073741824 Address: 0x0000000840000000

Heap:
 garbage-first heap   total 157696K, used 119031K [0x0000000081c00000, 0x0000000100000000)
  region size 1024K, 75 young (76800K), 1 survivors (1024K)
 Metaspace       used 23343K, capacity 24126K, committed 24268K, reserved 1071104K
  class space    used 2336K, capacity 2640K, committed 2764K, reserved 1048576K
Heap Regions: E=young(eden), S=young(survivor), O=old, HS=humongous(starts), HC=humongous(continues), CS=collection set, F=free, A=archive, TAMS=top-at-mark-start (previous, next)
|   0|0x0000000081c00000, 0x0000000081d00000, 0x0000000081d00000|100%| O|  |TAMS 0x0000000081d00000, 0x0000000081c00000| Untracked 
|   1|0x0000000081d00000, 0x0000000081e00000, 0x0000000081e00000|100%| O|  |TAMS 0x0000000081d00000, 0x0000000081d00000| Untracked 
|   2|0x0000000081e00000, 0x0000000081e11600, 0x0000000081f00000|  6%| O|  |TAMS 0x0000000081e00000, 0x0000000081e00000| Untracked 
|   3|0x0000000081f00000, 0x0000000082000000, 0x0000000082000000|100%|HS|  |TAMS 0x0000000081f00000, 0x0000000081f00000| Complete 
|   4|0x0000000082000000, 0x0000000082100000, 0x0000000082100000|100%|HC|  |TAMS 0x0000000082000000, 0x0000000082000000| Complete 
|   5|0x0000000082100000, 0x0000000082100000, 0x0000000082200000|  0%| F|  |TAMS 0x0000000082100000, 0x0000000082100000| Untracked 
|   6|0x0000000082200000, 0x0000000082200000, 0x0000000082300000|  0%| F|  |TAMS 0x0000000082200000, 0x0000000082200000| Untracked 
|   7|0x0000000082300000, 0x0000000082300000, 0x0000000082400000|  0%| F|  |TAMS 0x0000000082300000, 0x0000000082300000| Untracked 
|   8|0x0000000082400000, 0x0000000082400000, 0x0000000082500000|  0%| F|  |TAMS 0x0000000082400000, 0x0000000082400000| Untracked 
|   9|0x0000000082500000, 0x0000000082600000, 0x0000000082600000|100%|HS|  |TAMS 0x0000000082600000, 0x0000000082500000| Complete 
|  10|0x0000000082600000, 0x0000000082700000, 0x0000000082700000|100%|HC|  |TAMS 0x0000000082700000, 0x0000000082600000| Complete 
|  11|0x0000000082700000, 0x0000000082800000, 0x0000000082800000|100%|HC|  |TAMS 0x0000000082800000, 0x0000000082700000| Complete 
|  12|0x0000000082800000, 0x0000000082900000, 0x0000000082900000|100%|HC|  |TAMS 0x0000000082900000, 0x0000000082800000| Complete 
|  13|0x0000000082900000, 0x0000000082a00000, 0x0000000082a00000|100%|HC|  |TAMS 0x0000000082a00000, 0x0000000082900000| Complete 
|  14|0x0000000082a00000, 0x0000000082b00000, 0x0000000082b00000|100%|HC|  |TAMS 0x0000000082b00000, 0x0000000082a00000| Complete 
|  15|0x0000000082b00000, 0x0000000082c00000, 0x0000000082c00000|100%|HS|  |TAMS 0x0000000082c00000, 0x0000000082b00000| Complete 
|  16|0x0000000082c00000, 0x0000000082d00000, 0x0000000082d00000|100%|HC|  |TAMS 0x0000000082d00000, 0x0000000082c00000| Complete 
|  17|0x0000000082d00000, 0x0000000082e00000, 0x0000000082e00000|100%|HC|  |TAMS 0x0000000082e00000, 0x0000000082d00000| Complete 
|  18|0x0000000082e00000, 0x0000000082f00000, 0x0000000082f00000|100%|HC|  |TAMS 0x0000000082f00000, 0x0000000082e00000| Complete 
|  19|0x0000000082f00000, 0x0000000083000000, 0x0000000083000000|100%|HC|  |TAMS 0x0000000083000000, 0x0000000082f00000| Complete 
|  20|0x0000000083000000, 0x0000000083100000, 0x0000000083100000|100%|HC|  |TAMS 0x0000000083100000, 0x0000000083000000| Complete 
|  21|0x0000000083100000, 0x0000000083200000, 0x0000000083200000|100%|HC|  |TAMS 0x0000000083200000, 0x0000000083100000| Complete 
|  22|0x0000000083200000, 0x0000000083300000, 0x0000000083300000|100%|HC|  |TAMS 0x0000000083300000, 0x0000000083200000| Complete 
|  23|0x0000000083300000, 0x0000000083400000, 0x0000000083400000|100%|HS|  |TAMS 0x0000000083400000, 0x0000000083300000| Complete 
|  24|0x0000000083400000, 0x0000000083500000, 0x0000000083500000|100%|HC|  |TAMS 0x0000000083500000, 0x0000000083400000| Complete 
|  25|0x0000000083500000, 0x0000000083600000, 0x0000000083600000|100%|HC|  |TAMS 0x0000000083600000, 0x0000000083500000| Complete 
|  26|0x0000000083600000, 0x0000000083700000, 0x0000000083700000|100%|HC|  |TAMS 0x0000000083700000, 0x0000000083600000| Complete 
|  27|0x0000000083700000, 0x0000000083800000, 0x0000000083800000|100%|HC|  |TAMS 0x0000000083800000, 0x0000000083700000| Complete 
|  28|0x0000000083800000, 0x0000000083900000, 0x0000000083900000|100%|HC|  |TAMS 0x0000000083900000, 0x0000000083800000| Complete 
|  29|0x0000000083900000, 0x0000000083a00000, 0x0000000083a00000|100%|HC|  |TAMS 0x0000000083a00000, 0x0000000083900000| Complete 
|  30|0x0000000083a00000, 0x0000000083b00000, 0x0000000083b00000|100%|HC|  |TAMS 0x0000000083b00000, 0x0000000083a00000| Complete 
|  31|0x0000000083b00000, 0x0000000083c00000, 0x0000000083c00000|100%|HS|  |TAMS 0x0000000083c00000, 0x0000000083b00000| Complete 
|  32|0x0000000083c00000, 0x0000000083d00000, 0x0000000083d00000|100%|HC|  |TAMS 0x0000000083d00000, 0x0000000083c00000| Complete 
|  33|0x0000000083d00000, 0x0000000083e00000, 0x0000000083e00000|100%|HS|  |TAMS 0x0000000083e00000, 0x0000000083d00000| Complete 
|  34|0x0000000083e00000, 0x0000000083f00000, 0x0000000083f00000|100%|HC|  |TAMS 0x0000000083f00000, 0x0000000083e00000| Complete 
|  35|0x0000000083f00000, 0x0000000084000000, 0x0000000084000000|100%|HS|  |TAMS 0x0000000084000000, 0x0000000083f00000| Complete 
|  36|0x0000000084000000, 0x0000000084100000, 0x0000000084100000|100%|HC|  |TAMS 0x0000000084100000, 0x0000000084000000| Complete 
|  37|0x0000000084100000, 0x0000000084200000, 0x0000000084200000|100%| O|  |TAMS 0x0000000084200000, 0x0000000084100000| Untracked 
|  38|0x0000000084200000, 0x0000000084300000, 0x0000000084300000|100%| O|  |TAMS 0x0000000084300000, 0x0000000084200000| Untracked 
|  39|0x0000000084300000, 0x0000000084400000, 0x0000000084400000|100%|HS|  |TAMS 0x0000000084400000, 0x0000000084300000| Complete 
|  40|0x0000000084400000, 0x0000000084400000, 0x0000000084500000|  0%| F|  |TAMS 0x0000000084400000, 0x0000000084400000| Untracked 
|  41|0x0000000084500000, 0x0000000084500000, 0x0000000084600000|  0%| F|  |TAMS 0x0000000084500000, 0x0000000084500000| Untracked 
|  42|0x0000000084600000, 0x0000000084600000, 0x0000000084700000|  0%| F|  |TAMS 0x0000000084600000, 0x0000000084600000| Untracked 
|  43|0x0000000084700000, 0x0000000084700000, 0x0000000084800000|  0%| F|  |TAMS 0x0000000084700000, 0x0000000084700000| Untracked 
|  44|0x0000000084800000, 0x0000000084800000, 0x0000000084900000|  0%| F|  |TAMS 0x0000000084800000, 0x0000000084800000| Untracked 
|  45|0x0000000084900000, 0x0000000084900000, 0x0000000084a00000|  0%| F|  |TAMS 0x0000000084900000, 0x0000000084900000| Untracked 
|  46|0x0000000084a00000, 0x0000000084a00000, 0x0000000084b00000|  0%| F|  |TAMS 0x0000000084a00000, 0x0000000084a00000| Untracked 
|  47|0x0000000084b00000, 0x0000000084b00000, 0x0000000084c00000|  0%| F|  |TAMS 0x0000000084b00000, 0x0000000084b00000| Untracked 
|  48|0x0000000084c00000, 0x0000000084c00000, 0x0000000084d00000|  0%| F|  |TAMS 0x0000000084c00000, 0x0000000084c00000| Untracked 
|  49|0x0000000084d00000, 0x0000000084d00000, 0x0000000084e00000|  0%| F|  |TAMS 0x0000000084d00000, 0x0000000084d00000| Untracked 
|  50|0x0000000084e00000, 0x0000000084e00000, 0x0000000084f00000|  0%| F|  |TAMS 0x0000000084e00000, 0x0000000084e00000| Untracked 
|  51|0x0000000084f00000, 0x0000000084f00000, 0x0000000085000000|  0%| F|  |TAMS 0x0000000084f00000, 0x0000000084f00000| Untracked 
|  52|0x0000000085000000, 0x0000000085000000, 0x0000000085100000|  0%| F|  |TAMS 0x0000000085000000, 0x0000000085000000| Untracked 
|  53|0x0000000085100000, 0x000000008512c9a8, 0x0000000085200000| 17%| S|CS|TAMS 0x0000000085100000, 0x0000000085100000| Complete 
|  54|0x0000000085200000, 0x0000000085200000, 0x0000000085300000|  0%| F|  |TAMS 0x0000000085200000, 0x0000000085200000| Untracked 
|  55|0x0000000085300000, 0x0000000085300000, 0x0000000085400000|  0%| F|  |TAMS 0x0000000085300000, 0x0000000085300000| Untracked 
|  56|0x0000000085400000, 0x0000000085500000, 0x0000000085500000|100%|HS|  |TAMS 0x0000000085500000, 0x0000000085400000| Complete 
|  57|0x0000000085500000, 0x0000000085600000, 0x0000000085600000|100%|HC|  |TAMS 0x0000000085600000, 0x0000000085500000| Complete 
|  58|0x0000000085600000, 0x0000000085700000, 0x0000000085700000|100%| O|  |TAMS 0x0000000085700000, 0x0000000085600000| Untracked 
|  59|0x0000000085700000, 0x0000000085800000, 0x0000000085800000|100%| O|  |TAMS 0x0000000085800000, 0x0000000085700000| Untracked 
|  60|0x0000000085800000, 0x0000000085900000, 0x0000000085900000|100%| O|  |TAMS 0x0000000085900000, 0x0000000085800000| Untracked 
|  61|0x0000000085900000, 0x0000000085a00000, 0x0000000085a00000|100%| O|  |TAMS 0x0000000085a00000, 0x0000000085900000| Untracked 
|  62|0x0000000085a00000, 0x0000000085b00000, 0x0000000085b00000|100%| O|  |TAMS 0x0000000085b00000, 0x0000000085a00000| Untracked 
|  63|0x0000000085b00000, 0x0000000085c00000, 0x0000000085c00000|100%| O|  |TAMS 0x0000000085b42000, 0x0000000085b00000| Untracked 
|  64|0x0000000085c00000, 0x0000000085c00000, 0x0000000085d00000|  0%| F|  |TAMS 0x0000000085c00000, 0x0000000085c00000| Untracked 
|  65|0x0000000085d00000, 0x0000000085d00000, 0x0000000085e00000|  0%| F|  |TAMS 0x0000000085d00000, 0x0000000085d00000| Untracked 
|  66|0x0000000085e00000, 0x0000000085e00000, 0x0000000085f00000|  0%| F|  |TAMS 0x0000000085e00000, 0x0000000085e00000| Untracked 
|  67|0x0000000085f00000, 0x0000000085f00000, 0x0000000086000000|  0%| F|  |TAMS 0x0000000085f00000, 0x0000000085f00000| Untracked 
|  68|0x0000000086000000, 0x0000000086000000, 0x0000000086100000|  0%| F|  |TAMS 0x0000000086000000, 0x0000000086000000| Untracked 
|  69|0x0000000086100000, 0x0000000086100000, 0x0000000086200000|  0%| F|  |TAMS 0x0000000086100000, 0x0000000086100000| Untracked 
|  70|0x0000000086200000, 0x0000000086200000, 0x0000000086300000|  0%| F|  |TAMS 0x0000000086200000, 0x0000000086200000| Untracked 
|  71|0x0000000086300000, 0x0000000086300000, 0x0000000086400000|  0%| F|  |TAMS 0x0000000086300000, 0x0000000086300000| Untracked 
|  72|0x0000000086400000, 0x0000000086400000, 0x0000000086500000|  0%| F|  |TAMS 0x0000000086400000, 0x0000000086400000| Untracked 
|  73|0x0000000086500000, 0x0000000086500000, 0x0000000086600000|  0%| F|  |TAMS 0x0000000086500000, 0x0000000086500000| Untracked 
|  74|0x0000000086600000, 0x0000000086600000, 0x0000000086700000|  0%| F|  |TAMS 0x0000000086600000, 0x0000000086600000| Untracked 
|  75|0x0000000086700000, 0x0000000086700000, 0x0000000086800000|  0%| F|  |TAMS 0x0000000086700000, 0x0000000086700000| Untracked 
|  76|0x0000000086800000, 0x0000000086800000, 0x0000000086900000|  0%| F|  |TAMS 0x0000000086800000, 0x0000000086800000| Untracked 
|  77|0x0000000086900000, 0x0000000086900000, 0x0000000086a00000|  0%| F|  |TAMS 0x0000000086900000, 0x0000000086900000| Untracked 
|  78|0x0000000086a00000, 0x0000000086a00000, 0x0000000086b00000|  0%| F|  |TAMS 0x0000000086a00000, 0x0000000086a00000| Untracked 
|  79|0x0000000086b00000, 0x0000000086b00000, 0x0000000086c00000|  0%| F|  |TAMS 0x0000000086b00000, 0x0000000086b00000| Untracked 
|  80|0x0000000086c00000, 0x0000000086d00000, 0x0000000086d00000|100%| E|  |TAMS 0x0000000086c00000, 0x0000000086c00000| Complete 
|  81|0x0000000086d00000, 0x0000000086e00000, 0x0000000086e00000|100%| E|CS|TAMS 0x0000000086d00000, 0x0000000086d00000| Complete 
|  82|0x0000000086e00000, 0x0000000086f00000, 0x0000000086f00000|100%| E|CS|TAMS 0x0000000086e00000, 0x0000000086e00000| Complete 
|  83|0x0000000086f00000, 0x0000000087000000, 0x0000000087000000|100%| E|CS|TAMS 0x0000000086f00000, 0x0000000086f00000| Complete 
|  84|0x0000000087000000, 0x0000000087100000, 0x0000000087100000|100%| E|CS|TAMS 0x0000000087000000, 0x0000000087000000| Complete 
|  85|0x0000000087100000, 0x0000000087200000, 0x0000000087200000|100%| E|CS|TAMS 0x0000000087100000, 0x0000000087100000| Complete 
|  86|0x0000000087200000, 0x0000000087300000, 0x0000000087300000|100%| E|CS|TAMS 0x0000000087200000, 0x0000000087200000| Complete 
|  87|0x0000000087300000, 0x0000000087400000, 0x0000000087400000|100%| E|CS|TAMS 0x0000000087300000, 0x0000000087300000| Complete 
|  88|0x0000000087400000, 0x0000000087500000, 0x0000000087500000|100%| E|CS|TAMS 0x0000000087400000, 0x0000000087400000| Complete 
|  89|0x0000000087500000, 0x0000000087600000, 0x0000000087600000|100%| E|CS|TAMS 0x0000000087500000, 0x0000000087500000| Complete 
|  90|0x0000000087600000, 0x0000000087700000, 0x0000000087700000|100%| E|CS|TAMS 0x0000000087600000, 0x0000000087600000| Complete 
|  91|0x0000000087700000, 0x0000000087800000, 0x0000000087800000|100%| E|CS|TAMS 0x0000000087700000, 0x0000000087700000| Complete 
|  92|0x0000000087800000, 0x0000000087900000, 0x0000000087900000|100%| E|CS|TAMS 0x0000000087800000, 0x0000000087800000| Complete 
|  93|0x0000000087900000, 0x0000000087a00000, 0x0000000087a00000|100%| E|CS|TAMS 0x0000000087900000, 0x0000000087900000| Complete 
|  94|0x0000000087a00000, 0x0000000087b00000, 0x0000000087b00000|100%| E|CS|TAMS 0x0000000087a00000, 0x0000000087a00000| Complete 
|  95|0x0000000087b00000, 0x0000000087c00000, 0x0000000087c00000|100%| E|CS|TAMS 0x0000000087b00000, 0x0000000087b00000| Complete 
|  96|0x0000000087c00000, 0x0000000087d00000, 0x0000000087d00000|100%| E|CS|TAMS 0x0000000087c00000, 0x0000000087c00000| Complete 
|  97|0x0000000087d00000, 0x0000000087e00000, 0x0000000087e00000|100%| E|CS|TAMS 0x0000000087d00000, 0x0000000087d00000| Complete 
|  98|0x0000000087e00000, 0x0000000087f00000, 0x0000000087f00000|100%| E|CS|TAMS 0x0000000087e00000, 0x0000000087e00000| Complete 
|  99|0x0000000087f00000, 0x0000000088000000, 0x0000000088000000|100%| E|CS|TAMS 0x0000000087f00000, 0x0000000087f00000| Complete 
| 100|0x0000000088000000, 0x0000000088100000, 0x0000000088100000|100%| E|CS|TAMS 0x0000000088000000, 0x0000000088000000| Complete 
| 101|0x0000000088100000, 0x0000000088200000, 0x0000000088200000|100%| E|CS|TAMS 0x0000000088100000, 0x0000000088100000| Complete 
| 102|0x0000000088200000, 0x0000000088300000, 0x0000000088300000|100%| E|CS|TAMS 0x0000000088200000, 0x0000000088200000| Complete 
| 103|0x0000000088300000, 0x0000000088400000, 0x0000000088400000|100%| E|CS|TAMS 0x0000000088300000, 0x0000000088300000| Complete 
| 104|0x0000000088400000, 0x0000000088500000, 0x0000000088500000|100%| E|CS|TAMS 0x0000000088400000, 0x0000000088400000| Complete 
| 105|0x0000000088500000, 0x0000000088600000, 0x0000000088600000|100%| E|CS|TAMS 0x0000000088500000, 0x0000000088500000| Complete 
| 106|0x0000000088600000, 0x0000000088700000, 0x0000000088700000|100%| E|CS|TAMS 0x0000000088600000, 0x0000000088600000| Complete 
| 107|0x0000000088700000, 0x0000000088800000, 0x0000000088800000|100%| E|CS|TAMS 0x0000000088700000, 0x0000000088700000| Complete 
| 108|0x0000000088800000, 0x0000000088900000, 0x0000000088900000|100%| E|CS|TAMS 0x0000000088800000, 0x0000000088800000| Complete 
| 109|0x0000000088900000, 0x0000000088a00000, 0x0000000088a00000|100%| E|CS|TAMS 0x0000000088900000, 0x0000000088900000| Complete 
| 110|0x0000000088a00000, 0x0000000088b00000, 0x0000000088b00000|100%| E|CS|TAMS 0x0000000088a00000, 0x0000000088a00000| Complete 
| 111|0x0000000088b00000, 0x0000000088c00000, 0x0000000088c00000|100%| E|CS|TAMS 0x0000000088b00000, 0x0000000088b00000| Complete 
| 112|0x0000000088c00000, 0x0000000088d00000, 0x0000000088d00000|100%| E|CS|TAMS 0x0000000088c00000, 0x0000000088c00000| Complete 
| 113|0x0000000088d00000, 0x0000000088e00000, 0x0000000088e00000|100%| E|CS|TAMS 0x0000000088d00000, 0x0000000088d00000| Complete 
| 114|0x0000000088e00000, 0x0000000088f00000, 0x0000000088f00000|100%| E|CS|TAMS 0x0000000088e00000, 0x0000000088e00000| Complete 
| 115|0x0000000088f00000, 0x0000000089000000, 0x0000000089000000|100%| E|CS|TAMS 0x0000000088f00000, 0x0000000088f00000| Complete 
| 116|0x0000000089000000, 0x0000000089100000, 0x0000000089100000|100%| E|CS|TAMS 0x0000000089000000, 0x0000000089000000| Complete 
| 117|0x0000000089100000, 0x0000000089200000, 0x0000000089200000|100%| E|CS|TAMS 0x0000000089100000, 0x0000000089100000| Complete 
| 118|0x0000000089200000, 0x0000000089300000, 0x0000000089300000|100%| E|CS|TAMS 0x0000000089200000, 0x0000000089200000| Complete 
| 119|0x0000000089300000, 0x0000000089400000, 0x0000000089400000|100%| E|CS|TAMS 0x0000000089300000, 0x0000000089300000| Complete 
| 120|0x0000000089400000, 0x0000000089500000, 0x0000000089500000|100%| E|CS|TAMS 0x0000000089400000, 0x0000000089400000| Complete 
| 121|0x0000000089500000, 0x0000000089600000, 0x0000000089600000|100%| E|CS|TAMS 0x0000000089500000, 0x0000000089500000| Complete 
| 122|0x0000000089600000, 0x0000000089700000, 0x0000000089700000|100%| E|CS|TAMS 0x0000000089600000, 0x0000000089600000| Complete 
| 123|0x0000000089700000, 0x0000000089800000, 0x0000000089800000|100%| E|CS|TAMS 0x0000000089700000, 0x0000000089700000| Complete 
| 124|0x0000000089800000, 0x0000000089900000, 0x0000000089900000|100%| E|CS|TAMS 0x0000000089800000, 0x0000000089800000| Complete 
| 125|0x0000000089900000, 0x0000000089a00000, 0x0000000089a00000|100%| E|CS|TAMS 0x0000000089900000, 0x0000000089900000| Complete 
| 126|0x0000000089a00000, 0x0000000089b00000, 0x0000000089b00000|100%| E|CS|TAMS 0x0000000089a00000, 0x0000000089a00000| Complete 
| 127|0x0000000089b00000, 0x0000000089c00000, 0x0000000089c00000|100%| E|CS|TAMS 0x0000000089b00000, 0x0000000089b00000| Complete 
| 128|0x0000000089c00000, 0x0000000089d00000, 0x0000000089d00000|100%| E|CS|TAMS 0x0000000089c00000, 0x0000000089c00000| Complete 
| 129|0x0000000089d00000, 0x0000000089e00000, 0x0000000089e00000|100%| E|CS|TAMS 0x0000000089d00000, 0x0000000089d00000| Complete 
| 130|0x0000000089e00000, 0x0000000089f00000, 0x0000000089f00000|100%| E|CS|TAMS 0x0000000089e00000, 0x0000000089e00000| Complete 
| 131|0x0000000089f00000, 0x000000008a000000, 0x000000008a000000|100%| E|CS|TAMS 0x0000000089f00000, 0x0000000089f00000| Complete 
| 132|0x000000008a000000, 0x000000008a100000, 0x000000008a100000|100%| E|CS|TAMS 0x000000008a000000, 0x000000008a000000| Complete 
| 133|0x000000008a100000, 0x000000008a200000, 0x000000008a200000|100%| E|CS|TAMS 0x000000008a100000, 0x000000008a100000| Complete 
| 134|0x000000008a200000, 0x000000008a300000, 0x000000008a300000|100%| E|CS|TAMS 0x000000008a200000, 0x000000008a200000| Complete 
| 135|0x000000008a300000, 0x000000008a400000, 0x000000008a400000|100%| E|CS|TAMS 0x000000008a300000, 0x000000008a300000| Complete 
| 136|0x000000008a400000, 0x000000008a500000, 0x000000008a500000|100%| E|CS|TAMS 0x000000008a400000, 0x000000008a400000| Complete 
| 137|0x000000008a500000, 0x000000008a600000, 0x000000008a600000|100%| E|CS|TAMS 0x000000008a500000, 0x000000008a500000| Complete 
| 138|0x000000008a600000, 0x000000008a700000, 0x000000008a700000|100%| E|CS|TAMS 0x000000008a600000, 0x000000008a600000| Complete 
| 139|0x000000008a700000, 0x000000008a800000, 0x000000008a800000|100%| E|CS|TAMS 0x000000008a700000, 0x000000008a700000| Complete 
| 140|0x000000008a800000, 0x000000008a900000, 0x000000008a900000|100%| E|CS|TAMS 0x000000008a800000, 0x000000008a800000| Complete 
| 141|0x000000008a900000, 0x000000008aa00000, 0x000000008aa00000|100%| E|CS|TAMS 0x000000008a900000, 0x000000008a900000| Complete 
| 142|0x000000008aa00000, 0x000000008ab00000, 0x000000008ab00000|100%| E|CS|TAMS 0x000000008aa00000, 0x000000008aa00000| Complete 
| 143|0x000000008ab00000, 0x000000008ac00000, 0x000000008ac00000|100%| E|CS|TAMS 0x000000008ab00000, 0x000000008ab00000| Complete 
| 144|0x000000008ac00000, 0x000000008ad00000, 0x000000008ad00000|100%| E|CS|TAMS 0x000000008ac00000, 0x000000008ac00000| Complete 
| 145|0x000000008ad00000, 0x000000008ae00000, 0x000000008ae00000|100%| E|CS|TAMS 0x000000008ad00000, 0x000000008ad00000| Complete 
| 146|0x000000008ae00000, 0x000000008af00000, 0x000000008af00000|100%| E|CS|TAMS 0x000000008ae00000, 0x000000008ae00000| Complete 
| 147|0x000000008af00000, 0x000000008b000000, 0x000000008b000000|100%| E|CS|TAMS 0x000000008af00000, 0x000000008af00000| Complete 
| 148|0x000000008b000000, 0x000000008b100000, 0x000000008b100000|100%| E|CS|TAMS 0x000000008b000000, 0x000000008b000000| Complete 
| 149|0x000000008b100000, 0x000000008b200000, 0x000000008b200000|100%| E|CS|TAMS 0x000000008b100000, 0x000000008b100000| Complete 
| 150|0x000000008b200000, 0x000000008b300000, 0x000000008b300000|100%| E|CS|TAMS 0x000000008b200000, 0x000000008b200000| Complete 
| 151|0x000000008b300000, 0x000000008b400000, 0x000000008b400000|100%| E|CS|TAMS 0x000000008b300000, 0x000000008b300000| Complete 
| 152|0x000000008b400000, 0x000000008b500000, 0x000000008b500000|100%| E|CS|TAMS 0x000000008b400000, 0x000000008b400000| Complete 
| 153|0x000000008b500000, 0x000000008b600000, 0x000000008b600000|100%| E|CS|TAMS 0x000000008b500000, 0x000000008b500000| Complete 

Card table byte_map: [0x0000020cca6a0000,0x0000020ccaaa0000] _byte_map_base: 0x0000020cca292000

Marking Bits (Prev, Next): (CMBitMap*) 0x0000020cb6efc148, (CMBitMap*) 0x0000020cb6efc180
 Prev Bits: [0x0000020ccaea0000, 0x0000020ccce30000)
 Next Bits: [0x0000020ccce30000, 0x0000020ccedc0000)

Polling page: 0x0000020cb6670000

Metaspace:

Usage:
  Non-class:     20.98 MB capacity,    20.51 MB ( 98%) used,   393.72 KB (  2%) free+waste,    84.94 KB ( <1%) overhead. 
      Class:      2.58 MB capacity,     2.28 MB ( 88%) used,   262.17 KB ( 10%) free+waste,    41.50 KB (  2%) overhead. 
       Both:     23.56 MB capacity,    22.80 MB ( 97%) used,   655.89 KB (  3%) free+waste,   126.44 KB ( <1%) overhead. 

Virtual space:
  Non-class space:       22.00 MB reserved,      21.00 MB ( 95%) committed 
      Class space:        1.00 GB reserved,       2.70 MB ( <1%) committed 
             Both:        1.02 GB reserved,      23.70 MB (  2%) committed 

Chunk freelists:
   Non-Class:  18.00 KB
       Class:  16.00 KB
        Both:  34.00 KB

MaxMetaspaceSize: 17179869184.00 GB
CompressedClassSpaceSize: 1.00 GB

CodeHeap 'non-profiled nmethods': size=120000Kb used=2354Kb max_used=2354Kb free=117645Kb
 bounds [0x0000020cc2a30000, 0x0000020cc2ca0000, 0x0000020cc9f60000]
CodeHeap 'profiled nmethods': size=120000Kb used=8528Kb max_used=8528Kb free=111471Kb
 bounds [0x0000020cbb500000, 0x0000020cbbd60000, 0x0000020cc2a30000]
CodeHeap 'non-nmethods': size=5760Kb used=1760Kb max_used=1817Kb free=3999Kb
 bounds [0x0000020cbaf60000, 0x0000020cbb1d0000, 0x0000020cbb500000]
 total_blobs=6933 nmethods=4066 adapters=1311
 compilation: enabled
              stopped_count=0, restarted_count=0
 full_count=0

Compilation events (20 events):
Event: 16.614 Thread 0x0000020cd181c000 4051   !   3       java.nio.DirectIntBufferU::put (32 bytes)
Event: 16.615 Thread 0x0000020cd181c000 nmethod 4051 0x0000020cbbd4d890 code [0x0000020cbbd4da60, 0x0000020cbbd4ddd8]
Event: 16.615 Thread 0x0000020cd181c000 4052       3       org.lwjgl.opengl.GL15::glDeleteBuffers (5 bytes)
Event: 16.615 Thread 0x0000020cd181c000 nmethod 4052 0x0000020cbbd4e010 code [0x0000020cbbd4e1c0, 0x0000020cbbd4e330]
Event: 16.615 Thread 0x0000020cd181c000 4053   !   3       org.lwjgl.opengl.GL15C::glDeleteBuffers (42 bytes)
Event: 16.616 Thread 0x0000020cd181c000 nmethod 4053 0x0000020cbbd4e410 code [0x0000020cbbd4e6c0, 0x0000020cbbd4f7b0]
Event: 16.657 Thread 0x0000020cd1815800 4055       4       org.lwjgl.opengl.GL30::glBindVertexArray (5 bytes)
Event: 16.657 Thread 0x0000020cd181c000 4056       3       com.falconfly.engine.graph.Mesh::cleanUp (77 bytes)
Event: 16.657 Thread 0x0000020cd1815800 nmethod 4055 0x0000020cc2c7a010 code [0x0000020cc2c7a1a0, 0x0000020cc2c7a208]
Event: 16.657 Thread 0x0000020cd1815800 4058       4       org.lwjgl.system.MemoryStack::stackGet (10 bytes)
Event: 16.657 Thread 0x0000020cd181c000 nmethod 4056 0x0000020cbbd4fd10 code [0x0000020cbbd4ffa0, 0x0000020cbbd509b0]
Event: 16.657 Thread 0x0000020cd181c000 4057       3       org.lwjgl.opengl.GL20::glDisableVertexAttribArray (5 bytes)
Event: 16.657 Thread 0x0000020cd181c000 nmethod 4057 0x0000020cbbd50d10 code [0x0000020cbbd50ec0, 0x0000020cbbd51030]
Event: 16.659 Thread 0x0000020cd1815800 nmethod 4058 0x0000020cc2c7a290 code [0x0000020cc2c7a440, 0x0000020cc2c7a5d8]
Event: 16.776 Thread 0x0000020cd181c000 4064   !   3       org.lwjgl.opengl.GL30C::glDeleteVertexArrays (42 bytes)
Event: 16.776 Thread 0x0000020cd1815800 4062       4       org.lwjgl.system.MemoryUtil::memAddress (13 bytes)
Event: 16.777 Thread 0x0000020cd1815800 nmethod 4062 0x0000020cc2c7b390 code [0x0000020cc2c7b520, 0x0000020cc2c7b578]
Event: 16.777 Thread 0x0000020cd1815800 4066   !   4       java.nio.DirectIntBufferU::put (32 bytes)
Event: 16.777 Thread 0x0000020cd181c000 nmethod 4064 0x0000020cbbd51110 code [0x0000020cbbd513c0, 0x0000020cbbd524b0]
Event: 16.777 Thread 0x0000020cd181c000 4063   !   3       org.lwjgl.opengl.GL11C::glDeleteTextures (42 bytes)

GC Heap History (20 events):
Event: 5.906 GC heap before
{Heap before GC invocations=15 (full 0):
 garbage-first heap   total 131072K, used 110406K [0x0000000081c00000, 0x0000000100000000)
  region size 1024K, 69 young (70656K), 4 survivors (4096K)
 Metaspace       used 21144K, capacity 21889K, committed 22092K, reserved 1069056K
  class space    used 2223K, capacity 2558K, committed 2636K, reserved 1048576K
}
Event: 5.909 GC heap after
{Heap after GC invocations=16 (full 0):
 garbage-first heap   total 131072K, used 42841K [0x0000000081c00000, 0x0000000100000000)
  region size 1024K, 3 young (3072K), 3 survivors (3072K)
 Metaspace       used 21144K, capacity 21889K, committed 22092K, reserved 1069056K
  class space    used 2223K, capacity 2558K, committed 2636K, reserved 1048576K
}
Event: 6.001 GC heap before
{Heap before GC invocations=16 (full 0):
 garbage-first heap   total 131072K, used 110425K [0x0000000081c00000, 0x0000000100000000)
  region size 1024K, 69 young (70656K), 3 survivors (3072K)
 Metaspace       used 21146K, capacity 21889K, committed 22092K, reserved 1069056K
  class space    used 2223K, capacity 2558K, committed 2636K, reserved 1048576K
}
Event: 6.004 GC heap after
{Heap after GC invocations=17 (full 0):
 garbage-first heap   total 131072K, used 42508K [0x0000000081c00000, 0x0000000100000000)
  region size 1024K, 3 young (3072K), 3 survivors (3072K)
 Metaspace       used 21146K, capacity 21889K, committed 22092K, reserved 1069056K
  class space    used 2223K, capacity 2558K, committed 2636K, reserved 1048576K
}
Event: 6.092 GC heap before
{Heap before GC invocations=17 (full 0):
 garbage-first heap   total 131072K, used 111116K [0x0000000081c00000, 0x0000000100000000)
  region size 1024K, 70 young (71680K), 3 survivors (3072K)
 Metaspace       used 21155K, capacity 21953K, committed 22092K, reserved 1069056K
  class space    used 2223K, capacity 2558K, committed 2636K, reserved 1048576K
}
Event: 6.095 GC heap after
{Heap after GC invocations=18 (full 0):
 garbage-first heap   total 131072K, used 44736K [0x0000000081c00000, 0x0000000100000000)
  region size 1024K, 5 young (5120K), 5 survivors (5120K)
 Metaspace       used 21155K, capacity 21953K, committed 22092K, reserved 1069056K
  class space    used 2223K, capacity 2558K, committed 2636K, reserved 1048576K
}
Event: 6.189 GC heap before
{Heap before GC invocations=18 (full 0):
 garbage-first heap   total 131072K, used 111296K [0x0000000081c00000, 0x0000000100000000)
  region size 1024K, 70 young (71680K), 5 survivors (5120K)
 Metaspace       used 21155K, capacity 21953K, committed 22092K, reserved 1069056K
  class space    used 2223K, capacity 2558K, committed 2636K, reserved 1048576K
}
Event: 6.194 GC heap after
{Heap after GC invocations=19 (full 0):
 garbage-first heap   total 157696K, used 44296K [0x0000000081c00000, 0x0000000100000000)
  region size 1024K, 4 young (4096K), 4 survivors (4096K)
 Metaspace       used 21155K, capacity 21953K, committed 22092K, reserved 1069056K
  class space    used 2223K, capacity 2558K, committed 2636K, reserved 1048576K
}
Event: 6.303 GC heap before
{Heap before GC invocations=19 (full 0):
 garbage-first heap   total 157696K, used 131336K [0x0000000081c00000, 0x0000000100000000)
  region size 1024K, 89 young (91136K), 4 survivors (4096K)
 Metaspace       used 21155K, capacity 21953K, committed 22092K, reserved 1069056K
  class space    used 2223K, capacity 2558K, committed 2636K, reserved 1048576K
}
Event: 6.306 GC heap after
{Heap after GC invocations=20 (full 0):
 garbage-first heap   total 157696K, used 43116K [0x0000000081c00000, 0x0000000100000000)
  region size 1024K, 2 young (2048K), 2 survivors (2048K)
 Metaspace       used 21155K, capacity 21953K, committed 22092K, reserved 1069056K
  class space    used 2223K, capacity 2558K, committed 2636K, reserved 1048576K
}
Event: 6.403 GC heap before
{Heap before GC invocations=20 (full 0):
 garbage-first heap   total 157696K, used 135276K [0x0000000081c00000, 0x0000000100000000)
  region size 1024K, 92 young (94208K), 2 survivors (2048K)
 Metaspace       used 21177K, capacity 22017K, committed 22348K, reserved 1069056K
  class space    used 2223K, capacity 2558K, committed 2636K, reserved 1048576K
}
Event: 6.404 GC heap after
{Heap after GC invocations=21 (full 0):
 garbage-first heap   total 157696K, used 42587K [0x0000000081c00000, 0x0000000100000000)
  region size 1024K, 1 young (1024K), 1 survivors (1024K)
 Metaspace       used 21177K, capacity 22017K, committed 22348K, reserved 1069056K
  class space    used 2223K, capacity 2558K, committed 2636K, reserved 1048576K
}
Event: 6.617 GC heap before
{Heap before GC invocations=21 (full 0):
 garbage-first heap   total 157696K, used 135771K [0x0000000081c00000, 0x0000000100000000)
  region size 1024K, 92 young (94208K), 1 survivors (1024K)
 Metaspace       used 21205K, capacity 22017K, committed 22348K, reserved 1069056K
  class space    used 2226K, capacity 2558K, committed 2636K, reserved 1048576K
}
Event: 6.618 GC heap after
{Heap after GC invocations=22 (full 0):
 garbage-first heap   total 157696K, used 42228K [0x0000000081c00000, 0x0000000100000000)
  region size 1024K, 1 young (1024K), 1 survivors (1024K)
 Metaspace       used 21205K, capacity 22017K, committed 22348K, reserved 1069056K
  class space    used 2226K, capacity 2558K, committed 2636K, reserved 1048576K
}
Event: 8.720 GC heap before
{Heap before GC invocations=22 (full 0):
 garbage-first heap   total 157696K, used 135412K [0x0000000081c00000, 0x0000000100000000)
  region size 1024K, 92 young (94208K), 1 survivors (1024K)
 Metaspace       used 22209K, capacity 23010K, committed 23116K, reserved 1069056K
  class space    used 2258K, capacity 2590K, committed 2636K, reserved 1048576K
}
Event: 8.723 GC heap after
{Heap after GC invocations=23 (full 0):
 garbage-first heap   total 157696K, used 42254K [0x0000000081c00000, 0x0000000100000000)
  region size 1024K, 1 young (1024K), 1 survivors (1024K)
 Metaspace       used 22209K, capacity 23010K, committed 23116K, reserved 1069056K
  class space    used 2258K, capacity 2590K, committed 2636K, reserved 1048576K
}
Event: 10.863 GC heap before
{Heap before GC invocations=23 (full 0):
 garbage-first heap   total 157696K, used 135438K [0x0000000081c00000, 0x0000000100000000)
  region size 1024K, 92 young (94208K), 1 survivors (1024K)
 Metaspace       used 22259K, capacity 23010K, committed 23116K, reserved 1069056K
  class space    used 2258K, capacity 2590K, committed 2636K, reserved 1048576K
}
Event: 10.863 GC heap after
{Heap after GC invocations=24 (full 0):
 garbage-first heap   total 157696K, used 42233K [0x0000000081c00000, 0x0000000100000000)
  region size 1024K, 1 young (1024K), 1 survivors (1024K)
 Metaspace       used 22259K, capacity 23010K, committed 23116K, reserved 1069056K
  class space    used 2258K, capacity 2590K, committed 2636K, reserved 1048576K
}
Event: 13.509 GC heap before
{Heap before GC invocations=24 (full 0):
 garbage-first heap   total 157696K, used 135417K [0x0000000081c00000, 0x0000000100000000)
  region size 1024K, 92 young (94208K), 1 survivors (1024K)
 Metaspace       used 22332K, capacity 23138K, committed 23372K, reserved 1071104K
  class space    used 2258K, capacity 2590K, committed 2636K, reserved 1048576K
}
Event: 13.511 GC heap after
{Heap after GC invocations=25 (full 0):
 garbage-first heap   total 157696K, used 42231K [0x0000000081c00000, 0x0000000100000000)
  region size 1024K, 1 young (1024K), 1 survivors (1024K)
 Metaspace       used 22332K, capacity 23138K, committed 23372K, reserved 1071104K
  class space    used 2258K, capacity 2590K, committed 2636K, reserved 1048576K
}

Deoptimization events (20 events):
Event: 14.573 Thread 0x0000020cd2d48800 DEOPT PACKING pc=0x0000020cc2c499ec sp=0x0000008e385fe740
Event: 14.573 Thread 0x0000020cd2d48800 DEOPT UNPACKING pc=0x0000020cbaf8922f sp=0x0000008e385fe678 mode 2
Event: 14.713 Thread 0x0000020cd2d48800 DEOPT PACKING pc=0x0000020cbbc998c6 sp=0x0000008e385fd860
Event: 14.713 Thread 0x0000020cd2d48800 DEOPT UNPACKING pc=0x0000020cbaf8904e sp=0x0000008e385fcc28 mode 0
Event: 14.723 Thread 0x0000020cd2d48800 DEOPT PACKING pc=0x0000020cbbcbcb3c sp=0x0000008e385fdbe0
Event: 14.723 Thread 0x0000020cd2d48800 DEOPT UNPACKING pc=0x0000020cbaf8904e sp=0x0000008e385fd000 mode 0
Event: 14.900 Thread 0x0000020cd2d48800 DEOPT PACKING pc=0x0000020cbbc988df sp=0x0000008e385fdba0
Event: 14.900 Thread 0x0000020cd2d48800 DEOPT UNPACKING pc=0x0000020cbaf8904e sp=0x0000008e385fd030 mode 0
Event: 16.089 Thread 0x0000020cd2d48800 Uncommon trap: trap_request=0xffffff4d fr.pc=0x0000020cc2c30670 relative=0x0000000000000570
Event: 16.089 Thread 0x0000020cd2d48800 Uncommon trap: reason=unstable_if action=reinterpret pc=0x0000020cc2c30670 method=com.sun.javafx.geom.transform.AffineBase.updateState2D()V @ 42 c2
Event: 16.089 Thread 0x0000020cd2d48800 DEOPT PACKING pc=0x0000020cc2c30670 sp=0x0000008e385fe420
Event: 16.089 Thread 0x0000020cd2d48800 DEOPT UNPACKING pc=0x0000020cbaf8922f sp=0x0000008e385fe300 mode 2
Event: 16.089 Thread 0x0000020cd2d48800 Uncommon trap: trap_request=0xffffff4d fr.pc=0x0000020cc2c5e670 relative=0x0000000000000190
Event: 16.089 Thread 0x0000020cd2d48800 Uncommon trap: reason=unstable_if action=reinterpret pc=0x0000020cc2c5e670 method=com.sun.javafx.geom.transform.AffineBase.translate(DD)V @ 4 c2
Event: 16.089 Thread 0x0000020cd2d48800 DEOPT PACKING pc=0x0000020cc2c5e670 sp=0x0000008e385fe420
Event: 16.089 Thread 0x0000020cd2d48800 DEOPT UNPACKING pc=0x0000020cbaf8922f sp=0x0000008e385fe3a8 mode 2
Event: 16.089 Thread 0x0000020cd2d48800 Uncommon trap: trap_request=0xffffff4d fr.pc=0x0000020cc2c25c20 relative=0x0000000000000220
Event: 16.089 Thread 0x0000020cd2d48800 Uncommon trap: reason=unstable_if action=reinterpret pc=0x0000020cc2c25c20 method=com.sun.javafx.geom.transform.AffineBase.updateState2D()V @ 42 c2
Event: 16.089 Thread 0x0000020cd2d48800 DEOPT PACKING pc=0x0000020cc2c25c20 sp=0x0000008e385fe380
Event: 16.089 Thread 0x0000020cd2d48800 DEOPT UNPACKING pc=0x0000020cbaf8922f sp=0x0000008e385fe318 mode 2

Classes redefined (0 events):
No events

Internal exceptions (20 events):
Event: 2.185 Thread 0x0000020cd2899800 Exception <a 'java/lang/NoSuchMethodError'{0x0000000089104c50}: 'java.lang.Object java.lang.invoke.DirectMethodHandle$Holder.invokeStatic(java.lang.Object, java.lang.Object, double)'> (0x0000000089104c50) thrown at [c:/BuildAgent/work/5ff2f6c26000d570/src
Event: 3.901 Thread 0x0000020cd2899800 Exception <a 'sun/nio/fs/WindowsException'{0x00000000873d8ed8}> (0x00000000873d8ed8) thrown at [c:/BuildAgent/work/5ff2f6c26000d570/src/hotspot/share/prims/jni.cpp, line 615]
Event: 3.903 Thread 0x0000020cd2899800 Exception <a 'sun/nio/fs/WindowsException'{0x00000000873e0f68}> (0x00000000873e0f68) thrown at [c:/BuildAgent/work/5ff2f6c26000d570/src/hotspot/share/prims/jni.cpp, line 615]
Event: 3.923 Thread 0x0000020cd2899800 Implicit null exception at 0x0000020cc2a9465f to 0x0000020cc2a94aca
Event: 3.924 Thread 0x0000020cd2899800 Exception <a 'java/lang/NoSuchMethodError'{0x0000000087017ee0}: 'void java.lang.invoke.DirectMethodHandle$Holder.invokeStatic(java.lang.Object, java.lang.Object, int, java.lang.Object)'> (0x0000000087017ee0) thrown at [c:/BuildAgent/work/5ff2f6c26000d570/
Event: 3.925 Thread 0x0000020cd2899800 Exception <a 'java/lang/NoSuchMethodError'{0x000000008701e760}: 'void java.lang.invoke.DelegatingMethodHandle$Holder.delegate(java.lang.Object, java.lang.Object, int, java.lang.Object)'> (0x000000008701e760) thrown at [c:/BuildAgent/work/5ff2f6c26000d570/
Event: 3.926 Thread 0x0000020cd2899800 Exception <a 'java/lang/NoSuchMethodError'{0x0000000087026370}: 'java.lang.Object java.lang.invoke.DirectMethodHandle$Holder.invokeStaticInit(java.lang.Object, java.lang.Object, java.lang.Object)'> (0x0000000087026370) thrown at [c:/BuildAgent/work/5ff2f6
Event: 3.941 Thread 0x0000020cd2899800 Exception <a 'sun/nio/fs/WindowsException'{0x000000008707f688}> (0x000000008707f688) thrown at [c:/BuildAgent/work/5ff2f6c26000d570/src/hotspot/share/prims/jni.cpp, line 615]
Event: 3.941 Thread 0x0000020cd2899800 Exception <a 'sun/nio/fs/WindowsException'{0x000000008707fbe8}> (0x000000008707fbe8) thrown at [c:/BuildAgent/work/5ff2f6c26000d570/src/hotspot/share/prims/jni.cpp, line 615]
Event: 3.946 Thread 0x0000020cd2899800 Exception <a 'sun/nio/fs/WindowsException'{0x00000000870e6100}> (0x00000000870e6100) thrown at [c:/BuildAgent/work/5ff2f6c26000d570/src/hotspot/share/prims/jni.cpp, line 615]
Event: 3.946 Thread 0x0000020cd2899800 Exception <a 'sun/nio/fs/WindowsException'{0x00000000870e6480}> (0x00000000870e6480) thrown at [c:/BuildAgent/work/5ff2f6c26000d570/src/hotspot/share/prims/jni.cpp, line 615]
Event: 4.068 Thread 0x0000020cd2899800 Exception <a 'sun/nio/fs/WindowsException'{0x0000000089ba9c08}> (0x0000000089ba9c08) thrown at [c:/BuildAgent/work/5ff2f6c26000d570/src/hotspot/share/prims/jni.cpp, line 615]
Event: 4.068 Thread 0x0000020cd2899800 Exception <a 'sun/nio/fs/WindowsException'{0x0000000089ba9fb8}> (0x0000000089ba9fb8) thrown at [c:/BuildAgent/work/5ff2f6c26000d570/src/hotspot/share/prims/jni.cpp, line 615]
Event: 4.079 Thread 0x0000020cd2899800 Exception <a 'sun/nio/fs/WindowsException'{0x0000000089902ac0}> (0x0000000089902ac0) thrown at [c:/BuildAgent/work/5ff2f6c26000d570/src/hotspot/share/prims/jni.cpp, line 615]
Event: 4.079 Thread 0x0000020cd2899800 Exception <a 'sun/nio/fs/WindowsException'{0x0000000089902e78}> (0x0000000089902e78) thrown at [c:/BuildAgent/work/5ff2f6c26000d570/src/hotspot/share/prims/jni.cpp, line 615]
Event: 4.082 Thread 0x0000020cd2899800 Exception <a 'sun/nio/fs/WindowsException'{0x00000000899bf5c8}> (0x00000000899bf5c8) thrown at [c:/BuildAgent/work/5ff2f6c26000d570/src/hotspot/share/prims/jni.cpp, line 615]
Event: 4.082 Thread 0x0000020cd2899800 Exception <a 'sun/nio/fs/WindowsException'{0x00000000899bf8b8}> (0x00000000899bf8b8) thrown at [c:/BuildAgent/work/5ff2f6c26000d570/src/hotspot/share/prims/jni.cpp, line 615]
Event: 4.540 Thread 0x0000020cd2899800 Exception <a 'sun/nio/fs/WindowsException'{0x0000000089b6baf0}> (0x0000000089b6baf0) thrown at [c:/BuildAgent/work/5ff2f6c26000d570/src/hotspot/share/prims/jni.cpp, line 615]
Event: 4.540 Thread 0x0000020cd2899800 Exception <a 'sun/nio/fs/WindowsException'{0x0000000089b6be80}> (0x0000000089b6be80) thrown at [c:/BuildAgent/work/5ff2f6c26000d570/src/hotspot/share/prims/jni.cpp, line 615]
Event: 6.454 Thread 0x0000020cd2899800 Implicit null exception at 0x0000020cc2b83db6 to 0x0000020cc2b852aa

Events (20 events):
Event: 16.684 Thread 0x0000020cd362f000 Thread added: 0x0000020cd362f000
Event: 16.684 Thread 0x0000020cd362f000 Thread exited: 0x0000020cd362f000
Event: 16.685 Thread 0x0000020cd362f000 Thread added: 0x0000020cd362f000
Event: 16.685 Thread 0x0000020cd362f000 Thread exited: 0x0000020cd362f000
Event: 16.685 Thread 0x0000020cd362f000 Thread added: 0x0000020cd362f000
Event: 16.685 Thread 0x0000020cd362f000 Thread exited: 0x0000020cd362f000
Event: 16.685 Thread 0x0000020cd362f000 Thread added: 0x0000020cd362f000
Event: 16.685 Thread 0x0000020cd362f000 Thread exited: 0x0000020cd362f000
Event: 16.685 Thread 0x0000020cd362f000 Thread added: 0x0000020cd362f000
Event: 16.685 Thread 0x0000020cd362f000 Thread exited: 0x0000020cd362f000
Event: 16.685 Thread 0x0000020cd362f000 Thread added: 0x0000020cd362f000
Event: 16.685 Thread 0x0000020cd362f000 Thread exited: 0x0000020cd362f000
Event: 16.685 Thread 0x0000020cd362f000 Thread added: 0x0000020cd362f000
Event: 16.685 Thread 0x0000020cd362f000 Thread exited: 0x0000020cd362f000
Event: 16.685 Thread 0x0000020cd362f000 Thread added: 0x0000020cd362f000
Event: 16.685 Thread 0x0000020cd362f000 Thread exited: 0x0000020cd362f000
Event: 16.685 Thread 0x0000020cd362f000 Thread added: 0x0000020cd362f000
Event: 16.685 Thread 0x0000020cd362f000 Thread exited: 0x0000020cd362f000
Event: 16.685 Thread 0x0000020cd362f000 Thread added: 0x0000020cd362f000
Event: 16.685 Thread 0x0000020cd362f000 Thread exited: 0x0000020cd362f000


Dynamic libraries:
0x00007ff7a5900000 - 0x00007ff7a590a000 	D:\IntelliJ\IntelliJ IDEA Community Edition 2019.3.2\jbr\bin\java.exe
0x00007ffc7e070000 - 0x00007ffc7e25d000 	C:\WINDOWS\SYSTEM32\ntdll.dll
0x00007ffc7b600000 - 0x00007ffc7b6b3000 	C:\WINDOWS\System32\KERNEL32.DLL
0x00007ffc7a440000 - 0x00007ffc7a6d5000 	C:\WINDOWS\System32\KERNELBASE.dll
0x00007ffc7a6e0000 - 0x00007ffc7a7da000 	C:\WINDOWS\System32\ucrtbase.dll
0x00007ffc62fb0000 - 0x00007ffc62fc9000 	D:\IntelliJ\IntelliJ IDEA Community Edition 2019.3.2\jbr\bin\jli.dll
0x00007ffc63050000 - 0x00007ffc63067000 	D:\IntelliJ\IntelliJ IDEA Community Edition 2019.3.2\jbr\bin\VCRUNTIME140.dll
0x00007ffc7b460000 - 0x00007ffc7b5f7000 	C:\WINDOWS\System32\USER32.dll
0x00007ffc7aa70000 - 0x00007ffc7aa90000 	C:\WINDOWS\System32\win32u.dll
0x00007ffc6e1a0000 - 0x00007ffc6e419000 	C:\WINDOWS\WinSxS\amd64_microsoft.windows.common-controls_6595b64144ccf1df_6.0.17763.1158_none_de722d88534a897f\COMCTL32.dll
0x00007ffc7d050000 - 0x00007ffc7d079000 	C:\WINDOWS\System32\GDI32.dll
0x00007ffc7df10000 - 0x00007ffc7dfae000 	C:\WINDOWS\System32\msvcrt.dll
0x00007ffc7a7e0000 - 0x00007ffc7a979000 	C:\WINDOWS\System32\gdi32full.dll
0x00007ffc7a9d0000 - 0x00007ffc7aa70000 	C:\WINDOWS\System32\msvcp_win.dll
0x00007ffc7db30000 - 0x00007ffc7de5c000 	C:\WINDOWS\System32\combase.dll
0x00007ffc7b6f0000 - 0x00007ffc7b812000 	C:\WINDOWS\System32\RPCRT4.dll
0x00007ffc7a3c0000 - 0x00007ffc7a43e000 	C:\WINDOWS\System32\bcryptPrimitives.dll
0x00007ffc7b6c0000 - 0x00007ffc7b6ee000 	C:\WINDOWS\System32\IMM32.DLL
0x00007ffc4b360000 - 0x00007ffc4b3fd000 	D:\IntelliJ\IntelliJ IDEA Community Edition 2019.3.2\jbr\bin\msvcp140.dll
0x00007ffc29560000 - 0x00007ffc2a01b000 	D:\IntelliJ\IntelliJ IDEA Community Edition 2019.3.2\jbr\bin\server\jvm.dll
0x00007ffc7cf90000 - 0x00007ffc7d033000 	C:\WINDOWS\System32\ADVAPI32.dll
0x00007ffc7d430000 - 0x00007ffc7d4ce000 	C:\WINDOWS\System32\sechost.dll
0x00007ffc7e010000 - 0x00007ffc7e018000 	C:\WINDOWS\System32\PSAPI.DLL
0x00007ffc75d80000 - 0x00007ffc75d89000 	C:\WINDOWS\SYSTEM32\WSOCK32.dll
0x00007ffc6f2c0000 - 0x00007ffc6f2e4000 	C:\WINDOWS\SYSTEM32\WINMM.dll
0x00007ffc7cf20000 - 0x00007ffc7cf8d000 	C:\WINDOWS\System32\WS2_32.dll
0x00007ffc74b00000 - 0x00007ffc74b0a000 	C:\WINDOWS\SYSTEM32\VERSION.dll
0x00007ffc6f080000 - 0x00007ffc6f0ad000 	C:\WINDOWS\SYSTEM32\winmmbase.dll
0x00007ffc7a370000 - 0x00007ffc7a3ba000 	C:\WINDOWS\System32\cfgmgr32.dll
0x00007ffc7a060000 - 0x00007ffc7a071000 	C:\WINDOWS\System32\kernel.appcore.dll
0x00007ffc754c0000 - 0x00007ffc754d1000 	D:\IntelliJ\IntelliJ IDEA Community Edition 2019.3.2\jbr\bin\verify.dll
0x00007ffc72290000 - 0x00007ffc7247d000 	C:\WINDOWS\SYSTEM32\DBGHELP.DLL
0x00007ffc72260000 - 0x00007ffc7228a000 	C:\WINDOWS\SYSTEM32\dbgcore.DLL
0x00007ffc62e40000 - 0x00007ffc62e69000 	D:\IntelliJ\IntelliJ IDEA Community Edition 2019.3.2\jbr\bin\java.dll
0x00007ffc75e40000 - 0x00007ffc75e4f000 	D:\IntelliJ\IntelliJ IDEA Community Edition 2019.3.2\jbr\bin\instrument.dll
0x00007ffc6c690000 - 0x00007ffc6c6a7000 	D:\IntelliJ\IntelliJ IDEA Community Edition 2019.3.2\jbr\bin\zip.dll
0x00007ffc759f0000 - 0x00007ffc759fb000 	D:\IntelliJ\IntelliJ IDEA Community Edition 2019.3.2\jbr\bin\jimage.dll
0x00007ffc7b820000 - 0x00007ffc7cd14000 	C:\WINDOWS\System32\SHELL32.dll
0x00007ffc7de60000 - 0x00007ffc7df08000 	C:\WINDOWS\System32\shcore.dll
0x00007ffc7ab40000 - 0x00007ffc7b28d000 	C:\WINDOWS\System32\windows.storage.dll
0x00007ffc7a100000 - 0x00007ffc7a124000 	C:\WINDOWS\System32\profapi.dll
0x00007ffc7a080000 - 0x00007ffc7a0dd000 	C:\WINDOWS\System32\powrprof.dll
0x00007ffc7cd30000 - 0x00007ffc7cd82000 	C:\WINDOWS\System32\shlwapi.dll
0x00007ffc7a980000 - 0x00007ffc7a997000 	C:\WINDOWS\System32\cryptsp.dll
0x00007ffc6c500000 - 0x00007ffc6c51a000 	D:\IntelliJ\IntelliJ IDEA Community Edition 2019.3.2\jbr\bin\net.dll
0x00007ffc70910000 - 0x00007ffc70a02000 	C:\WINDOWS\SYSTEM32\WINHTTP.dll
0x00007ffc79870000 - 0x00007ffc798d7000 	C:\WINDOWS\system32\mswsock.dll
0x00007ffc6af30000 - 0x00007ffc6af44000 	D:\IntelliJ\IntelliJ IDEA Community Edition 2019.3.2\jbr\bin\nio.dll
0x00007ffc74dd0000 - 0x00007ffc74dea000 	D:\IntelliJ\IntelliJ IDEA Community Edition 2019.3.2\bin\breakgen64.dll
0x0000020cd3d30000 - 0x0000020cd3d33000 	D:\IntelliJ\IntelliJ IDEA Community Edition 2019.3.2\jbr\bin\api-ms-win-core-console-l1-1-0.dll
0x0000020cd3d40000 - 0x0000020cd3d43000 	D:\IntelliJ\IntelliJ IDEA Community Edition 2019.3.2\jbr\bin\api-ms-win-core-datetime-l1-1-0.dll
0x0000020cd3d50000 - 0x0000020cd3d53000 	D:\IntelliJ\IntelliJ IDEA Community Edition 2019.3.2\jbr\bin\api-ms-win-core-debug-l1-1-0.dll
0x0000020cd3d60000 - 0x0000020cd3d63000 	D:\IntelliJ\IntelliJ IDEA Community Edition 2019.3.2\jbr\bin\api-ms-win-core-errorhandling-l1-1-0.dll
0x0000020cd3d70000 - 0x0000020cd3d74000 	D:\IntelliJ\IntelliJ IDEA Community Edition 2019.3.2\jbr\bin\api-ms-win-core-file-l1-1-0.dll
0x0000020cd3d80000 - 0x0000020cd3d83000 	D:\IntelliJ\IntelliJ IDEA Community Edition 2019.3.2\jbr\bin\api-ms-win-core-file-l1-2-0.dll
0x0000020cd3d90000 - 0x0000020cd3d93000 	D:\IntelliJ\IntelliJ IDEA Community Edition 2019.3.2\jbr\bin\api-ms-win-core-file-l2-1-0.dll
0x0000020cd3da0000 - 0x0000020cd3da3000 	D:\IntelliJ\IntelliJ IDEA Community Edition 2019.3.2\jbr\bin\api-ms-win-core-handle-l1-1-0.dll
0x0000020cd3db0000 - 0x0000020cd3db3000 	D:\IntelliJ\IntelliJ IDEA Community Edition 2019.3.2\jbr\bin\api-ms-win-core-heap-l1-1-0.dll
0x0000020cd3dc0000 - 0x0000020cd3dc3000 	D:\IntelliJ\IntelliJ IDEA Community Edition 2019.3.2\jbr\bin\api-ms-win-core-interlocked-l1-1-0.dll
0x0000020cd3dd0000 - 0x0000020cd3dd3000 	D:\IntelliJ\IntelliJ IDEA Community Edition 2019.3.2\jbr\bin\api-ms-win-core-libraryloader-l1-1-0.dll
0x0000020cd3de0000 - 0x0000020cd3de3000 	D:\IntelliJ\IntelliJ IDEA Community Edition 2019.3.2\jbr\bin\api-ms-win-core-localization-l1-2-0.dll
0x0000020cd3df0000 - 0x0000020cd3df3000 	D:\IntelliJ\IntelliJ IDEA Community Edition 2019.3.2\jbr\bin\api-ms-win-core-memory-l1-1-0.dll
0x0000020cd3e00000 - 0x0000020cd3e03000 	D:\IntelliJ\IntelliJ IDEA Community Edition 2019.3.2\jbr\bin\api-ms-win-core-namedpipe-l1-1-0.dll
0x0000020cd3e10000 - 0x0000020cd3e13000 	D:\IntelliJ\IntelliJ IDEA Community Edition 2019.3.2\jbr\bin\api-ms-win-core-processenvironment-l1-1-0.dll
0x0000020cd3e20000 - 0x0000020cd3e23000 	D:\IntelliJ\IntelliJ IDEA Community Edition 2019.3.2\jbr\bin\api-ms-win-core-processthreads-l1-1-0.dll
0x0000020cd3e30000 - 0x0000020cd3e33000 	D:\IntelliJ\IntelliJ IDEA Community Edition 2019.3.2\jbr\bin\api-ms-win-core-processthreads-l1-1-1.dll
0x0000020cd3e40000 - 0x0000020cd3e43000 	D:\IntelliJ\IntelliJ IDEA Community Edition 2019.3.2\jbr\bin\api-ms-win-core-profile-l1-1-0.dll
0x0000020cd3e50000 - 0x0000020cd3e53000 	D:\IntelliJ\IntelliJ IDEA Community Edition 2019.3.2\jbr\bin\api-ms-win-core-rtlsupport-l1-1-0.dll
0x0000020cd3e60000 - 0x0000020cd3e63000 	D:\IntelliJ\IntelliJ IDEA Community Edition 2019.3.2\jbr\bin\api-ms-win-core-string-l1-1-0.dll
0x0000020cd3e70000 - 0x0000020cd3e73000 	D:\IntelliJ\IntelliJ IDEA Community Edition 2019.3.2\jbr\bin\api-ms-win-core-synch-l1-1-0.dll
0x0000020cd3e80000 - 0x0000020cd3e83000 	D:\IntelliJ\IntelliJ IDEA Community Edition 2019.3.2\jbr\bin\api-ms-win-core-synch-l1-2-0.dll
0x0000020cd3e90000 - 0x0000020cd3e93000 	D:\IntelliJ\IntelliJ IDEA Community Edition 2019.3.2\jbr\bin\api-ms-win-core-sysinfo-l1-1-0.dll
0x0000020cd3ea0000 - 0x0000020cd3ea3000 	D:\IntelliJ\IntelliJ IDEA Community Edition 2019.3.2\jbr\bin\api-ms-win-core-timezone-l1-1-0.dll
0x0000020cd3eb0000 - 0x0000020cd3eb3000 	D:\IntelliJ\IntelliJ IDEA Community Edition 2019.3.2\jbr\bin\api-ms-win-core-util-l1-1-0.dll
0x0000020cd3ec0000 - 0x0000020cd3ec3000 	D:\IntelliJ\IntelliJ IDEA Community Edition 2019.3.2\jbr\bin\api-ms-win-crt-conio-l1-1-0.dll
0x0000020cd3ed0000 - 0x0000020cd3ed4000 	D:\IntelliJ\IntelliJ IDEA Community Edition 2019.3.2\jbr\bin\api-ms-win-crt-convert-l1-1-0.dll
0x0000020cd3ee0000 - 0x0000020cd3ee3000 	D:\IntelliJ\IntelliJ IDEA Community Edition 2019.3.2\jbr\bin\api-ms-win-crt-environment-l1-1-0.dll
0x0000020cd3ef0000 - 0x0000020cd3ef3000 	D:\IntelliJ\IntelliJ IDEA Community Edition 2019.3.2\jbr\bin\api-ms-win-crt-filesystem-l1-1-0.dll
0x0000020cd3f00000 - 0x0000020cd3f03000 	D:\IntelliJ\IntelliJ IDEA Community Edition 2019.3.2\jbr\bin\api-ms-win-crt-heap-l1-1-0.dll
0x0000020cd3f10000 - 0x0000020cd3f13000 	D:\IntelliJ\IntelliJ IDEA Community Edition 2019.3.2\jbr\bin\api-ms-win-crt-locale-l1-1-0.dll
0x0000020cd3f20000 - 0x0000020cd3f25000 	D:\IntelliJ\IntelliJ IDEA Community Edition 2019.3.2\jbr\bin\api-ms-win-crt-math-l1-1-0.dll
0x0000020cd3f30000 - 0x0000020cd3f35000 	D:\IntelliJ\IntelliJ IDEA Community Edition 2019.3.2\jbr\bin\api-ms-win-crt-multibyte-l1-1-0.dll
0x0000020cd3f40000 - 0x0000020cd3f50000 	D:\IntelliJ\IntelliJ IDEA Community Edition 2019.3.2\jbr\bin\api-ms-win-crt-private-l1-1-0.dll
0x0000020cd3f50000 - 0x0000020cd3f53000 	D:\IntelliJ\IntelliJ IDEA Community Edition 2019.3.2\jbr\bin\api-ms-win-crt-process-l1-1-0.dll
0x0000020cd3f60000 - 0x0000020cd3f64000 	D:\IntelliJ\IntelliJ IDEA Community Edition 2019.3.2\jbr\bin\api-ms-win-crt-runtime-l1-1-0.dll
0x0000020cd3f70000 - 0x0000020cd3f74000 	D:\IntelliJ\IntelliJ IDEA Community Edition 2019.3.2\jbr\bin\api-ms-win-crt-stdio-l1-1-0.dll
0x0000020cd3f80000 - 0x0000020cd3f84000 	D:\IntelliJ\IntelliJ IDEA Community Edition 2019.3.2\jbr\bin\api-ms-win-crt-string-l1-1-0.dll
0x0000020cd3f90000 - 0x0000020cd3f93000 	D:\IntelliJ\IntelliJ IDEA Community Edition 2019.3.2\jbr\bin\api-ms-win-crt-time-l1-1-0.dll
0x0000020cd3fa0000 - 0x0000020cd3fa3000 	D:\IntelliJ\IntelliJ IDEA Community Edition 2019.3.2\jbr\bin\api-ms-win-crt-utility-l1-1-0.dll
0x00007ffc53fb0000 - 0x00007ffc540aa000 	D:\IntelliJ\IntelliJ IDEA Community Edition 2019.3.2\jbr\bin\ucrtbase.dll
0x00007ffc62f00000 - 0x00007ffc62f52000 	C:\Windows\System32\concrt140.dll
0x00007ffc6d9b0000 - 0x00007ffc6d9d3000 	D:\IntelliJ\IntelliJ IDEA Community Edition 2019.3.2\jbr\bin\prism_d3d.dll
0x00007ffc71110000 - 0x00007ffc712ae000 	C:\WINDOWS\system32\d3d9.dll
0x00007ffc786c0000 - 0x00007ffc786ee000 	C:\WINDOWS\SYSTEM32\dwmapi.dll
0x00007ffc7a130000 - 0x00007ffc7a30c000 	C:\WINDOWS\System32\CRYPT32.dll
0x00007ffc7a0e0000 - 0x00007ffc7a0f2000 	C:\WINDOWS\System32\MSASN1.dll
0x00007ffc783b0000 - 0x00007ffc7844c000 	C:\WINDOWS\system32\uxtheme.dll
0x00007ffc47de0000 - 0x00007ffc47fa0000 	C:\WINDOWS\System32\DriverStore\FileRepository\igdlh64.inf_amd64_d03105a152ac7ed4\igdumdim64.dll
0x00007ffc64440000 - 0x00007ffc64592000 	C:\WINDOWS\System32\DriverStore\FileRepository\igdlh64.inf_amd64_d03105a152ac7ed4\igdgmm64.dll
0x00007ffc62eb0000 - 0x00007ffc62ef5000 	D:\IntelliJ\IntelliJ IDEA Community Edition 2019.3.2\jbr\bin\glass.dll
0x00007ffc7cd90000 - 0x00007ffc7ceb7000 	C:\WINDOWS\System32\COMDLG32.dll
0x00007ffc7d550000 - 0x00007ffc7d6a5000 	C:\WINDOWS\System32\ole32.dll
0x00007ffc7d100000 - 0x00007ffc7d1c4000 	C:\WINDOWS\System32\OLEAUT32.dll
0x00007ffc7b2f0000 - 0x00007ffc7b45b000 	C:\WINDOWS\System32\MSCTF.dll
0x00007ffc23270000 - 0x00007ffc26e4b000 	C:\WINDOWS\System32\DriverStore\FileRepository\igdlh64.inf_amd64_d03105a152ac7ed4\igd9dxva64.dll
0x00007ffc32f60000 - 0x00007ffc32f82000 	C:\WINDOWS\System32\DriverStore\FileRepository\igdlh64.inf_amd64_d03105a152ac7ed4\igdinfo64.dll
0x00007ffc603a0000 - 0x00007ffc626f6000 	C:\WINDOWS\System32\DriverStore\FileRepository\igdlh64.inf_amd64_d03105a152ac7ed4\igc64.dll
0x00007ffc45cb0000 - 0x00007ffc45e51000 	D:\IntelliJ\IntelliJ IDEA Community Edition 2019.3.2\jbr\bin\awt.dll
0x00007ffc773b0000 - 0x00007ffc7796e000 	C:\WINDOWS\SYSTEM32\d2d1.dll
0x00007ffc78130000 - 0x00007ffc781bc000 	C:\WINDOWS\SYSTEM32\apphelp.dll
0x00007ffc45b80000 - 0x00007ffc45ca7000 	C:\WINDOWS\system32\opengl32.dll
0x00007ffc62e10000 - 0x00007ffc62e3c000 	C:\WINDOWS\SYSTEM32\GLU32.dll
0x00007ffc6c6b0000 - 0x00007ffc6c6c4000 	D:\IntelliJ\IntelliJ IDEA Community Edition 2019.3.2\jbr\bin\javafx_font.dll
0x00007ffc578f0000 - 0x00007ffc57975000 	D:\IntelliJ\IntelliJ IDEA Community Edition 2019.3.2\jbr\bin\freetype.dll
0x00007ffc50190000 - 0x00007ffc50238000 	D:\IntelliJ\IntelliJ IDEA Community Edition 2019.3.2\jbr\bin\fontmanager.dll
0x00007ffc65f50000 - 0x00007ffc6624c000 	C:\WINDOWS\SYSTEM32\dwrite.dll
0x00007ffc53f20000 - 0x00007ffc53fb0000 	D:\IntelliJ\IntelliJ IDEA Community Edition 2019.3.2\jbr\bin\glib-lite.dll
0x00007ffc4b480000 - 0x00007ffc4b537000 	D:\IntelliJ\IntelliJ IDEA Community Edition 2019.3.2\jbr\bin\gstreamer-lite.dll
0x00007ffc402b0000 - 0x00007ffc40346000 	C:\WINDOWS\SYSTEM32\DSOUND.dll
0x00007ffc57c60000 - 0x00007ffc57c86000 	D:\IntelliJ\IntelliJ IDEA Community Edition 2019.3.2\jbr\bin\jfxmedia.dll
0x00007ffc7d1d0000 - 0x00007ffc7d272000 	C:\WINDOWS\System32\clbcatq.dll
0x00007ffc76900000 - 0x00007ffc76aa9000 	C:\WINDOWS\system32\propsys.dll
0x00007ffc579d0000 - 0x00007ffc579f2000 	D:\IntelliJ\IntelliJ IDEA Community Edition 2019.3.2\jbr\bin\fxplugins.dll
0x00007ffc71600000 - 0x00007ffc71670000 	C:\WINDOWS\System32\MMDevApi.dll
0x00007ffc79e10000 - 0x00007ffc79e39000 	C:\WINDOWS\System32\DEVOBJ.dll
0x00007ffc70e20000 - 0x00007ffc70f68000 	C:\WINDOWS\SYSTEM32\AUDIOSES.DLL
0x00007ffc760b0000 - 0x00007ffc76203000 	C:\WINDOWS\SYSTEM32\wintypes.dll
0x00007ffc75990000 - 0x00007ffc7599a000 	C:\WINDOWS\SYSTEM32\AVRT.dll

dbghelp: loaded successfully - version: 4.0.5 - missing functions: none
symbol engine: initialized successfully - sym options: 0x614 - pdb path: .;D:\IntelliJ\IntelliJ IDEA Community Edition 2019.3.2\jbr\bin;C:\WINDOWS\SYSTEM32;C:\WINDOWS\WinSxS\amd64_microsoft.windows.common-controls_6595b64144ccf1df_6.0.17763.1158_none_de722d88534a897f;D:\IntelliJ\IntelliJ IDEA Community Edition 2019.3.2\jbr\bin\server;D:\IntelliJ\IntelliJ IDEA Community Edition 2019.3.2\bin;C:\WINDOWS\System32\DriverStore\FileRepository\igdlh64.inf_amd64_d03105a152ac7ed4;C:\Program Files\Common Files\Microsoft Shared\Ink;C:\Users\XIAOMi\AppData\Local\Temp\lwjglXIAOMi\3.2.3-build-13

VM Arguments:
jvm_args: -javaagent:D:\IntelliJ\IntelliJ IDEA Community Edition 2019.3.2\lib\idea_rt.jar=56636:D:\IntelliJ\IntelliJ IDEA Community Edition 2019.3.2\bin -Dfile.encoding=UTF-8 
java_command: com.falconfly.menu.MainMenu
java_class_path (initial): D:\projects\4_sem\falcon-fly\out\production\falcon-fly;D:\IntelliJ\lwjgl\lwjgl\lwjgl.jar;D:\IntelliJ\lwjgl\lwjgl\lwjgl-javadoc.jar;D:\IntelliJ\lwjgl\lwjgl\lwjgl-sources.jar;D:\IntelliJ\lwjgl\lwjgl\lwjgl-natives-linux.jar;D:\IntelliJ\lwjgl\lwjgl\lwjgl-natives-macos.jar;D:\IntelliJ\lwjgl\lwjgl\lwjgl-natives-windows.jar;D:\IntelliJ\lwjgl\lwjgl\lwjgl-natives-linux-arm32.jar;D:\IntelliJ\lwjgl\lwjgl\lwjgl-natives-linux-arm64.jar;D:\IntelliJ\lwjgl\lwjgl\lwjgl-natives-windows-x86.jar;D:\IntelliJ\lwjgl\lwjgl-assimp\lwjgl-assimp.jar;D:\IntelliJ\lwjgl\lwjgl-assimp\lwjgl-assimp-javadoc.jar;D:\IntelliJ\lwjgl\lwjgl-assimp\lwjgl-assimp-sources.jar;D:\IntelliJ\lwjgl\lwjgl-assimp\lwjgl-assimp-natives-linux.jar;D:\IntelliJ\lwjgl\lwjgl-assimp\lwjgl-assimp-natives-macos.jar;D:\IntelliJ\lwjgl\lwjgl-assimp\lwjgl-assimp-natives-windows.jar;D:\IntelliJ\lwjgl\lwjgl-assimp\lwjgl-assimp-natives-linux-arm32.jar;D:\IntelliJ\lwjgl\lwjgl-assimp\lwjgl-assimp-natives-linux-arm64.jar;D:\IntelliJ\lwjgl\lwjgl-assimp\lwjgl-assimp-natives-windows-x86.jar;D:\IntelliJ\lwjgl\lwjgl-bgfx\lwjgl-bgfx.jar;D:\IntelliJ\lwjgl\lwjgl-bgfx\lwjgl-bgfx-javadoc.jar;D:\IntelliJ\lwjgl\lwjgl-bgfx\lwjgl-bgfx-sources.jar;D:\IntelliJ\lwjgl\lwjgl-bgfx\lwjgl-bgfx-natives-linux.jar;D:\IntelliJ\lwjgl\lwjgl-bgfx\lwjgl-bgfx-natives-macos.jar;D:\IntelliJ\lwjgl\lwjgl-bgfx\lwjgl-bgfx-natives-windows.jar;D:\IntelliJ\lwjgl\lwjgl-bgfx\lwjgl-bgfx-natives-linux-arm32.jar;D:\IntelliJ\lwjgl\lwjgl-bgfx\lwjgl-bgfx-natives-linux-arm64.jar;D:\IntelliJ\lwjgl\lwjgl-bgfx\lwjgl-bgfx-natives-windows-x86.jar;D:\IntelliJ\lwjgl\lwjgl-cuda\lwjgl-cuda.jar;D:\IntelliJ\lwjgl\lwjgl-cuda\lwjgl-cuda-javadoc.jar;D:\IntelliJ\lwjgl\lwjgl-cuda\lwjgl-cuda-sources.jar;D:\IntelliJ\lwjgl\lwjgl-egl\lwjgl-egl.jar;D:\IntelliJ\lwjgl\lwjgl-egl\lwjgl-egl-javadoc.jar;D:\IntelliJ\lwjgl\lwjgl-egl\lwjgl-egl-sources.jar;D:\IntelliJ\lwjgl\lwjgl-glfw\lwjgl-glfw.jar;D:\IntelliJ\lwjgl\lwjgl-glfw\lwjgl-glfw-javadoc.jar;D:\IntelliJ\lwjgl\lwjgl-glfw\lwjgl-g
Launcher Type: SUN_STANDARD

[Global flags]
     intx CICompilerCount                          = 4                                         {product} {ergonomic}
     uint ConcGCThreads                            = 2                                         {product} {ergonomic}
     uint G1ConcRefinementThreads                  = 8                                         {product} {ergonomic}
   size_t G1HeapRegionSize                         = 1048576                                   {product} {ergonomic}
    uintx GCDrainStackTargetSize                   = 64                                        {product} {ergonomic}
   size_t InitialHeapSize                          = 134217728                                 {product} {ergonomic}
   size_t MarkStackSize                            = 4194304                                   {product} {ergonomic}
   size_t MaxHeapSize                              = 2118123520                                {product} {ergonomic}
   size_t MaxNewSize                               = 1270874112                                {product} {ergonomic}
   size_t MinHeapDeltaBytes                        = 1048576                                   {product} {ergonomic}
    uintx NonNMethodCodeHeapSize                   = 5836300                                {pd product} {ergonomic}
    uintx NonProfiledCodeHeapSize                  = 122910970                              {pd product} {ergonomic}
    uintx ProfiledCodeHeapSize                     = 122910970                              {pd product} {ergonomic}
    uintx ReservedCodeCacheSize                    = 251658240                              {pd product} {ergonomic}
     bool SegmentedCodeCache                       = true                                      {product} {ergonomic}
     bool UseCompressedClassPointers               = true                                 {lp64_product} {ergonomic}
     bool UseCompressedOops                        = true                                 {lp64_product} {ergonomic}
     bool UseG1GC                                  = true                                      {product} {ergonomic}
     bool UseLargePagesIndividualAllocation        = false                                  {pd product} {ergonomic}

Logging:
Log output configuration:
 #0: stdout all=warning uptime,level,tags
 #1: stderr all=off uptime,level,tags

Environment Variables:
PATH=C:\WINDOWS\system32;C:\WINDOWS;C:\WINDOWS\System32\Wbem;C:\WINDOWS\System32\WindowsPowerShell\v1.0\;C:\WINDOWS\System32\OpenSSH\;C:\Program Files (x86)\IncrediBuild;C:\Program Files\NVIDIA Corporation\NVIDIA NvDLISR;C:\Program Files (x86)\NVIDIA Corporation\PhysX\Common;C:\Program Files\Git\cmd;C:\Users\XIAOMi\AppData\Local\Microsoft\WindowsApps;
USERNAME=XIAOMi
OS=Windows_NT
PROCESSOR_IDENTIFIER=Intel64 Family 6 Model 142 Stepping 10, GenuineIntel



---------------  S Y S T E M  ---------------

OS: Windows 10 , 64 bit Build 17763 (10.0.17763.1158)

CPU:total 8 (initial active 8) (4 cores per cpu, 2 threads per core) family 6 model 142 stepping 10, cmov, cx8, fxsr, mmx, sse, sse2, sse3, ssse3, sse4.1, sse4.2, popcnt, avx, avx2, aes, clmul, erms, 3dnowpref, lzcnt, ht, tsc, tscinvbit, bmi1, bmi2, adx, fma

Memory: 4k page, system-wide physical 8076M (1629M free)
TotalPageFile size 19929M (AvailPageFile size 1534M)
current process WorkingSet (physical memory assigned to process): 494M, peak: 537M
current process commit charge ("private bytes"): 528M, peak: 547M

vm_info: OpenJDK 64-Bit Server VM (11.0.5+10-b520.30) for windows-amd64 JRE (11.0.5+10-b520.30), built on Dec 24 2019 12:06:09 by "" with MS VC++ 14.0 (VS2015)

END.
