#
# A fatal error has been detected by the Java Runtime Environment:
#
#  EXCEPTION_ACCESS_VIOLATION (0xc0000005) at pc=0x0000008300000084, pid=2356, tid=12856
#
# JRE version: OpenJDK Runtime Environment (11.0.6+8) (build 11.0.6+8-b520.43)
# Java VM: OpenJDK 64-Bit Server VM (11.0.6+8-b520.43, mixed mode, tiered, compressed oops, g1 gc, windows-amd64)
# Problematic frame:
# C  0x0000008300000084
#
# No core dump will be written. Minidumps are not enabled by default on client versions of Windows
#
# If you would like to submit a bug report, please visit:
#   http://bugreport.java.com/bugreport/crash.jsp
# The crash happened outside the Java Virtual Machine in native code.
# See problematic frame for where to report the bug.
#

---------------  S U M M A R Y ------------

Command Line: -javaagent:C:\Program Files\JetBrains\IntelliJ IDEA Community Edition 2019.3.3\lib\idea_rt.jar=61472:C:\Program Files\JetBrains\IntelliJ IDEA Community Edition 2019.3.3\bin -Dfile.encoding=UTF-8 com.falconfly.menu.MainMenu

Host: Intel(R) Core(TM) i5-3317U CPU @ 1.70GHz, 4 cores, 7G,  Windows 10 , 64 bit Build 18362 (10.0.18362.778)
Time: Wed May 13 00:36:17 2020 RTZ 2 (ceia) elapsed time: 13 seconds (0d 0h 0m 13s)

---------------  T H R E A D  ---------------

Current thread (0x000001eda5cb0800):  JavaThread "JavaFX Application Thread" [_thread_in_native, id=12856, stack(0x00000011e3800000,0x00000011e3900000)]

Stack: [0x00000011e3800000,0x00000011e3900000],  sp=0x00000011e38fb088,  free space=1004k
Native frames: (J=compiled Java code, j=interpreted, Vv=VM code, C=native code)
C  0x0000008300000084

Java frames: (J=compiled Java code, j=interpreted, Vv=VM code)
j  org.lwjgl.system.JNI.invokePV(JJ)V+0
j  org.lwjgl.glfw.GLFW.glfwSwapBuffers(J)V+17
j  com.falconfly.engine.EngineWindow.update()V+7
j  com.falconfly.engine.Engine.render()V+17
j  com.falconfly.engine.Engine.gameLoop()V+61
j  com.falconfly.engine.Engine.run()V+5
j  com.falconfly.engine.main.Main.main([Ljava/lang/String;)V+29
j  com.falconfly.menu.MainMenu.handle(Ljavafx/event/ActionEvent;)V+134
j  com.falconfly.menu.MainMenu$$Lambda$143.handle(Ljavafx/event/Event;)V+8
j  com.sun.javafx.event.CompositeEventHandler.dispatchBubblingEvent(Ljavafx/event/Event;)V+51 javafx.base@11.0.6
j  com.sun.javafx.event.EventHandlerManager.dispatchBubblingEvent(Ljavafx/event/EventType;Ljavafx/event/Event;)Ljavafx/event/Event;+29 javafx.base@11.0.6
j  com.sun.javafx.event.EventHandlerManager.dispatchBubblingEvent(Ljavafx/event/Event;)Ljavafx/event/Event;+8 javafx.base@11.0.6
j  com.sun.javafx.event.CompositeEventDispatcher.dispatchBubblingEvent(Ljavafx/event/Event;)Ljavafx/event/Event;+11 javafx.base@11.0.6
j  com.sun.javafx.event.BasicEventDispatcher.dispatchEvent(Ljavafx/event/Event;Ljavafx/event/EventDispatchChain;)Ljavafx/event/Event;+29 javafx.base@11.0.6
j  com.sun.javafx.event.EventDispatchChainImpl.dispatchEvent(Ljavafx/event/Event;)Ljavafx/event/Event;+69 javafx.base@11.0.6
j  com.sun.javafx.event.BasicEventDispatcher.dispatchEvent(Ljavafx/event/Event;Ljavafx/event/EventDispatchChain;)Ljavafx/event/Event;+17 javafx.base@11.0.6
j  com.sun.javafx.event.EventDispatchChainImpl.dispatchEvent(Ljavafx/event/Event;)Ljavafx/event/Event;+69 javafx.base@11.0.6
j  com.sun.javafx.event.BasicEventDispatcher.dispatchEvent(Ljavafx/event/Event;Ljavafx/event/EventDispatchChain;)Ljavafx/event/Event;+17 javafx.base@11.0.6
j  com.sun.javafx.event.EventDispatchChainImpl.dispatchEvent(Ljavafx/event/Event;)Ljavafx/event/Event;+69 javafx.base@11.0.6
j  com.sun.javafx.event.EventUtil.fireEventImpl(Ljavafx/event/EventDispatchChain;Ljavafx/event/EventTarget;Ljavafx/event/Event;)Ljavafx/event/Event;+10 javafx.base@11.0.6
j  com.sun.javafx.event.EventUtil.fireEvent(Ljavafx/event/EventTarget;Ljavafx/event/Event;)Ljavafx/event/Event;+37 javafx.base@11.0.6
j  javafx.event.Event.fireEvent(Ljavafx/event/EventTarget;Ljavafx/event/Event;)V+30 javafx.base@11.0.6
j  javafx.scene.Node.fireEvent(Ljavafx/event/Event;)V+86 javafx.graphics@11.0.6
j  javafx.scene.control.Button.fire()V+15 javafx.controls@11.0.6
j  com.sun.javafx.scene.control.behavior.ButtonBehavior.mouseReleased(Ljavafx/scene/input/MouseEvent;)V+27 javafx.controls@11.0.6
j  com.sun.javafx.scene.control.behavior.ButtonBehavior$$Lambda$223.handle(Ljavafx/event/Event;)V+8 javafx.controls@11.0.6
j  com.sun.javafx.scene.control.inputmap.InputMap.handle(Ljavafx/event/Event;)V+61 javafx.controls@11.0.6
j  com.sun.javafx.scene.control.inputmap.InputMap$$Lambda$218.handle(Ljavafx/event/Event;)V+5 javafx.controls@11.0.6
j  com.sun.javafx.event.CompositeEventHandler$NormalEventHandlerRecord.handleBubblingEvent(Ljavafx/event/Event;)V+5 javafx.base@11.0.6
j  com.sun.javafx.event.CompositeEventHandler.dispatchBubblingEvent(Ljavafx/event/Event;)V+28 javafx.base@11.0.6
j  com.sun.javafx.event.EventHandlerManager.dispatchBubblingEvent(Ljavafx/event/EventType;Ljavafx/event/Event;)Ljavafx/event/Event;+29 javafx.base@11.0.6
j  com.sun.javafx.event.EventHandlerManager.dispatchBubblingEvent(Ljavafx/event/Event;)Ljavafx/event/Event;+8 javafx.base@11.0.6
j  com.sun.javafx.event.CompositeEventDispatcher.dispatchBubblingEvent(Ljavafx/event/Event;)Ljavafx/event/Event;+11 javafx.base@11.0.6
j  com.sun.javafx.event.BasicEventDispatcher.dispatchEvent(Ljavafx/event/Event;Ljavafx/event/EventDispatchChain;)Ljavafx/event/Event;+29 javafx.base@11.0.6
j  com.sun.javafx.event.EventDispatchChainImpl.dispatchEvent(Ljavafx/event/Event;)Ljavafx/event/Event;+69 javafx.base@11.0.6
j  com.sun.javafx.event.BasicEventDispatcher.dispatchEvent(Ljavafx/event/Event;Ljavafx/event/EventDispatchChain;)Ljavafx/event/Event;+17 javafx.base@11.0.6
j  com.sun.javafx.event.EventDispatchChainImpl.dispatchEvent(Ljavafx/event/Event;)Ljavafx/event/Event;+69 javafx.base@11.0.6
j  com.sun.javafx.event.BasicEventDispatcher.dispatchEvent(Ljavafx/event/Event;Ljavafx/event/EventDispatchChain;)Ljavafx/event/Event;+17 javafx.base@11.0.6
j  com.sun.javafx.event.EventDispatchChainImpl.dispatchEvent(Ljavafx/event/Event;)Ljavafx/event/Event;+69 javafx.base@11.0.6
j  com.sun.javafx.event.EventUtil.fireEventImpl(Ljavafx/event/EventDispatchChain;Ljavafx/event/EventTarget;Ljavafx/event/Event;)Ljavafx/event/Event;+10 javafx.base@11.0.6
j  com.sun.javafx.event.EventUtil.fireEvent(Ljavafx/event/EventTarget;Ljavafx/event/Event;)Ljavafx/event/Event;+46 javafx.base@11.0.6
j  javafx.event.Event.fireEvent(Ljavafx/event/EventTarget;Ljavafx/event/Event;)V+30 javafx.base@11.0.6
j  javafx.scene.Scene$MouseHandler.process(Ljavafx/scene/input/MouseEvent;Z)V+491 javafx.graphics@11.0.6
j  javafx.scene.Scene$MouseHandler.access$1300(Ljavafx/scene/Scene$MouseHandler;Ljavafx/scene/input/MouseEvent;Z)V+3 javafx.graphics@11.0.6
j  javafx.scene.Scene.processMouseEvent(Ljavafx/scene/input/MouseEvent;)V+6 javafx.graphics@11.0.6
j  javafx.scene.Scene$ScenePeerListener.mouseEvent(Ljavafx/event/EventType;DDDDLjavafx/scene/input/MouseButton;ZZZZZZZZZ)V+46 javafx.graphics@11.0.6
j  com.sun.javafx.tk.quantum.GlassViewEventHandler$MouseEventNotification.run()Ljava/lang/Void;+582 javafx.graphics@11.0.6
j  com.sun.javafx.tk.quantum.GlassViewEventHandler$MouseEventNotification.run()Ljava/lang/Object;+1 javafx.graphics@11.0.6
v  ~StubRoutines::call_stub
J 2225  java.security.AccessController.doPrivileged(Ljava/security/PrivilegedAction;Ljava/security/AccessControlContext;)Ljava/lang/Object; java.base@11.0.6 (0 bytes) @ 0x000001ed95ed1ca6 [0x000001ed95ed1c40+0x0000000000000066]
j  com.sun.javafx.tk.quantum.GlassViewEventHandler.lambda$handleMouseEvent$2()Ljava/lang/Void;+11 javafx.graphics@11.0.6
j  com.sun.javafx.tk.quantum.GlassViewEventHandler$$Lambda$260.get()Ljava/lang/Object;+4 javafx.graphics@11.0.6
j  com.sun.javafx.tk.quantum.QuantumToolkit.runWithoutRenderLock(Ljava/util/function/Supplier;)Ljava/lang/Object;+18 javafx.graphics@11.0.6
j  com.sun.javafx.tk.quantum.GlassViewEventHandler.handleMouseEvent(Lcom/sun/glass/ui/View;JIIIIIIIZZ)V+103 javafx.graphics@11.0.6
j  com.sun.glass.ui.View.handleMouseEvent(JIIIIIIIZZ)V+30 javafx.graphics@11.0.6
j  com.sun.glass.ui.View.notifyMouse(IIIIIIIZZ)V+181 javafx.graphics@11.0.6
v  ~StubRoutines::call_stub
j  com.sun.glass.ui.win.WinApplication._runLoop(Ljava/lang/Runnable;)V+0 javafx.graphics@11.0.6
j  com.sun.glass.ui.win.WinApplication.lambda$runLoop$3(ILjava/lang/Runnable;)V+8 javafx.graphics@11.0.6
j  com.sun.glass.ui.win.WinApplication$$Lambda$64.run()V+12 javafx.graphics@11.0.6
j  java.lang.Thread.run()V+11 java.base@11.0.6
v  ~StubRoutines::call_stub

siginfo: EXCEPTION_ACCESS_VIOLATION (0xc0000005), data execution prevention violation at address 0x0000008300000084


Register to memory mapping:

RIP=0x0000008300000084 is an unknown value
RAX=0x00007ff889b41b10 points into unknown readable memory: 49 8b c8 49 ff e1 cc cc
RBX={method} {0x000001edaf9c4508} 'invokePV' '(JJ)V' in 'org/lwjgl/system/JNI'
RCX=0x000001edacd00270 points into unknown readable memory: 80 66 f4 a4 ed 01 00 00
RDX=0x00000011e38fb130 is pointing into the stack for thread: 0x000001eda5cb0800
RSP=0x00000011e38fb088 is pointing into the stack for thread: 0x000001eda5cb0800
RBP=0x00000011e38fb120 is pointing into the stack for thread: 0x000001eda5cb0800
RSI=0x0000000000000140 is an unknown value
RDI=0x000000000000049a is an unknown value
R8 =0x000001edacd00270 points into unknown readable memory: 80 66 f4 a4 ed 01 00 00
R9 =0x00007ff888e01b50 points into unknown readable memory: 83 3d 99 5f 05 00 00 75
R10=0x000001ed8e30ef88 is at code_begin+1000 in an Interpreter codelet
method entry point (kind = native)  [0x000001ed8e30eba0, 0x000001ed8e30f700]  2912 bytes
R11=0x0000000085b147d0 is an oop: java.lang.Class 
{0x0000000085b147d0} - klass: 'java/lang/Class'
R12=0x0 is NULL
R13={method} {0x000001edaf9c4508} 'invokePV' '(JJ)V' in 'org/lwjgl/system/JNI'
R14=0x00000011e38fb158 is pointing into the stack for thread: 0x000001eda5cb0800
R15=0x000001eda5cb0800 is a thread


Registers:
RAX=0x00007ff889b41b10, RBX=0x000001edaf9c4500, RCX=0x000001edacd00270, RDX=0x00000011e38fb130
RSP=0x00000011e38fb088, RBP=0x00000011e38fb120, RSI=0x0000000000000140, RDI=0x000000000000049a
R8 =0x000001edacd00270, R9 =0x00007ff888e01b50, R10=0x000001ed8e30ef88, R11=0x0000000085b147d0
R12=0x0000000000000000, R13=0x000001edaf9c4500, R14=0x00000011e38fb158, R15=0x000001eda5cb0800
RIP=0x0000008300000084, EFLAGS=0x0000000000010202

Top of Stack: (sp=0x00000011e38fb088)
0x00000011e38fb088:   000001ed8e30efb7 000001eda5cb0800
0x00000011e38fb098:   00000011e38fb160 000001ed8e31c5ee
0x00000011e38fb0a8:   000001ed8e308690 000001ed00000000
0x00000011e38fb0b8:   00000011e38fb1a8 000001eda5cadb00
0x00000011e38fb0c8:   00007ff874337997 000001eda5cb0800
0x00000011e38fb0d8:   00000011e38fb0d8 0000000000000000
0x00000011e38fb0e8:   00000011e38fb158 000001edaf9efdb0
0x00000011e38fb0f8:   0000000000000000 0000000085b147d0
0x00000011e38fb108:   000001edaf9c4500 0000000000000000
0x00000011e38fb118:   00000011e38fb140 00000011e38fb1a8
0x00000011e38fb128:   000001ed8e309e03 0000000085b147d0
0x00000011e38fb138:   000001ed8e30bf98 00007ff888e01b50
0x00000011e38fb148:   0000000000000000 000001edacd00270
0x00000011e38fb158:   0000000000000000 00000011e38fb160
0x00000011e38fb168:   000001edaf197791 00000011e38fb1d0
0x00000011e38fb178:   000001edaf1a30d0 0000000000000000 

Instructions: (pc=0x0000008300000084)
0x00000082ffffff84:   ?? ?? ?? ?? ?? ?? ?? ?? ?? ?? ?? ?? ?? ?? ?? ??
0x00000082ffffff94:   ?? ?? ?? ?? ?? ?? ?? ?? ?? ?? ?? ?? ?? ?? ?? ??
0x00000082ffffffa4:   ?? ?? ?? ?? ?? ?? ?? ?? ?? ?? ?? ?? ?? ?? ?? ??
0x00000082ffffffb4:   ?? ?? ?? ?? ?? ?? ?? ?? ?? ?? ?? ?? ?? ?? ?? ??
0x00000082ffffffc4:   ?? ?? ?? ?? ?? ?? ?? ?? ?? ?? ?? ?? ?? ?? ?? ??
0x00000082ffffffd4:   ?? ?? ?? ?? ?? ?? ?? ?? ?? ?? ?? ?? ?? ?? ?? ??
0x00000082ffffffe4:   ?? ?? ?? ?? ?? ?? ?? ?? ?? ?? ?? ?? ?? ?? ?? ??
0x00000082fffffff4:   ?? ?? ?? ?? ?? ?? ?? ?? ?? ?? ?? ?? ?? ?? ?? ??
0x0000008300000004:   ?? ?? ?? ?? ?? ?? ?? ?? ?? ?? ?? ?? ?? ?? ?? ??
0x0000008300000014:   ?? ?? ?? ?? ?? ?? ?? ?? ?? ?? ?? ?? ?? ?? ?? ??
0x0000008300000024:   ?? ?? ?? ?? ?? ?? ?? ?? ?? ?? ?? ?? ?? ?? ?? ??
0x0000008300000034:   ?? ?? ?? ?? ?? ?? ?? ?? ?? ?? ?? ?? ?? ?? ?? ??
0x0000008300000044:   ?? ?? ?? ?? ?? ?? ?? ?? ?? ?? ?? ?? ?? ?? ?? ??
0x0000008300000054:   ?? ?? ?? ?? ?? ?? ?? ?? ?? ?? ?? ?? ?? ?? ?? ??
0x0000008300000064:   ?? ?? ?? ?? ?? ?? ?? ?? ?? ?? ?? ?? ?? ?? ?? ??
0x0000008300000074:   ?? ?? ?? ?? ?? ?? ?? ?? ?? ?? ?? ?? ?? ?? ?? ??
0x0000008300000084:   ?? ?? ?? ?? ?? ?? ?? ?? ?? ?? ?? ?? ?? ?? ?? ??
0x0000008300000094:   ?? ?? ?? ?? ?? ?? ?? ?? ?? ?? ?? ?? ?? ?? ?? ??
0x00000083000000a4:   ?? ?? ?? ?? ?? ?? ?? ?? ?? ?? ?? ?? ?? ?? ?? ??
0x00000083000000b4:   ?? ?? ?? ?? ?? ?? ?? ?? ?? ?? ?? ?? ?? ?? ?? ??
0x00000083000000c4:   ?? ?? ?? ?? ?? ?? ?? ?? ?? ?? ?? ?? ?? ?? ?? ??
0x00000083000000d4:   ?? ?? ?? ?? ?? ?? ?? ?? ?? ?? ?? ?? ?? ?? ?? ??
0x00000083000000e4:   ?? ?? ?? ?? ?? ?? ?? ?? ?? ?? ?? ?? ?? ?? ?? ??
0x00000083000000f4:   ?? ?? ?? ?? ?? ?? ?? ?? ?? ?? ?? ?? ?? ?? ?? ??
0x0000008300000104:   ?? ?? ?? ?? ?? ?? ?? ?? ?? ?? ?? ?? ?? ?? ?? ??
0x0000008300000114:   ?? ?? ?? ?? ?? ?? ?? ?? ?? ?? ?? ?? ?? ?? ?? ??
0x0000008300000124:   ?? ?? ?? ?? ?? ?? ?? ?? ?? ?? ?? ?? ?? ?? ?? ??
0x0000008300000134:   ?? ?? ?? ?? ?? ?? ?? ?? ?? ?? ?? ?? ?? ?? ?? ??
0x0000008300000144:   ?? ?? ?? ?? ?? ?? ?? ?? ?? ?? ?? ?? ?? ?? ?? ??
0x0000008300000154:   ?? ?? ?? ?? ?? ?? ?? ?? ?? ?? ?? ?? ?? ?? ?? ??
0x0000008300000164:   ?? ?? ?? ?? ?? ?? ?? ?? ?? ?? ?? ?? ?? ?? ?? ??
0x0000008300000174:   ?? ?? ?? ?? ?? ?? ?? ?? ?? ?? ?? ?? ?? ?? ?? ?? 


Stack slot to memory mapping:
stack at sp + 0 slots: 0x000001ed8e30efb7 is at code_begin+1047 in an Interpreter codelet
method entry point (kind = native)  [0x000001ed8e30eba0, 0x000001ed8e30f700]  2912 bytes
stack at sp + 1 slots: 0x000001eda5cb0800 is a thread
stack at sp + 2 slots: 0x00000011e38fb160 is pointing into the stack for thread: 0x000001eda5cb0800
stack at sp + 3 slots: 0x000001ed8e31c5ee is at code_begin+110 in an Interpreter codelet
getstatic  178 getstatic  [0x000001ed8e31c580, 0x000001ed8e31c7c0]  576 bytes
stack at sp + 4 slots: 0x000001ed8e308690 is at code_begin+-112 in 
[CodeBlob (0x000001ed8e308690)]
Framesize: 0
BufferBlob (0x000001ed8e308690) used for Interpreter
stack at sp + 5 slots: 0x000001ed00000000 is an unknown value
stack at sp + 6 slots: 0x00000011e38fb1a8 is pointing into the stack for thread: 0x000001eda5cb0800
stack at sp + 7 slots: 0x000001eda5cadb00 points into unknown readable memory: 02 00 00 00 5f 63 6f 6d


---------------  P R O C E S S  ---------------

Threads class SMR info:
_java_thread_list=0x000001edad2a3340, length=24, elements={
0x000001ed8a250000, 0x000001eda431f800, 0x000001eda4341000, 0x000001eda4b9e000,
0x000001eda4b9f000, 0x000001eda4ba1000, 0x000001eda4ba8800, 0x000001eda4c1f000,
0x000001eda42d7000, 0x000001eda5bdb800, 0x000001eda5bdc800, 0x000001eda5cf4000,
0x000001eda5ce9000, 0x000001eda5cb0800, 0x000001eda5f33800, 0x000001eda5ea8800,
0x000001eda6029800, 0x000001eda602b000, 0x000001eda62c2000, 0x000001eda62be000,
0x000001eda62bf000, 0x000001eda62bf800, 0x000001eda62c1000, 0x000001eda62bc800
}

Java Threads: ( => current thread )
  0x000001ed8a250000 JavaThread "main" [_thread_blocked, id=4316, stack(0x00000011e2200000,0x00000011e2300000)]
  0x000001eda431f800 JavaThread "Reference Handler" daemon [_thread_blocked, id=6520, stack(0x00000011e2900000,0x00000011e2a00000)]
  0x000001eda4341000 JavaThread "Finalizer" daemon [_thread_blocked, id=16148, stack(0x00000011e2a00000,0x00000011e2b00000)]
  0x000001eda4b9e000 JavaThread "Signal Dispatcher" daemon [_thread_blocked, id=14868, stack(0x00000011e2b00000,0x00000011e2c00000)]
  0x000001eda4b9f000 JavaThread "Attach Listener" daemon [_thread_blocked, id=13908, stack(0x00000011e2c00000,0x00000011e2d00000)]
  0x000001eda4ba1000 JavaThread "C2 CompilerThread0" daemon [_thread_blocked, id=11432, stack(0x00000011e2d00000,0x00000011e2e00000)]
  0x000001eda4ba8800 JavaThread "C1 CompilerThread0" daemon [_thread_blocked, id=16224, stack(0x00000011e2e00000,0x00000011e2f00000)]
  0x000001eda4c1f000 JavaThread "Sweeper thread" daemon [_thread_blocked, id=17204, stack(0x00000011e2f00000,0x00000011e3000000)]
  0x000001eda42d7000 JavaThread "Common-Cleaner" daemon [_thread_blocked, id=17696, stack(0x00000011e3000000,0x00000011e3100000)]
  0x000001eda5bdb800 JavaThread "Monitor Ctrl-Break" daemon [_thread_in_native, id=8132, stack(0x00000011e3400000,0x00000011e3500000)]
  0x000001eda5bdc800 JavaThread "Service Thread" daemon [_thread_blocked, id=14128, stack(0x00000011e3500000,0x00000011e3600000)]
  0x000001eda5cf4000 JavaThread "QuantumRenderer-0" daemon [_thread_blocked, id=2768, stack(0x00000011e3700000,0x00000011e3800000)]
  0x000001eda5ce9000 JavaThread "InvokeLaterDispatcher" daemon [_thread_blocked, id=11148, stack(0x00000011e3100000,0x00000011e3200000)]
=>0x000001eda5cb0800 JavaThread "JavaFX Application Thread" [_thread_in_native, id=12856, stack(0x00000011e3800000,0x00000011e3900000)]
  0x000001eda5f33800 JavaThread "Thread-1" daemon [_thread_in_native, id=3372, stack(0x00000011e3d00000,0x00000011e3e00000)]
  0x000001eda5ea8800 JavaThread "JavaFX-Launcher" [_thread_blocked, id=12852, stack(0x00000011e3e00000,0x00000011e3f00000)]
  0x000001eda6029800 JavaThread "Java2D Disposer" daemon [_thread_blocked, id=13272, stack(0x00000011e3f00000,0x00000011e4000000)]
  0x000001eda602b000 JavaThread "AWT-Windows" daemon [_thread_in_native, id=7212, stack(0x00000011e4100000,0x00000011e4200000)]
  0x000001eda62c2000 JavaThread "JFXMedia Player EventQueueThread" daemon [_thread_blocked, id=5456, stack(0x00000011e4700000,0x00000011e4800000)]
  0x000001eda62be000 JavaThread "Prism Font Disposer" daemon [_thread_blocked, id=6752, stack(0x00000011e5000000,0x00000011e5100000)]
  0x000001eda62bf000 JavaThread "Media Resource Disposer" daemon [_thread_blocked, id=11616, stack(0x00000011e4000000,0x00000011e4100000)]
  0x000001eda62bf800 JavaThread "JFXMedia Player EventQueueThread" daemon [_thread_blocked, id=2564, stack(0x00000011e5100000,0x00000011e5200000)]
  0x000001eda62c1000 JavaThread "Cleaner-0" daemon [_thread_blocked, id=3064, stack(0x00000011e5900000,0x00000011e5a00000)]
  0x000001eda62bc800 JavaThread "Timer-1" daemon [_thread_blocked, id=5632, stack(0x00000011e5e00000,0x00000011e5f00000)]

Other Threads:
  0x000001eda431e000 VMThread "VM Thread" [stack: 0x00000011e2800000,0x00000011e2900000] [id=2772]
  0x000001eda5c4e800 WatcherThread [stack: 0x00000011e3600000,0x00000011e3700000] [id=2036]
  0x000001ed8a268800 GCTaskThread "GC Thread#0" [stack: 0x00000011e2300000,0x00000011e2400000] [id=8952]
  0x000001eda4f10800 GCTaskThread "GC Thread#1" [stack: 0x00000011e3200000,0x00000011e3300000] [id=7852]
  0x000001eda575c800 GCTaskThread "GC Thread#2" [stack: 0x00000011e3300000,0x00000011e3400000] [id=7808]
  0x000001eda5eb2800 GCTaskThread "GC Thread#3" [stack: 0x00000011e3b00000,0x00000011e3c00000] [id=12396]
  0x000001ed8a298000 ConcurrentGCThread "G1 Main Marker" [stack: 0x00000011e2400000,0x00000011e2500000] [id=16948]
  0x000001ed8a29a800 ConcurrentGCThread "G1 Conc#0" [stack: 0x00000011e2500000,0x00000011e2600000] [id=8772]
  0x000001eda4183800 ConcurrentGCThread "G1 Refine#0" [stack: 0x00000011e2600000,0x00000011e2700000] [id=6636]
  0x000001eda4185800 ConcurrentGCThread "G1 Young RemSet Sampling" [stack: 0x00000011e2700000,0x00000011e2800000] [id=17864]

Threads with active compile tasks:

VM state:not at safepoint (normal execution)

VM Mutex/Monitor currently owned by a thread: None

Heap address: 0x0000000081c00000, size: 2020 MB, Compressed Oops mode: 32-bit
Narrow klass base: 0x0000000000000000, Narrow klass shift: 3
Compressed class space size: 1073741824 Address: 0x0000000100000000

Heap:
 garbage-first heap   total 131072K, used 59800K [0x0000000081c00000, 0x0000000100000000)
  region size 1024K, 23 young (23552K), 3 survivors (3072K)
 Metaspace       used 30017K, capacity 30822K, committed 31104K, reserved 1077248K
  class space    used 3028K, capacity 3363K, committed 3456K, reserved 1048576K
Heap Regions: E=young(eden), S=young(survivor), O=old, HS=humongous(starts), HC=humongous(continues), CS=collection set, F=free, A=archive, TAMS=top-at-mark-start (previous, next)
|   0|0x0000000081c00000, 0x0000000081d00000, 0x0000000081d00000|100%| O|  |TAMS 0x0000000081d00000, 0x0000000081c00000| Untracked 
|   1|0x0000000081d00000, 0x0000000081e00000, 0x0000000081e00000|100%| O|  |TAMS 0x0000000081e00000, 0x0000000081d00000| Untracked 
|   2|0x0000000081e00000, 0x0000000081f00000, 0x0000000081f00000|100%| O|  |TAMS 0x0000000081f00000, 0x0000000081e00000| Untracked 
|   3|0x0000000081f00000, 0x0000000082000000, 0x0000000082000000|100%| O|  |TAMS 0x0000000081fa6e00, 0x0000000081f00000| Untracked 
|   4|0x0000000082000000, 0x0000000082100000, 0x0000000082100000|100%| O|  |TAMS 0x0000000082000000, 0x0000000082000000| Untracked 
|   5|0x0000000082100000, 0x000000008210fc00, 0x0000000082200000|  6%| O|  |TAMS 0x0000000082100000, 0x0000000082100000| Untracked 
|   6|0x0000000082200000, 0x0000000082300000, 0x0000000082300000|100%|HS|  |TAMS 0x0000000082200000, 0x0000000082200000| Complete 
|   7|0x0000000082300000, 0x0000000082400000, 0x0000000082400000|100%|HC|  |TAMS 0x0000000082300000, 0x0000000082300000| Complete 
|   8|0x0000000082400000, 0x0000000082400000, 0x0000000082500000|  0%| F|  |TAMS 0x0000000082400000, 0x0000000082400000| Untracked 
|   9|0x0000000082500000, 0x0000000082500000, 0x0000000082600000|  0%| F|  |TAMS 0x0000000082500000, 0x0000000082500000| Untracked 
|  10|0x0000000082600000, 0x0000000082600000, 0x0000000082700000|  0%| F|  |TAMS 0x0000000082600000, 0x0000000082600000| Untracked 
|  11|0x0000000082700000, 0x0000000082700000, 0x0000000082800000|  0%| F|  |TAMS 0x0000000082700000, 0x0000000082700000| Untracked 
|  12|0x0000000082800000, 0x0000000082900000, 0x0000000082900000|100%|HS|  |TAMS 0x0000000082900000, 0x0000000082800000| Complete 
|  13|0x0000000082900000, 0x0000000082a00000, 0x0000000082a00000|100%|HC|  |TAMS 0x0000000082a00000, 0x0000000082900000| Complete 
|  14|0x0000000082a00000, 0x0000000082b00000, 0x0000000082b00000|100%|HC|  |TAMS 0x0000000082b00000, 0x0000000082a00000| Complete 
|  15|0x0000000082b00000, 0x0000000082c00000, 0x0000000082c00000|100%|HC|  |TAMS 0x0000000082c00000, 0x0000000082b00000| Complete 
|  16|0x0000000082c00000, 0x0000000082d00000, 0x0000000082d00000|100%|HC|  |TAMS 0x0000000082d00000, 0x0000000082c00000| Complete 
|  17|0x0000000082d00000, 0x0000000082e00000, 0x0000000082e00000|100%|HS|  |TAMS 0x0000000082d00000, 0x0000000082d00000| Complete 
|  18|0x0000000082e00000, 0x0000000082f00000, 0x0000000082f00000|100%|HC|  |TAMS 0x0000000082e00000, 0x0000000082e00000| Complete 
|  19|0x0000000082f00000, 0x0000000083000000, 0x0000000083000000|100%|HS|  |TAMS 0x0000000082f00000, 0x0000000082f00000| Complete 
|  20|0x0000000083000000, 0x0000000083100000, 0x0000000083100000|100%|HC|  |TAMS 0x0000000083000000, 0x0000000083000000| Complete 
|  21|0x0000000083100000, 0x0000000083200000, 0x0000000083200000|100%| O|  |TAMS 0x0000000083100000, 0x0000000083100000| Untracked 
|  22|0x0000000083200000, 0x0000000083300000, 0x0000000083300000|100%| O|  |TAMS 0x0000000083200000, 0x0000000083200000| Untracked 
|  23|0x0000000083300000, 0x0000000083400000, 0x0000000083400000|100%| O|  |TAMS 0x0000000083300000, 0x0000000083300000| Untracked 
|  24|0x0000000083400000, 0x0000000083500000, 0x0000000083500000|100%| O|  |TAMS 0x0000000083400000, 0x0000000083400000| Untracked 
|  25|0x0000000083500000, 0x0000000083600000, 0x0000000083600000|100%|HS|  |TAMS 0x0000000083600000, 0x0000000083500000| Complete 
|  26|0x0000000083600000, 0x0000000083700000, 0x0000000083700000|100%|HC|  |TAMS 0x0000000083700000, 0x0000000083600000| Complete 
|  27|0x0000000083700000, 0x0000000083800000, 0x0000000083800000|100%|HC|  |TAMS 0x0000000083800000, 0x0000000083700000| Complete 
|  28|0x0000000083800000, 0x0000000083900000, 0x0000000083900000|100%|HC|  |TAMS 0x0000000083900000, 0x0000000083800000| Complete 
|  29|0x0000000083900000, 0x0000000083a00000, 0x0000000083a00000|100%|HC|  |TAMS 0x0000000083a00000, 0x0000000083900000| Complete 
|  30|0x0000000083a00000, 0x0000000083b00000, 0x0000000083b00000|100%|HC|  |TAMS 0x0000000083b00000, 0x0000000083a00000| Complete 
|  31|0x0000000083b00000, 0x0000000083c00000, 0x0000000083c00000|100%|HC|  |TAMS 0x0000000083c00000, 0x0000000083b00000| Complete 
|  32|0x0000000083c00000, 0x0000000083d00000, 0x0000000083d00000|100%|HS|  |TAMS 0x0000000083d00000, 0x0000000083c00000| Complete 
|  33|0x0000000083d00000, 0x0000000083e00000, 0x0000000083e00000|100%|HS|  |TAMS 0x0000000083e00000, 0x0000000083d00000| Complete 
|  34|0x0000000083e00000, 0x0000000083f00000, 0x0000000083f00000|100%|HC|  |TAMS 0x0000000083f00000, 0x0000000083e00000| Complete 
|  35|0x0000000083f00000, 0x0000000083f00000, 0x0000000084000000|  0%| F|  |TAMS 0x0000000083f00000, 0x0000000083f00000| Untracked 
|  36|0x0000000084000000, 0x0000000084000000, 0x0000000084100000|  0%| F|  |TAMS 0x0000000084000000, 0x0000000084000000| Untracked 
|  37|0x0000000084100000, 0x0000000084100000, 0x0000000084200000|  0%| F|  |TAMS 0x0000000084100000, 0x0000000084100000| Untracked 
|  38|0x0000000084200000, 0x0000000084200000, 0x0000000084300000|  0%| F|  |TAMS 0x0000000084200000, 0x0000000084200000| Untracked 
|  39|0x0000000084300000, 0x0000000084300000, 0x0000000084400000|  0%| F|  |TAMS 0x0000000084300000, 0x0000000084300000| Untracked 
|  40|0x0000000084400000, 0x0000000084500000, 0x0000000084500000|100%|HS|  |TAMS 0x0000000084500000, 0x0000000084400000| Complete 
|  41|0x0000000084500000, 0x0000000084600000, 0x0000000084600000|100%|HC|  |TAMS 0x0000000084600000, 0x0000000084500000| Complete 
|  42|0x0000000084600000, 0x0000000084700000, 0x0000000084700000|100%|HC|  |TAMS 0x0000000084700000, 0x0000000084600000| Complete 
|  43|0x0000000084700000, 0x0000000084800000, 0x0000000084800000|100%|HC|  |TAMS 0x0000000084800000, 0x0000000084700000| Complete 
|  44|0x0000000084800000, 0x0000000084900000, 0x0000000084900000|100%|HC|  |TAMS 0x0000000084900000, 0x0000000084800000| Complete 
|  45|0x0000000084900000, 0x0000000084a00000, 0x0000000084a00000|100%|HC|  |TAMS 0x0000000084a00000, 0x0000000084900000| Complete 
|  46|0x0000000084a00000, 0x0000000084b00000, 0x0000000084b00000|100%|HC|  |TAMS 0x0000000084b00000, 0x0000000084a00000| Complete 
|  47|0x0000000084b00000, 0x0000000084b00000, 0x0000000084c00000|  0%| F|  |TAMS 0x0000000084b00000, 0x0000000084b00000| Untracked 
|  48|0x0000000084c00000, 0x0000000084c00000, 0x0000000084d00000|  0%| F|  |TAMS 0x0000000084c00000, 0x0000000084c00000| Untracked 
|  49|0x0000000084d00000, 0x0000000084d00000, 0x0000000084e00000|  0%| F|  |TAMS 0x0000000084d00000, 0x0000000084d00000| Untracked 
|  50|0x0000000084e00000, 0x0000000084e00000, 0x0000000084f00000|  0%| F|  |TAMS 0x0000000084e00000, 0x0000000084e00000| Untracked 
|  51|0x0000000084f00000, 0x0000000084f00000, 0x0000000085000000|  0%| F|  |TAMS 0x0000000084f00000, 0x0000000084f00000| Untracked 
|  52|0x0000000085000000, 0x0000000085000000, 0x0000000085100000|  0%| F|  |TAMS 0x0000000085000000, 0x0000000085000000| Untracked 
|  53|0x0000000085100000, 0x0000000085100000, 0x0000000085200000|  0%| F|  |TAMS 0x0000000085100000, 0x0000000085100000| Untracked 
|  54|0x0000000085200000, 0x0000000085200000, 0x0000000085300000|  0%| F|  |TAMS 0x0000000085200000, 0x0000000085200000| Untracked 
|  55|0x0000000085300000, 0x0000000085300000, 0x0000000085400000|  0%| F|  |TAMS 0x0000000085300000, 0x0000000085300000| Untracked 
|  56|0x0000000085400000, 0x0000000085400000, 0x0000000085500000|  0%| F|  |TAMS 0x0000000085400000, 0x0000000085400000| Untracked 
|  57|0x0000000085500000, 0x0000000085500000, 0x0000000085600000|  0%| F|  |TAMS 0x0000000085500000, 0x0000000085500000| Untracked 
|  58|0x0000000085600000, 0x0000000085600000, 0x0000000085700000|  0%| F|  |TAMS 0x0000000085600000, 0x0000000085600000| Untracked 
|  59|0x0000000085700000, 0x0000000085700000, 0x0000000085800000|  0%| F|  |TAMS 0x0000000085700000, 0x0000000085700000| Untracked 
|  60|0x0000000085800000, 0x0000000085800000, 0x0000000085900000|  0%| F|  |TAMS 0x0000000085800000, 0x0000000085800000| Untracked 
|  61|0x0000000085900000, 0x0000000085900000, 0x0000000085a00000|  0%| F|  |TAMS 0x0000000085900000, 0x0000000085900000| Untracked 
|  62|0x0000000085a00000, 0x0000000085a566f0, 0x0000000085b00000| 33%| S|CS|TAMS 0x0000000085a00000, 0x0000000085a00000| Complete 
|  63|0x0000000085b00000, 0x0000000085c00000, 0x0000000085c00000|100%| S|CS|TAMS 0x0000000085b00000, 0x0000000085b00000| Complete 
|  64|0x0000000085c00000, 0x0000000085d00000, 0x0000000085d00000|100%| S|CS|TAMS 0x0000000085c00000, 0x0000000085c00000| Complete 
|  65|0x0000000085d00000, 0x0000000085d00000, 0x0000000085e00000|  0%| F|  |TAMS 0x0000000085d00000, 0x0000000085d00000| Untracked 
|  66|0x0000000085e00000, 0x0000000085e00000, 0x0000000085f00000|  0%| F|  |TAMS 0x0000000085e00000, 0x0000000085e00000| Untracked 
|  67|0x0000000085f00000, 0x0000000085f00000, 0x0000000086000000|  0%| F|  |TAMS 0x0000000085f00000, 0x0000000085f00000| Untracked 
|  68|0x0000000086000000, 0x0000000086000000, 0x0000000086100000|  0%| F|  |TAMS 0x0000000086000000, 0x0000000086000000| Untracked 
|  69|0x0000000086100000, 0x0000000086100000, 0x0000000086200000|  0%| F|  |TAMS 0x0000000086100000, 0x0000000086100000| Untracked 
|  70|0x0000000086200000, 0x0000000086200000, 0x0000000086300000|  0%| F|  |TAMS 0x0000000086200000, 0x0000000086200000| Untracked 
|  71|0x0000000086300000, 0x0000000086300000, 0x0000000086400000|  0%| F|  |TAMS 0x0000000086300000, 0x0000000086300000| Untracked 
|  72|0x0000000086400000, 0x0000000086400000, 0x0000000086500000|  0%| F|  |TAMS 0x0000000086400000, 0x0000000086400000| Untracked 
|  73|0x0000000086500000, 0x0000000086500000, 0x0000000086600000|  0%| F|  |TAMS 0x0000000086500000, 0x0000000086500000| Untracked 
|  74|0x0000000086600000, 0x0000000086600000, 0x0000000086700000|  0%| F|  |TAMS 0x0000000086600000, 0x0000000086600000| Untracked 
|  75|0x0000000086700000, 0x0000000086700000, 0x0000000086800000|  0%| F|  |TAMS 0x0000000086700000, 0x0000000086700000| Untracked 
|  76|0x0000000086800000, 0x0000000086800000, 0x0000000086900000|  0%| F|  |TAMS 0x0000000086800000, 0x0000000086800000| Untracked 
|  77|0x0000000086900000, 0x0000000086900000, 0x0000000086a00000|  0%| F|  |TAMS 0x0000000086900000, 0x0000000086900000| Untracked 
|  78|0x0000000086a00000, 0x0000000086a00000, 0x0000000086b00000|  0%| F|  |TAMS 0x0000000086a00000, 0x0000000086a00000| Untracked 
|  79|0x0000000086b00000, 0x0000000086b00000, 0x0000000086c00000|  0%| F|  |TAMS 0x0000000086b00000, 0x0000000086b00000| Untracked 
|  80|0x0000000086c00000, 0x0000000086c00000, 0x0000000086d00000|  0%| F|  |TAMS 0x0000000086c00000, 0x0000000086c00000| Untracked 
|  81|0x0000000086d00000, 0x0000000086d00000, 0x0000000086e00000|  0%| F|  |TAMS 0x0000000086d00000, 0x0000000086d00000| Untracked 
|  82|0x0000000086e00000, 0x0000000086e00000, 0x0000000086f00000|  0%| F|  |TAMS 0x0000000086e00000, 0x0000000086e00000| Untracked 
|  83|0x0000000086f00000, 0x0000000086f00000, 0x0000000087000000|  0%| F|  |TAMS 0x0000000086f00000, 0x0000000086f00000| Untracked 
|  84|0x0000000087000000, 0x0000000087000000, 0x0000000087100000|  0%| F|  |TAMS 0x0000000087000000, 0x0000000087000000| Untracked 
|  85|0x0000000087100000, 0x0000000087100000, 0x0000000087200000|  0%| F|  |TAMS 0x0000000087100000, 0x0000000087100000| Untracked 
|  86|0x0000000087200000, 0x0000000087200000, 0x0000000087300000|  0%| F|  |TAMS 0x0000000087200000, 0x0000000087200000| Untracked 
|  87|0x0000000087300000, 0x0000000087300000, 0x0000000087400000|  0%| F|  |TAMS 0x0000000087300000, 0x0000000087300000| Untracked 
|  88|0x0000000087400000, 0x0000000087400000, 0x0000000087500000|  0%| F|  |TAMS 0x0000000087400000, 0x0000000087400000| Untracked 
|  89|0x0000000087500000, 0x0000000087500000, 0x0000000087600000|  0%| F|  |TAMS 0x0000000087500000, 0x0000000087500000| Untracked 
|  90|0x0000000087600000, 0x0000000087600000, 0x0000000087700000|  0%| F|  |TAMS 0x0000000087600000, 0x0000000087600000| Untracked 
|  91|0x0000000087700000, 0x0000000087700000, 0x0000000087800000|  0%| F|  |TAMS 0x0000000087700000, 0x0000000087700000| Untracked 
|  92|0x0000000087800000, 0x0000000087800000, 0x0000000087900000|  0%| F|  |TAMS 0x0000000087800000, 0x0000000087800000| Untracked 
|  93|0x0000000087900000, 0x0000000087900000, 0x0000000087a00000|  0%| F|  |TAMS 0x0000000087900000, 0x0000000087900000| Untracked 
|  94|0x0000000087a00000, 0x0000000087a00000, 0x0000000087b00000|  0%| F|  |TAMS 0x0000000087a00000, 0x0000000087a00000| Untracked 
|  95|0x0000000087b00000, 0x0000000087b00000, 0x0000000087c00000|  0%| F|  |TAMS 0x0000000087b00000, 0x0000000087b00000| Untracked 
|  96|0x0000000087c00000, 0x0000000087c00000, 0x0000000087d00000|  0%| F|  |TAMS 0x0000000087c00000, 0x0000000087c00000| Untracked 
|  97|0x0000000087d00000, 0x0000000087d00000, 0x0000000087e00000|  0%| F|  |TAMS 0x0000000087d00000, 0x0000000087d00000| Untracked 
|  98|0x0000000087e00000, 0x0000000087e00000, 0x0000000087f00000|  0%| F|  |TAMS 0x0000000087e00000, 0x0000000087e00000| Untracked 
|  99|0x0000000087f00000, 0x0000000087f00000, 0x0000000088000000|  0%| F|  |TAMS 0x0000000087f00000, 0x0000000087f00000| Untracked 
| 100|0x0000000088000000, 0x0000000088000000, 0x0000000088100000|  0%| F|  |TAMS 0x0000000088000000, 0x0000000088000000| Untracked 
| 101|0x0000000088100000, 0x0000000088100000, 0x0000000088200000|  0%| F|  |TAMS 0x0000000088100000, 0x0000000088100000| Untracked 
| 102|0x0000000088200000, 0x0000000088200000, 0x0000000088300000|  0%| F|  |TAMS 0x0000000088200000, 0x0000000088200000| Untracked 
| 103|0x0000000088300000, 0x0000000088300000, 0x0000000088400000|  0%| F|  |TAMS 0x0000000088300000, 0x0000000088300000| Untracked 
| 104|0x0000000088400000, 0x0000000088400000, 0x0000000088500000|  0%| F|  |TAMS 0x0000000088400000, 0x0000000088400000| Untracked 
| 105|0x0000000088500000, 0x0000000088500000, 0x0000000088600000|  0%| F|  |TAMS 0x0000000088500000, 0x0000000088500000| Untracked 
| 106|0x0000000088600000, 0x0000000088600000, 0x0000000088700000|  0%| F|  |TAMS 0x0000000088600000, 0x0000000088600000| Untracked 
| 107|0x0000000088700000, 0x0000000088700000, 0x0000000088800000|  0%| F|  |TAMS 0x0000000088700000, 0x0000000088700000| Untracked 
| 108|0x0000000088800000, 0x0000000088900000, 0x0000000088900000|100%| E|  |TAMS 0x0000000088800000, 0x0000000088800000| Complete 
| 109|0x0000000088900000, 0x0000000088a00000, 0x0000000088a00000|100%| E|CS|TAMS 0x0000000088900000, 0x0000000088900000| Complete 
| 110|0x0000000088a00000, 0x0000000088b00000, 0x0000000088b00000|100%| E|CS|TAMS 0x0000000088a00000, 0x0000000088a00000| Complete 
| 111|0x0000000088b00000, 0x0000000088c00000, 0x0000000088c00000|100%| E|CS|TAMS 0x0000000088b00000, 0x0000000088b00000| Complete 
| 112|0x0000000088c00000, 0x0000000088d00000, 0x0000000088d00000|100%| E|CS|TAMS 0x0000000088c00000, 0x0000000088c00000| Complete 
| 113|0x0000000088d00000, 0x0000000088e00000, 0x0000000088e00000|100%| E|CS|TAMS 0x0000000088d00000, 0x0000000088d00000| Complete 
| 114|0x0000000088e00000, 0x0000000088f00000, 0x0000000088f00000|100%| E|CS|TAMS 0x0000000088e00000, 0x0000000088e00000| Complete 
| 115|0x0000000088f00000, 0x0000000089000000, 0x0000000089000000|100%| E|CS|TAMS 0x0000000088f00000, 0x0000000088f00000| Complete 
| 116|0x0000000089000000, 0x0000000089100000, 0x0000000089100000|100%| E|CS|TAMS 0x0000000089000000, 0x0000000089000000| Complete 
| 117|0x0000000089100000, 0x0000000089200000, 0x0000000089200000|100%| E|CS|TAMS 0x0000000089100000, 0x0000000089100000| Complete 
| 118|0x0000000089200000, 0x0000000089300000, 0x0000000089300000|100%| E|CS|TAMS 0x0000000089200000, 0x0000000089200000| Complete 
| 119|0x0000000089300000, 0x0000000089400000, 0x0000000089400000|100%| E|CS|TAMS 0x0000000089300000, 0x0000000089300000| Complete 
| 120|0x0000000089400000, 0x0000000089500000, 0x0000000089500000|100%| E|CS|TAMS 0x0000000089400000, 0x0000000089400000| Complete 
| 121|0x0000000089500000, 0x0000000089600000, 0x0000000089600000|100%| E|CS|TAMS 0x0000000089500000, 0x0000000089500000| Complete 
| 122|0x0000000089600000, 0x0000000089700000, 0x0000000089700000|100%| E|CS|TAMS 0x0000000089600000, 0x0000000089600000| Complete 
| 123|0x0000000089700000, 0x0000000089800000, 0x0000000089800000|100%| E|CS|TAMS 0x0000000089700000, 0x0000000089700000| Complete 
| 124|0x0000000089800000, 0x0000000089900000, 0x0000000089900000|100%| E|CS|TAMS 0x0000000089800000, 0x0000000089800000| Complete 
| 125|0x0000000089900000, 0x0000000089a00000, 0x0000000089a00000|100%| E|CS|TAMS 0x0000000089900000, 0x0000000089900000| Complete 
| 126|0x0000000089a00000, 0x0000000089b00000, 0x0000000089b00000|100%| E|CS|TAMS 0x0000000089a00000, 0x0000000089a00000| Complete 
| 127|0x0000000089b00000, 0x0000000089c00000, 0x0000000089c00000|100%| E|CS|TAMS 0x0000000089b00000, 0x0000000089b00000| Complete 

Card table byte_map: [0x000001ed9d700000,0x000001ed9db00000] _byte_map_base: 0x000001ed9d2f2000

Marking Bits (Prev, Next): (CMBitMap*) 0x000001ed8a28e7e8, (CMBitMap*) 0x000001ed8a28e820
 Prev Bits: [0x000001ed9df00000, 0x000001ed9fe90000)
 Next Bits: [0x000001ed9fe90000, 0x000001eda1e20000)

Polling page: 0x000001ed880f0000

Metaspace:

Usage:
  Non-class:     26.82 MB capacity,    26.36 MB ( 98%) used,   381.18 KB (  1%) free+waste,    88.69 KB ( <1%) overhead. 
      Class:      3.28 MB capacity,     2.96 MB ( 90%) used,   292.80 KB (  9%) free+waste,    42.13 KB (  1%) overhead. 
       Both:     30.10 MB capacity,    29.31 MB ( 97%) used,   673.98 KB (  2%) free+waste,   130.81 KB ( <1%) overhead. 

Virtual space:
  Non-class space:       28.00 MB reserved,      27.00 MB ( 96%) committed 
      Class space:        1.00 GB reserved,       3.38 MB ( <1%) committed 
             Both:        1.03 GB reserved,      30.38 MB (  3%) committed 

Chunk freelists:
   Non-Class:  61.00 KB
       Class:  29.00 KB
        Both:  90.00 KB

MaxMetaspaceSize: 17179869184.00 GB
CompressedClassSpaceSize: 1.00 GB

CodeHeap 'non-profiled nmethods': size=120064Kb used=1840Kb max_used=1840Kb free=118223Kb
 bounds [0x000001ed95dc0000, 0x000001ed96030000, 0x000001ed9d300000]
CodeHeap 'profiled nmethods': size=120000Kb used=6776Kb max_used=6776Kb free=113223Kb
 bounds [0x000001ed8e890000, 0x000001ed8ef30000, 0x000001ed95dc0000]
CodeHeap 'non-nmethods': size=5696Kb used=1738Kb max_used=1770Kb free=3957Kb
 bounds [0x000001ed8e300000, 0x000001ed8e570000, 0x000001ed8e890000]
 total_blobs=5950 nmethods=3432 adapters=1293
 compilation: enabled
              stopped_count=0, restarted_count=0
 full_count=0

Compilation events (20 events):
Event: 13.714 Thread 0x000001eda4ba8800 3451       3       org.lwjgl.opengl.GL11C::glDrawElements (8 bytes)
Event: 13.714 Thread 0x000001eda4ba8800 nmethod 3451 0x000001ed8ef2bd10 code [0x000001ed8ef2bec0, 0x000001ed8ef2c030]
Event: 13.759 Thread 0x000001eda4ba1000 3453       4       jdk.internal.misc.Unsafe::allocateUninitializedArray (52 bytes)
Event: 13.761 Thread 0x000001eda4ba1000 nmethod 3453 0x000001ed95f8b690 code [0x000001ed95f8b820, 0x000001ed95f8b9d8]
Event: 13.761 Thread 0x000001eda4ba1000 3454       4       java.lang.StringConcatHelper::newString (46 bytes)
Event: 13.761 Thread 0x000001eda4ba8800 3455       1       javafx.scene.CssStyleHelper$CacheContainer::access$400 (5 bytes)
Event: 13.761 Thread 0x000001eda4ba8800 nmethod 3455 0x000001ed95f8bb10 code [0x000001ed95f8bcc0, 0x000001ed95f8bdb8]
Event: 13.762 Thread 0x000001eda4ba8800 3456       3       com.sun.prism.impl.ps.BaseShaderGraphics::len (39 bytes)
Event: 13.762 Thread 0x000001eda4ba8800 nmethod 3456 0x000001ed8ef2c110 code [0x000001ed8ef2c2e0, 0x000001ed8ef2c6f8]
Event: 13.762 Thread 0x000001eda4ba8800 3457       3       java.lang.Math::signum (23 bytes)
Event: 13.763 Thread 0x000001eda4ba8800 nmethod 3457 0x000001ed8ef2c810 code [0x000001ed8ef2c9e0, 0x000001ed8ef2cd58]
Event: 13.763 Thread 0x000001eda4ba8800 3458       3       java.lang.Math::copySign (19 bytes)
Event: 13.763 Thread 0x000001eda4ba8800 nmethod 3458 0x000001ed8ef2ce10 code [0x000001ed8ef2cfc0, 0x000001ed8ef2d158]
Event: 13.763 Thread 0x000001eda4ba8800 3459       3       com.sun.prism.d3d.D3DSwapChain::getResourceHandle (8 bytes)
Event: 13.763 Thread 0x000001eda4ba8800 nmethod 3459 0x000001ed8ef2d210 code [0x000001ed8ef2d3c0, 0x000001ed8ef2d5b8]
Event: 13.763 Thread 0x000001eda4ba8800 3460       3       com.sun.prism.d3d.D3DSwapChain::getContentWidth (5 bytes)
Event: 13.764 Thread 0x000001eda4ba8800 nmethod 3460 0x000001ed8ef2d690 code [0x000001ed8ef2d860, 0x000001ed8ef2db10]
Event: 13.764 Thread 0x000001eda4ba8800 3461       3       com.sun.prism.d3d.D3DSwapChain::getContentHeight (5 bytes)
Event: 13.764 Thread 0x000001eda4ba8800 nmethod 3461 0x000001ed8ef2dc10 code [0x000001ed8ef2dde0, 0x000001ed8ef2e090]
Event: 13.765 Thread 0x000001eda4ba1000 nmethod 3454 0x000001ed95f8be90 code [0x000001ed95f8c020, 0x000001ed95f8c178]

GC Heap History (16 events):
Event: 1.140 GC heap before
{Heap before GC invocations=0 (full 0):
 garbage-first heap   total 131072K, used 13312K [0x0000000081c00000, 0x0000000100000000)
  region size 1024K, 14 young (14336K), 0 survivors (0K)
 Metaspace       used 6235K, capacity 6267K, committed 6528K, reserved 1056768K
  class space    used 514K, capacity 534K, committed 640K, reserved 1048576K
}
Event: 1.149 GC heap after
{Heap after GC invocations=1 (full 0):
 garbage-first heap   total 131072K, used 3501K [0x0000000081c00000, 0x0000000100000000)
  region size 1024K, 2 young (2048K), 2 survivors (2048K)
 Metaspace       used 6235K, capacity 6267K, committed 6528K, reserved 1056768K
  class space    used 514K, capacity 534K, committed 640K, reserved 1048576K
}
Event: 2.032 GC heap before
{Heap before GC invocations=1 (full 0):
 garbage-first heap   total 131072K, used 14765K [0x0000000081c00000, 0x0000000100000000)
  region size 1024K, 13 young (13312K), 2 survivors (2048K)
 Metaspace       used 10492K, capacity 10805K, committed 11136K, reserved 1058816K
  class space    used 963K, capacity 1054K, committed 1152K, reserved 1048576K
}
Event: 2.083 GC heap after
{Heap after GC invocations=2 (full 0):
 garbage-first heap   total 131072K, used 4788K [0x0000000081c00000, 0x0000000100000000)
  region size 1024K, 2 young (2048K), 2 survivors (2048K)
 Metaspace       used 10492K, capacity 10805K, committed 11136K, reserved 1058816K
  class space    used 963K, capacity 1054K, committed 1152K, reserved 1048576K
}
Event: 5.389 GC heap before
{Heap before GC invocations=2 (full 0):
 garbage-first heap   total 131072K, used 79540K [0x0000000081c00000, 0x0000000100000000)
  region size 1024K, 26 young (26624K), 2 survivors (2048K)
 Metaspace       used 17177K, capacity 17644K, committed 17920K, reserved 1064960K
  class space    used 1763K, capacity 1978K, committed 2048K, reserved 1048576K
}
Event: 5.399 GC heap after
{Heap after GC invocations=3 (full 0):
 garbage-first heap   total 131072K, used 27291K [0x0000000081c00000, 0x0000000100000000)
  region size 1024K, 4 young (4096K), 4 survivors (4096K)
 Metaspace       used 17177K, capacity 17644K, committed 17920K, reserved 1064960K
  class space    used 1763K, capacity 1978K, committed 2048K, reserved 1048576K
}
Event: 6.099 GC heap before
{Heap before GC invocations=4 (full 0):
 garbage-first heap   total 131072K, used 65179K [0x0000000081c00000, 0x0000000100000000)
  region size 1024K, 16 young (16384K), 4 survivors (4096K)
 Metaspace       used 19767K, capacity 20316K, committed 20608K, reserved 1067008K
  class space    used 2166K, capacity 2359K, committed 2432K, reserved 1048576K
}
Event: 6.110 GC heap after
{Heap after GC invocations=5 (full 0):
 garbage-first heap   total 131072K, used 31761K [0x0000000081c00000, 0x0000000100000000)
  region size 1024K, 6 young (6144K), 6 survivors (6144K)
 Metaspace       used 19767K, capacity 20316K, committed 20608K, reserved 1067008K
  class space    used 2166K, capacity 2359K, committed 2432K, reserved 1048576K
}
Event: 8.933 GC heap before
{Heap before GC invocations=6 (full 0):
 garbage-first heap   total 131072K, used 93201K [0x0000000081c00000, 0x0000000100000000)
  region size 1024K, 46 young (47104K), 6 survivors (6144K)
 Metaspace       used 23622K, capacity 24310K, committed 24576K, reserved 1071104K
  class space    used 2697K, capacity 3020K, committed 3072K, reserved 1048576K
}
Event: 8.943 GC heap after
{Heap after GC invocations=7 (full 0):
 garbage-first heap   total 131072K, used 37078K [0x0000000081c00000, 0x0000000100000000)
  region size 1024K, 3 young (3072K), 3 survivors (3072K)
 Metaspace       used 23622K, capacity 24310K, committed 24576K, reserved 1071104K
  class space    used 2697K, capacity 3020K, committed 3072K, reserved 1048576K
}
Event: 10.211 GC heap before
{Heap before GC invocations=7 (full 0):
 garbage-first heap   total 131072K, used 86230K [0x0000000081c00000, 0x0000000100000000)
  region size 1024K, 51 young (52224K), 3 survivors (3072K)
 Metaspace       used 27734K, capacity 28446K, committed 28672K, reserved 1075200K
  class space    used 2885K, capacity 3212K, committed 3328K, reserved 1048576K
}
Event: 10.221 GC heap after
{Heap after GC invocations=8 (full 0):
 garbage-first heap   total 131072K, used 38382K [0x0000000081c00000, 0x0000000100000000)
  region size 1024K, 5 young (5120K), 5 survivors (5120K)
 Metaspace       used 27734K, capacity 28446K, committed 28672K, reserved 1075200K
  class space    used 2885K, capacity 3212K, committed 3328K, reserved 1048576K
}
Event: 10.909 GC heap before
{Heap before GC invocations=8 (full 0):
 garbage-first heap   total 131072K, used 90606K [0x0000000081c00000, 0x0000000100000000)
  region size 1024K, 56 young (57344K), 5 survivors (5120K)
 Metaspace       used 28128K, capacity 28875K, committed 29184K, reserved 1075200K
  class space    used 2915K, capacity 3249K, committed 3328K, reserved 1048576K
}
Event: 10.922 GC heap after
{Heap after GC invocations=9 (full 0):
 garbage-first heap   total 131072K, used 39818K [0x0000000081c00000, 0x0000000100000000)
  region size 1024K, 4 young (4096K), 4 survivors (4096K)
 Metaspace       used 28128K, capacity 28875K, committed 29184K, reserved 1075200K
  class space    used 2915K, capacity 3249K, committed 3328K, reserved 1048576K
}
Event: 12.970 GC heap before
{Heap before GC invocations=9 (full 0):
 garbage-first heap   total 131072K, used 101258K [0x0000000081c00000, 0x0000000100000000)
  region size 1024K, 63 young (64512K), 4 survivors (4096K)
 Metaspace       used 29076K, capacity 29818K, committed 29952K, reserved 1075200K
  class space    used 2994K, capacity 3327K, committed 3328K, reserved 1048576K
}
Event: 12.976 GC heap after
{Heap after GC invocations=10 (full 0):
 garbage-first heap   total 131072K, used 40344K [0x0000000081c00000, 0x0000000100000000)
  region size 1024K, 3 young (3072K), 3 survivors (3072K)
 Metaspace       used 29076K, capacity 29818K, committed 29952K, reserved 1075200K
  class space    used 2994K, capacity 3327K, committed 3328K, reserved 1048576K
}

Deoptimization events (20 events):
Event: 10.750 Thread 0x000001eda5cb0800 Uncommon trap: trap_request=0xffffffbe fr.pc=0x000001ed95f37894 relative=0x00000000000003d4
Event: 10.750 Thread 0x000001eda5cb0800 Uncommon trap: reason=profile_predicate action=maybe_recompile pc=0x000001ed95f37894 method=java.util.regex.Pattern$Slice.match(Ljava/util/regex/Matcher;ILjava/lang/CharSequence;)Z @ 18 c2
Event: 10.750 Thread 0x000001eda5cb0800 DEOPT PACKING pc=0x000001ed95f37894 sp=0x00000011e38fabe0
Event: 10.750 Thread 0x000001eda5cb0800 DEOPT UNPACKING pc=0x000001ed8e328eaf sp=0x00000011e38fab80 mode 2
Event: 10.750 Thread 0x000001eda5cb0800 Uncommon trap: trap_request=0xffffffbe fr.pc=0x000001ed95f37894 relative=0x00000000000003d4
Event: 10.750 Thread 0x000001eda5cb0800 Uncommon trap: reason=profile_predicate action=maybe_recompile pc=0x000001ed95f37894 method=java.util.regex.Pattern$Slice.match(Ljava/util/regex/Matcher;ILjava/lang/CharSequence;)Z @ 18 c2
Event: 10.750 Thread 0x000001eda5cb0800 DEOPT PACKING pc=0x000001ed95f37894 sp=0x00000011e38fabe0
Event: 10.750 Thread 0x000001eda5cb0800 DEOPT UNPACKING pc=0x000001ed8e328eaf sp=0x00000011e38fab80 mode 2
Event: 10.787 Thread 0x000001eda5cb0800 Uncommon trap: trap_request=0xffffffcc fr.pc=0x000001ed95f2e71c relative=0x0000000000003e3c
Event: 10.787 Thread 0x000001eda5cb0800 Uncommon trap: reason=intrinsic_or_type_checked_inlining action=make_not_entrant pc=0x000001ed95f2e71c method=java.util.ArrayList$SubList.toArray([Ljava/lang/Object;)[Ljava/lang/Object; @ 58 c2
Event: 10.787 Thread 0x000001eda5cb0800 DEOPT PACKING pc=0x000001ed95f2e71c sp=0x00000011e38faf70
Event: 10.787 Thread 0x000001eda5cb0800 DEOPT UNPACKING pc=0x000001ed8e328eaf sp=0x00000011e38fae38 mode 2
Event: 11.144 Thread 0x000001eda5cb0800 Uncommon trap: trap_request=0xffffff4d fr.pc=0x000001ed95edf850 relative=0x00000000000000b0
Event: 11.144 Thread 0x000001eda5cb0800 Uncommon trap: reason=unstable_if action=reinterpret pc=0x000001ed95edf850 method=com.sun.javafx.geom.RectBounds.deriveWithNewBounds(Lcom/sun/javafx/geom/BaseBounds;)Lcom/sun/javafx/geom/BaseBounds; @ 4 c2
Event: 11.144 Thread 0x000001eda5cb0800 DEOPT PACKING pc=0x000001ed95edf850 sp=0x00000011e38faad0
Event: 11.144 Thread 0x000001eda5cb0800 DEOPT UNPACKING pc=0x000001ed8e328eaf sp=0x00000011e38faa68 mode 2
Event: 13.384 Thread 0x000001eda5cb0800 Uncommon trap: trap_request=0xffffff5c fr.pc=0x000001ed95f7e378 relative=0x0000000000000058
Event: 13.384 Thread 0x000001eda5cb0800 Uncommon trap: reason=speculate_null_assert action=make_not_entrant pc=0x000001ed95f7e378 method=sun.misc.Unsafe.getLong(Ljava/lang/Object;J)J @ 5 c2
Event: 13.384 Thread 0x000001eda5cb0800 DEOPT PACKING pc=0x000001ed95f7e378 sp=0x00000011e38faf20
Event: 13.384 Thread 0x000001eda5cb0800 DEOPT UNPACKING pc=0x000001ed8e328eaf sp=0x00000011e38faea8 mode 2

Classes redefined (0 events):
No events

Internal exceptions (20 events):
Event: 7.125 Thread 0x000001eda5cb0800 Exception <a 'java/lang/NoSuchMethodError'{0x000000008912c080}: 'void java.lang.invoke.DirectMethodHandle$Holder.invokeSpecial(java.lang.Object, java.lang.Object, double)'> (0x000000008912c080) thrown at [c:/BuildAgent/work/5ff2f6c26000d570/src/hotspot/sh
Event: 7.129 Thread 0x000001eda5cb0800 Exception <a 'java/lang/NoSuchMethodError'{0x0000000089131f18}: 'java.lang.Object java.lang.invoke.DirectMethodHandle$Holder.invokeStatic(java.lang.Object, java.lang.Object, double)'> (0x0000000089131f18) thrown at [c:/BuildAgent/work/5ff2f6c26000d570/src
Event: 9.006 Thread 0x000001eda5cb0800 Exception <a 'sun/nio/fs/WindowsException'{0x000000008974b128}> (0x000000008974b128) thrown at [c:/BuildAgent/work/5ff2f6c26000d570/src/hotspot/share/prims/jni.cpp, line 615]
Event: 9.011 Thread 0x000001eda5cb0800 Exception <a 'sun/nio/fs/WindowsException'{0x00000000897541b8}> (0x00000000897541b8) thrown at [c:/BuildAgent/work/5ff2f6c26000d570/src/hotspot/share/prims/jni.cpp, line 615]
Event: 9.044 Thread 0x000001eda5cb0800 Implicit null exception at 0x000001ed95e244cf to 0x000001ed95e24946
Event: 9.050 Thread 0x000001eda5cb0800 Exception <a 'java/lang/NoSuchMethodError'{0x000000008958af90}: 'void java.lang.invoke.DirectMethodHandle$Holder.invokeStatic(java.lang.Object, java.lang.Object, int, java.lang.Object)'> (0x000000008958af90) thrown at [c:/BuildAgent/work/5ff2f6c26000d570/
Event: 9.051 Thread 0x000001eda5cb0800 Exception <a 'java/lang/NoSuchMethodError'{0x00000000895b38c0}: 'void java.lang.invoke.DelegatingMethodHandle$Holder.delegate(java.lang.Object, java.lang.Object, int, java.lang.Object)'> (0x00000000895b38c0) thrown at [c:/BuildAgent/work/5ff2f6c26000d570/
Event: 9.053 Thread 0x000001eda5cb0800 Exception <a 'java/lang/NoSuchMethodError'{0x00000000895bb020}: 'java.lang.Object java.lang.invoke.DirectMethodHandle$Holder.invokeStaticInit(java.lang.Object, java.lang.Object, java.lang.Object)'> (0x00000000895bb020) thrown at [c:/BuildAgent/work/5ff2f6
Event: 9.097 Thread 0x000001eda5cb0800 Exception <a 'sun/nio/fs/WindowsException'{0x0000000089415188}> (0x0000000089415188) thrown at [c:/BuildAgent/work/5ff2f6c26000d570/src/hotspot/share/prims/jni.cpp, line 615]
Event: 9.098 Thread 0x000001eda5cb0800 Exception <a 'sun/nio/fs/WindowsException'{0x00000000894156e0}> (0x00000000894156e0) thrown at [c:/BuildAgent/work/5ff2f6c26000d570/src/hotspot/share/prims/jni.cpp, line 615]
Event: 9.123 Thread 0x000001eda5cb0800 Exception <a 'sun/nio/fs/WindowsException'{0x000000008947bbe0}> (0x000000008947bbe0) thrown at [c:/BuildAgent/work/5ff2f6c26000d570/src/hotspot/share/prims/jni.cpp, line 615]
Event: 9.123 Thread 0x000001eda5cb0800 Exception <a 'sun/nio/fs/WindowsException'{0x000000008947bf50}> (0x000000008947bf50) thrown at [c:/BuildAgent/work/5ff2f6c26000d570/src/hotspot/share/prims/jni.cpp, line 615]
Event: 9.324 Thread 0x000001eda5cb0800 Exception <a 'sun/nio/fs/WindowsException'{0x0000000089232d10}> (0x0000000089232d10) thrown at [c:/BuildAgent/work/5ff2f6c26000d570/src/hotspot/share/prims/jni.cpp, line 615]
Event: 9.324 Thread 0x000001eda5cb0800 Exception <a 'sun/nio/fs/WindowsException'{0x00000000892330b0}> (0x00000000892330b0) thrown at [c:/BuildAgent/work/5ff2f6c26000d570/src/hotspot/share/prims/jni.cpp, line 615]
Event: 9.358 Thread 0x000001eda5cb0800 Exception <a 'sun/nio/fs/WindowsException'{0x000000008918a108}> (0x000000008918a108) thrown at [c:/BuildAgent/work/5ff2f6c26000d570/src/hotspot/share/prims/jni.cpp, line 615]
Event: 9.358 Thread 0x000001eda5cb0800 Exception <a 'sun/nio/fs/WindowsException'{0x000000008918a4b8}> (0x000000008918a4b8) thrown at [c:/BuildAgent/work/5ff2f6c26000d570/src/hotspot/share/prims/jni.cpp, line 615]
Event: 9.367 Thread 0x000001eda5cb0800 Exception <a 'sun/nio/fs/WindowsException'{0x0000000089046a20}> (0x0000000089046a20) thrown at [c:/BuildAgent/work/5ff2f6c26000d570/src/hotspot/share/prims/jni.cpp, line 615]
Event: 9.367 Thread 0x000001eda5cb0800 Exception <a 'sun/nio/fs/WindowsException'{0x0000000089046d08}> (0x0000000089046d08) thrown at [c:/BuildAgent/work/5ff2f6c26000d570/src/hotspot/share/prims/jni.cpp, line 615]
Event: 10.346 Thread 0x000001eda5cb0800 Exception <a 'sun/nio/fs/WindowsException'{0x00000000898875b0}> (0x00000000898875b0) thrown at [c:/BuildAgent/work/5ff2f6c26000d570/src/hotspot/share/prims/jni.cpp, line 615]
Event: 10.346 Thread 0x000001eda5cb0800 Exception <a 'sun/nio/fs/WindowsException'{0x0000000089887938}> (0x0000000089887938) thrown at [c:/BuildAgent/work/5ff2f6c26000d570/src/hotspot/share/prims/jni.cpp, line 615]

Events (20 events):
Event: 13.576 Thread 0x000001eda62c0800 Thread exited: 0x000001eda62c0800
Event: 13.576 Thread 0x000001eda62c3000 Thread added: 0x000001eda62c3000
Event: 13.576 Thread 0x000001eda62c3000 Thread exited: 0x000001eda62c3000
Event: 13.577 Thread 0x000001eda62c0800 Thread added: 0x000001eda62c0800
Event: 13.577 Thread 0x000001eda62c0800 Thread exited: 0x000001eda62c0800
Event: 13.577 Thread 0x000001eda62c0800 Thread added: 0x000001eda62c0800
Event: 13.577 Thread 0x000001eda62c0800 Thread exited: 0x000001eda62c0800
Event: 13.617 Thread 0x000001edb3a38000 Thread exited: 0x000001edb3a38000
Event: 13.676 Thread 0x000001eda62c0800 Thread added: 0x000001eda62c0800
Event: 13.676 Thread 0x000001eda62c0800 Thread exited: 0x000001eda62c0800
Event: 13.676 Thread 0x000001eda62bd000 Thread added: 0x000001eda62bd000
Event: 13.676 Thread 0x000001eda62bd000 Thread exited: 0x000001eda62bd000
Event: 13.676 Thread 0x000001eda62c3000 Thread added: 0x000001eda62c3000
Event: 13.677 Thread 0x000001eda62c3000 Thread exited: 0x000001eda62c3000
Event: 13.677 Thread 0x000001eda62bd000 Thread added: 0x000001eda62bd000
Event: 13.677 Thread 0x000001eda62bd000 Thread exited: 0x000001eda62bd000
Event: 13.677 Thread 0x000001eda62c0800 Thread added: 0x000001eda62c0800
Event: 13.677 Thread 0x000001eda62c0800 Thread exited: 0x000001eda62c0800
Event: 13.677 Thread 0x000001eda62c3000 Thread added: 0x000001eda62c3000
Event: 13.677 Thread 0x000001eda62c3000 Thread exited: 0x000001eda62c3000


Dynamic libraries:
0x00007ff6fc1f0000 - 0x00007ff6fc1fa000 	C:\Program Files\JetBrains\IntelliJ IDEA Community Edition 2019.3.3\jbr\bin\java.exe
0x00007ff8b88c0000 - 0x00007ff8b8ab0000 	C:\Windows\SYSTEM32\ntdll.dll
0x00007ff8b7380000 - 0x00007ff8b7432000 	C:\Windows\System32\KERNEL32.DLL
0x00007ff8b6570000 - 0x00007ff8b6813000 	C:\Windows\System32\KERNELBASE.dll
0x00007ff8b58b0000 - 0x00007ff8b59aa000 	C:\Windows\System32\ucrtbase.dll
0x00007ff897250000 - 0x00007ff897269000 	C:\Program Files\JetBrains\IntelliJ IDEA Community Edition 2019.3.3\jbr\bin\jli.dll
0x00007ff8b6ba0000 - 0x00007ff8b6d34000 	C:\Windows\System32\USER32.dll
0x00007ff8b5cc0000 - 0x00007ff8b5ce1000 	C:\Windows\System32\win32u.dll
0x00007ff8b6b70000 - 0x00007ff8b6b96000 	C:\Windows\System32\GDI32.dll
0x00007ff8b5a00000 - 0x00007ff8b5b94000 	C:\Windows\System32\gdi32full.dll
0x00007ff8b5ba0000 - 0x00007ff8b5c3e000 	C:\Windows\System32\msvcp_win.dll
0x00007ff897ce0000 - 0x00007ff897cf7000 	C:\Program Files\JetBrains\IntelliJ IDEA Community Edition 2019.3.3\jbr\bin\VCRUNTIME140.dll
0x00007ff8a63a0000 - 0x00007ff8a6625000 	C:\Windows\WinSxS\amd64_microsoft.windows.common-controls_6595b64144ccf1df_6.0.18362.778_none_e6c6b761130d4fb8\COMCTL32.dll
0x00007ff8b6a50000 - 0x00007ff8b6aee000 	C:\Windows\System32\msvcrt.dll
0x00007ff8b7af0000 - 0x00007ff8b7e26000 	C:\Windows\System32\combase.dll
0x00007ff8b85e0000 - 0x00007ff8b8700000 	C:\Windows\System32\RPCRT4.dll
0x00007ff8b5c40000 - 0x00007ff8b5cc0000 	C:\Windows\System32\bcryptPrimitives.dll
0x00007ff8b8850000 - 0x00007ff8b887e000 	C:\Windows\System32\IMM32.DLL
0x00007ff87ce70000 - 0x00007ff87cf0d000 	C:\Program Files\JetBrains\IntelliJ IDEA Community Edition 2019.3.3\jbr\bin\msvcp140.dll
0x00007ff8741c0000 - 0x00007ff874c7d000 	C:\Program Files\JetBrains\IntelliJ IDEA Community Edition 2019.3.3\jbr\bin\server\jvm.dll
0x00007ff8b7740000 - 0x00007ff8b77e3000 	C:\Windows\System32\ADVAPI32.dll
0x00007ff8b6d40000 - 0x00007ff8b6dd7000 	C:\Windows\System32\sechost.dll
0x00007ff8b6a40000 - 0x00007ff8b6a48000 	C:\Windows\System32\PSAPI.DLL
0x00007ff8a4ee0000 - 0x00007ff8a4ee9000 	C:\Windows\SYSTEM32\WSOCK32.dll
0x00007ff8b7510000 - 0x00007ff8b757f000 	C:\Windows\System32\WS2_32.dll
0x00007ff8b3310000 - 0x00007ff8b3334000 	C:\Windows\SYSTEM32\WINMM.dll
0x00007ff8ae040000 - 0x00007ff8ae04a000 	C:\Windows\SYSTEM32\VERSION.dll
0x00007ff8b32e0000 - 0x00007ff8b330d000 	C:\Windows\SYSTEM32\WINMMBASE.dll
0x00007ff8b6520000 - 0x00007ff8b656a000 	C:\Windows\System32\cfgmgr32.dll
0x00007ff8b5830000 - 0x00007ff8b5841000 	C:\Windows\System32\kernel.appcore.dll
0x00007ff8aa740000 - 0x00007ff8aa751000 	C:\Program Files\JetBrains\IntelliJ IDEA Community Edition 2019.3.3\jbr\bin\verify.dll
0x00007ff8b3f50000 - 0x00007ff8b4144000 	C:\Windows\SYSTEM32\DBGHELP.DLL
0x00007ff89ee20000 - 0x00007ff89ee4a000 	C:\Windows\SYSTEM32\dbgcore.DLL
0x00007ff89ad00000 - 0x00007ff89ad29000 	C:\Program Files\JetBrains\IntelliJ IDEA Community Edition 2019.3.3\jbr\bin\java.dll
0x00007ff8b0df0000 - 0x00007ff8b0dff000 	C:\Program Files\JetBrains\IntelliJ IDEA Community Edition 2019.3.3\jbr\bin\instrument.dll
0x00007ff8a8100000 - 0x00007ff8a8118000 	C:\Program Files\JetBrains\IntelliJ IDEA Community Edition 2019.3.3\jbr\bin\zip.dll
0x00007ff8ae810000 - 0x00007ff8ae81b000 	C:\Program Files\JetBrains\IntelliJ IDEA Community Edition 2019.3.3\jbr\bin\jimage.dll
0x00007ff8b7ef0000 - 0x00007ff8b85d5000 	C:\Windows\System32\SHELL32.dll
0x00007ff8b7e30000 - 0x00007ff8b7ed9000 	C:\Windows\System32\shcore.dll
0x00007ff8b5da0000 - 0x00007ff8b6520000 	C:\Windows\System32\windows.storage.dll
0x00007ff8b5790000 - 0x00007ff8b57b3000 	C:\Windows\System32\profapi.dll
0x00007ff8b57e0000 - 0x00007ff8b582a000 	C:\Windows\System32\powrprof.dll
0x00007ff8b5780000 - 0x00007ff8b5790000 	C:\Windows\System32\UMPDC.dll
0x00007ff8b76e0000 - 0x00007ff8b7732000 	C:\Windows\System32\shlwapi.dll
0x00007ff8b59e0000 - 0x00007ff8b59f7000 	C:\Windows\System32\cryptsp.dll
0x00007ff89a7f0000 - 0x00007ff89a80a000 	C:\Program Files\JetBrains\IntelliJ IDEA Community Edition 2019.3.3\jbr\bin\net.dll
0x00007ff8aa310000 - 0x00007ff8aa400000 	C:\Windows\SYSTEM32\WINHTTP.dll
0x00007ff8b4f90000 - 0x00007ff8b4ff7000 	C:\Windows\system32\mswsock.dll
0x00007ff8993c0000 - 0x00007ff8993d4000 	C:\Program Files\JetBrains\IntelliJ IDEA Community Edition 2019.3.3\jbr\bin\nio.dll
0x00007ff8aa0b0000 - 0x00007ff8aa0ca000 	C:\Program Files\JetBrains\IntelliJ IDEA Community Edition 2019.3.3\bin\breakgen64.dll
0x000001ed88150000 - 0x000001ed88153000 	C:\Program Files\JetBrains\IntelliJ IDEA Community Edition 2019.3.3\jbr\bin\api-ms-win-core-console-l1-1-0.dll
0x000001ed8a180000 - 0x000001ed8a183000 	C:\Program Files\JetBrains\IntelliJ IDEA Community Edition 2019.3.3\jbr\bin\api-ms-win-core-datetime-l1-1-0.dll
0x000001ed8a190000 - 0x000001ed8a193000 	C:\Program Files\JetBrains\IntelliJ IDEA Community Edition 2019.3.3\jbr\bin\api-ms-win-core-debug-l1-1-0.dll
0x000001ed8a1a0000 - 0x000001ed8a1a3000 	C:\Program Files\JetBrains\IntelliJ IDEA Community Edition 2019.3.3\jbr\bin\api-ms-win-core-errorhandling-l1-1-0.dll
0x000001ed8a1b0000 - 0x000001ed8a1b4000 	C:\Program Files\JetBrains\IntelliJ IDEA Community Edition 2019.3.3\jbr\bin\api-ms-win-core-file-l1-1-0.dll
0x000001ed8a1c0000 - 0x000001ed8a1c3000 	C:\Program Files\JetBrains\IntelliJ IDEA Community Edition 2019.3.3\jbr\bin\api-ms-win-core-file-l1-2-0.dll
0x000001ed8a1d0000 - 0x000001ed8a1d3000 	C:\Program Files\JetBrains\IntelliJ IDEA Community Edition 2019.3.3\jbr\bin\api-ms-win-core-file-l2-1-0.dll
0x000001ed8a1e0000 - 0x000001ed8a1e3000 	C:\Program Files\JetBrains\IntelliJ IDEA Community Edition 2019.3.3\jbr\bin\api-ms-win-core-handle-l1-1-0.dll
0x000001ed8a1f0000 - 0x000001ed8a1f3000 	C:\Program Files\JetBrains\IntelliJ IDEA Community Edition 2019.3.3\jbr\bin\api-ms-win-core-heap-l1-1-0.dll
0x000001eda6a30000 - 0x000001eda6a33000 	C:\Program Files\JetBrains\IntelliJ IDEA Community Edition 2019.3.3\jbr\bin\api-ms-win-core-interlocked-l1-1-0.dll
0x000001eda6a40000 - 0x000001eda6a43000 	C:\Program Files\JetBrains\IntelliJ IDEA Community Edition 2019.3.3\jbr\bin\api-ms-win-core-libraryloader-l1-1-0.dll
0x000001eda6a50000 - 0x000001eda6a53000 	C:\Program Files\JetBrains\IntelliJ IDEA Community Edition 2019.3.3\jbr\bin\api-ms-win-core-localization-l1-2-0.dll
0x000001eda6a60000 - 0x000001eda6a63000 	C:\Program Files\JetBrains\IntelliJ IDEA Community Edition 2019.3.3\jbr\bin\api-ms-win-core-memory-l1-1-0.dll
0x000001eda6a70000 - 0x000001eda6a73000 	C:\Program Files\JetBrains\IntelliJ IDEA Community Edition 2019.3.3\jbr\bin\api-ms-win-core-namedpipe-l1-1-0.dll
0x000001eda6a80000 - 0x000001eda6a83000 	C:\Program Files\JetBrains\IntelliJ IDEA Community Edition 2019.3.3\jbr\bin\api-ms-win-core-processenvironment-l1-1-0.dll
0x000001eda6a90000 - 0x000001eda6a93000 	C:\Program Files\JetBrains\IntelliJ IDEA Community Edition 2019.3.3\jbr\bin\api-ms-win-core-processthreads-l1-1-0.dll
0x000001eda6aa0000 - 0x000001eda6aa3000 	C:\Program Files\JetBrains\IntelliJ IDEA Community Edition 2019.3.3\jbr\bin\api-ms-win-core-processthreads-l1-1-1.dll
0x000001eda6ab0000 - 0x000001eda6ab3000 	C:\Program Files\JetBrains\IntelliJ IDEA Community Edition 2019.3.3\jbr\bin\api-ms-win-core-profile-l1-1-0.dll
0x000001eda6ac0000 - 0x000001eda6ac3000 	C:\Program Files\JetBrains\IntelliJ IDEA Community Edition 2019.3.3\jbr\bin\api-ms-win-core-rtlsupport-l1-1-0.dll
0x000001eda6ad0000 - 0x000001eda6ad3000 	C:\Program Files\JetBrains\IntelliJ IDEA Community Edition 2019.3.3\jbr\bin\api-ms-win-core-string-l1-1-0.dll
0x000001eda6ae0000 - 0x000001eda6ae3000 	C:\Program Files\JetBrains\IntelliJ IDEA Community Edition 2019.3.3\jbr\bin\api-ms-win-core-synch-l1-1-0.dll
0x000001eda6af0000 - 0x000001eda6af3000 	C:\Program Files\JetBrains\IntelliJ IDEA Community Edition 2019.3.3\jbr\bin\api-ms-win-core-synch-l1-2-0.dll
0x000001eda6b00000 - 0x000001eda6b03000 	C:\Program Files\JetBrains\IntelliJ IDEA Community Edition 2019.3.3\jbr\bin\api-ms-win-core-sysinfo-l1-1-0.dll
0x000001eda6b10000 - 0x000001eda6b13000 	C:\Program Files\JetBrains\IntelliJ IDEA Community Edition 2019.3.3\jbr\bin\api-ms-win-core-timezone-l1-1-0.dll
0x000001eda6b20000 - 0x000001eda6b23000 	C:\Program Files\JetBrains\IntelliJ IDEA Community Edition 2019.3.3\jbr\bin\api-ms-win-core-util-l1-1-0.dll
0x000001eda6b30000 - 0x000001eda6b33000 	C:\Program Files\JetBrains\IntelliJ IDEA Community Edition 2019.3.3\jbr\bin\api-ms-win-crt-conio-l1-1-0.dll
0x000001eda6b40000 - 0x000001eda6b44000 	C:\Program Files\JetBrains\IntelliJ IDEA Community Edition 2019.3.3\jbr\bin\api-ms-win-crt-convert-l1-1-0.dll
0x000001eda6b50000 - 0x000001eda6b53000 	C:\Program Files\JetBrains\IntelliJ IDEA Community Edition 2019.3.3\jbr\bin\api-ms-win-crt-environment-l1-1-0.dll
0x000001eda6b60000 - 0x000001eda6b63000 	C:\Program Files\JetBrains\IntelliJ IDEA Community Edition 2019.3.3\jbr\bin\api-ms-win-crt-filesystem-l1-1-0.dll
0x000001eda6b70000 - 0x000001eda6b73000 	C:\Program Files\JetBrains\IntelliJ IDEA Community Edition 2019.3.3\jbr\bin\api-ms-win-crt-heap-l1-1-0.dll
0x000001eda6b80000 - 0x000001eda6b83000 	C:\Program Files\JetBrains\IntelliJ IDEA Community Edition 2019.3.3\jbr\bin\api-ms-win-crt-locale-l1-1-0.dll
0x000001eda6b90000 - 0x000001eda6b95000 	C:\Program Files\JetBrains\IntelliJ IDEA Community Edition 2019.3.3\jbr\bin\api-ms-win-crt-math-l1-1-0.dll
0x000001eda6ba0000 - 0x000001eda6ba5000 	C:\Program Files\JetBrains\IntelliJ IDEA Community Edition 2019.3.3\jbr\bin\api-ms-win-crt-multibyte-l1-1-0.dll
0x000001eda6bb0000 - 0x000001eda6bc0000 	C:\Program Files\JetBrains\IntelliJ IDEA Community Edition 2019.3.3\jbr\bin\api-ms-win-crt-private-l1-1-0.dll
0x000001eda6bc0000 - 0x000001eda6bc3000 	C:\Program Files\JetBrains\IntelliJ IDEA Community Edition 2019.3.3\jbr\bin\api-ms-win-crt-process-l1-1-0.dll
0x000001eda6bd0000 - 0x000001eda6bd4000 	C:\Program Files\JetBrains\IntelliJ IDEA Community Edition 2019.3.3\jbr\bin\api-ms-win-crt-runtime-l1-1-0.dll
0x000001eda6be0000 - 0x000001eda6be4000 	C:\Program Files\JetBrains\IntelliJ IDEA Community Edition 2019.3.3\jbr\bin\api-ms-win-crt-stdio-l1-1-0.dll
0x000001eda6bf0000 - 0x000001eda6bf4000 	C:\Program Files\JetBrains\IntelliJ IDEA Community Edition 2019.3.3\jbr\bin\api-ms-win-crt-string-l1-1-0.dll
0x000001eda6c00000 - 0x000001eda6c03000 	C:\Program Files\JetBrains\IntelliJ IDEA Community Edition 2019.3.3\jbr\bin\api-ms-win-crt-time-l1-1-0.dll
0x000001eda6c10000 - 0x000001eda6c13000 	C:\Program Files\JetBrains\IntelliJ IDEA Community Edition 2019.3.3\jbr\bin\api-ms-win-crt-utility-l1-1-0.dll
0x00007ff891330000 - 0x00007ff89142a000 	C:\Program Files\JetBrains\IntelliJ IDEA Community Edition 2019.3.3\jbr\bin\ucrtbase.dll
0x00007ff89b3b0000 - 0x00007ff89b401000 	C:\Windows\System32\concrt140.dll
0x00007ff8a5c90000 - 0x00007ff8a5cb3000 	C:\Program Files\JetBrains\IntelliJ IDEA Community Edition 2019.3.3\jbr\bin\prism_d3d.dll
0x00007ff8a7aa0000 - 0x00007ff8a7c67000 	C:\Windows\system32\d3d9.dll
0x00007ff8b3a80000 - 0x00007ff8b3aad000 	C:\Windows\SYSTEM32\dwmapi.dll
0x00007ff8b43f0000 - 0x00007ff8b4410000 	C:\Windows\SYSTEM32\dxcore.dll
0x00007ff8b3730000 - 0x00007ff8b37c9000 	C:\Windows\system32\uxtheme.dll
0x00007ff86caa0000 - 0x00007ff86d50d000 	C:\Windows\SYSTEM32\igdumdim64.dll
0x00007ff8ac1d0000 - 0x00007ff8ac635000 	C:\Windows\SYSTEM32\igdusc64.dll
0x00007ff89acb0000 - 0x00007ff89acf5000 	C:\Program Files\JetBrains\IntelliJ IDEA Community Edition 2019.3.3\jbr\bin\glass.dll
0x00007ff8b7440000 - 0x00007ff8b7510000 	C:\Windows\System32\COMDLG32.dll
0x00007ff8b7580000 - 0x00007ff8b76d7000 	C:\Windows\System32\ole32.dll
0x00007ff8b7a20000 - 0x00007ff8b7ae4000 	C:\Windows\System32\OLEAUT32.dll
0x00007ff8b8700000 - 0x00007ff8b8836000 	C:\Windows\System32\MSCTF.dll
0x00007ff87cfa0000 - 0x00007ff87d141000 	C:\Program Files\JetBrains\IntelliJ IDEA Community Edition 2019.3.3\jbr\bin\awt.dll
0x00007ff8b3140000 - 0x00007ff8b31cf000 	C:\Windows\SYSTEM32\apphelp.dll
0x00007ff8a5ee0000 - 0x00007ff8a6036000 	C:\Windows\system32\opengl32.dll
0x00007ff8aa270000 - 0x00007ff8aa29c000 	C:\Windows\SYSTEM32\GLU32.dll
0x00007ff899870000 - 0x00007ff899884000 	C:\Program Files\JetBrains\IntelliJ IDEA Community Edition 2019.3.3\jbr\bin\javafx_font.dll
0x00007ff87cf10000 - 0x00007ff87cf95000 	C:\Program Files\JetBrains\IntelliJ IDEA Community Edition 2019.3.3\jbr\bin\freetype.dll
0x00007ff87c390000 - 0x00007ff87c438000 	C:\Program Files\JetBrains\IntelliJ IDEA Community Edition 2019.3.3\jbr\bin\fontmanager.dll
0x00007ff8ad7e0000 - 0x00007ff8adade000 	C:\Windows\SYSTEM32\dwrite.dll
0x00007ff88aef0000 - 0x00007ff88af80000 	C:\Program Files\JetBrains\IntelliJ IDEA Community Edition 2019.3.3\jbr\bin\glib-lite.dll
0x00007ff88a740000 - 0x00007ff88a7f7000 	C:\Program Files\JetBrains\IntelliJ IDEA Community Edition 2019.3.3\jbr\bin\gstreamer-lite.dll
0x00007ff88ab70000 - 0x00007ff88ac09000 	C:\Windows\SYSTEM32\DSOUND.dll
0x00007ff898770000 - 0x00007ff898796000 	C:\Program Files\JetBrains\IntelliJ IDEA Community Edition 2019.3.3\jbr\bin\jfxmedia.dll
0x00007ff8b7270000 - 0x00007ff8b7312000 	C:\Windows\System32\clbcatq.dll
0x00007ff8b3440000 - 0x00007ff8b352f000 	C:\Windows\system32\propsys.dll
0x00007ff898740000 - 0x00007ff898762000 	C:\Program Files\JetBrains\IntelliJ IDEA Community Edition 2019.3.3\jbr\bin\fxplugins.dll
0x00007ff8ae150000 - 0x00007ff8ae1c2000 	C:\Windows\System32\MMDevApi.dll
0x00007ff8b5520000 - 0x00007ff8b554a000 	C:\Windows\System32\DEVOBJ.dll
0x00007ff8ae1d0000 - 0x00007ff8ae32d000 	C:\Windows\SYSTEM32\AUDIOSES.DLL
0x00007ff8b0e20000 - 0x00007ff8b0f73000 	C:\Windows\SYSTEM32\wintypes.dll
0x00007ff8b3ab0000 - 0x00007ff8b3ac4000 	C:\Windows\SYSTEM32\resourcepolicyclient.dll
0x00007ff8b5160000 - 0x00007ff8b516c000 	C:\Windows\SYSTEM32\CRYPTBASE.DLL
0x00007ff891300000 - 0x00007ff89132a000 	C:\Windows\System32\qasf.dll
0x00007ff882e80000 - 0x00007ff8830d2000 	C:\Windows\System32\WMVCore.DLL
0x00007ff8ae780000 - 0x00007ff8ae78b000 	C:\Windows\System32\msdmo.dll

dbghelp: loaded successfully - version: 4.0.5 - missing functions: none
symbol engine: initialized successfully - sym options: 0x614 - pdb path: .;C:\Program Files\JetBrains\IntelliJ IDEA Community Edition 2019.3.3\jbr\bin;C:\Windows\SYSTEM32;C:\Windows\WinSxS\amd64_microsoft.windows.common-controls_6595b64144ccf1df_6.0.18362.778_none_e6c6b761130d4fb8;C:\Program Files\JetBrains\IntelliJ IDEA Community Edition 2019.3.3\jbr\bin\server;C:\Program Files\JetBrains\IntelliJ IDEA Community Edition 2019.3.3\bin;C:\Program Files\Common Files\Microsoft Shared\Ink;C:\Users\vecto\AppData\Local\Temp\lwjglvecto\3.2.3-build-13

VM Arguments:
jvm_args: -javaagent:C:\Program Files\JetBrains\IntelliJ IDEA Community Edition 2019.3.3\lib\idea_rt.jar=61472:C:\Program Files\JetBrains\IntelliJ IDEA Community Edition 2019.3.3\bin -Dfile.encoding=UTF-8 
java_command: com.falconfly.menu.MainMenu
java_class_path (initial): D:\BSUIR\4cem\MyGame\falcon-fly\out\production\falcon-fly;D:\BSUIR\4cem\MyGame\lwjgl-3.2.3\lwjgl\lwjgl.jar;D:\BSUIR\4cem\MyGame\lwjgl-3.2.3\lwjgl\lwjgl-javadoc.jar;D:\BSUIR\4cem\MyGame\lwjgl-3.2.3\lwjgl\lwjgl-sources.jar;D:\BSUIR\4cem\MyGame\lwjgl-3.2.3\lwjgl\lwjgl-natives-linux.jar;D:\BSUIR\4cem\MyGame\lwjgl-3.2.3\lwjgl\lwjgl-natives-macos.jar;D:\BSUIR\4cem\MyGame\lwjgl-3.2.3\lwjgl\lwjgl-natives-windows.jar;D:\BSUIR\4cem\MyGame\lwjgl-3.2.3\lwjgl\lwjgl-natives-linux-arm32.jar;D:\BSUIR\4cem\MyGame\lwjgl-3.2.3\lwjgl\lwjgl-natives-linux-arm64.jar;D:\BSUIR\4cem\MyGame\lwjgl-3.2.3\lwjgl\lwjgl-natives-windows-x86.jar;D:\BSUIR\4cem\MyGame\lwjgl-3.2.3\lwjgl-assimp\lwjgl-assimp.jar;D:\BSUIR\4cem\MyGame\lwjgl-3.2.3\lwjgl-assimp\lwjgl-assimp-javadoc.jar;D:\BSUIR\4cem\MyGame\lwjgl-3.2.3\lwjgl-assimp\lwjgl-assimp-sources.jar;D:\BSUIR\4cem\MyGame\lwjgl-3.2.3\lwjgl-assimp\lwjgl-assimp-natives-linux.jar;D:\BSUIR\4cem\MyGame\lwjgl-3.2.3\lwjgl-assimp\lwjgl-assimp-natives-macos.jar;D:\BSUIR\4cem\MyGame\lwjgl-3.2.3\lwjgl-assimp\lwjgl-assimp-natives-windows.jar;D:\BSUIR\4cem\MyGame\lwjgl-3.2.3\lwjgl-assimp\lwjgl-assimp-natives-linux-arm32.jar;D:\BSUIR\4cem\MyGame\lwjgl-3.2.3\lwjgl-assimp\lwjgl-assimp-natives-linux-arm64.jar;D:\BSUIR\4cem\MyGame\lwjgl-3.2.3\lwjgl-assimp\lwjgl-assimp-natives-windows-x86.jar;D:\BSUIR\4cem\MyGame\lwjgl-3.2.3\lwjgl-bgfx\lwjgl-bgfx.jar;D:\BSUIR\4cem\MyGame\lwjgl-3.2.3\lwjgl-bgfx\lwjgl-bgfx-javadoc.jar;D:\BSUIR\4cem\MyGame\lwjgl-3.2.3\lwjgl-bgfx\lwjgl-bgfx-sources.jar;D:\BSUIR\4cem\MyGame\lwjgl-3.2.3\lwjgl-bgfx\lwjgl-bgfx-natives-linux.jar;D:\BSUIR\4cem\MyGame\lwjgl-3.2.3\lwjgl-bgfx\lwjgl-bgfx-natives-macos.jar;D:\BSUIR\4cem\MyGame\lwjgl-3.2.3\lwjgl-bgfx\lwjgl-bgfx-natives-windows.jar;D:\BSUIR\4cem\MyGame\lwjgl-3.2.3\lwjgl-bgfx\lwjgl-bgfx-natives-linux-arm32.jar;D:\BSUIR\4cem\MyGame\lwjgl-3.2.3\lwjgl-bgfx\lwjgl-bgfx-natives-linux-arm64.jar;D:\BSUIR\4cem\MyGame\lwjgl-3.2.3\lwjgl-bgfx\lwjgl-bgfx-natives-windows-x86.jar;D:\BSUIR\4cem\
Launcher Type: SUN_STANDARD

[Global flags]
     intx CICompilerCount                          = 3                                         {product} {ergonomic}
     uint ConcGCThreads                            = 1                                         {product} {ergonomic}
     uint G1ConcRefinementThreads                  = 4                                         {product} {ergonomic}
   size_t G1HeapRegionSize                         = 1048576                                   {product} {ergonomic}
    uintx GCDrainStackTargetSize                   = 64                                        {product} {ergonomic}
   size_t InitialHeapSize                          = 134217728                                 {product} {ergonomic}
   size_t MarkStackSize                            = 4194304                                   {product} {ergonomic}
   size_t MaxHeapSize                              = 2118123520                                {product} {ergonomic}
   size_t MaxNewSize                               = 1270874112                                {product} {ergonomic}
   size_t MinHeapDeltaBytes                        = 1048576                                   {product} {ergonomic}
    uintx NonNMethodCodeHeapSize                   = 5830732                                {pd product} {ergonomic}
    uintx NonProfiledCodeHeapSize                  = 122913754                              {pd product} {ergonomic}
    uintx ProfiledCodeHeapSize                     = 122913754                              {pd product} {ergonomic}
    uintx ReservedCodeCacheSize                    = 251658240                              {pd product} {ergonomic}
     bool SegmentedCodeCache                       = true                                      {product} {ergonomic}
     bool UseCompressedClassPointers               = true                                 {lp64_product} {ergonomic}
     bool UseCompressedOops                        = true                                 {lp64_product} {ergonomic}
     bool UseG1GC                                  = true                                      {product} {ergonomic}
     bool UseLargePagesIndividualAllocation        = false                                  {pd product} {ergonomic}

Logging:
Log output configuration:
 #0: stdout all=warning uptime,level,tags
 #1: stderr all=off uptime,level,tags

Environment Variables:
PATH=C:\Windows\system32;C:\Windows;C:\Windows\System32\Wbem;C:\Windows\System32\WindowsPowerShell\v1.0\;C:\Windows\System32\OpenSSH\;C:\Program Files (x86)\NVIDIA Corporation\PhysX\Common;C:\Program Files\NVIDIA Corporation\NVIDIA NvDLISR;C:\Program Files (x86)\Common Files\Acronis\SnapAPI\;C:\Program Files\dotnet\;C:\Program Files\Git\cmd;C:\Users\vecto\AppData\Local\Microsoft\WindowsApps;
USERNAME=vecto
OS=Windows_NT
PROCESSOR_IDENTIFIER=Intel64 Family 6 Model 58 Stepping 9, GenuineIntel



---------------  S Y S T E M  ---------------

OS: Windows 10 , 64 bit Build 18362 (10.0.18362.778)

CPU:total 4 (initial active 4) (2 cores per cpu, 2 threads per core) family 6 model 58 stepping 9, cmov, cx8, fxsr, mmx, sse, sse2, sse3, ssse3, sse4.1, sse4.2, popcnt, avx, aes, clmul, erms, ht, tsc, tscinvbit, tscinv

Memory: 4k page, system-wide physical 8077M (2750M free)
TotalPageFile size 15502M (AvailPageFile size 6770M)
current process WorkingSet (physical memory assigned to process): 329M, peak: 342M
current process commit charge ("private bytes"): 383M, peak: 421M

vm_info: OpenJDK 64-Bit Server VM (11.0.6+8-b520.43) for windows-amd64 JRE (11.0.6+8-b520.43), built on Feb  3 2020 14:18:56 by "" with MS VC++ 14.0 (VS2015)

END.
