#
# A fatal error has been detected by the Java Runtime Environment:
#
#  EXCEPTION_ACCESS_VIOLATION (0xc0000005) at pc=0x00007ffc4d5d6490, pid=5968, tid=21152
#
# JRE version: OpenJDK Runtime Environment (11.0.5+10) (build 11.0.5+10-b520.30)
# Java VM: OpenJDK 64-Bit Server VM (11.0.5+10-b520.30, mixed mode, sharing, tiered, compressed oops, g1 gc, windows-amd64)
# Problematic frame:
# C  0x00007ffc4d5d6490
#
# No core dump will be written. Minidumps are not enabled by default on client versions of Windows
#
# If you would like to submit a bug report, please visit:
#   http://bugreport.java.com/bugreport/crash.jsp
# The crash happened outside the Java Virtual Machine in native code.
# See problematic frame for where to report the bug.
#

---------------  S U M M A R Y ------------

Command Line: -javaagent:D:\IntelliJ\IntelliJ IDEA Community Edition 2019.3.2\lib\idea_rt.jar=56482:D:\IntelliJ\IntelliJ IDEA Community Edition 2019.3.2\bin -Dfile.encoding=UTF-8 com.falconfly.menu.MainMenu

Host: Intel(R) Core(TM) i5-8250U CPU @ 1.60GHz, 8 cores, 7G,  Windows 10 , 64 bit Build 17763 (10.0.17763.1158)
Time: Sun May 31 21:08:59 2020 Aaea?onu (ceia) elapsed time: 17 seconds (0d 0h 0m 17s)

---------------  T H R E A D  ---------------

Current thread (0x000002269c3bf000):  JavaThread "JavaFX Application Thread" [_thread_in_native, id=21152, stack(0x000000a5d5600000,0x000000a5d5700000)]

Stack: [0x000000a5d5600000,0x000000a5d5700000],  sp=0x000000a5d56fb1a0,  free space=1004k
Native frames: (J=compiled Java code, j=interpreted, Vv=VM code, C=native code)
C  0x00007ffc4d5d6490

Java frames: (J=compiled Java code, j=interpreted, Vv=VM code)
J 2951  org.lwjgl.system.JNI.invokePV(JJ)V (0 bytes) @ 0x000002268bc8cf14 [0x000002268bc8cec0+0x0000000000000054]
j  org.lwjgl.glfw.GLFW.glfwDestroyWindow(J)V+6
j  com.falconfly.game.FalconFly.update(FLcom/falconfly/engine/input/MouseInput;Lcom/falconfly/engine/Engine;)V+54
J 3595 c1 com.falconfly.engine.Engine.update(F)V (16 bytes) @ 0x0000022684cc35d4 [0x0000022684cc34e0+0x00000000000000f4]
j  com.falconfly.engine.Engine.gameLoop()V+50
j  com.falconfly.engine.Engine.run()V+5
j  com.falconfly.engine.main.Main.main([Ljava/lang/String;)V+29
j  com.falconfly.menu.MainMenu.handle(Ljavafx/event/ActionEvent;)V+134
j  com.falconfly.menu.MainMenu$$Lambda$143.handle(Ljavafx/event/Event;)V+8
j  com.sun.javafx.event.CompositeEventHandler.dispatchBubblingEvent(Ljavafx/event/Event;)V+51 javafx.base@11.0.5
j  com.sun.javafx.event.EventHandlerManager.dispatchBubblingEvent(Ljavafx/event/EventType;Ljavafx/event/Event;)Ljavafx/event/Event;+29 javafx.base@11.0.5
j  com.sun.javafx.event.EventHandlerManager.dispatchBubblingEvent(Ljavafx/event/Event;)Ljavafx/event/Event;+8 javafx.base@11.0.5
j  com.sun.javafx.event.CompositeEventDispatcher.dispatchBubblingEvent(Ljavafx/event/Event;)Ljavafx/event/Event;+11 javafx.base@11.0.5
j  com.sun.javafx.event.BasicEventDispatcher.dispatchEvent(Ljavafx/event/Event;Ljavafx/event/EventDispatchChain;)Ljavafx/event/Event;+29 javafx.base@11.0.5
j  com.sun.javafx.event.EventDispatchChainImpl.dispatchEvent(Ljavafx/event/Event;)Ljavafx/event/Event;+69 javafx.base@11.0.5
j  com.sun.javafx.event.BasicEventDispatcher.dispatchEvent(Ljavafx/event/Event;Ljavafx/event/EventDispatchChain;)Ljavafx/event/Event;+17 javafx.base@11.0.5
j  com.sun.javafx.event.EventDispatchChainImpl.dispatchEvent(Ljavafx/event/Event;)Ljavafx/event/Event;+69 javafx.base@11.0.5
j  com.sun.javafx.event.BasicEventDispatcher.dispatchEvent(Ljavafx/event/Event;Ljavafx/event/EventDispatchChain;)Ljavafx/event/Event;+17 javafx.base@11.0.5
j  com.sun.javafx.event.EventDispatchChainImpl.dispatchEvent(Ljavafx/event/Event;)Ljavafx/event/Event;+69 javafx.base@11.0.5
j  com.sun.javafx.event.EventUtil.fireEventImpl(Ljavafx/event/EventDispatchChain;Ljavafx/event/EventTarget;Ljavafx/event/Event;)Ljavafx/event/Event;+10 javafx.base@11.0.5
j  com.sun.javafx.event.EventUtil.fireEvent(Ljavafx/event/EventTarget;Ljavafx/event/Event;)Ljavafx/event/Event;+37 javafx.base@11.0.5
j  javafx.event.Event.fireEvent(Ljavafx/event/EventTarget;Ljavafx/event/Event;)V+30 javafx.base@11.0.5
j  javafx.scene.Node.fireEvent(Ljavafx/event/Event;)V+86 javafx.graphics@11.0.5
j  javafx.scene.control.Button.fire()V+15 javafx.controls@11.0.5
j  com.sun.javafx.scene.control.behavior.ButtonBehavior.mouseReleased(Ljavafx/scene/input/MouseEvent;)V+27 javafx.controls@11.0.5
j  com.sun.javafx.scene.control.behavior.ButtonBehavior$$Lambda$223.handle(Ljavafx/event/Event;)V+8 javafx.controls@11.0.5
j  com.sun.javafx.scene.control.inputmap.InputMap.handle(Ljavafx/event/Event;)V+61 javafx.controls@11.0.5
j  com.sun.javafx.scene.control.inputmap.InputMap$$Lambda$218.handle(Ljavafx/event/Event;)V+5 javafx.controls@11.0.5
j  com.sun.javafx.event.CompositeEventHandler$NormalEventHandlerRecord.handleBubblingEvent(Ljavafx/event/Event;)V+5 javafx.base@11.0.5
j  com.sun.javafx.event.CompositeEventHandler.dispatchBubblingEvent(Ljavafx/event/Event;)V+28 javafx.base@11.0.5
j  com.sun.javafx.event.EventHandlerManager.dispatchBubblingEvent(Ljavafx/event/EventType;Ljavafx/event/Event;)Ljavafx/event/Event;+29 javafx.base@11.0.5
j  com.sun.javafx.event.EventHandlerManager.dispatchBubblingEvent(Ljavafx/event/Event;)Ljavafx/event/Event;+8 javafx.base@11.0.5
j  com.sun.javafx.event.CompositeEventDispatcher.dispatchBubblingEvent(Ljavafx/event/Event;)Ljavafx/event/Event;+11 javafx.base@11.0.5
j  com.sun.javafx.event.BasicEventDispatcher.dispatchEvent(Ljavafx/event/Event;Ljavafx/event/EventDispatchChain;)Ljavafx/event/Event;+29 javafx.base@11.0.5
j  com.sun.javafx.event.EventDispatchChainImpl.dispatchEvent(Ljavafx/event/Event;)Ljavafx/event/Event;+69 javafx.base@11.0.5
j  com.sun.javafx.event.BasicEventDispatcher.dispatchEvent(Ljavafx/event/Event;Ljavafx/event/EventDispatchChain;)Ljavafx/event/Event;+17 javafx.base@11.0.5
j  com.sun.javafx.event.EventDispatchChainImpl.dispatchEvent(Ljavafx/event/Event;)Ljavafx/event/Event;+69 javafx.base@11.0.5
j  com.sun.javafx.event.BasicEventDispatcher.dispatchEvent(Ljavafx/event/Event;Ljavafx/event/EventDispatchChain;)Ljavafx/event/Event;+17 javafx.base@11.0.5
j  com.sun.javafx.event.EventDispatchChainImpl.dispatchEvent(Ljavafx/event/Event;)Ljavafx/event/Event;+69 javafx.base@11.0.5
j  com.sun.javafx.event.EventUtil.fireEventImpl(Ljavafx/event/EventDispatchChain;Ljavafx/event/EventTarget;Ljavafx/event/Event;)Ljavafx/event/Event;+10 javafx.base@11.0.5
j  com.sun.javafx.event.EventUtil.fireEvent(Ljavafx/event/EventTarget;Ljavafx/event/Event;)Ljavafx/event/Event;+46 javafx.base@11.0.5
j  javafx.event.Event.fireEvent(Ljavafx/event/EventTarget;Ljavafx/event/Event;)V+30 javafx.base@11.0.5
j  javafx.scene.Scene$MouseHandler.process(Ljavafx/scene/input/MouseEvent;Z)V+491 javafx.graphics@11.0.5
j  javafx.scene.Scene$MouseHandler.access$1300(Ljavafx/scene/Scene$MouseHandler;Ljavafx/scene/input/MouseEvent;Z)V+3 javafx.graphics@11.0.5
j  javafx.scene.Scene.processMouseEvent(Ljavafx/scene/input/MouseEvent;)V+6 javafx.graphics@11.0.5
j  javafx.scene.Scene$ScenePeerListener.mouseEvent(Ljavafx/event/EventType;DDDDLjavafx/scene/input/MouseButton;ZZZZZZZZZ)V+46 javafx.graphics@11.0.5
j  com.sun.javafx.tk.quantum.GlassViewEventHandler$MouseEventNotification.run()Ljava/lang/Void;+582 javafx.graphics@11.0.5
j  com.sun.javafx.tk.quantum.GlassViewEventHandler$MouseEventNotification.run()Ljava/lang/Object;+1 javafx.graphics@11.0.5
v  ~StubRoutines::call_stub
J 2183  java.security.AccessController.doPrivileged(Ljava/security/PrivilegedAction;Ljava/security/AccessControlContext;)Ljava/lang/Object; java.base@11.0.5 (0 bytes) @ 0x000002268bbcecb6 [0x000002268bbcec40+0x0000000000000076]
j  com.sun.javafx.tk.quantum.GlassViewEventHandler.lambda$handleMouseEvent$2()Ljava/lang/Void;+11 javafx.graphics@11.0.5
j  com.sun.javafx.tk.quantum.GlassViewEventHandler$$Lambda$260.get()Ljava/lang/Object;+4 javafx.graphics@11.0.5
j  com.sun.javafx.tk.quantum.QuantumToolkit.runWithoutRenderLock(Ljava/util/function/Supplier;)Ljava/lang/Object;+18 javafx.graphics@11.0.5
j  com.sun.javafx.tk.quantum.GlassViewEventHandler.handleMouseEvent(Lcom/sun/glass/ui/View;JIIIIIIIZZ)V+103 javafx.graphics@11.0.5
j  com.sun.glass.ui.View.handleMouseEvent(JIIIIIIIZZ)V+30 javafx.graphics@11.0.5
j  com.sun.glass.ui.View.notifyMouse(IIIIIIIZZ)V+181 javafx.graphics@11.0.5
v  ~StubRoutines::call_stub
j  com.sun.glass.ui.win.WinApplication._runLoop(Ljava/lang/Runnable;)V+0 javafx.graphics@11.0.5
j  com.sun.glass.ui.win.WinApplication.lambda$runLoop$3(ILjava/lang/Runnable;)V+8 javafx.graphics@11.0.5
j  com.sun.glass.ui.win.WinApplication$$Lambda$60.run()V+12 javafx.graphics@11.0.5
j  java.lang.Thread.run()V+11 java.base@11.0.5
v  ~StubRoutines::call_stub

siginfo: EXCEPTION_ACCESS_VIOLATION (0xc0000005), reading address 0x0000000000000000


Register to memory mapping:

RIP=0x00007ffc4d5d6490 points into unknown readable memory: 48 8b 01 48 8b d1 48 8b
RAX=0x0 is NULL
RBX=0x00000226a44a8ee0 points into unknown readable memory: 00 00 00 00 00 00 00 00
RCX=0x0 is NULL
RDX=0x00007ffc4d627ee0 points into unknown readable memory: 00 00 00 00 00 00 00 00
RSP=0x000000a5d56fb1a0 is pointing into the stack for thread: 0x000002269c3bf000
RBP=0x000000a5d56fb230 is pointing into the stack for thread: 0x000002269c3bf000
RSI=0x0 is NULL
RDI=0x0000000000000140 is an unknown value
R8 =0x00000226a44a8ee0 points into unknown readable memory: 00 00 00 00 00 00 00 00
R9 =0x00007ffc4d5d63e0 points into unknown readable memory: 40 53 48 83 ec 20 83 3d
R10=0x00007ffc53b71b10 points into unknown readable memory: 49 8b c8 49 ff e1 cc cc
R11=0x000002268bc8cee8 is at entry_point+40 in (nmethod*)0x000002268bc8cd10
R12=0x0 is NULL
R13=0x000000a5d56fb250 is pointing into the stack for thread: 0x000002269c3bf000
R14=0x000000a5d56fb220 is pointing into the stack for thread: 0x000002269c3bf000
R15=0x000002269c3bf000 is a thread


Registers:
RAX=0x0000000000000000, RBX=0x00000226a44a8ee0, RCX=0x0000000000000000, RDX=0x00007ffc4d627ee0
RSP=0x000000a5d56fb1a0, RBP=0x000000a5d56fb230, RSI=0x0000000000000000, RDI=0x0000000000000140
R8 =0x00000226a44a8ee0, R9 =0x00007ffc4d5d63e0, R10=0x00007ffc53b71b10, R11=0x000002268bc8cee8
R12=0x0000000000000000, R13=0x000000a5d56fb250, R14=0x000000a5d56fb220, R15=0x000002269c3bf000
RIP=0x00007ffc4d5d6490, EFLAGS=0x0000000000010283

Top of Stack: (sp=0x000000a5d56fb1a0)
0x000000a5d56fb1a0:   00000226a44a8ee0 000000a5d56fb2d8
0x000000a5d56fb1b0:   000002269ace9ab0 000002269c3bf000
0x000000a5d56fb1c0:   00000226a982ba00 000002268bc8cfb4
0x000000a5d56fb1d0:   00000226a9757d10 000002269c3bf000
0x000000a5d56fb1e0:   00000226a9757d10 000002269c3bf000
0x000000a5d56fb1f0:   fffffffe00000000 0000000000000000
0x000000a5d56fb200:   0000000000000000 0000000000000000
0x000000a5d56fb210:   000000a5d56fb2d8 000002268400de12
0x000000a5d56fb220:   0000000085be13e8 0000022600000000
0x000000a5d56fb230:   000000a5d56fb2b8 0000022683ff9e73
0x000000a5d56fb240:   000002269c2b3f80 0000022683ff9e73
0x000000a5d56fb250:   00007ffc4d5d63e0 0000000000000000
0x000000a5d56fb260:   00000226a44a8ee0 0000000000000000
0x000000a5d56fb270:   000000a5d56fb270 00000226a9757cde
0x000000a5d56fb280:   000000a5d56fb2e0 00000226a976b288
0x000000a5d56fb290:   00000226b2cf7408 0000000085bd2568 

Instructions: (pc=0x00007ffc4d5d6490)
0x00007ffc4d5d6390:   18 00 00 00 66 0f 6f 05 c4 02 04 00 f3 0f 7f 05
0x00007ffc4d5d63a0:   64 17 05 00 c7 05 6e 17 05 00 08 00 00 00 c7 05
0x00007ffc4d5d63b0:   88 17 05 00 01 00 00 00 c7 05 06 1b 05 00 ff ff
0x00007ffc4d5d63c0:   ff ff c7 05 bc 17 05 00 01 00 00 00 48 83 c4 28
0x00007ffc4d5d63d0:   c3 cc cc cc cc cc cc cc cc cc cc cc cc cc cc cc
0x00007ffc4d5d63e0:   40 53 48 83 ec 20 83 3d 03 17 05 00 00 48 8b d9
0x00007ffc4d5d63f0:   75 11 33 d2 b9 01 00 01 00 48 83 c4 20 5b e9 5d
0x00007ffc4d5d6400:   b8 ff ff 48 85 db 0f 84 a5 00 00 00 0f 57 c0 33
0x00007ffc4d5d6410:   c0 0f 11 81 c0 02 00 00 0f 11 81 d0 02 00 00 0f
0x00007ffc4d5d6420:   11 81 e0 02 00 00 0f 11 81 f0 02 00 00 0f 11 81
0x00007ffc4d5d6430:   00 03 00 00 0f 11 81 10 03 00 00 0f 11 81 20 03
0x00007ffc4d5d6440:   00 00 0f 11 81 30 03 00 00 48 89 81 40 03 00 00
0x00007ffc4d5d6450:   48 8d 0d 35 25 05 00 e8 54 47 00 00 48 3b d8 75
0x00007ffc4d5d6460:   07 33 c9 e8 48 b6 ff ff 48 8b cb e8 80 4a 00 00
0x00007ffc4d5d6470:   48 8b 0d 69 1a 05 00 48 8d 15 62 1a 05 00 48 3b
0x00007ffc4d5d6480:   cb 74 1b 0f 1f 40 00 66 0f 1f 84 00 00 00 00 00
0x00007ffc4d5d6490:   48 8b 01 48 8b d1 48 8b c8 48 3b c3 75 f2 48 8b
0x00007ffc4d5d64a0:   03 48 8b cb 48 89 02 48 83 c4 20 5b e9 97 27 01
0x00007ffc4d5d64b0:   00 48 83 c4 20 5b c3 cc cc cc cc cc cc cc cc cc
0x00007ffc4d5d64c0:   83 3d 29 16 05 00 00 75 0c 33 d2 b9 01 00 01 00
0x00007ffc4d5d64d0:   e9 8b b7 ff ff e9 d6 4a 00 00 cc cc cc cc cc cc
0x00007ffc4d5d64e0:   33 c0 48 85 d2 74 02 89 02 4d 85 c0 74 03 41 89
0x00007ffc4d5d64f0:   00 39 05 f9 15 05 00 75 0c 33 d2 b9 01 00 01 00
0x00007ffc4d5d6500:   e9 5b b7 ff ff e9 96 4c 00 00 cc cc cc cc cc cc
0x00007ffc4d5d6510:   48 83 ec 28 83 3d d5 15 05 00 00 75 13 33 d2 b9
0x00007ffc4d5d6520:   01 00 01 00 e8 37 b7 ff ff 33 c0 48 83 c4 28 c3
0x00007ffc4d5d6530:   81 fa 01 20 02 00 0f 8f 94 00 00 00 0f 84 83 00
0x00007ffc4d5d6540:   00 00 8d 82 ff ff fd ff 83 f8 0b 0f 87 12 01 00
0x00007ffc4d5d6550:   00 48 98 4c 8d 05 a6 9a ff ff 41 8b 84 80 80 66
0x00007ffc4d5d6560:   00 00 49 03 c0 ff e0 48 83 c4 28 e9 50 60 00 00
0x00007ffc4d5d6570:   48 83 c4 28 e9 87 60 00 00 48 83 c4 28 e9 9e 60
0x00007ffc4d5d6580:   00 00 48 83 c4 28 e9 85 60 00 00 48 83 c4 28 e9 


Stack slot to memory mapping:
stack at sp + 0 slots: 0x00000226a44a8ee0 points into unknown readable memory: 00 00 00 00 00 00 00 00
stack at sp + 1 slots: 0x000000a5d56fb2d8 is pointing into the stack for thread: 0x000002269c3bf000
stack at sp + 2 slots: 0x000002269ace9ab0 is pointing into metadata
stack at sp + 3 slots: 0x000002269c3bf000 is a thread
stack at sp + 4 slots: {method} {0x00000226a982ba08} 'invokePV' '(JJ)V' in 'org/lwjgl/system/JNI'
stack at sp + 5 slots: 0x000002268bc8cfb4 is at entry_point+244 in (nmethod*)0x000002268bc8cd10
stack at sp + 6 slots: {method} {0x00000226a9757d18} 'glfwDestroyWindow' '(J)V' in 'org/lwjgl/glfw/GLFW'
stack at sp + 7 slots: 0x000002269c3bf000 is a thread


---------------  P R O C E S S  ---------------

Threads class SMR info:
_java_thread_list=0x00000226a40775c0, length=24, elements={
0x00000226fff47800, 0x000002269a87b800, 0x000002269a87c800, 0x000002269a895800,
0x000002269a896800, 0x000002269a898000, 0x000002269a8a5000, 0x000002269b1d8800,
0x000002269a85f000, 0x000002269bd15800, 0x000002269bd65800, 0x000002269c40a000,
0x000002269bfc1800, 0x000002269c3bf000, 0x000002269b850000, 0x000002269c0f0000,
0x000002269c667000, 0x000002269c614800, 0x000002269c5e4800, 0x000002269c5e2800,
0x000002269c5e6000, 0x000002269c5e3800, 0x000002269c5e5000, 0x000002269c5e0800
}

Java Threads: ( => current thread )
  0x00000226fff47800 JavaThread "main" [_thread_blocked, id=18144, stack(0x000000a5d4100000,0x000000a5d4200000)]
  0x000002269a87b800 JavaThread "Reference Handler" daemon [_thread_blocked, id=13600, stack(0x000000a5d4800000,0x000000a5d4900000)]
  0x000002269a87c800 JavaThread "Finalizer" daemon [_thread_blocked, id=18928, stack(0x000000a5d4900000,0x000000a5d4a00000)]
  0x000002269a895800 JavaThread "Signal Dispatcher" daemon [_thread_blocked, id=19584, stack(0x000000a5d4a00000,0x000000a5d4b00000)]
  0x000002269a896800 JavaThread "Attach Listener" daemon [_thread_blocked, id=13788, stack(0x000000a5d4b00000,0x000000a5d4c00000)]
  0x000002269a898000 JavaThread "C2 CompilerThread0" daemon [_thread_blocked, id=7652, stack(0x000000a5d4c00000,0x000000a5d4d00000)]
  0x000002269a8a5000 JavaThread "C1 CompilerThread0" daemon [_thread_blocked, id=1776, stack(0x000000a5d4d00000,0x000000a5d4e00000)]
  0x000002269b1d8800 JavaThread "Sweeper thread" daemon [_thread_blocked, id=12692, stack(0x000000a5d4e00000,0x000000a5d4f00000)]
  0x000002269a85f000 JavaThread "Common-Cleaner" daemon [_thread_blocked, id=6600, stack(0x000000a5d4f00000,0x000000a5d5000000)]
  0x000002269bd15800 JavaThread "Monitor Ctrl-Break" daemon [_thread_in_native, id=10608, stack(0x000000a5d5100000,0x000000a5d5200000)]
  0x000002269bd65800 JavaThread "Service Thread" daemon [_thread_blocked, id=17024, stack(0x000000a5d5200000,0x000000a5d5300000)]
  0x000002269c40a000 JavaThread "QuantumRenderer-0" daemon [_thread_blocked, id=15800, stack(0x000000a5d5400000,0x000000a5d5500000)]
  0x000002269bfc1800 JavaThread "InvokeLaterDispatcher" daemon [_thread_blocked, id=9976, stack(0x000000a5d5500000,0x000000a5d5600000)]
=>0x000002269c3bf000 JavaThread "JavaFX Application Thread" [_thread_in_native, id=21152, stack(0x000000a5d5600000,0x000000a5d5700000)]
  0x000002269b850000 JavaThread "Thread-1" daemon [_thread_in_native, id=6888, stack(0x000000a5d5d00000,0x000000a5d5e00000)]
  0x000002269c0f0000 JavaThread "JavaFX-Launcher" [_thread_blocked, id=14392, stack(0x000000a5d5e00000,0x000000a5d5f00000)]
  0x000002269c667000 JavaThread "Java2D Disposer" daemon [_thread_blocked, id=2240, stack(0x000000a5d5f00000,0x000000a5d6000000)]
  0x000002269c614800 JavaThread "AWT-Windows" daemon [_thread_in_native, id=21492, stack(0x000000a5d6100000,0x000000a5d6200000)]
  0x000002269c5e4800 JavaThread "JFXMedia Player EventQueueThread" daemon [_thread_blocked, id=19228, stack(0x000000a5d6500000,0x000000a5d6600000)]
  0x000002269c5e2800 JavaThread "Prism Font Disposer" daemon [_thread_blocked, id=13424, stack(0x000000a5d6f00000,0x000000a5d7000000)]
  0x000002269c5e6000 JavaThread "Media Resource Disposer" daemon [_thread_blocked, id=12384, stack(0x000000a5d7000000,0x000000a5d7100000)]
  0x000002269c5e3800 JavaThread "JFXMedia Player EventQueueThread" daemon [_thread_blocked, id=13836, stack(0x000000a5d7100000,0x000000a5d7200000)]
  0x000002269c5e5000 JavaThread "Timer-1" daemon [_thread_blocked, id=9972, stack(0x000000a5d7900000,0x000000a5d7a00000)]
  0x000002269c5e0800 JavaThread "Cleaner-0" daemon [_thread_blocked, id=12152, stack(0x000000a5d7700000,0x000000a5d7800000)]

Other Threads:
  0x000002269a878000 VMThread "VM Thread" [stack: 0x000000a5d4700000,0x000000a5d4800000] [id=17448]
  0x000002269be28800 WatcherThread [stack: 0x000000a5d5300000,0x000000a5d5400000] [id=1460]
  0x00000226fff5e800 GCTaskThread "GC Thread#0" [stack: 0x000000a5d4200000,0x000000a5d4300000] [id=12024]
  0x000002269c4a7000 GCTaskThread "GC Thread#1" [stack: 0x000000a5d5a00000,0x000000a5d5b00000] [id=10880]
  0x000002269c4a8000 GCTaskThread "GC Thread#2" [stack: 0x000000a5d5b00000,0x000000a5d5c00000] [id=5960]
  0x000002269c4bf800 GCTaskThread "GC Thread#3" [stack: 0x000000a5d5c00000,0x000000a5d5d00000] [id=20928]
  0x00000226a468c800 GCTaskThread "GC Thread#4" [stack: 0x000000a5d6000000,0x000000a5d6100000] [id=5920]
  0x000002269c668000 GCTaskThread "GC Thread#5" [stack: 0x000000a5d6d00000,0x000000a5d6e00000] [id=16432]
  0x00000226a8040000 GCTaskThread "GC Thread#6" [stack: 0x000000a5d7e00000,0x000000a5d7f00000] [id=12700]
  0x00000226a7c60800 GCTaskThread "GC Thread#7" [stack: 0x000000a5d7f00000,0x000000a5d8000000] [id=6496]
  0x00000226fff90000 ConcurrentGCThread "G1 Main Marker" [stack: 0x000000a5d4300000,0x000000a5d4400000] [id=2164]
  0x00000226fff91800 ConcurrentGCThread "G1 Conc#0" [stack: 0x000000a5d4400000,0x000000a5d4500000] [id=15016]
  0x00000226a4957800 ConcurrentGCThread "G1 Conc#1" [stack: 0x000000a5d6e00000,0x000000a5d6f00000] [id=12812]
  0x000002269a70c800 ConcurrentGCThread "G1 Refine#0" [stack: 0x000000a5d4500000,0x000000a5d4600000] [id=13388]
  0x000002269a70d000 ConcurrentGCThread "G1 Young RemSet Sampling" [stack: 0x000000a5d4600000,0x000000a5d4700000] [id=18572]

Threads with active compile tasks:

VM state:not at safepoint (normal execution)

VM Mutex/Monitor currently owned by a thread: None

Heap address: 0x0000000081c00000, size: 2020 MB, Compressed Oops mode: 32-bit
Narrow klass base: 0x0000000800000000, Narrow klass shift: 3
Compressed class space size: 1073741824 Address: 0x0000000840000000

Heap:
 garbage-first heap   total 157696K, used 76649K [0x0000000081c00000, 0x0000000100000000)
  region size 1024K, 33 young (33792K), 1 survivors (1024K)
 Metaspace       used 23313K, capacity 24062K, committed 24192K, reserved 1071104K
  class space    used 2334K, capacity 2640K, committed 2688K, reserved 1048576K
Heap Regions: E=young(eden), S=young(survivor), O=old, HS=humongous(starts), HC=humongous(continues), CS=collection set, F=free, A=archive, TAMS=top-at-mark-start (previous, next)
|   0|0x0000000081c00000, 0x0000000081d00000, 0x0000000081d00000|100%| O|  |TAMS 0x0000000081d00000, 0x0000000081c00000| Untracked 
|   1|0x0000000081d00000, 0x0000000081e00000, 0x0000000081e00000|100%| O|  |TAMS 0x0000000081d00000, 0x0000000081d00000| Untracked 
|   2|0x0000000081e00000, 0x0000000081e28a00, 0x0000000081f00000| 15%| O|  |TAMS 0x0000000081e00000, 0x0000000081e00000| Untracked 
|   3|0x0000000081f00000, 0x0000000082000000, 0x0000000082000000|100%|HS|  |TAMS 0x0000000081f00000, 0x0000000081f00000| Complete 
|   4|0x0000000082000000, 0x0000000082100000, 0x0000000082100000|100%|HC|  |TAMS 0x0000000082000000, 0x0000000082000000| Complete 
|   5|0x0000000082100000, 0x0000000082100000, 0x0000000082200000|  0%| F|  |TAMS 0x0000000082100000, 0x0000000082100000| Untracked 
|   6|0x0000000082200000, 0x0000000082200000, 0x0000000082300000|  0%| F|  |TAMS 0x0000000082200000, 0x0000000082200000| Untracked 
|   7|0x0000000082300000, 0x0000000082300000, 0x0000000082400000|  0%| F|  |TAMS 0x0000000082300000, 0x0000000082300000| Untracked 
|   8|0x0000000082400000, 0x0000000082400000, 0x0000000082500000|  0%| F|  |TAMS 0x0000000082400000, 0x0000000082400000| Untracked 
|   9|0x0000000082500000, 0x0000000082600000, 0x0000000082600000|100%|HS|  |TAMS 0x0000000082600000, 0x0000000082500000| Complete 
|  10|0x0000000082600000, 0x0000000082700000, 0x0000000082700000|100%|HC|  |TAMS 0x0000000082700000, 0x0000000082600000| Complete 
|  11|0x0000000082700000, 0x0000000082800000, 0x0000000082800000|100%|HC|  |TAMS 0x0000000082800000, 0x0000000082700000| Complete 
|  12|0x0000000082800000, 0x0000000082900000, 0x0000000082900000|100%|HC|  |TAMS 0x0000000082900000, 0x0000000082800000| Complete 
|  13|0x0000000082900000, 0x0000000082a00000, 0x0000000082a00000|100%|HC|  |TAMS 0x0000000082a00000, 0x0000000082900000| Complete 
|  14|0x0000000082a00000, 0x0000000082b00000, 0x0000000082b00000|100%|HC|  |TAMS 0x0000000082b00000, 0x0000000082a00000| Complete 
|  15|0x0000000082b00000, 0x0000000082c00000, 0x0000000082c00000|100%|HS|  |TAMS 0x0000000082c00000, 0x0000000082b00000| Complete 
|  16|0x0000000082c00000, 0x0000000082d00000, 0x0000000082d00000|100%|HC|  |TAMS 0x0000000082d00000, 0x0000000082c00000| Complete 
|  17|0x0000000082d00000, 0x0000000082e00000, 0x0000000082e00000|100%|HC|  |TAMS 0x0000000082e00000, 0x0000000082d00000| Complete 
|  18|0x0000000082e00000, 0x0000000082f00000, 0x0000000082f00000|100%|HC|  |TAMS 0x0000000082f00000, 0x0000000082e00000| Complete 
|  19|0x0000000082f00000, 0x0000000083000000, 0x0000000083000000|100%|HC|  |TAMS 0x0000000083000000, 0x0000000082f00000| Complete 
|  20|0x0000000083000000, 0x0000000083100000, 0x0000000083100000|100%|HC|  |TAMS 0x0000000083100000, 0x0000000083000000| Complete 
|  21|0x0000000083100000, 0x0000000083200000, 0x0000000083200000|100%|HC|  |TAMS 0x0000000083200000, 0x0000000083100000| Complete 
|  22|0x0000000083200000, 0x0000000083300000, 0x0000000083300000|100%|HC|  |TAMS 0x0000000083300000, 0x0000000083200000| Complete 
|  23|0x0000000083300000, 0x0000000083400000, 0x0000000083400000|100%|HS|  |TAMS 0x0000000083400000, 0x0000000083300000| Complete 
|  24|0x0000000083400000, 0x0000000083500000, 0x0000000083500000|100%|HC|  |TAMS 0x0000000083500000, 0x0000000083400000| Complete 
|  25|0x0000000083500000, 0x0000000083600000, 0x0000000083600000|100%|HC|  |TAMS 0x0000000083600000, 0x0000000083500000| Complete 
|  26|0x0000000083600000, 0x0000000083700000, 0x0000000083700000|100%|HC|  |TAMS 0x0000000083700000, 0x0000000083600000| Complete 
|  27|0x0000000083700000, 0x0000000083800000, 0x0000000083800000|100%|HC|  |TAMS 0x0000000083800000, 0x0000000083700000| Complete 
|  28|0x0000000083800000, 0x0000000083900000, 0x0000000083900000|100%|HC|  |TAMS 0x0000000083900000, 0x0000000083800000| Complete 
|  29|0x0000000083900000, 0x0000000083a00000, 0x0000000083a00000|100%|HC|  |TAMS 0x0000000083a00000, 0x0000000083900000| Complete 
|  30|0x0000000083a00000, 0x0000000083b00000, 0x0000000083b00000|100%|HC|  |TAMS 0x0000000083b00000, 0x0000000083a00000| Complete 
|  31|0x0000000083b00000, 0x0000000083c00000, 0x0000000083c00000|100%|HS|  |TAMS 0x0000000083c00000, 0x0000000083b00000| Complete 
|  32|0x0000000083c00000, 0x0000000083d00000, 0x0000000083d00000|100%|HC|  |TAMS 0x0000000083d00000, 0x0000000083c00000| Complete 
|  33|0x0000000083d00000, 0x0000000083e00000, 0x0000000083e00000|100%|HS|  |TAMS 0x0000000083e00000, 0x0000000083d00000| Complete 
|  34|0x0000000083e00000, 0x0000000083f00000, 0x0000000083f00000|100%|HC|  |TAMS 0x0000000083f00000, 0x0000000083e00000| Complete 
|  35|0x0000000083f00000, 0x0000000084000000, 0x0000000084000000|100%|HS|  |TAMS 0x0000000084000000, 0x0000000083f00000| Complete 
|  36|0x0000000084000000, 0x0000000084100000, 0x0000000084100000|100%|HC|  |TAMS 0x0000000084100000, 0x0000000084000000| Complete 
|  37|0x0000000084100000, 0x0000000084200000, 0x0000000084200000|100%| O|  |TAMS 0x0000000084200000, 0x0000000084100000| Untracked 
|  38|0x0000000084200000, 0x0000000084300000, 0x0000000084300000|100%| O|  |TAMS 0x0000000084300000, 0x0000000084200000| Untracked 
|  39|0x0000000084300000, 0x0000000084400000, 0x0000000084400000|100%|HS|  |TAMS 0x0000000084400000, 0x0000000084300000| Complete 
|  40|0x0000000084400000, 0x0000000084400000, 0x0000000084500000|  0%| F|  |TAMS 0x0000000084400000, 0x0000000084400000| Untracked 
|  41|0x0000000084500000, 0x0000000084500000, 0x0000000084600000|  0%| F|  |TAMS 0x0000000084500000, 0x0000000084500000| Untracked 
|  42|0x0000000084600000, 0x0000000084600000, 0x0000000084700000|  0%| F|  |TAMS 0x0000000084600000, 0x0000000084600000| Untracked 
|  43|0x0000000084700000, 0x0000000084700000, 0x0000000084800000|  0%| F|  |TAMS 0x0000000084700000, 0x0000000084700000| Untracked 
|  44|0x0000000084800000, 0x0000000084800000, 0x0000000084900000|  0%| F|  |TAMS 0x0000000084800000, 0x0000000084800000| Untracked 
|  45|0x0000000084900000, 0x0000000084900000, 0x0000000084a00000|  0%| F|  |TAMS 0x0000000084900000, 0x0000000084900000| Untracked 
|  46|0x0000000084a00000, 0x0000000084a00000, 0x0000000084b00000|  0%| F|  |TAMS 0x0000000084a00000, 0x0000000084a00000| Untracked 
|  47|0x0000000084b00000, 0x0000000084b00000, 0x0000000084c00000|  0%| F|  |TAMS 0x0000000084b00000, 0x0000000084b00000| Untracked 
|  48|0x0000000084c00000, 0x0000000084c00000, 0x0000000084d00000|  0%| F|  |TAMS 0x0000000084c00000, 0x0000000084c00000| Untracked 
|  49|0x0000000084d00000, 0x0000000084d00000, 0x0000000084e00000|  0%| F|  |TAMS 0x0000000084d00000, 0x0000000084d00000| Untracked 
|  50|0x0000000084e00000, 0x0000000084e00000, 0x0000000084f00000|  0%| F|  |TAMS 0x0000000084e00000, 0x0000000084e00000| Untracked 
|  51|0x0000000084f00000, 0x0000000084f00000, 0x0000000085000000|  0%| F|  |TAMS 0x0000000084f00000, 0x0000000084f00000| Untracked 
|  52|0x0000000085000000, 0x0000000085000000, 0x0000000085100000|  0%| F|  |TAMS 0x0000000085000000, 0x0000000085000000| Untracked 
|  53|0x0000000085100000, 0x0000000085100000, 0x0000000085200000|  0%| F|  |TAMS 0x0000000085100000, 0x0000000085100000| Untracked 
|  54|0x0000000085200000, 0x00000000852b1af0, 0x0000000085300000| 69%| S|CS|TAMS 0x0000000085200000, 0x0000000085200000| Complete 
|  55|0x0000000085300000, 0x0000000085300000, 0x0000000085400000|  0%| F|  |TAMS 0x0000000085300000, 0x0000000085300000| Untracked 
|  56|0x0000000085400000, 0x0000000085500000, 0x0000000085500000|100%|HS|  |TAMS 0x0000000085500000, 0x0000000085400000| Complete 
|  57|0x0000000085500000, 0x0000000085600000, 0x0000000085600000|100%|HC|  |TAMS 0x0000000085600000, 0x0000000085500000| Complete 
|  58|0x0000000085600000, 0x0000000085700000, 0x0000000085700000|100%| O|  |TAMS 0x0000000085700000, 0x0000000085600000| Untracked 
|  59|0x0000000085700000, 0x0000000085800000, 0x0000000085800000|100%| O|  |TAMS 0x0000000085800000, 0x0000000085700000| Untracked 
|  60|0x0000000085800000, 0x0000000085900000, 0x0000000085900000|100%| O|  |TAMS 0x0000000085900000, 0x0000000085800000| Untracked 
|  61|0x0000000085900000, 0x0000000085a00000, 0x0000000085a00000|100%| O|  |TAMS 0x0000000085a00000, 0x0000000085900000| Untracked 
|  62|0x0000000085a00000, 0x0000000085b00000, 0x0000000085b00000|100%| O|  |TAMS 0x0000000085b00000, 0x0000000085a00000| Untracked 
|  63|0x0000000085b00000, 0x0000000085c00000, 0x0000000085c00000|100%| O|  |TAMS 0x0000000085b54e00, 0x0000000085b00000| Untracked 
|  64|0x0000000085c00000, 0x0000000085c00000, 0x0000000085d00000|  0%| F|  |TAMS 0x0000000085c00000, 0x0000000085c00000| Untracked 
|  65|0x0000000085d00000, 0x0000000085d00000, 0x0000000085e00000|  0%| F|  |TAMS 0x0000000085d00000, 0x0000000085d00000| Untracked 
|  66|0x0000000085e00000, 0x0000000085e00000, 0x0000000085f00000|  0%| F|  |TAMS 0x0000000085e00000, 0x0000000085e00000| Untracked 
|  67|0x0000000085f00000, 0x0000000085f00000, 0x0000000086000000|  0%| F|  |TAMS 0x0000000085f00000, 0x0000000085f00000| Untracked 
|  68|0x0000000086000000, 0x0000000086000000, 0x0000000086100000|  0%| F|  |TAMS 0x0000000086000000, 0x0000000086000000| Untracked 
|  69|0x0000000086100000, 0x0000000086100000, 0x0000000086200000|  0%| F|  |TAMS 0x0000000086100000, 0x0000000086100000| Untracked 
|  70|0x0000000086200000, 0x0000000086200000, 0x0000000086300000|  0%| F|  |TAMS 0x0000000086200000, 0x0000000086200000| Untracked 
|  71|0x0000000086300000, 0x0000000086300000, 0x0000000086400000|  0%| F|  |TAMS 0x0000000086300000, 0x0000000086300000| Untracked 
|  72|0x0000000086400000, 0x0000000086400000, 0x0000000086500000|  0%| F|  |TAMS 0x0000000086400000, 0x0000000086400000| Untracked 
|  73|0x0000000086500000, 0x0000000086500000, 0x0000000086600000|  0%| F|  |TAMS 0x0000000086500000, 0x0000000086500000| Untracked 
|  74|0x0000000086600000, 0x0000000086600000, 0x0000000086700000|  0%| F|  |TAMS 0x0000000086600000, 0x0000000086600000| Untracked 
|  75|0x0000000086700000, 0x0000000086700000, 0x0000000086800000|  0%| F|  |TAMS 0x0000000086700000, 0x0000000086700000| Untracked 
|  76|0x0000000086800000, 0x0000000086800000, 0x0000000086900000|  0%| F|  |TAMS 0x0000000086800000, 0x0000000086800000| Untracked 
|  77|0x0000000086900000, 0x0000000086900000, 0x0000000086a00000|  0%| F|  |TAMS 0x0000000086900000, 0x0000000086900000| Untracked 
|  78|0x0000000086a00000, 0x0000000086a00000, 0x0000000086b00000|  0%| F|  |TAMS 0x0000000086a00000, 0x0000000086a00000| Untracked 
|  79|0x0000000086b00000, 0x0000000086b00000, 0x0000000086c00000|  0%| F|  |TAMS 0x0000000086b00000, 0x0000000086b00000| Untracked 
|  80|0x0000000086c00000, 0x0000000086c00000, 0x0000000086d00000|  0%| F|  |TAMS 0x0000000086c00000, 0x0000000086c00000| Untracked 
|  81|0x0000000086d00000, 0x0000000086d00000, 0x0000000086e00000|  0%| F|  |TAMS 0x0000000086d00000, 0x0000000086d00000| Untracked 
|  82|0x0000000086e00000, 0x0000000086e00000, 0x0000000086f00000|  0%| F|  |TAMS 0x0000000086e00000, 0x0000000086e00000| Untracked 
|  83|0x0000000086f00000, 0x0000000086f00000, 0x0000000087000000|  0%| F|  |TAMS 0x0000000086f00000, 0x0000000086f00000| Untracked 
|  84|0x0000000087000000, 0x0000000087000000, 0x0000000087100000|  0%| F|  |TAMS 0x0000000087000000, 0x0000000087000000| Untracked 
|  85|0x0000000087100000, 0x0000000087100000, 0x0000000087200000|  0%| F|  |TAMS 0x0000000087100000, 0x0000000087100000| Untracked 
|  86|0x0000000087200000, 0x0000000087200000, 0x0000000087300000|  0%| F|  |TAMS 0x0000000087200000, 0x0000000087200000| Untracked 
|  87|0x0000000087300000, 0x0000000087300000, 0x0000000087400000|  0%| F|  |TAMS 0x0000000087300000, 0x0000000087300000| Untracked 
|  88|0x0000000087400000, 0x0000000087400000, 0x0000000087500000|  0%| F|  |TAMS 0x0000000087400000, 0x0000000087400000| Untracked 
|  89|0x0000000087500000, 0x0000000087500000, 0x0000000087600000|  0%| F|  |TAMS 0x0000000087500000, 0x0000000087500000| Untracked 
|  90|0x0000000087600000, 0x0000000087600000, 0x0000000087700000|  0%| F|  |TAMS 0x0000000087600000, 0x0000000087600000| Untracked 
|  91|0x0000000087700000, 0x0000000087700000, 0x0000000087800000|  0%| F|  |TAMS 0x0000000087700000, 0x0000000087700000| Untracked 
|  92|0x0000000087800000, 0x0000000087800000, 0x0000000087900000|  0%| F|  |TAMS 0x0000000087800000, 0x0000000087800000| Untracked 
|  93|0x0000000087900000, 0x0000000087900000, 0x0000000087a00000|  0%| F|  |TAMS 0x0000000087900000, 0x0000000087900000| Untracked 
|  94|0x0000000087a00000, 0x0000000087a00000, 0x0000000087b00000|  0%| F|  |TAMS 0x0000000087a00000, 0x0000000087a00000| Untracked 
|  95|0x0000000087b00000, 0x0000000087b00000, 0x0000000087c00000|  0%| F|  |TAMS 0x0000000087b00000, 0x0000000087b00000| Untracked 
|  96|0x0000000087c00000, 0x0000000087c00000, 0x0000000087d00000|  0%| F|  |TAMS 0x0000000087c00000, 0x0000000087c00000| Untracked 
|  97|0x0000000087d00000, 0x0000000087d00000, 0x0000000087e00000|  0%| F|  |TAMS 0x0000000087d00000, 0x0000000087d00000| Untracked 
|  98|0x0000000087e00000, 0x0000000087e00000, 0x0000000087f00000|  0%| F|  |TAMS 0x0000000087e00000, 0x0000000087e00000| Untracked 
|  99|0x0000000087f00000, 0x0000000087f00000, 0x0000000088000000|  0%| F|  |TAMS 0x0000000087f00000, 0x0000000087f00000| Untracked 
| 100|0x0000000088000000, 0x0000000088000000, 0x0000000088100000|  0%| F|  |TAMS 0x0000000088000000, 0x0000000088000000| Untracked 
| 101|0x0000000088100000, 0x0000000088100000, 0x0000000088200000|  0%| F|  |TAMS 0x0000000088100000, 0x0000000088100000| Untracked 
| 102|0x0000000088200000, 0x0000000088200000, 0x0000000088300000|  0%| F|  |TAMS 0x0000000088200000, 0x0000000088200000| Untracked 
| 103|0x0000000088300000, 0x0000000088300000, 0x0000000088400000|  0%| F|  |TAMS 0x0000000088300000, 0x0000000088300000| Untracked 
| 104|0x0000000088400000, 0x0000000088400000, 0x0000000088500000|  0%| F|  |TAMS 0x0000000088400000, 0x0000000088400000| Untracked 
| 105|0x0000000088500000, 0x0000000088500000, 0x0000000088600000|  0%| F|  |TAMS 0x0000000088500000, 0x0000000088500000| Untracked 
| 106|0x0000000088600000, 0x0000000088600000, 0x0000000088700000|  0%| F|  |TAMS 0x0000000088600000, 0x0000000088600000| Untracked 
| 107|0x0000000088700000, 0x0000000088700000, 0x0000000088800000|  0%| F|  |TAMS 0x0000000088700000, 0x0000000088700000| Untracked 
| 108|0x0000000088800000, 0x0000000088800000, 0x0000000088900000|  0%| F|  |TAMS 0x0000000088800000, 0x0000000088800000| Untracked 
| 109|0x0000000088900000, 0x0000000088900000, 0x0000000088a00000|  0%| F|  |TAMS 0x0000000088900000, 0x0000000088900000| Untracked 
| 110|0x0000000088a00000, 0x0000000088a00000, 0x0000000088b00000|  0%| F|  |TAMS 0x0000000088a00000, 0x0000000088a00000| Untracked 
| 111|0x0000000088b00000, 0x0000000088b00000, 0x0000000088c00000|  0%| F|  |TAMS 0x0000000088b00000, 0x0000000088b00000| Untracked 
| 112|0x0000000088c00000, 0x0000000088c00000, 0x0000000088d00000|  0%| F|  |TAMS 0x0000000088c00000, 0x0000000088c00000| Untracked 
| 113|0x0000000088d00000, 0x0000000088d00000, 0x0000000088e00000|  0%| F|  |TAMS 0x0000000088d00000, 0x0000000088d00000| Untracked 
| 114|0x0000000088e00000, 0x0000000088e00000, 0x0000000088f00000|  0%| F|  |TAMS 0x0000000088e00000, 0x0000000088e00000| Untracked 
| 115|0x0000000088f00000, 0x0000000088f00000, 0x0000000089000000|  0%| F|  |TAMS 0x0000000088f00000, 0x0000000088f00000| Untracked 
| 116|0x0000000089000000, 0x0000000089000000, 0x0000000089100000|  0%| F|  |TAMS 0x0000000089000000, 0x0000000089000000| Untracked 
| 117|0x0000000089100000, 0x0000000089100000, 0x0000000089200000|  0%| F|  |TAMS 0x0000000089100000, 0x0000000089100000| Untracked 
| 118|0x0000000089200000, 0x0000000089200000, 0x0000000089300000|  0%| F|  |TAMS 0x0000000089200000, 0x0000000089200000| Untracked 
| 119|0x0000000089300000, 0x0000000089300000, 0x0000000089400000|  0%| F|  |TAMS 0x0000000089300000, 0x0000000089300000| Untracked 
| 120|0x0000000089400000, 0x0000000089400000, 0x0000000089500000|  0%| F|  |TAMS 0x0000000089400000, 0x0000000089400000| Untracked 
| 121|0x0000000089500000, 0x0000000089500000, 0x0000000089600000|  0%| F|  |TAMS 0x0000000089500000, 0x0000000089500000| Untracked 
| 122|0x0000000089600000, 0x00000000896bb0d0, 0x0000000089700000| 73%| E|  |TAMS 0x0000000089600000, 0x0000000089600000| Complete 
| 123|0x0000000089700000, 0x0000000089800000, 0x0000000089800000|100%| E|CS|TAMS 0x0000000089700000, 0x0000000089700000| Complete 
| 124|0x0000000089800000, 0x0000000089900000, 0x0000000089900000|100%| E|CS|TAMS 0x0000000089800000, 0x0000000089800000| Complete 
| 125|0x0000000089900000, 0x0000000089a00000, 0x0000000089a00000|100%| E|CS|TAMS 0x0000000089900000, 0x0000000089900000| Complete 
| 126|0x0000000089a00000, 0x0000000089b00000, 0x0000000089b00000|100%| E|CS|TAMS 0x0000000089a00000, 0x0000000089a00000| Complete 
| 127|0x0000000089b00000, 0x0000000089c00000, 0x0000000089c00000|100%| E|CS|TAMS 0x0000000089b00000, 0x0000000089b00000| Complete 
| 128|0x0000000089c00000, 0x0000000089d00000, 0x0000000089d00000|100%| E|CS|TAMS 0x0000000089c00000, 0x0000000089c00000| Complete 
| 129|0x0000000089d00000, 0x0000000089e00000, 0x0000000089e00000|100%| E|CS|TAMS 0x0000000089d00000, 0x0000000089d00000| Complete 
| 130|0x0000000089e00000, 0x0000000089f00000, 0x0000000089f00000|100%| E|CS|TAMS 0x0000000089e00000, 0x0000000089e00000| Complete 
| 131|0x0000000089f00000, 0x000000008a000000, 0x000000008a000000|100%| E|CS|TAMS 0x0000000089f00000, 0x0000000089f00000| Complete 
| 132|0x000000008a000000, 0x000000008a100000, 0x000000008a100000|100%| E|CS|TAMS 0x000000008a000000, 0x000000008a000000| Complete 
| 133|0x000000008a100000, 0x000000008a200000, 0x000000008a200000|100%| E|CS|TAMS 0x000000008a100000, 0x000000008a100000| Complete 
| 134|0x000000008a200000, 0x000000008a300000, 0x000000008a300000|100%| E|CS|TAMS 0x000000008a200000, 0x000000008a200000| Complete 
| 135|0x000000008a300000, 0x000000008a400000, 0x000000008a400000|100%| E|CS|TAMS 0x000000008a300000, 0x000000008a300000| Complete 
| 136|0x000000008a400000, 0x000000008a500000, 0x000000008a500000|100%| E|CS|TAMS 0x000000008a400000, 0x000000008a400000| Complete 
| 137|0x000000008a500000, 0x000000008a600000, 0x000000008a600000|100%| E|CS|TAMS 0x000000008a500000, 0x000000008a500000| Complete 
| 138|0x000000008a600000, 0x000000008a700000, 0x000000008a700000|100%| E|CS|TAMS 0x000000008a600000, 0x000000008a600000| Complete 
| 139|0x000000008a700000, 0x000000008a800000, 0x000000008a800000|100%| E|CS|TAMS 0x000000008a700000, 0x000000008a700000| Complete 
| 140|0x000000008a800000, 0x000000008a900000, 0x000000008a900000|100%| E|CS|TAMS 0x000000008a800000, 0x000000008a800000| Complete 
| 141|0x000000008a900000, 0x000000008aa00000, 0x000000008aa00000|100%| E|CS|TAMS 0x000000008a900000, 0x000000008a900000| Complete 
| 142|0x000000008aa00000, 0x000000008ab00000, 0x000000008ab00000|100%| E|CS|TAMS 0x000000008aa00000, 0x000000008aa00000| Complete 
| 143|0x000000008ab00000, 0x000000008ac00000, 0x000000008ac00000|100%| E|CS|TAMS 0x000000008ab00000, 0x000000008ab00000| Complete 
| 144|0x000000008ac00000, 0x000000008ad00000, 0x000000008ad00000|100%| E|CS|TAMS 0x000000008ac00000, 0x000000008ac00000| Complete 
| 145|0x000000008ad00000, 0x000000008ae00000, 0x000000008ae00000|100%| E|CS|TAMS 0x000000008ad00000, 0x000000008ad00000| Complete 
| 146|0x000000008ae00000, 0x000000008af00000, 0x000000008af00000|100%| E|CS|TAMS 0x000000008ae00000, 0x000000008ae00000| Complete 
| 147|0x000000008af00000, 0x000000008b000000, 0x000000008b000000|100%| E|CS|TAMS 0x000000008af00000, 0x000000008af00000| Complete 
| 148|0x000000008b000000, 0x000000008b100000, 0x000000008b100000|100%| E|CS|TAMS 0x000000008b000000, 0x000000008b000000| Complete 
| 149|0x000000008b100000, 0x000000008b200000, 0x000000008b200000|100%| E|CS|TAMS 0x000000008b100000, 0x000000008b100000| Complete 
| 150|0x000000008b200000, 0x000000008b300000, 0x000000008b300000|100%| E|CS|TAMS 0x000000008b200000, 0x000000008b200000| Complete 
| 151|0x000000008b300000, 0x000000008b400000, 0x000000008b400000|100%| E|CS|TAMS 0x000000008b300000, 0x000000008b300000| Complete 
| 152|0x000000008b400000, 0x000000008b500000, 0x000000008b500000|100%| E|CS|TAMS 0x000000008b400000, 0x000000008b400000| Complete 
| 153|0x000000008b500000, 0x000000008b600000, 0x000000008b600000|100%| E|CS|TAMS 0x000000008b500000, 0x000000008b500000| Complete 

Card table byte_map: [0x0000022693720000,0x0000022693b20000] _byte_map_base: 0x0000022693312000

Marking Bits (Prev, Next): (CMBitMap*) 0x00000226fff87298, (CMBitMap*) 0x00000226fff872d0
 Prev Bits: [0x0000022693f20000, 0x0000022695eb0000)
 Next Bits: [0x0000022695eb0000, 0x0000022697e40000)

Polling page: 0x00000226fdf00000

Metaspace:

Usage:
  Non-class:     20.92 MB capacity,    20.49 MB ( 98%) used,   358.06 KB (  2%) free+waste,    84.88 KB ( <1%) overhead. 
      Class:      2.58 MB capacity,     2.28 MB ( 88%) used,   264.38 KB ( 10%) free+waste,    41.50 KB (  2%) overhead. 
       Both:     23.50 MB capacity,    22.77 MB ( 97%) used,   622.44 KB (  3%) free+waste,   126.38 KB ( <1%) overhead. 

Virtual space:
  Non-class space:       22.00 MB reserved,      21.00 MB ( 95%) committed 
      Class space:        1.00 GB reserved,       2.63 MB ( <1%) committed 
             Both:        1.02 GB reserved,      23.63 MB (  2%) committed 

Chunk freelists:
   Non-Class:  18.00 KB
       Class:  16.00 KB
        Both:  34.00 KB

MaxMetaspaceSize: 17179869184.00 GB
CompressedClassSpaceSize: 1.00 GB

CodeHeap 'non-profiled nmethods': size=120000Kb used=2409Kb max_used=2409Kb free=117590Kb
 bounds [0x000002268bac0000, 0x000002268bd30000, 0x0000022692ff0000]
CodeHeap 'profiled nmethods': size=120000Kb used=8414Kb max_used=8414Kb free=111586Kb
 bounds [0x0000022684590000, 0x0000022684dd0000, 0x000002268bac0000]
CodeHeap 'non-nmethods': size=5760Kb used=1760Kb max_used=1804Kb free=3999Kb
 bounds [0x0000022683ff0000, 0x0000022684260000, 0x0000022684590000]
 total_blobs=6872 nmethods=4020 adapters=1311
 compilation: enabled
              stopped_count=0, restarted_count=0
 full_count=0

Compilation events (20 events):
Event: 17.338 Thread 0x000002269a8a5000 4014       3       com.sun.scenario.animation.AnimationPulse::recordEnd (81 bytes)
Event: 17.338 Thread 0x000002269a898000 4015       4       com.sun.glass.ui.Application::checkEventThread (35 bytes)
Event: 17.340 Thread 0x000002269a898000 nmethod 4015 0x000002268bd1a110 code [0x000002268bd1a2a0, 0x000002268bd1a318]
Event: 17.341 Thread 0x000002269a8a5000 nmethod 4014 0x0000022684dbf610 code [0x0000022684dbf8c0, 0x0000022684dc0420]
Event: 17.341 Thread 0x000002269a8a5000 4016   !   3       com.sun.javafx.tk.quantum.PaintCollector::renderAll (381 bytes)
Event: 17.344 Thread 0x000002269a8a5000 nmethod 4016 0x0000022684dc0810 code [0x0000022684dc0b40, 0x0000022684dc2250]
Event: 17.344 Thread 0x000002269a8a5000 4017       3       com.sun.javafx.tk.quantum.QuantumToolkit::endPulseRunning (29 bytes)
Event: 17.345 Thread 0x000002269a8a5000 nmethod 4017 0x0000022684dc2910 code [0x0000022684dc2b00, 0x0000022684dc2e20]
Event: 17.418 Thread 0x000002269a8a5000 4018       3       javafx.scene.Node::localToScene (46 bytes)
Event: 17.421 Thread 0x000002269a8a5000 nmethod 4018 0x0000022684dc2f90 code [0x0000022684dc32a0, 0x0000022684dc4b20]
Event: 17.421 Thread 0x000002269a8a5000 4019       3       java.util.ArrayDeque::isEmpty (17 bytes)
Event: 17.422 Thread 0x000002269a8a5000 nmethod 4019 0x0000022684dc5110 code [0x0000022684dc52c0, 0x0000022684dc5498]
Event: 17.422 Thread 0x000002269a8a5000 4020       3       javafx.beans.property.BooleanPropertyBase::isBound (13 bytes)
Event: 17.422 Thread 0x000002269a8a5000 nmethod 4020 0x0000022684dc5510 code [0x0000022684dc56c0, 0x0000022684dc5898]
Event: 17.438 Thread 0x000002269a898000 4021       4       java.util.concurrent.ConcurrentHashMap$BaseIterator::hasNext (13 bytes)
Event: 17.439 Thread 0x000002269a898000 nmethod 4021 0x000002268bd1a390 code [0x000002268bd1a520, 0x000002268bd1a598]
Event: 17.442 Thread 0x000002269a8a5000 4022       3       java.lang.invoke.MethodHandles$Lookup::resolveOrFail (48 bytes)
Event: 17.444 Thread 0x000002269a8a5000 nmethod 4022 0x0000022684dc5910 code [0x0000022684dc5b80, 0x0000022684dc6420]
Event: 17.444 Thread 0x000002269a8a5000 4023       3       java.lang.invoke.MethodHandles$Lookup::checkMethodName (43 bytes)
Event: 17.446 Thread 0x000002269a8a5000 nmethod 4023 0x0000022684dc6790 code [0x0000022684dc6a20, 0x0000022684dc7430]

GC Heap History (20 events):
Event: 5.608 GC heap before
{Heap before GC invocations=16 (full 0):
 garbage-first heap   total 131072K, used 109029K [0x0000000081c00000, 0x0000000100000000)
  region size 1024K, 69 young (70656K), 3 survivors (3072K)
 Metaspace       used 21095K, capacity 21822K, committed 22016K, reserved 1069056K
  class space    used 2221K, capacity 2558K, committed 2560K, reserved 1048576K
}
Event: 5.610 GC heap after
{Heap after GC invocations=17 (full 0):
 garbage-first heap   total 131072K, used 42529K [0x0000000081c00000, 0x0000000100000000)
  region size 1024K, 3 young (3072K), 3 survivors (3072K)
 Metaspace       used 21095K, capacity 21822K, committed 22016K, reserved 1069056K
  class space    used 2221K, capacity 2558K, committed 2560K, reserved 1048576K
}
Event: 5.694 GC heap before
{Heap before GC invocations=17 (full 0):
 garbage-first heap   total 131072K, used 110113K [0x0000000081c00000, 0x0000000100000000)
  region size 1024K, 69 young (70656K), 3 survivors (3072K)
 Metaspace       used 21097K, capacity 21822K, committed 22016K, reserved 1069056K
  class space    used 2221K, capacity 2558K, committed 2560K, reserved 1048576K
}
Event: 5.696 GC heap after
{Heap after GC invocations=18 (full 0):
 garbage-first heap   total 131072K, used 42392K [0x0000000081c00000, 0x0000000100000000)
  region size 1024K, 3 young (3072K), 3 survivors (3072K)
 Metaspace       used 21097K, capacity 21822K, committed 22016K, reserved 1069056K
  class space    used 2221K, capacity 2558K, committed 2560K, reserved 1048576K
}
Event: 5.768 GC heap before
{Heap before GC invocations=18 (full 0):
 garbage-first heap   total 131072K, used 111000K [0x0000000081c00000, 0x0000000100000000)
  region size 1024K, 70 young (71680K), 3 survivors (3072K)
 Metaspace       used 21102K, capacity 21822K, committed 22016K, reserved 1069056K
  class space    used 2221K, capacity 2558K, committed 2560K, reserved 1048576K
}
Event: 5.771 GC heap after
{Heap after GC invocations=19 (full 0):
 garbage-first heap   total 157696K, used 43027K [0x0000000081c00000, 0x0000000100000000)
  region size 1024K, 3 young (3072K), 3 survivors (3072K)
 Metaspace       used 21102K, capacity 21822K, committed 22016K, reserved 1069056K
  class space    used 2221K, capacity 2558K, committed 2560K, reserved 1048576K
}
Event: 5.882 GC heap before
{Heap before GC invocations=19 (full 0):
 garbage-first heap   total 157696K, used 134163K [0x0000000081c00000, 0x0000000100000000)
  region size 1024K, 92 young (94208K), 3 survivors (3072K)
 Metaspace       used 21102K, capacity 21822K, committed 22016K, reserved 1069056K
  class space    used 2221K, capacity 2558K, committed 2560K, reserved 1048576K
}
Event: 5.884 GC heap after
{Heap after GC invocations=20 (full 0):
 garbage-first heap   total 157696K, used 42733K [0x0000000081c00000, 0x0000000100000000)
  region size 1024K, 2 young (2048K), 2 survivors (2048K)
 Metaspace       used 21102K, capacity 21822K, committed 22016K, reserved 1069056K
  class space    used 2221K, capacity 2558K, committed 2560K, reserved 1048576K
}
Event: 5.993 GC heap before
{Heap before GC invocations=20 (full 0):
 garbage-first heap   total 157696K, used 134893K [0x0000000081c00000, 0x0000000100000000)
  region size 1024K, 92 young (94208K), 2 survivors (2048K)
 Metaspace       used 21103K, capacity 21822K, committed 22016K, reserved 1069056K
  class space    used 2221K, capacity 2558K, committed 2560K, reserved 1048576K
}
Event: 5.994 GC heap after
{Heap after GC invocations=21 (full 0):
 garbage-first heap   total 157696K, used 42463K [0x0000000081c00000, 0x0000000100000000)
  region size 1024K, 1 young (1024K), 1 survivors (1024K)
 Metaspace       used 21103K, capacity 21822K, committed 22016K, reserved 1069056K
  class space    used 2221K, capacity 2558K, committed 2560K, reserved 1048576K
}
Event: 6.149 GC heap before
{Heap before GC invocations=21 (full 0):
 garbage-first heap   total 157696K, used 135647K [0x0000000081c00000, 0x0000000100000000)
  region size 1024K, 92 young (94208K), 1 survivors (1024K)
 Metaspace       used 21148K, capacity 21950K, committed 22016K, reserved 1069056K
  class space    used 2223K, capacity 2558K, committed 2560K, reserved 1048576K
}
Event: 6.150 GC heap after
{Heap after GC invocations=22 (full 0):
 garbage-first heap   total 157696K, used 43015K [0x0000000081c00000, 0x0000000100000000)
  region size 1024K, 1 young (1024K), 1 survivors (1024K)
 Metaspace       used 21148K, capacity 21950K, committed 22016K, reserved 1069056K
  class space    used 2223K, capacity 2558K, committed 2560K, reserved 1048576K
}
Event: 8.437 GC heap before
{Heap before GC invocations=22 (full 0):
 garbage-first heap   total 157696K, used 136199K [0x0000000081c00000, 0x0000000100000000)
  region size 1024K, 92 young (94208K), 1 survivors (1024K)
 Metaspace       used 22167K, capacity 22946K, committed 23168K, reserved 1069056K
  class space    used 2256K, capacity 2590K, committed 2688K, reserved 1048576K
}
Event: 8.440 GC heap after
{Heap after GC invocations=23 (full 0):
 garbage-first heap   total 157696K, used 42369K [0x0000000081c00000, 0x0000000100000000)
  region size 1024K, 1 young (1024K), 1 survivors (1024K)
 Metaspace       used 22167K, capacity 22946K, committed 23168K, reserved 1069056K
  class space    used 2256K, capacity 2590K, committed 2688K, reserved 1048576K
}
Event: 10.650 GC heap before
{Heap before GC invocations=23 (full 0):
 garbage-first heap   total 157696K, used 135553K [0x0000000081c00000, 0x0000000100000000)
  region size 1024K, 92 young (94208K), 1 survivors (1024K)
 Metaspace       used 22242K, capacity 23074K, committed 23424K, reserved 1071104K
  class space    used 2256K, capacity 2590K, committed 2688K, reserved 1048576K
}
Event: 10.651 GC heap after
{Heap after GC invocations=24 (full 0):
 garbage-first heap   total 157696K, used 42318K [0x0000000081c00000, 0x0000000100000000)
  region size 1024K, 1 young (1024K), 1 survivors (1024K)
 Metaspace       used 22242K, capacity 23074K, committed 23424K, reserved 1071104K
  class space    used 2256K, capacity 2590K, committed 2688K, reserved 1048576K
}
Event: 13.208 GC heap before
{Heap before GC invocations=24 (full 0):
 garbage-first heap   total 157696K, used 135502K [0x0000000081c00000, 0x0000000100000000)
  region size 1024K, 92 young (94208K), 1 survivors (1024K)
 Metaspace       used 22291K, capacity 23074K, committed 23424K, reserved 1071104K
  class space    used 2256K, capacity 2590K, committed 2688K, reserved 1048576K
}
Event: 13.210 GC heap after
{Heap after GC invocations=25 (full 0):
 garbage-first heap   total 157696K, used 42314K [0x0000000081c00000, 0x0000000100000000)
  region size 1024K, 1 young (1024K), 1 survivors (1024K)
 Metaspace       used 22291K, capacity 23074K, committed 23424K, reserved 1071104K
  class space    used 2256K, capacity 2590K, committed 2688K, reserved 1048576K
}
Event: 16.196 GC heap before
{Heap before GC invocations=25 (full 0):
 garbage-first heap   total 157696K, used 136522K [0x0000000081c00000, 0x0000000100000000)
  region size 1024K, 92 young (94208K), 1 survivors (1024K)
 Metaspace       used 23153K, capacity 23917K, committed 24192K, reserved 1071104K
  class space    used 2331K, capacity 2636K, committed 2688K, reserved 1048576K
}
Event: 16.199 GC heap after
{Heap after GC invocations=26 (full 0):
 garbage-first heap   total 157696K, used 44905K [0x0000000081c00000, 0x0000000100000000)
  region size 1024K, 1 young (1024K), 1 survivors (1024K)
 Metaspace       used 23153K, capacity 23917K, committed 24192K, reserved 1071104K
  class space    used 2331K, capacity 2636K, committed 2688K, reserved 1048576K
}

Deoptimization events (20 events):
Event: 16.107 Thread 0x000002269c40a000 Uncommon trap: trap_request=0xffffff4d fr.pc=0x000002268bcd89f0 relative=0x0000000000000570
Event: 16.107 Thread 0x000002269c40a000 Uncommon trap: reason=unstable_if action=reinterpret pc=0x000002268bcd89f0 method=com.sun.javafx.geom.transform.AffineBase.updateState2D()V @ 42 c2
Event: 16.107 Thread 0x000002269c40a000 DEOPT PACKING pc=0x000002268bcd89f0 sp=0x000000a5d54fe430
Event: 16.107 Thread 0x000002269c40a000 DEOPT UNPACKING pc=0x000002268401922f sp=0x000000a5d54fe310 mode 2
Event: 16.108 Thread 0x000002269c40a000 Uncommon trap: trap_request=0xffffffde fr.pc=0x000002268bcf4edc relative=0x000000000000009c
Event: 16.108 Thread 0x000002269c40a000 Uncommon trap: reason=class_check action=maybe_recompile pc=0x000002268bcf4edc method=com.sun.javafx.geom.transform.AffineBase.transform(Lcom/sun/javafx/geom/BaseBounds;Lcom/sun/javafx/geom/BaseBounds;)Lcom/sun/javafx/geom/BaseBounds; @ 11 c2
Event: 16.108 Thread 0x000002269c40a000 DEOPT PACKING pc=0x000002268bcf4edc sp=0x000000a5d54fe420
Event: 16.108 Thread 0x000002269c40a000 DEOPT UNPACKING pc=0x000002268401922f sp=0x000000a5d54fe3d0 mode 2
Event: 16.108 Thread 0x000002269c40a000 Uncommon trap: trap_request=0xffffff4d fr.pc=0x000002268bd062f4 relative=0x0000000000000194
Event: 16.108 Thread 0x000002269c40a000 Uncommon trap: reason=unstable_if action=reinterpret pc=0x000002268bd062f4 method=com.sun.javafx.geom.transform.AffineBase.translate(DD)V @ 4 c2
Event: 16.108 Thread 0x000002269c40a000 DEOPT PACKING pc=0x000002268bd062f4 sp=0x000000a5d54fe430
Event: 16.108 Thread 0x000002269c40a000 DEOPT UNPACKING pc=0x000002268401922f sp=0x000000a5d54fe3b8 mode 2
Event: 16.108 Thread 0x000002269c40a000 Uncommon trap: trap_request=0xffffff4d fr.pc=0x000002268bcd20a0 relative=0x0000000000000220
Event: 16.108 Thread 0x000002269c40a000 Uncommon trap: reason=unstable_if action=reinterpret pc=0x000002268bcd20a0 method=com.sun.javafx.geom.transform.AffineBase.updateState2D()V @ 42 c2
Event: 16.108 Thread 0x000002269c40a000 DEOPT PACKING pc=0x000002268bcd20a0 sp=0x000000a5d54fe390
Event: 16.108 Thread 0x000002269c40a000 DEOPT UNPACKING pc=0x000002268401922f sp=0x000000a5d54fe328 mode 2
Event: 16.110 Thread 0x000002269c40a000 Uncommon trap: trap_request=0xffffff4d fr.pc=0x000002268bcfde2c relative=0x0000000000000a4c
Event: 16.110 Thread 0x000002269c40a000 Uncommon trap: reason=unstable_if action=reinterpret pc=0x000002268bcfde2c method=com.sun.javafx.sg.prism.NGNode.doRender(Lcom/sun/prism/Graphics;)V @ 24 c2
Event: 16.110 Thread 0x000002269c40a000 DEOPT PACKING pc=0x000002268bcfde2c sp=0x000000a5d54fe9d0
Event: 16.110 Thread 0x000002269c40a000 DEOPT UNPACKING pc=0x000002268401922f sp=0x000000a5d54fe910 mode 2

Classes redefined (0 events):
No events

Internal exceptions (20 events):
Event: 3.496 Thread 0x000002269c3bf000 Exception <a 'sun/nio/fs/WindowsException'{0x000000008776d538}> (0x000000008776d538) thrown at [c:/BuildAgent/work/5ff2f6c26000d570/src/hotspot/share/prims/jni.cpp, line 615]
Event: 3.497 Thread 0x000002269c3bf000 Exception <a 'sun/nio/fs/WindowsException'{0x00000000877755c8}> (0x00000000877755c8) thrown at [c:/BuildAgent/work/5ff2f6c26000d570/src/hotspot/share/prims/jni.cpp, line 615]
Event: 3.513 Thread 0x000002269c3bf000 Implicit null exception at 0x000002268bb22edf to 0x000002268bb23356
Event: 3.515 Thread 0x000002269c3bf000 Exception <a 'java/lang/NoSuchMethodError'{0x000000008746fb70}: 'void java.lang.invoke.DirectMethodHandle$Holder.invokeStatic(java.lang.Object, java.lang.Object, int, java.lang.Object)'> (0x000000008746fb70) thrown at [c:/BuildAgent/work/5ff2f6c26000d570/
Event: 3.515 Thread 0x000002269c3bf000 Exception <a 'java/lang/NoSuchMethodError'{0x00000000874763f0}: 'void java.lang.invoke.DelegatingMethodHandle$Holder.delegate(java.lang.Object, java.lang.Object, int, java.lang.Object)'> (0x00000000874763f0) thrown at [c:/BuildAgent/work/5ff2f6c26000d570/
Event: 3.516 Thread 0x000002269c3bf000 Exception <a 'java/lang/NoSuchMethodError'{0x000000008747dab0}: 'java.lang.Object java.lang.invoke.DirectMethodHandle$Holder.invokeStaticInit(java.lang.Object, java.lang.Object, java.lang.Object)'> (0x000000008747dab0) thrown at [c:/BuildAgent/work/5ff2f6
Event: 3.532 Thread 0x000002269c3bf000 Exception <a 'sun/nio/fs/WindowsException'{0x00000000874d7110}> (0x00000000874d7110) thrown at [c:/BuildAgent/work/5ff2f6c26000d570/src/hotspot/share/prims/jni.cpp, line 615]
Event: 3.533 Thread 0x000002269c3bf000 Exception <a 'sun/nio/fs/WindowsException'{0x00000000874d7670}> (0x00000000874d7670) thrown at [c:/BuildAgent/work/5ff2f6c26000d570/src/hotspot/share/prims/jni.cpp, line 615]
Event: 3.538 Thread 0x000002269c3bf000 Exception <a 'sun/nio/fs/WindowsException'{0x000000008733ddc0}> (0x000000008733ddc0) thrown at [c:/BuildAgent/work/5ff2f6c26000d570/src/hotspot/share/prims/jni.cpp, line 615]
Event: 3.538 Thread 0x000002269c3bf000 Exception <a 'sun/nio/fs/WindowsException'{0x000000008733e140}> (0x000000008733e140) thrown at [c:/BuildAgent/work/5ff2f6c26000d570/src/hotspot/share/prims/jni.cpp, line 615]
Event: 3.645 Thread 0x000002269c3bf000 Exception <a 'sun/nio/fs/WindowsException'{0x00000000872f20e0}> (0x00000000872f20e0) thrown at [c:/BuildAgent/work/5ff2f6c26000d570/src/hotspot/share/prims/jni.cpp, line 615]
Event: 3.645 Thread 0x000002269c3bf000 Exception <a 'sun/nio/fs/WindowsException'{0x00000000872f2490}> (0x00000000872f2490) thrown at [c:/BuildAgent/work/5ff2f6c26000d570/src/hotspot/share/prims/jni.cpp, line 615]
Event: 3.657 Thread 0x000002269c3bf000 Exception <a 'sun/nio/fs/WindowsException'{0x00000000870498b0}> (0x00000000870498b0) thrown at [c:/BuildAgent/work/5ff2f6c26000d570/src/hotspot/share/prims/jni.cpp, line 615]
Event: 3.657 Thread 0x000002269c3bf000 Exception <a 'sun/nio/fs/WindowsException'{0x0000000087049c68}> (0x0000000087049c68) thrown at [c:/BuildAgent/work/5ff2f6c26000d570/src/hotspot/share/prims/jni.cpp, line 615]
Event: 3.660 Thread 0x000002269c3bf000 Exception <a 'sun/nio/fs/WindowsException'{0x0000000086f06868}> (0x0000000086f06868) thrown at [c:/BuildAgent/work/5ff2f6c26000d570/src/hotspot/share/prims/jni.cpp, line 615]
Event: 3.660 Thread 0x000002269c3bf000 Exception <a 'sun/nio/fs/WindowsException'{0x0000000086f06b58}> (0x0000000086f06b58) thrown at [c:/BuildAgent/work/5ff2f6c26000d570/src/hotspot/share/prims/jni.cpp, line 615]
Event: 4.132 Thread 0x000002269c3bf000 Exception <a 'sun/nio/fs/WindowsException'{0x0000000087bc6c38}> (0x0000000087bc6c38) thrown at [c:/BuildAgent/work/5ff2f6c26000d570/src/hotspot/share/prims/jni.cpp, line 615]
Event: 4.132 Thread 0x000002269c3bf000 Exception <a 'sun/nio/fs/WindowsException'{0x0000000087bc6fc8}> (0x0000000087bc6fc8) thrown at [c:/BuildAgent/work/5ff2f6c26000d570/src/hotspot/share/prims/jni.cpp, line 615]
Event: 6.063 Thread 0x000002269c3bf000 Implicit null exception at 0x000002268bc21e46 to 0x000002268bc23476
Event: 15.314 Thread 0x000002269c3bf000 Implicit null exception at 0x000002268bcf8193 to 0x000002268bcf97ca

Events (20 events):
Event: 17.502 Thread 0x000002269c5e1000 Thread added: 0x000002269c5e1000
Event: 17.502 Thread 0x000002269c5e1000 Thread exited: 0x000002269c5e1000
Event: 17.503 Thread 0x000002269c5e2000 Thread added: 0x000002269c5e2000
Event: 17.503 Thread 0x000002269c5e2000 Thread exited: 0x000002269c5e2000
Event: 17.601 Thread 0x000002269c5e7000 Thread added: 0x000002269c5e7000
Event: 17.601 Thread 0x000002269c5e7000 Thread exited: 0x000002269c5e7000
Event: 17.601 Thread 0x000002269c5e7000 Thread added: 0x000002269c5e7000
Event: 17.602 Thread 0x000002269c5e7000 Thread exited: 0x000002269c5e7000
Event: 17.602 Thread 0x000002269c5e2000 Thread added: 0x000002269c5e2000
Event: 17.602 Thread 0x000002269c5e2000 Thread exited: 0x000002269c5e2000
Event: 17.602 Thread 0x000002269c5e7000 Thread added: 0x000002269c5e7000
Event: 17.602 Thread 0x000002269c5e7000 Thread exited: 0x000002269c5e7000
Event: 17.602 Thread 0x000002269c5e7000 Thread added: 0x000002269c5e7000
Event: 17.603 Thread 0x000002269c5e7000 Thread exited: 0x000002269c5e7000
Event: 17.603 Thread 0x000002269c5e7000 Thread added: 0x000002269c5e7000
Event: 17.603 Thread 0x000002269c5e7000 Thread exited: 0x000002269c5e7000
Event: 17.603 Thread 0x000002269c5e7000 Thread added: 0x000002269c5e7000
Event: 17.603 Thread 0x000002269c5e7000 Thread exited: 0x000002269c5e7000
Event: 17.603 Thread 0x000002269c5e2000 Thread added: 0x000002269c5e2000
Event: 17.603 Thread 0x000002269c5e2000 Thread exited: 0x000002269c5e2000


Dynamic libraries:
0x00007ff7a5900000 - 0x00007ff7a590a000 	D:\IntelliJ\IntelliJ IDEA Community Edition 2019.3.2\jbr\bin\java.exe
0x00007ffc7e070000 - 0x00007ffc7e25d000 	C:\WINDOWS\SYSTEM32\ntdll.dll
0x00007ffc7b600000 - 0x00007ffc7b6b3000 	C:\WINDOWS\System32\KERNEL32.DLL
0x00007ffc7a440000 - 0x00007ffc7a6d5000 	C:\WINDOWS\System32\KERNELBASE.dll
0x00007ffc7a6e0000 - 0x00007ffc7a7da000 	C:\WINDOWS\System32\ucrtbase.dll
0x00007ffc62fb0000 - 0x00007ffc62fc9000 	D:\IntelliJ\IntelliJ IDEA Community Edition 2019.3.2\jbr\bin\jli.dll
0x00007ffc63050000 - 0x00007ffc63067000 	D:\IntelliJ\IntelliJ IDEA Community Edition 2019.3.2\jbr\bin\VCRUNTIME140.dll
0x00007ffc7b460000 - 0x00007ffc7b5f7000 	C:\WINDOWS\System32\USER32.dll
0x00007ffc7aa70000 - 0x00007ffc7aa90000 	C:\WINDOWS\System32\win32u.dll
0x00007ffc7d050000 - 0x00007ffc7d079000 	C:\WINDOWS\System32\GDI32.dll
0x00007ffc6e1a0000 - 0x00007ffc6e419000 	C:\WINDOWS\WinSxS\amd64_microsoft.windows.common-controls_6595b64144ccf1df_6.0.17763.1158_none_de722d88534a897f\COMCTL32.dll
0x00007ffc7a7e0000 - 0x00007ffc7a979000 	C:\WINDOWS\System32\gdi32full.dll
0x00007ffc7a9d0000 - 0x00007ffc7aa70000 	C:\WINDOWS\System32\msvcp_win.dll
0x00007ffc7df10000 - 0x00007ffc7dfae000 	C:\WINDOWS\System32\msvcrt.dll
0x00007ffc7db30000 - 0x00007ffc7de5c000 	C:\WINDOWS\System32\combase.dll
0x00007ffc7b6f0000 - 0x00007ffc7b812000 	C:\WINDOWS\System32\RPCRT4.dll
0x00007ffc7a3c0000 - 0x00007ffc7a43e000 	C:\WINDOWS\System32\bcryptPrimitives.dll
0x00007ffc7b6c0000 - 0x00007ffc7b6ee000 	C:\WINDOWS\System32\IMM32.DLL
0x00007ffc4b360000 - 0x00007ffc4b3fd000 	D:\IntelliJ\IntelliJ IDEA Community Edition 2019.3.2\jbr\bin\msvcp140.dll
0x00007ffc29560000 - 0x00007ffc2a01b000 	D:\IntelliJ\IntelliJ IDEA Community Edition 2019.3.2\jbr\bin\server\jvm.dll
0x00007ffc7cf90000 - 0x00007ffc7d033000 	C:\WINDOWS\System32\ADVAPI32.dll
0x00007ffc7d430000 - 0x00007ffc7d4ce000 	C:\WINDOWS\System32\sechost.dll
0x00007ffc7e010000 - 0x00007ffc7e018000 	C:\WINDOWS\System32\PSAPI.DLL
0x00007ffc75d80000 - 0x00007ffc75d89000 	C:\WINDOWS\SYSTEM32\WSOCK32.dll
0x00007ffc7cf20000 - 0x00007ffc7cf8d000 	C:\WINDOWS\System32\WS2_32.dll
0x00007ffc6f2c0000 - 0x00007ffc6f2e4000 	C:\WINDOWS\SYSTEM32\WINMM.dll
0x00007ffc74b00000 - 0x00007ffc74b0a000 	C:\WINDOWS\SYSTEM32\VERSION.dll
0x00007ffc6f080000 - 0x00007ffc6f0ad000 	C:\WINDOWS\SYSTEM32\WINMMBASE.dll
0x00007ffc7a370000 - 0x00007ffc7a3ba000 	C:\WINDOWS\System32\cfgmgr32.dll
0x00007ffc7a060000 - 0x00007ffc7a071000 	C:\WINDOWS\System32\kernel.appcore.dll
0x00007ffc754c0000 - 0x00007ffc754d1000 	D:\IntelliJ\IntelliJ IDEA Community Edition 2019.3.2\jbr\bin\verify.dll
0x00007ffc72290000 - 0x00007ffc7247d000 	C:\WINDOWS\SYSTEM32\DBGHELP.DLL
0x00007ffc72260000 - 0x00007ffc7228a000 	C:\WINDOWS\SYSTEM32\dbgcore.DLL
0x00007ffc62e40000 - 0x00007ffc62e69000 	D:\IntelliJ\IntelliJ IDEA Community Edition 2019.3.2\jbr\bin\java.dll
0x00007ffc75e40000 - 0x00007ffc75e4f000 	D:\IntelliJ\IntelliJ IDEA Community Edition 2019.3.2\jbr\bin\instrument.dll
0x00007ffc6c690000 - 0x00007ffc6c6a7000 	D:\IntelliJ\IntelliJ IDEA Community Edition 2019.3.2\jbr\bin\zip.dll
0x00007ffc759f0000 - 0x00007ffc759fb000 	D:\IntelliJ\IntelliJ IDEA Community Edition 2019.3.2\jbr\bin\jimage.dll
0x00007ffc7b820000 - 0x00007ffc7cd14000 	C:\WINDOWS\System32\SHELL32.dll
0x00007ffc7de60000 - 0x00007ffc7df08000 	C:\WINDOWS\System32\shcore.dll
0x00007ffc7ab40000 - 0x00007ffc7b28d000 	C:\WINDOWS\System32\windows.storage.dll
0x00007ffc7a100000 - 0x00007ffc7a124000 	C:\WINDOWS\System32\profapi.dll
0x00007ffc7a080000 - 0x00007ffc7a0dd000 	C:\WINDOWS\System32\powrprof.dll
0x00007ffc7cd30000 - 0x00007ffc7cd82000 	C:\WINDOWS\System32\shlwapi.dll
0x00007ffc7a980000 - 0x00007ffc7a997000 	C:\WINDOWS\System32\cryptsp.dll
0x00007ffc6c500000 - 0x00007ffc6c51a000 	D:\IntelliJ\IntelliJ IDEA Community Edition 2019.3.2\jbr\bin\net.dll
0x00007ffc70910000 - 0x00007ffc70a02000 	C:\WINDOWS\SYSTEM32\WINHTTP.dll
0x00007ffc79870000 - 0x00007ffc798d7000 	C:\WINDOWS\system32\mswsock.dll
0x00007ffc6af30000 - 0x00007ffc6af44000 	D:\IntelliJ\IntelliJ IDEA Community Edition 2019.3.2\jbr\bin\nio.dll
0x00007ffc6c6b0000 - 0x00007ffc6c6ca000 	D:\IntelliJ\IntelliJ IDEA Community Edition 2019.3.2\bin\breakgen64.dll
0x00000226ffec0000 - 0x00000226ffec3000 	D:\IntelliJ\IntelliJ IDEA Community Edition 2019.3.2\jbr\bin\api-ms-win-core-console-l1-1-0.dll
0x00000226ffed0000 - 0x00000226ffed3000 	D:\IntelliJ\IntelliJ IDEA Community Edition 2019.3.2\jbr\bin\api-ms-win-core-datetime-l1-1-0.dll
0x00000226ffee0000 - 0x00000226ffee3000 	D:\IntelliJ\IntelliJ IDEA Community Edition 2019.3.2\jbr\bin\api-ms-win-core-debug-l1-1-0.dll
0x00000226ffef0000 - 0x00000226ffef3000 	D:\IntelliJ\IntelliJ IDEA Community Edition 2019.3.2\jbr\bin\api-ms-win-core-errorhandling-l1-1-0.dll
0x000002269cda0000 - 0x000002269cda4000 	D:\IntelliJ\IntelliJ IDEA Community Edition 2019.3.2\jbr\bin\api-ms-win-core-file-l1-1-0.dll
0x000002269cdb0000 - 0x000002269cdb3000 	D:\IntelliJ\IntelliJ IDEA Community Edition 2019.3.2\jbr\bin\api-ms-win-core-file-l1-2-0.dll
0x000002269cdc0000 - 0x000002269cdc3000 	D:\IntelliJ\IntelliJ IDEA Community Edition 2019.3.2\jbr\bin\api-ms-win-core-file-l2-1-0.dll
0x000002269cdd0000 - 0x000002269cdd3000 	D:\IntelliJ\IntelliJ IDEA Community Edition 2019.3.2\jbr\bin\api-ms-win-core-handle-l1-1-0.dll
0x000002269cde0000 - 0x000002269cde3000 	D:\IntelliJ\IntelliJ IDEA Community Edition 2019.3.2\jbr\bin\api-ms-win-core-heap-l1-1-0.dll
0x000002269cdf0000 - 0x000002269cdf3000 	D:\IntelliJ\IntelliJ IDEA Community Edition 2019.3.2\jbr\bin\api-ms-win-core-interlocked-l1-1-0.dll
0x000002269ce00000 - 0x000002269ce03000 	D:\IntelliJ\IntelliJ IDEA Community Edition 2019.3.2\jbr\bin\api-ms-win-core-libraryloader-l1-1-0.dll
0x000002269ce10000 - 0x000002269ce13000 	D:\IntelliJ\IntelliJ IDEA Community Edition 2019.3.2\jbr\bin\api-ms-win-core-localization-l1-2-0.dll
0x000002269ce20000 - 0x000002269ce23000 	D:\IntelliJ\IntelliJ IDEA Community Edition 2019.3.2\jbr\bin\api-ms-win-core-memory-l1-1-0.dll
0x000002269ce30000 - 0x000002269ce33000 	D:\IntelliJ\IntelliJ IDEA Community Edition 2019.3.2\jbr\bin\api-ms-win-core-namedpipe-l1-1-0.dll
0x000002269ce40000 - 0x000002269ce43000 	D:\IntelliJ\IntelliJ IDEA Community Edition 2019.3.2\jbr\bin\api-ms-win-core-processenvironment-l1-1-0.dll
0x000002269ce50000 - 0x000002269ce53000 	D:\IntelliJ\IntelliJ IDEA Community Edition 2019.3.2\jbr\bin\api-ms-win-core-processthreads-l1-1-0.dll
0x000002269ce60000 - 0x000002269ce63000 	D:\IntelliJ\IntelliJ IDEA Community Edition 2019.3.2\jbr\bin\api-ms-win-core-processthreads-l1-1-1.dll
0x000002269ce70000 - 0x000002269ce73000 	D:\IntelliJ\IntelliJ IDEA Community Edition 2019.3.2\jbr\bin\api-ms-win-core-profile-l1-1-0.dll
0x000002269ce80000 - 0x000002269ce83000 	D:\IntelliJ\IntelliJ IDEA Community Edition 2019.3.2\jbr\bin\api-ms-win-core-rtlsupport-l1-1-0.dll
0x000002269ce90000 - 0x000002269ce93000 	D:\IntelliJ\IntelliJ IDEA Community Edition 2019.3.2\jbr\bin\api-ms-win-core-string-l1-1-0.dll
0x000002269cea0000 - 0x000002269cea3000 	D:\IntelliJ\IntelliJ IDEA Community Edition 2019.3.2\jbr\bin\api-ms-win-core-synch-l1-1-0.dll
0x000002269ceb0000 - 0x000002269ceb3000 	D:\IntelliJ\IntelliJ IDEA Community Edition 2019.3.2\jbr\bin\api-ms-win-core-synch-l1-2-0.dll
0x000002269cec0000 - 0x000002269cec3000 	D:\IntelliJ\IntelliJ IDEA Community Edition 2019.3.2\jbr\bin\api-ms-win-core-sysinfo-l1-1-0.dll
0x000002269ced0000 - 0x000002269ced3000 	D:\IntelliJ\IntelliJ IDEA Community Edition 2019.3.2\jbr\bin\api-ms-win-core-timezone-l1-1-0.dll
0x000002269cee0000 - 0x000002269cee3000 	D:\IntelliJ\IntelliJ IDEA Community Edition 2019.3.2\jbr\bin\api-ms-win-core-util-l1-1-0.dll
0x000002269cef0000 - 0x000002269cef3000 	D:\IntelliJ\IntelliJ IDEA Community Edition 2019.3.2\jbr\bin\api-ms-win-crt-conio-l1-1-0.dll
0x000002269cf00000 - 0x000002269cf04000 	D:\IntelliJ\IntelliJ IDEA Community Edition 2019.3.2\jbr\bin\api-ms-win-crt-convert-l1-1-0.dll
0x000002269cf10000 - 0x000002269cf13000 	D:\IntelliJ\IntelliJ IDEA Community Edition 2019.3.2\jbr\bin\api-ms-win-crt-environment-l1-1-0.dll
0x000002269cf20000 - 0x000002269cf23000 	D:\IntelliJ\IntelliJ IDEA Community Edition 2019.3.2\jbr\bin\api-ms-win-crt-filesystem-l1-1-0.dll
0x000002269cf30000 - 0x000002269cf33000 	D:\IntelliJ\IntelliJ IDEA Community Edition 2019.3.2\jbr\bin\api-ms-win-crt-heap-l1-1-0.dll
0x000002269cf40000 - 0x000002269cf43000 	D:\IntelliJ\IntelliJ IDEA Community Edition 2019.3.2\jbr\bin\api-ms-win-crt-locale-l1-1-0.dll
0x000002269cf50000 - 0x000002269cf55000 	D:\IntelliJ\IntelliJ IDEA Community Edition 2019.3.2\jbr\bin\api-ms-win-crt-math-l1-1-0.dll
0x000002269cf60000 - 0x000002269cf65000 	D:\IntelliJ\IntelliJ IDEA Community Edition 2019.3.2\jbr\bin\api-ms-win-crt-multibyte-l1-1-0.dll
0x000002269cf70000 - 0x000002269cf80000 	D:\IntelliJ\IntelliJ IDEA Community Edition 2019.3.2\jbr\bin\api-ms-win-crt-private-l1-1-0.dll
0x000002269cf80000 - 0x000002269cf83000 	D:\IntelliJ\IntelliJ IDEA Community Edition 2019.3.2\jbr\bin\api-ms-win-crt-process-l1-1-0.dll
0x000002269cf90000 - 0x000002269cf94000 	D:\IntelliJ\IntelliJ IDEA Community Edition 2019.3.2\jbr\bin\api-ms-win-crt-runtime-l1-1-0.dll
0x000002269cfa0000 - 0x000002269cfa4000 	D:\IntelliJ\IntelliJ IDEA Community Edition 2019.3.2\jbr\bin\api-ms-win-crt-stdio-l1-1-0.dll
0x000002269cfb0000 - 0x000002269cfb4000 	D:\IntelliJ\IntelliJ IDEA Community Edition 2019.3.2\jbr\bin\api-ms-win-crt-string-l1-1-0.dll
0x000002269cfc0000 - 0x000002269cfc3000 	D:\IntelliJ\IntelliJ IDEA Community Edition 2019.3.2\jbr\bin\api-ms-win-crt-time-l1-1-0.dll
0x000002269cfd0000 - 0x000002269cfd3000 	D:\IntelliJ\IntelliJ IDEA Community Edition 2019.3.2\jbr\bin\api-ms-win-crt-utility-l1-1-0.dll
0x00007ffc53fb0000 - 0x00007ffc540aa000 	D:\IntelliJ\IntelliJ IDEA Community Edition 2019.3.2\jbr\bin\ucrtbase.dll
0x00007ffc62f00000 - 0x00007ffc62f52000 	C:\Windows\System32\concrt140.dll
0x00007ffc62ed0000 - 0x00007ffc62ef3000 	D:\IntelliJ\IntelliJ IDEA Community Edition 2019.3.2\jbr\bin\prism_d3d.dll
0x00007ffc71110000 - 0x00007ffc712ae000 	C:\WINDOWS\system32\d3d9.dll
0x00007ffc786c0000 - 0x00007ffc786ee000 	C:\WINDOWS\SYSTEM32\dwmapi.dll
0x00007ffc7a130000 - 0x00007ffc7a30c000 	C:\WINDOWS\System32\CRYPT32.dll
0x00007ffc7a0e0000 - 0x00007ffc7a0f2000 	C:\WINDOWS\System32\MSASN1.dll
0x00007ffc783b0000 - 0x00007ffc7844c000 	C:\WINDOWS\system32\uxtheme.dll
0x00007ffc47de0000 - 0x00007ffc47fa0000 	C:\WINDOWS\System32\DriverStore\FileRepository\igdlh64.inf_amd64_d03105a152ac7ed4\igdumdim64.dll
0x00007ffc64440000 - 0x00007ffc64592000 	C:\WINDOWS\System32\DriverStore\FileRepository\igdlh64.inf_amd64_d03105a152ac7ed4\igdgmm64.dll
0x00007ffc579b0000 - 0x00007ffc579f5000 	D:\IntelliJ\IntelliJ IDEA Community Edition 2019.3.2\jbr\bin\glass.dll
0x00007ffc7cd90000 - 0x00007ffc7ceb7000 	C:\WINDOWS\System32\COMDLG32.dll
0x00007ffc7d550000 - 0x00007ffc7d6a5000 	C:\WINDOWS\System32\ole32.dll
0x00007ffc7d100000 - 0x00007ffc7d1c4000 	C:\WINDOWS\System32\OLEAUT32.dll
0x00007ffc7b2f0000 - 0x00007ffc7b45b000 	C:\WINDOWS\System32\MSCTF.dll
0x00007ffc23270000 - 0x00007ffc26e4b000 	C:\WINDOWS\System32\DriverStore\FileRepository\igdlh64.inf_amd64_d03105a152ac7ed4\igd9dxva64.dll
0x00007ffc32f60000 - 0x00007ffc32f82000 	C:\WINDOWS\System32\DriverStore\FileRepository\igdlh64.inf_amd64_d03105a152ac7ed4\igdinfo64.dll
0x00007ffc603a0000 - 0x00007ffc626f6000 	C:\WINDOWS\System32\DriverStore\FileRepository\igdlh64.inf_amd64_d03105a152ac7ed4\igc64.dll
0x00007ffc45cb0000 - 0x00007ffc45e51000 	D:\IntelliJ\IntelliJ IDEA Community Edition 2019.3.2\jbr\bin\awt.dll
0x00007ffc773b0000 - 0x00007ffc7796e000 	C:\WINDOWS\SYSTEM32\d2d1.dll
0x00007ffc78130000 - 0x00007ffc781bc000 	C:\WINDOWS\SYSTEM32\apphelp.dll
0x00007ffc45b80000 - 0x00007ffc45ca7000 	C:\WINDOWS\system32\opengl32.dll
0x00007ffc62e10000 - 0x00007ffc62e3c000 	C:\WINDOWS\SYSTEM32\GLU32.dll
0x00007ffc62eb0000 - 0x00007ffc62ec4000 	D:\IntelliJ\IntelliJ IDEA Community Edition 2019.3.2\jbr\bin\javafx_font.dll
0x00007ffc578f0000 - 0x00007ffc57975000 	D:\IntelliJ\IntelliJ IDEA Community Edition 2019.3.2\jbr\bin\freetype.dll
0x00007ffc50190000 - 0x00007ffc50238000 	D:\IntelliJ\IntelliJ IDEA Community Edition 2019.3.2\jbr\bin\fontmanager.dll
0x00007ffc65f50000 - 0x00007ffc6624c000 	C:\WINDOWS\SYSTEM32\dwrite.dll
0x00007ffc53f20000 - 0x00007ffc53fb0000 	D:\IntelliJ\IntelliJ IDEA Community Edition 2019.3.2\jbr\bin\glib-lite.dll
0x00007ffc4b480000 - 0x00007ffc4b537000 	D:\IntelliJ\IntelliJ IDEA Community Edition 2019.3.2\jbr\bin\gstreamer-lite.dll
0x00007ffc402b0000 - 0x00007ffc40346000 	C:\WINDOWS\SYSTEM32\DSOUND.dll
0x00007ffc57c60000 - 0x00007ffc57c86000 	D:\IntelliJ\IntelliJ IDEA Community Edition 2019.3.2\jbr\bin\jfxmedia.dll
0x00007ffc7d1d0000 - 0x00007ffc7d272000 	C:\WINDOWS\System32\clbcatq.dll
0x00007ffc76900000 - 0x00007ffc76aa9000 	C:\WINDOWS\system32\propsys.dll
0x00007ffc57980000 - 0x00007ffc579a2000 	D:\IntelliJ\IntelliJ IDEA Community Edition 2019.3.2\jbr\bin\fxplugins.dll
0x00007ffc71600000 - 0x00007ffc71670000 	C:\WINDOWS\System32\MMDevApi.dll
0x00007ffc79e10000 - 0x00007ffc79e39000 	C:\WINDOWS\System32\DEVOBJ.dll
0x00007ffc70e20000 - 0x00007ffc70f68000 	C:\WINDOWS\SYSTEM32\AUDIOSES.DLL
0x00007ffc760b0000 - 0x00007ffc76203000 	C:\WINDOWS\SYSTEM32\wintypes.dll
0x00007ffc75990000 - 0x00007ffc7599a000 	C:\WINDOWS\SYSTEM32\AVRT.dll

dbghelp: loaded successfully - version: 4.0.5 - missing functions: none
symbol engine: initialized successfully - sym options: 0x614 - pdb path: .;D:\IntelliJ\IntelliJ IDEA Community Edition 2019.3.2\jbr\bin;C:\WINDOWS\SYSTEM32;C:\WINDOWS\WinSxS\amd64_microsoft.windows.common-controls_6595b64144ccf1df_6.0.17763.1158_none_de722d88534a897f;D:\IntelliJ\IntelliJ IDEA Community Edition 2019.3.2\jbr\bin\server;D:\IntelliJ\IntelliJ IDEA Community Edition 2019.3.2\bin;C:\WINDOWS\System32\DriverStore\FileRepository\igdlh64.inf_amd64_d03105a152ac7ed4;C:\Program Files\Common Files\Microsoft Shared\Ink;C:\Users\XIAOMi\AppData\Local\Temp\lwjglXIAOMi\3.2.3-build-13

VM Arguments:
jvm_args: -javaagent:D:\IntelliJ\IntelliJ IDEA Community Edition 2019.3.2\lib\idea_rt.jar=56482:D:\IntelliJ\IntelliJ IDEA Community Edition 2019.3.2\bin -Dfile.encoding=UTF-8 
java_command: com.falconfly.menu.MainMenu
java_class_path (initial): D:\projects\4_sem\falcon-fly\out\production\falcon-fly;D:\IntelliJ\lwjgl\lwjgl\lwjgl.jar;D:\IntelliJ\lwjgl\lwjgl\lwjgl-javadoc.jar;D:\IntelliJ\lwjgl\lwjgl\lwjgl-sources.jar;D:\IntelliJ\lwjgl\lwjgl\lwjgl-natives-linux.jar;D:\IntelliJ\lwjgl\lwjgl\lwjgl-natives-macos.jar;D:\IntelliJ\lwjgl\lwjgl\lwjgl-natives-windows.jar;D:\IntelliJ\lwjgl\lwjgl\lwjgl-natives-linux-arm32.jar;D:\IntelliJ\lwjgl\lwjgl\lwjgl-natives-linux-arm64.jar;D:\IntelliJ\lwjgl\lwjgl\lwjgl-natives-windows-x86.jar;D:\IntelliJ\lwjgl\lwjgl-assimp\lwjgl-assimp.jar;D:\IntelliJ\lwjgl\lwjgl-assimp\lwjgl-assimp-javadoc.jar;D:\IntelliJ\lwjgl\lwjgl-assimp\lwjgl-assimp-sources.jar;D:\IntelliJ\lwjgl\lwjgl-assimp\lwjgl-assimp-natives-linux.jar;D:\IntelliJ\lwjgl\lwjgl-assimp\lwjgl-assimp-natives-macos.jar;D:\IntelliJ\lwjgl\lwjgl-assimp\lwjgl-assimp-natives-windows.jar;D:\IntelliJ\lwjgl\lwjgl-assimp\lwjgl-assimp-natives-linux-arm32.jar;D:\IntelliJ\lwjgl\lwjgl-assimp\lwjgl-assimp-natives-linux-arm64.jar;D:\IntelliJ\lwjgl\lwjgl-assimp\lwjgl-assimp-natives-windows-x86.jar;D:\IntelliJ\lwjgl\lwjgl-bgfx\lwjgl-bgfx.jar;D:\IntelliJ\lwjgl\lwjgl-bgfx\lwjgl-bgfx-javadoc.jar;D:\IntelliJ\lwjgl\lwjgl-bgfx\lwjgl-bgfx-sources.jar;D:\IntelliJ\lwjgl\lwjgl-bgfx\lwjgl-bgfx-natives-linux.jar;D:\IntelliJ\lwjgl\lwjgl-bgfx\lwjgl-bgfx-natives-macos.jar;D:\IntelliJ\lwjgl\lwjgl-bgfx\lwjgl-bgfx-natives-windows.jar;D:\IntelliJ\lwjgl\lwjgl-bgfx\lwjgl-bgfx-natives-linux-arm32.jar;D:\IntelliJ\lwjgl\lwjgl-bgfx\lwjgl-bgfx-natives-linux-arm64.jar;D:\IntelliJ\lwjgl\lwjgl-bgfx\lwjgl-bgfx-natives-windows-x86.jar;D:\IntelliJ\lwjgl\lwjgl-cuda\lwjgl-cuda.jar;D:\IntelliJ\lwjgl\lwjgl-cuda\lwjgl-cuda-javadoc.jar;D:\IntelliJ\lwjgl\lwjgl-cuda\lwjgl-cuda-sources.jar;D:\IntelliJ\lwjgl\lwjgl-egl\lwjgl-egl.jar;D:\IntelliJ\lwjgl\lwjgl-egl\lwjgl-egl-javadoc.jar;D:\IntelliJ\lwjgl\lwjgl-egl\lwjgl-egl-sources.jar;D:\IntelliJ\lwjgl\lwjgl-glfw\lwjgl-glfw.jar;D:\IntelliJ\lwjgl\lwjgl-glfw\lwjgl-glfw-javadoc.jar;D:\IntelliJ\lwjgl\lwjgl-glfw\lwjgl-g
Launcher Type: SUN_STANDARD

[Global flags]
     intx CICompilerCount                          = 4                                         {product} {ergonomic}
     uint ConcGCThreads                            = 2                                         {product} {ergonomic}
     uint G1ConcRefinementThreads                  = 8                                         {product} {ergonomic}
   size_t G1HeapRegionSize                         = 1048576                                   {product} {ergonomic}
    uintx GCDrainStackTargetSize                   = 64                                        {product} {ergonomic}
   size_t InitialHeapSize                          = 134217728                                 {product} {ergonomic}
   size_t MarkStackSize                            = 4194304                                   {product} {ergonomic}
   size_t MaxHeapSize                              = 2118123520                                {product} {ergonomic}
   size_t MaxNewSize                               = 1270874112                                {product} {ergonomic}
   size_t MinHeapDeltaBytes                        = 1048576                                   {product} {ergonomic}
    uintx NonNMethodCodeHeapSize                   = 5836300                                {pd product} {ergonomic}
    uintx NonProfiledCodeHeapSize                  = 122910970                              {pd product} {ergonomic}
    uintx ProfiledCodeHeapSize                     = 122910970                              {pd product} {ergonomic}
    uintx ReservedCodeCacheSize                    = 251658240                              {pd product} {ergonomic}
     bool SegmentedCodeCache                       = true                                      {product} {ergonomic}
     bool UseCompressedClassPointers               = true                                 {lp64_product} {ergonomic}
     bool UseCompressedOops                        = true                                 {lp64_product} {ergonomic}
     bool UseG1GC                                  = true                                      {product} {ergonomic}
     bool UseLargePagesIndividualAllocation        = false                                  {pd product} {ergonomic}

Logging:
Log output configuration:
 #0: stdout all=warning uptime,level,tags
 #1: stderr all=off uptime,level,tags

Environment Variables:
PATH=C:\WINDOWS\system32;C:\WINDOWS;C:\WINDOWS\System32\Wbem;C:\WINDOWS\System32\WindowsPowerShell\v1.0\;C:\WINDOWS\System32\OpenSSH\;C:\Program Files (x86)\IncrediBuild;C:\Program Files\NVIDIA Corporation\NVIDIA NvDLISR;C:\Program Files (x86)\NVIDIA Corporation\PhysX\Common;C:\Program Files\Git\cmd;C:\Users\XIAOMi\AppData\Local\Microsoft\WindowsApps;
USERNAME=XIAOMi
OS=Windows_NT
PROCESSOR_IDENTIFIER=Intel64 Family 6 Model 142 Stepping 10, GenuineIntel



---------------  S Y S T E M  ---------------

OS: Windows 10 , 64 bit Build 17763 (10.0.17763.1158)

CPU:total 8 (initial active 8) (4 cores per cpu, 2 threads per core) family 6 model 142 stepping 10, cmov, cx8, fxsr, mmx, sse, sse2, sse3, ssse3, sse4.1, sse4.2, popcnt, avx, avx2, aes, clmul, erms, 3dnowpref, lzcnt, ht, tsc, tscinvbit, bmi1, bmi2, adx, fma

Memory: 4k page, system-wide physical 8076M (1427M free)
TotalPageFile size 19737M (AvailPageFile size 1634M)
current process WorkingSet (physical memory assigned to process): 484M, peak: 532M
current process commit charge ("private bytes"): 519M, peak: 540M

vm_info: OpenJDK 64-Bit Server VM (11.0.5+10-b520.30) for windows-amd64 JRE (11.0.5+10-b520.30), built on Dec 24 2019 12:06:09 by "" with MS VC++ 14.0 (VS2015)

END.
