#
# A fatal error has been detected by the Java Runtime Environment:
#
#  EXCEPTION_ACCESS_VIOLATION (0xc0000005) at pc=0x0000006500000011, pid=7652, tid=12100
#
# JRE version: OpenJDK Runtime Environment (11.0.6+8) (build 11.0.6+8-b520.43)
# Java VM: OpenJDK 64-Bit Server VM (11.0.6+8-b520.43, mixed mode, tiered, compressed oops, g1 gc, windows-amd64)
# Problematic frame:
# C  0x0000006500000011
#
# No core dump will be written. Minidumps are not enabled by default on client versions of Windows
#
# If you would like to submit a bug report, please visit:
#   http://bugreport.java.com/bugreport/crash.jsp
# The crash happened outside the Java Virtual Machine in native code.
# See problematic frame for where to report the bug.
#

---------------  S U M M A R Y ------------

Command Line: -javaagent:C:\Program Files\JetBrains\IntelliJ IDEA Community Edition 2019.3.3\lib\idea_rt.jar=61483:C:\Program Files\JetBrains\IntelliJ IDEA Community Edition 2019.3.3\bin -Dfile.encoding=UTF-8 com.falconfly.menu.MainMenu

Host: Intel(R) Core(TM) i5-3317U CPU @ 1.70GHz, 4 cores, 7G,  Windows 10 , 64 bit Build 18362 (10.0.18362.778)
Time: Wed May 13 00:37:39 2020 RTZ 2 (ceia) elapsed time: 22 seconds (0d 0h 0m 22s)

---------------  T H R E A D  ---------------

Current thread (0x000001fdfa056800):  JavaThread "JavaFX Application Thread" [_thread_in_native, id=12100, stack(0x0000005d6c700000,0x0000005d6c800000)]

Stack: [0x0000005d6c700000,0x0000005d6c800000],  sp=0x0000005d6c7fb4d8,  free space=1005k
Native frames: (J=compiled Java code, j=interpreted, Vv=VM code, C=native code)
C  0x0000006500000011

Java frames: (J=compiled Java code, j=interpreted, Vv=VM code)
j  org.lwjgl.system.JNI.invokePV(JJ)V+0
j  org.lwjgl.glfw.GLFW.glfwSwapBuffers(J)V+17
j  com.falconfly.engine.EngineWindow.update()V+7
j  com.falconfly.engine.Engine.render()V+17
j  com.falconfly.engine.Engine.gameLoop()V+61
j  com.falconfly.engine.Engine.run()V+5
j  com.falconfly.engine.main.Main.main([Ljava/lang/String;)V+29
j  com.falconfly.menu.MainMenu.handle(Ljavafx/event/ActionEvent;)V+134
j  com.falconfly.menu.MainMenu$$Lambda$146.handle(Ljavafx/event/Event;)V+8
j  com.sun.javafx.event.CompositeEventHandler.dispatchBubblingEvent(Ljavafx/event/Event;)V+51 javafx.base@11.0.6
J 2967 c1 com.sun.javafx.event.EventHandlerManager.dispatchBubblingEvent(Ljavafx/event/EventType;Ljavafx/event/Event;)Ljavafx/event/Event; javafx.base@11.0.6 (34 bytes) @ 0x000001fd80b59bd4 [0x000001fd80b59700+0x00000000000004d4]
j  com.sun.javafx.event.EventHandlerManager.dispatchBubblingEvent(Ljavafx/event/Event;)Ljavafx/event/Event;+8 javafx.base@11.0.6
j  com.sun.javafx.event.CompositeEventDispatcher.dispatchBubblingEvent(Ljavafx/event/Event;)Ljavafx/event/Event;+11 javafx.base@11.0.6
J 3128 c1 com.sun.javafx.event.BasicEventDispatcher.dispatchEvent(Ljavafx/event/Event;Ljavafx/event/EventDispatchChain;)Ljavafx/event/Event; javafx.base@11.0.6 (44 bytes) @ 0x000001fd80bbc22c [0x000001fd80bbbf00+0x000000000000032c]
J 2927 c1 com.sun.javafx.event.EventDispatchChainImpl.dispatchEvent(Ljavafx/event/Event;)Ljavafx/event/Event; javafx.base@11.0.6 (101 bytes) @ 0x000001fd80b4540c [0x000001fd80b45260+0x00000000000001ac]
J 3128 c1 com.sun.javafx.event.BasicEventDispatcher.dispatchEvent(Ljavafx/event/Event;Ljavafx/event/EventDispatchChain;)Ljavafx/event/Event; javafx.base@11.0.6 (44 bytes) @ 0x000001fd80bbc144 [0x000001fd80bbbf00+0x0000000000000244]
J 2927 c1 com.sun.javafx.event.EventDispatchChainImpl.dispatchEvent(Ljavafx/event/Event;)Ljavafx/event/Event; javafx.base@11.0.6 (101 bytes) @ 0x000001fd80b4540c [0x000001fd80b45260+0x00000000000001ac]
J 3128 c1 com.sun.javafx.event.BasicEventDispatcher.dispatchEvent(Ljavafx/event/Event;Ljavafx/event/EventDispatchChain;)Ljavafx/event/Event; javafx.base@11.0.6 (44 bytes) @ 0x000001fd80bbc144 [0x000001fd80bbbf00+0x0000000000000244]
J 2927 c1 com.sun.javafx.event.EventDispatchChainImpl.dispatchEvent(Ljavafx/event/Event;)Ljavafx/event/Event; javafx.base@11.0.6 (101 bytes) @ 0x000001fd80b4540c [0x000001fd80b45260+0x00000000000001ac]
j  com.sun.javafx.event.EventUtil.fireEventImpl(Ljavafx/event/EventDispatchChain;Ljavafx/event/EventTarget;Ljavafx/event/Event;)Ljavafx/event/Event;+10 javafx.base@11.0.6
j  com.sun.javafx.event.EventUtil.fireEvent(Ljavafx/event/EventTarget;Ljavafx/event/Event;)Ljavafx/event/Event;+37 javafx.base@11.0.6
j  javafx.event.Event.fireEvent(Ljavafx/event/EventTarget;Ljavafx/event/Event;)V+30 javafx.base@11.0.6
j  javafx.scene.Node.fireEvent(Ljavafx/event/Event;)V+86 javafx.graphics@11.0.6
j  javafx.scene.control.Button.fire()V+15 javafx.controls@11.0.6
j  com.sun.javafx.scene.control.behavior.ButtonBehavior.mouseReleased(Ljavafx/scene/input/MouseEvent;)V+27 javafx.controls@11.0.6
j  com.sun.javafx.scene.control.behavior.ButtonBehavior$$Lambda$226.handle(Ljavafx/event/Event;)V+8 javafx.controls@11.0.6
j  com.sun.javafx.scene.control.inputmap.InputMap.handle(Ljavafx/event/Event;)V+61 javafx.controls@11.0.6
j  com.sun.javafx.scene.control.inputmap.InputMap$$Lambda$221.handle(Ljavafx/event/Event;)V+5 javafx.controls@11.0.6
j  com.sun.javafx.event.CompositeEventHandler$NormalEventHandlerRecord.handleBubblingEvent(Ljavafx/event/Event;)V+5 javafx.base@11.0.6
j  com.sun.javafx.event.CompositeEventHandler.dispatchBubblingEvent(Ljavafx/event/Event;)V+28 javafx.base@11.0.6
J 2967 c1 com.sun.javafx.event.EventHandlerManager.dispatchBubblingEvent(Ljavafx/event/EventType;Ljavafx/event/Event;)Ljavafx/event/Event; javafx.base@11.0.6 (34 bytes) @ 0x000001fd80b59bd4 [0x000001fd80b59700+0x00000000000004d4]
j  com.sun.javafx.event.EventHandlerManager.dispatchBubblingEvent(Ljavafx/event/Event;)Ljavafx/event/Event;+8 javafx.base@11.0.6
j  com.sun.javafx.event.CompositeEventDispatcher.dispatchBubblingEvent(Ljavafx/event/Event;)Ljavafx/event/Event;+11 javafx.base@11.0.6
J 3128 c1 com.sun.javafx.event.BasicEventDispatcher.dispatchEvent(Ljavafx/event/Event;Ljavafx/event/EventDispatchChain;)Ljavafx/event/Event; javafx.base@11.0.6 (44 bytes) @ 0x000001fd80bbc22c [0x000001fd80bbbf00+0x000000000000032c]
J 2927 c1 com.sun.javafx.event.EventDispatchChainImpl.dispatchEvent(Ljavafx/event/Event;)Ljavafx/event/Event; javafx.base@11.0.6 (101 bytes) @ 0x000001fd80b4540c [0x000001fd80b45260+0x00000000000001ac]
J 3128 c1 com.sun.javafx.event.BasicEventDispatcher.dispatchEvent(Ljavafx/event/Event;Ljavafx/event/EventDispatchChain;)Ljavafx/event/Event; javafx.base@11.0.6 (44 bytes) @ 0x000001fd80bbc144 [0x000001fd80bbbf00+0x0000000000000244]
J 2927 c1 com.sun.javafx.event.EventDispatchChainImpl.dispatchEvent(Ljavafx/event/Event;)Ljavafx/event/Event; javafx.base@11.0.6 (101 bytes) @ 0x000001fd80b4540c [0x000001fd80b45260+0x00000000000001ac]
J 3128 c1 com.sun.javafx.event.BasicEventDispatcher.dispatchEvent(Ljavafx/event/Event;Ljavafx/event/EventDispatchChain;)Ljavafx/event/Event; javafx.base@11.0.6 (44 bytes) @ 0x000001fd80bbc144 [0x000001fd80bbbf00+0x0000000000000244]
J 2927 c1 com.sun.javafx.event.EventDispatchChainImpl.dispatchEvent(Ljavafx/event/Event;)Ljavafx/event/Event; javafx.base@11.0.6 (101 bytes) @ 0x000001fd80b4540c [0x000001fd80b45260+0x00000000000001ac]
j  com.sun.javafx.event.EventUtil.fireEventImpl(Ljavafx/event/EventDispatchChain;Ljavafx/event/EventTarget;Ljavafx/event/Event;)Ljavafx/event/Event;+10 javafx.base@11.0.6
j  com.sun.javafx.event.EventUtil.fireEvent(Ljavafx/event/EventTarget;Ljavafx/event/Event;)Ljavafx/event/Event;+46 javafx.base@11.0.6
J 2818 c1 javafx.scene.Scene$MouseHandler.process(Ljavafx/scene/input/MouseEvent;Z)V javafx.graphics@11.0.6 (735 bytes) @ 0x000001fd80b10b54 [0x000001fd80b0ef00+0x0000000000001c54]
J 2817 c1 javafx.scene.Scene$MouseHandler.access$1300(Ljavafx/scene/Scene$MouseHandler;Ljavafx/scene/input/MouseEvent;Z)V javafx.graphics@11.0.6 (7 bytes) @ 0x000001fd80b0e714 [0x000001fd80b0e6c0+0x0000000000000054]
j  javafx.scene.Scene.processMouseEvent(Ljavafx/scene/input/MouseEvent;)V+6 javafx.graphics@11.0.6
j  javafx.scene.Scene$ScenePeerListener.mouseEvent(Ljavafx/event/EventType;DDDDLjavafx/scene/input/MouseButton;ZZZZZZZZZ)V+46 javafx.graphics@11.0.6
j  com.sun.javafx.tk.quantum.GlassViewEventHandler$MouseEventNotification.run()Ljava/lang/Void;+582 javafx.graphics@11.0.6
j  com.sun.javafx.tk.quantum.GlassViewEventHandler$MouseEventNotification.run()Ljava/lang/Object;+1 javafx.graphics@11.0.6
v  ~StubRoutines::call_stub
J 2245  java.security.AccessController.doPrivileged(Ljava/security/PrivilegedAction;Ljava/security/AccessControlContext;)Ljava/lang/Object; java.base@11.0.6 (0 bytes) @ 0x000001fd87bc48a6 [0x000001fd87bc4840+0x0000000000000066]
j  com.sun.javafx.tk.quantum.GlassViewEventHandler.lambda$handleMouseEvent$2()Ljava/lang/Void;+11 javafx.graphics@11.0.6
j  com.sun.javafx.tk.quantum.GlassViewEventHandler$$Lambda$263.get()Ljava/lang/Object;+4 javafx.graphics@11.0.6
j  com.sun.javafx.tk.quantum.QuantumToolkit.runWithoutRenderLock(Ljava/util/function/Supplier;)Ljava/lang/Object;+18 javafx.graphics@11.0.6
j  com.sun.javafx.tk.quantum.GlassViewEventHandler.handleMouseEvent(Lcom/sun/glass/ui/View;JIIIIIIIZZ)V+103 javafx.graphics@11.0.6
j  com.sun.glass.ui.View.handleMouseEvent(JIIIIIIIZZ)V+30 javafx.graphics@11.0.6
j  com.sun.glass.ui.View.notifyMouse(IIIIIIIZZ)V+181 javafx.graphics@11.0.6
v  ~StubRoutines::call_stub
j  com.sun.glass.ui.win.WinApplication._runLoop(Ljava/lang/Runnable;)V+0 javafx.graphics@11.0.6
j  com.sun.glass.ui.win.WinApplication.lambda$runLoop$3(ILjava/lang/Runnable;)V+8 javafx.graphics@11.0.6
j  com.sun.glass.ui.win.WinApplication$$Lambda$64.run()V+12 javafx.graphics@11.0.6
j  java.lang.Thread.run()V+11 java.base@11.0.6
v  ~StubRoutines::call_stub

siginfo: EXCEPTION_ACCESS_VIOLATION (0xc0000005), data execution prevention violation at address 0x0000006500000011


Register to memory mapping:

RIP=0x0000006500000011 is an unknown value
RAX=0x00007ff889b41b10 points into unknown readable memory: 49 8b c8 49 ff e1 cc cc
RBX={method} {0x000001fd91bbba08} 'invokePV' '(JJ)V' in 'org/lwjgl/system/JNI'
RCX=0x000001fdfdc2b460 points into unknown readable memory: 60 86 6f fa fd 01 00 00
RDX=0x0000005d6c7fb580 is pointing into the stack for thread: 0x000001fdfa056800
RSP=0x0000005d6c7fb4d8 is pointing into the stack for thread: 0x000001fdfa056800
RBP=0x0000005d6c7fb570 is pointing into the stack for thread: 0x000001fdfa056800
RSI=0x0000000000000140 is an unknown value
RDI=0x000000000000049f is an unknown value
R8 =0x000001fdfdc2b460 points into unknown readable memory: 60 86 6f fa fd 01 00 00
R9 =0x00007ff888e01b50 points into unknown readable memory: 83 3d 99 5f 05 00 00 75
R10=0x000001fd8000ef88 is at code_begin+1000 in an Interpreter codelet
method entry point (kind = native)  [0x000001fd8000eba0, 0x000001fd8000f700]  2912 bytes
R11=0x0000000089ca7f88 is an oop: java.lang.Class 
{0x0000000089ca7f88} - klass: 'java/lang/Class'
R12=0x0 is NULL
R13={method} {0x000001fd91bbba08} 'invokePV' '(JJ)V' in 'org/lwjgl/system/JNI'
R14=0x0000005d6c7fb5a8 is pointing into the stack for thread: 0x000001fdfa056800
R15=0x000001fdfa056800 is a thread


Registers:
RAX=0x00007ff889b41b10, RBX=0x000001fd91bbba00, RCX=0x000001fdfdc2b460, RDX=0x0000005d6c7fb580
RSP=0x0000005d6c7fb4d8, RBP=0x0000005d6c7fb570, RSI=0x0000000000000140, RDI=0x000000000000049f
R8 =0x000001fdfdc2b460, R9 =0x00007ff888e01b50, R10=0x000001fd8000ef88, R11=0x0000000089ca7f88
R12=0x0000000000000000, R13=0x000001fd91bbba00, R14=0x0000005d6c7fb5a8, R15=0x000001fdfa056800
RIP=0x0000006500000011, EFLAGS=0x0000000000010202

Top of Stack: (sp=0x0000005d6c7fb4d8)
0x0000005d6c7fb4d8:   000001fd8000efb7 000001fdfa056800
0x0000005d6c7fb4e8:   0000005d6c7fb5b0 000001fd8001c5ee
0x0000005d6c7fb4f8:   000001fd80008690 000001fd00000000
0x0000005d6c7fb508:   0000005d6c7fb5f8 000001fdfa046180
0x0000005d6c7fb518:   00007ff874337997 000001fdfa056800
0x0000005d6c7fb528:   0000005d6c7fb528 0000000000000000
0x0000005d6c7fb538:   0000005d6c7fb5a8 000001fd91be7348
0x0000005d6c7fb548:   0000000000000000 0000000089ca7f88
0x0000005d6c7fb558:   000001fd91bbba00 0000000000000000
0x0000005d6c7fb568:   0000005d6c7fb590 0000005d6c7fb5f8
0x0000005d6c7fb578:   000001fd80009e03 0000000089ca7f88
0x0000005d6c7fb588:   000001fd8000bf98 00007ff888e01b50
0x0000005d6c7fb598:   0000000000000000 000001fdfdc2b460
0x0000005d6c7fb5a8:   0000000000000000 0000005d6c7fb5b0
0x0000005d6c7fb5b8:   000001fd91adf919 0000005d6c7fb620
0x0000005d6c7fb5c8:   000001fd91aeb288 0000000000000000 

Instructions: (pc=0x0000006500000011)
0x00000064ffffff11:   ?? ?? ?? ?? ?? ?? ?? ?? ?? ?? ?? ?? ?? ?? ?? ??
0x00000064ffffff21:   ?? ?? ?? ?? ?? ?? ?? ?? ?? ?? ?? ?? ?? ?? ?? ??
0x00000064ffffff31:   ?? ?? ?? ?? ?? ?? ?? ?? ?? ?? ?? ?? ?? ?? ?? ??
0x00000064ffffff41:   ?? ?? ?? ?? ?? ?? ?? ?? ?? ?? ?? ?? ?? ?? ?? ??
0x00000064ffffff51:   ?? ?? ?? ?? ?? ?? ?? ?? ?? ?? ?? ?? ?? ?? ?? ??
0x00000064ffffff61:   ?? ?? ?? ?? ?? ?? ?? ?? ?? ?? ?? ?? ?? ?? ?? ??
0x00000064ffffff71:   ?? ?? ?? ?? ?? ?? ?? ?? ?? ?? ?? ?? ?? ?? ?? ??
0x00000064ffffff81:   ?? ?? ?? ?? ?? ?? ?? ?? ?? ?? ?? ?? ?? ?? ?? ??
0x00000064ffffff91:   ?? ?? ?? ?? ?? ?? ?? ?? ?? ?? ?? ?? ?? ?? ?? ??
0x00000064ffffffa1:   ?? ?? ?? ?? ?? ?? ?? ?? ?? ?? ?? ?? ?? ?? ?? ??
0x00000064ffffffb1:   ?? ?? ?? ?? ?? ?? ?? ?? ?? ?? ?? ?? ?? ?? ?? ??
0x00000064ffffffc1:   ?? ?? ?? ?? ?? ?? ?? ?? ?? ?? ?? ?? ?? ?? ?? ??
0x00000064ffffffd1:   ?? ?? ?? ?? ?? ?? ?? ?? ?? ?? ?? ?? ?? ?? ?? ??
0x00000064ffffffe1:   ?? ?? ?? ?? ?? ?? ?? ?? ?? ?? ?? ?? ?? ?? ?? ??
0x00000064fffffff1:   ?? ?? ?? ?? ?? ?? ?? ?? ?? ?? ?? ?? ?? ?? ?? ??
0x0000006500000001:   ?? ?? ?? ?? ?? ?? ?? ?? ?? ?? ?? ?? ?? ?? ?? ??
0x0000006500000011:   ?? ?? ?? ?? ?? ?? ?? ?? ?? ?? ?? ?? ?? ?? ?? ??
0x0000006500000021:   ?? ?? ?? ?? ?? ?? ?? ?? ?? ?? ?? ?? ?? ?? ?? ??
0x0000006500000031:   ?? ?? ?? ?? ?? ?? ?? ?? ?? ?? ?? ?? ?? ?? ?? ??
0x0000006500000041:   ?? ?? ?? ?? ?? ?? ?? ?? ?? ?? ?? ?? ?? ?? ?? ??
0x0000006500000051:   ?? ?? ?? ?? ?? ?? ?? ?? ?? ?? ?? ?? ?? ?? ?? ??
0x0000006500000061:   ?? ?? ?? ?? ?? ?? ?? ?? ?? ?? ?? ?? ?? ?? ?? ??
0x0000006500000071:   ?? ?? ?? ?? ?? ?? ?? ?? ?? ?? ?? ?? ?? ?? ?? ??
0x0000006500000081:   ?? ?? ?? ?? ?? ?? ?? ?? ?? ?? ?? ?? ?? ?? ?? ??
0x0000006500000091:   ?? ?? ?? ?? ?? ?? ?? ?? ?? ?? ?? ?? ?? ?? ?? ??
0x00000065000000a1:   ?? ?? ?? ?? ?? ?? ?? ?? ?? ?? ?? ?? ?? ?? ?? ??
0x00000065000000b1:   ?? ?? ?? ?? ?? ?? ?? ?? ?? ?? ?? ?? ?? ?? ?? ??
0x00000065000000c1:   ?? ?? ?? ?? ?? ?? ?? ?? ?? ?? ?? ?? ?? ?? ?? ??
0x00000065000000d1:   ?? ?? ?? ?? ?? ?? ?? ?? ?? ?? ?? ?? ?? ?? ?? ??
0x00000065000000e1:   ?? ?? ?? ?? ?? ?? ?? ?? ?? ?? ?? ?? ?? ?? ?? ??
0x00000065000000f1:   ?? ?? ?? ?? ?? ?? ?? ?? ?? ?? ?? ?? ?? ?? ?? ??
0x0000006500000101:   ?? ?? ?? ?? ?? ?? ?? ?? ?? ?? ?? ?? ?? ?? ?? ?? 


Stack slot to memory mapping:
stack at sp + 0 slots: 0x000001fd8000efb7 is at code_begin+1047 in an Interpreter codelet
method entry point (kind = native)  [0x000001fd8000eba0, 0x000001fd8000f700]  2912 bytes
stack at sp + 1 slots: 0x000001fdfa056800 is a thread
stack at sp + 2 slots: 0x0000005d6c7fb5b0 is pointing into the stack for thread: 0x000001fdfa056800
stack at sp + 3 slots: 0x000001fd8001c5ee is at code_begin+110 in an Interpreter codelet
getstatic  178 getstatic  [0x000001fd8001c580, 0x000001fd8001c7c0]  576 bytes
stack at sp + 4 slots: 0x000001fd80008690 is at code_begin+-112 in 
[CodeBlob (0x000001fd80008690)]
Framesize: 0
BufferBlob (0x000001fd80008690) used for Interpreter
stack at sp + 5 slots: 0x000001fd00000000 is an unknown value
stack at sp + 6 slots: 0x0000005d6c7fb5f8 is pointing into the stack for thread: 0x000001fdfa056800
stack at sp + 7 slots: 0x000001fdfa046180 points into unknown readable memory: 02 00 00 00 00 00 00 00


---------------  P R O C E S S  ---------------

Threads class SMR info:
_java_thread_list=0x000001fdf90f7780, length=24, elements={
0x000001fded570800, 0x000001fdf863b000, 0x000001fdf865d000, 0x000001fdf8ec2000,
0x000001fdf8ec4000, 0x000001fdf8ec7000, 0x000001fdf8ecb000, 0x000001fdf8ece000,
0x000001fdf916e800, 0x000001fdf9a28800, 0x000001fdf9e4e000, 0x000001fdfa20e000,
0x000001fdfa079000, 0x000001fdfa056800, 0x000001fdfa231000, 0x000001fdfa232000,
0x000001fdfa2f4000, 0x000001fdfa2d2800, 0x000001fdfd8c2800, 0x000001fdfd8c0000,
0x000001fdfd8c2000, 0x000001fdfd8c1000, 0x000001fdfd8c6000, 0x000001fdfd8c4800
}

Java Threads: ( => current thread )
  0x000001fded570800 JavaThread "main" [_thread_blocked, id=14232, stack(0x0000005d6b100000,0x0000005d6b200000)]
  0x000001fdf863b000 JavaThread "Reference Handler" daemon [_thread_blocked, id=10012, stack(0x0000005d6b800000,0x0000005d6b900000)]
  0x000001fdf865d000 JavaThread "Finalizer" daemon [_thread_blocked, id=2732, stack(0x0000005d6b900000,0x0000005d6ba00000)]
  0x000001fdf8ec2000 JavaThread "Signal Dispatcher" daemon [_thread_blocked, id=13656, stack(0x0000005d6ba00000,0x0000005d6bb00000)]
  0x000001fdf8ec4000 JavaThread "Attach Listener" daemon [_thread_blocked, id=5148, stack(0x0000005d6bb00000,0x0000005d6bc00000)]
  0x000001fdf8ec7000 JavaThread "C2 CompilerThread0" daemon [_thread_blocked, id=3992, stack(0x0000005d6bc00000,0x0000005d6bd00000)]
  0x000001fdf8ecb000 JavaThread "C1 CompilerThread0" daemon [_thread_blocked, id=18156, stack(0x0000005d6bd00000,0x0000005d6be00000)]
  0x000001fdf8ece000 JavaThread "Sweeper thread" daemon [_thread_blocked, id=4356, stack(0x0000005d6be00000,0x0000005d6bf00000)]
  0x000001fdf916e800 JavaThread "Common-Cleaner" daemon [_thread_blocked, id=11536, stack(0x0000005d6bf00000,0x0000005d6c000000)]
  0x000001fdf9a28800 JavaThread "Monitor Ctrl-Break" daemon [_thread_in_native, id=2700, stack(0x0000005d6c200000,0x0000005d6c300000)]
  0x000001fdf9e4e000 JavaThread "Service Thread" daemon [_thread_blocked, id=14196, stack(0x0000005d6c300000,0x0000005d6c400000)]
  0x000001fdfa20e000 JavaThread "QuantumRenderer-0" daemon [_thread_blocked, id=11676, stack(0x0000005d6c500000,0x0000005d6c600000)]
  0x000001fdfa079000 JavaThread "InvokeLaterDispatcher" daemon [_thread_blocked, id=9616, stack(0x0000005d6c600000,0x0000005d6c700000)]
=>0x000001fdfa056800 JavaThread "JavaFX Application Thread" [_thread_in_native, id=12100, stack(0x0000005d6c700000,0x0000005d6c800000)]
  0x000001fdfa231000 JavaThread "Thread-1" daemon [_thread_in_native, id=3000, stack(0x0000005d6cc00000,0x0000005d6cd00000)]
  0x000001fdfa232000 JavaThread "JavaFX-Launcher" [_thread_blocked, id=5576, stack(0x0000005d6cd00000,0x0000005d6ce00000)]
  0x000001fdfa2f4000 JavaThread "Java2D Disposer" daemon [_thread_blocked, id=2664, stack(0x0000005d6ce00000,0x0000005d6cf00000)]
  0x000001fdfa2d2800 JavaThread "AWT-Windows" daemon [_thread_in_native, id=8408, stack(0x0000005d6d000000,0x0000005d6d100000)]
  0x000001fdfd8c2800 JavaThread "JFXMedia Player EventQueueThread" daemon [_thread_blocked, id=13520, stack(0x0000005d6d500000,0x0000005d6d600000)]
  0x000001fdfd8c0000 JavaThread "Prism Font Disposer" daemon [_thread_blocked, id=13324, stack(0x0000005d6dd00000,0x0000005d6de00000)]
  0x000001fdfd8c2000 JavaThread "Media Resource Disposer" daemon [_thread_blocked, id=7216, stack(0x0000005d6de00000,0x0000005d6df00000)]
  0x000001fdfd8c1000 JavaThread "JFXMedia Player EventQueueThread" daemon [_thread_blocked, id=7572, stack(0x0000005d6df00000,0x0000005d6e000000)]
  0x000001fdfd8c6000 JavaThread "Cleaner-0" daemon [_thread_blocked, id=9956, stack(0x0000005d6e700000,0x0000005d6e800000)]
  0x000001fdfd8c4800 JavaThread "Timer-1" daemon [_thread_blocked, id=696, stack(0x0000005d6ec00000,0x0000005d6ed00000)]

Other Threads:
  0x000001fdf8638800 VMThread "VM Thread" [stack: 0x0000005d6b700000,0x0000005d6b800000] [id=11376]
  0x000001fdf9b7d800 WatcherThread [stack: 0x0000005d6c400000,0x0000005d6c500000] [id=12564]
  0x000001fded589800 GCTaskThread "GC Thread#0" [stack: 0x0000005d6b200000,0x0000005d6b300000] [id=16528]
  0x000001fdf9dfe800 GCTaskThread "GC Thread#1" [stack: 0x0000005d6c000000,0x0000005d6c100000] [id=13616]
  0x000001fdf960a000 GCTaskThread "GC Thread#2" [stack: 0x0000005d6c100000,0x0000005d6c200000] [id=5980]
  0x000001fdfa21a800 GCTaskThread "GC Thread#3" [stack: 0x0000005d6cb00000,0x0000005d6cc00000] [id=15116]
  0x000001fded5ba000 ConcurrentGCThread "G1 Main Marker" [stack: 0x0000005d6b300000,0x0000005d6b400000] [id=8204]
  0x000001fded5bc800 ConcurrentGCThread "G1 Conc#0" [stack: 0x0000005d6b400000,0x0000005d6b500000] [id=11232]
  0x000001fdf849f800 ConcurrentGCThread "G1 Refine#0" [stack: 0x0000005d6b500000,0x0000005d6b600000] [id=15000]
  0x000001fdf84a1000 ConcurrentGCThread "G1 Young RemSet Sampling" [stack: 0x0000005d6b600000,0x0000005d6b700000] [id=2368]

Threads with active compile tasks:

VM state:not at safepoint (normal execution)

VM Mutex/Monitor currently owned by a thread: None

Heap address: 0x0000000081c00000, size: 2020 MB, Compressed Oops mode: 32-bit
Narrow klass base: 0x0000000000000000, Narrow klass shift: 3
Compressed class space size: 1073741824 Address: 0x0000000100000000

Heap:
 garbage-first heap   total 227328K, used 169553K [0x0000000081c00000, 0x0000000100000000)
  region size 1024K, 80 young (81920K), 3 survivors (3072K)
 Metaspace       used 30462K, capacity 31238K, committed 31360K, reserved 1077248K
  class space    used 3032K, capacity 3368K, committed 3456K, reserved 1048576K
Heap Regions: E=young(eden), S=young(survivor), O=old, HS=humongous(starts), HC=humongous(continues), CS=collection set, F=free, A=archive, TAMS=top-at-mark-start (previous, next)
|   0|0x0000000081c00000, 0x0000000081d00000, 0x0000000081d00000|100%| O|  |TAMS 0x0000000081d00000, 0x0000000081c00000| Untracked 
|   1|0x0000000081d00000, 0x0000000081e00000, 0x0000000081e00000|100%| O|  |TAMS 0x0000000081e00000, 0x0000000081d00000| Untracked 
|   2|0x0000000081e00000, 0x0000000081f00000, 0x0000000081f00000|100%| O|  |TAMS 0x0000000081f00000, 0x0000000081e00000| Untracked 
|   3|0x0000000081f00000, 0x0000000082000000, 0x0000000082000000|100%| O|  |TAMS 0x0000000082000000, 0x0000000081f00000| Untracked 
|   4|0x0000000082000000, 0x0000000082100000, 0x0000000082100000|100%|HS|  |TAMS 0x0000000082100000, 0x0000000082000000| Complete 
|   5|0x0000000082100000, 0x0000000082200000, 0x0000000082200000|100%|HC|  |TAMS 0x0000000082200000, 0x0000000082100000| Complete 
|   6|0x0000000082200000, 0x0000000082300000, 0x0000000082300000|100%|HC|  |TAMS 0x0000000082300000, 0x0000000082200000| Complete 
|   7|0x0000000082300000, 0x0000000082400000, 0x0000000082400000|100%|HC|  |TAMS 0x0000000082400000, 0x0000000082300000| Complete 
|   8|0x0000000082400000, 0x0000000082500000, 0x0000000082500000|100%| O|  |TAMS 0x0000000082500000, 0x0000000082400000| Untracked 
|   9|0x0000000082500000, 0x00000000825aa000, 0x0000000082600000| 66%| O|  |TAMS 0x00000000825aa000, 0x0000000082500000| Untracked 
|  10|0x0000000082600000, 0x0000000082700000, 0x0000000082700000|100%|HS|  |TAMS 0x0000000082700000, 0x0000000082600000| Complete 
|  11|0x0000000082700000, 0x0000000082700000, 0x0000000082800000|  0%| F|  |TAMS 0x0000000082700000, 0x0000000082700000| Untracked 
|  12|0x0000000082800000, 0x0000000082900000, 0x0000000082900000|100%|HS|  |TAMS 0x0000000082900000, 0x0000000082800000| Complete 
|  13|0x0000000082900000, 0x0000000082a00000, 0x0000000082a00000|100%|HC|  |TAMS 0x0000000082a00000, 0x0000000082900000| Complete 
|  14|0x0000000082a00000, 0x0000000082b00000, 0x0000000082b00000|100%|HC|  |TAMS 0x0000000082b00000, 0x0000000082a00000| Complete 
|  15|0x0000000082b00000, 0x0000000082c00000, 0x0000000082c00000|100%|HC|  |TAMS 0x0000000082c00000, 0x0000000082b00000| Complete 
|  16|0x0000000082c00000, 0x0000000082d00000, 0x0000000082d00000|100%|HC|  |TAMS 0x0000000082d00000, 0x0000000082c00000| Complete 
|  17|0x0000000082d00000, 0x0000000082e00000, 0x0000000082e00000|100%|HS|  |TAMS 0x0000000082e00000, 0x0000000082d00000| Complete 
|  18|0x0000000082e00000, 0x0000000082f00000, 0x0000000082f00000|100%|HC|  |TAMS 0x0000000082f00000, 0x0000000082e00000| Complete 
|  19|0x0000000082f00000, 0x0000000083000000, 0x0000000083000000|100%|HS|  |TAMS 0x0000000083000000, 0x0000000082f00000| Complete 
|  20|0x0000000083000000, 0x0000000083100000, 0x0000000083100000|100%|HC|  |TAMS 0x0000000083100000, 0x0000000083000000| Complete 
|  21|0x0000000083100000, 0x0000000083200000, 0x0000000083200000|100%| O|  |TAMS 0x0000000083200000, 0x0000000083100000| Untracked 
|  22|0x0000000083200000, 0x0000000083300000, 0x0000000083300000|100%| O|  |TAMS 0x0000000083300000, 0x0000000083200000| Untracked 
|  23|0x0000000083300000, 0x0000000083400000, 0x0000000083400000|100%|HS|  |TAMS 0x0000000083400000, 0x0000000083300000| Complete 
|  24|0x0000000083400000, 0x0000000083500000, 0x0000000083500000|100%|HC|  |TAMS 0x0000000083500000, 0x0000000083400000| Complete 
|  25|0x0000000083500000, 0x0000000083600000, 0x0000000083600000|100%|HS|  |TAMS 0x0000000083600000, 0x0000000083500000| Complete 
|  26|0x0000000083600000, 0x0000000083700000, 0x0000000083700000|100%|HC|  |TAMS 0x0000000083700000, 0x0000000083600000| Complete 
|  27|0x0000000083700000, 0x0000000083800000, 0x0000000083800000|100%|HC|  |TAMS 0x0000000083800000, 0x0000000083700000| Complete 
|  28|0x0000000083800000, 0x0000000083900000, 0x0000000083900000|100%|HC|  |TAMS 0x0000000083900000, 0x0000000083800000| Complete 
|  29|0x0000000083900000, 0x0000000083a00000, 0x0000000083a00000|100%|HC|  |TAMS 0x0000000083a00000, 0x0000000083900000| Complete 
|  30|0x0000000083a00000, 0x0000000083b00000, 0x0000000083b00000|100%|HC|  |TAMS 0x0000000083b00000, 0x0000000083a00000| Complete 
|  31|0x0000000083b00000, 0x0000000083c00000, 0x0000000083c00000|100%|HC|  |TAMS 0x0000000083c00000, 0x0000000083b00000| Complete 
|  32|0x0000000083c00000, 0x0000000083d00000, 0x0000000083d00000|100%|HS|  |TAMS 0x0000000083d00000, 0x0000000083c00000| Complete 
|  33|0x0000000083d00000, 0x0000000083e00000, 0x0000000083e00000|100%|HS|  |TAMS 0x0000000083e00000, 0x0000000083d00000| Complete 
|  34|0x0000000083e00000, 0x0000000083f00000, 0x0000000083f00000|100%|HC|  |TAMS 0x0000000083f00000, 0x0000000083e00000| Complete 
|  35|0x0000000083f00000, 0x0000000084000000, 0x0000000084000000|100%| O|  |TAMS 0x0000000084000000, 0x0000000083f00000| Untracked 
|  36|0x0000000084000000, 0x0000000084100000, 0x0000000084100000|100%| O|  |TAMS 0x0000000084100000, 0x0000000084000000| Untracked 
|  37|0x0000000084100000, 0x0000000084200000, 0x0000000084200000|100%|HS|  |TAMS 0x0000000084200000, 0x0000000084100000| Complete 
|  38|0x0000000084200000, 0x0000000084300000, 0x0000000084300000|100%|HC|  |TAMS 0x0000000084300000, 0x0000000084200000| Complete 
|  39|0x0000000084300000, 0x0000000084300000, 0x0000000084400000|  0%| F|  |TAMS 0x0000000084300000, 0x0000000084300000| Untracked 
|  40|0x0000000084400000, 0x0000000084500000, 0x0000000084500000|100%|HS|  |TAMS 0x0000000084500000, 0x0000000084400000| Complete 
|  41|0x0000000084500000, 0x0000000084600000, 0x0000000084600000|100%|HC|  |TAMS 0x0000000084600000, 0x0000000084500000| Complete 
|  42|0x0000000084600000, 0x0000000084700000, 0x0000000084700000|100%|HC|  |TAMS 0x0000000084700000, 0x0000000084600000| Complete 
|  43|0x0000000084700000, 0x0000000084800000, 0x0000000084800000|100%|HC|  |TAMS 0x0000000084800000, 0x0000000084700000| Complete 
|  44|0x0000000084800000, 0x0000000084900000, 0x0000000084900000|100%|HC|  |TAMS 0x0000000084900000, 0x0000000084800000| Complete 
|  45|0x0000000084900000, 0x0000000084a00000, 0x0000000084a00000|100%|HC|  |TAMS 0x0000000084a00000, 0x0000000084900000| Complete 
|  46|0x0000000084a00000, 0x0000000084b00000, 0x0000000084b00000|100%|HC|  |TAMS 0x0000000084b00000, 0x0000000084a00000| Complete 
|  47|0x0000000084b00000, 0x0000000084c00000, 0x0000000084c00000|100%|HS|  |TAMS 0x0000000084b00000, 0x0000000084b00000| Complete 
|  48|0x0000000084c00000, 0x0000000084d00000, 0x0000000084d00000|100%|HC|  |TAMS 0x0000000084c00000, 0x0000000084c00000| Complete 
|  49|0x0000000084d00000, 0x0000000084d00000, 0x0000000084e00000|  0%| F|  |TAMS 0x0000000084d00000, 0x0000000084d00000| Untracked 
|  50|0x0000000084e00000, 0x0000000084e00000, 0x0000000084f00000|  0%| F|  |TAMS 0x0000000084e00000, 0x0000000084e00000| Untracked 
|  51|0x0000000084f00000, 0x0000000084f00000, 0x0000000085000000|  0%| F|  |TAMS 0x0000000084f00000, 0x0000000084f00000| Untracked 
|  52|0x0000000085000000, 0x0000000085000000, 0x0000000085100000|  0%| F|  |TAMS 0x0000000085000000, 0x0000000085000000| Untracked 
|  53|0x0000000085100000, 0x0000000085100000, 0x0000000085200000|  0%| F|  |TAMS 0x0000000085100000, 0x0000000085100000| Untracked 
|  54|0x0000000085200000, 0x0000000085200000, 0x0000000085300000|  0%| F|  |TAMS 0x0000000085200000, 0x0000000085200000| Untracked 
|  55|0x0000000085300000, 0x0000000085400000, 0x0000000085400000|100%|HS|  |TAMS 0x0000000085400000, 0x0000000085300000| Complete 
|  56|0x0000000085400000, 0x0000000085500000, 0x0000000085500000|100%|HC|  |TAMS 0x0000000085500000, 0x0000000085400000| Complete 
|  57|0x0000000085500000, 0x0000000085600000, 0x0000000085600000|100%|HC|  |TAMS 0x0000000085600000, 0x0000000085500000| Complete 
|  58|0x0000000085600000, 0x0000000085700000, 0x0000000085700000|100%|HC|  |TAMS 0x0000000085700000, 0x0000000085600000| Complete 
|  59|0x0000000085700000, 0x0000000085800000, 0x0000000085800000|100%|HC|  |TAMS 0x0000000085800000, 0x0000000085700000| Complete 
|  60|0x0000000085800000, 0x0000000085900000, 0x0000000085900000|100%|HS|  |TAMS 0x0000000085900000, 0x0000000085800000| Complete 
|  61|0x0000000085900000, 0x0000000085a00000, 0x0000000085a00000|100%|HC|  |TAMS 0x0000000085a00000, 0x0000000085900000| Complete 
|  62|0x0000000085a00000, 0x0000000085b00000, 0x0000000085b00000|100%|HS|  |TAMS 0x0000000085b00000, 0x0000000085a00000| Complete 
|  63|0x0000000085b00000, 0x0000000085c00000, 0x0000000085c00000|100%|HC|  |TAMS 0x0000000085c00000, 0x0000000085b00000| Complete 
|  64|0x0000000085c00000, 0x0000000085d00000, 0x0000000085d00000|100%|HC|  |TAMS 0x0000000085d00000, 0x0000000085c00000| Complete 
|  65|0x0000000085d00000, 0x0000000085e00000, 0x0000000085e00000|100%|HC|  |TAMS 0x0000000085e00000, 0x0000000085d00000| Complete 
|  66|0x0000000085e00000, 0x0000000085f00000, 0x0000000085f00000|100%|HC|  |TAMS 0x0000000085f00000, 0x0000000085e00000| Complete 
|  67|0x0000000085f00000, 0x0000000086000000, 0x0000000086000000|100%|HS|  |TAMS 0x0000000086000000, 0x0000000085f00000| Complete 
|  68|0x0000000086000000, 0x0000000086100000, 0x0000000086100000|100%|HC|  |TAMS 0x0000000086100000, 0x0000000086000000| Complete 
|  69|0x0000000086100000, 0x0000000086200000, 0x0000000086200000|100%|HC|  |TAMS 0x0000000086200000, 0x0000000086100000| Complete 
|  70|0x0000000086200000, 0x0000000086300000, 0x0000000086300000|100%|HC|  |TAMS 0x0000000086300000, 0x0000000086200000| Complete 
|  71|0x0000000086300000, 0x0000000086400000, 0x0000000086400000|100%|HC|  |TAMS 0x0000000086400000, 0x0000000086300000| Complete 
|  72|0x0000000086400000, 0x0000000086500000, 0x0000000086500000|100%|HS|  |TAMS 0x0000000086500000, 0x0000000086400000| Complete 
|  73|0x0000000086500000, 0x0000000086600000, 0x0000000086600000|100%|HC|  |TAMS 0x0000000086600000, 0x0000000086500000| Complete 
|  74|0x0000000086600000, 0x0000000086700000, 0x0000000086700000|100%|HC|  |TAMS 0x0000000086700000, 0x0000000086600000| Complete 
|  75|0x0000000086700000, 0x0000000086800000, 0x0000000086800000|100%|HC|  |TAMS 0x0000000086800000, 0x0000000086700000| Complete 
|  76|0x0000000086800000, 0x0000000086900000, 0x0000000086900000|100%|HC|  |TAMS 0x0000000086900000, 0x0000000086800000| Complete 
|  77|0x0000000086900000, 0x0000000086a00000, 0x0000000086a00000|100%|HS|  |TAMS 0x0000000086a00000, 0x0000000086900000| Complete 
|  78|0x0000000086a00000, 0x0000000086b00000, 0x0000000086b00000|100%|HC|  |TAMS 0x0000000086b00000, 0x0000000086a00000| Complete 
|  79|0x0000000086b00000, 0x0000000086c00000, 0x0000000086c00000|100%|HC|  |TAMS 0x0000000086c00000, 0x0000000086b00000| Complete 
|  80|0x0000000086c00000, 0x0000000086d00000, 0x0000000086d00000|100%|HC|  |TAMS 0x0000000086d00000, 0x0000000086c00000| Complete 
|  81|0x0000000086d00000, 0x0000000086e00000, 0x0000000086e00000|100%|HC|  |TAMS 0x0000000086e00000, 0x0000000086d00000| Complete 
|  82|0x0000000086e00000, 0x0000000086f00000, 0x0000000086f00000|100%|HS|  |TAMS 0x0000000086f00000, 0x0000000086e00000| Complete 
|  83|0x0000000086f00000, 0x0000000087000000, 0x0000000087000000|100%|HC|  |TAMS 0x0000000087000000, 0x0000000086f00000| Complete 
|  84|0x0000000087000000, 0x0000000087100000, 0x0000000087100000|100%|HC|  |TAMS 0x0000000087100000, 0x0000000087000000| Complete 
|  85|0x0000000087100000, 0x0000000087200000, 0x0000000087200000|100%|HC|  |TAMS 0x0000000087200000, 0x0000000087100000| Complete 
|  86|0x0000000087200000, 0x0000000087300000, 0x0000000087300000|100%|HC|  |TAMS 0x0000000087300000, 0x0000000087200000| Complete 
|  87|0x0000000087300000, 0x0000000087400000, 0x0000000087400000|100%|HC|  |TAMS 0x0000000087400000, 0x0000000087300000| Complete 
|  88|0x0000000087400000, 0x0000000087500000, 0x0000000087500000|100%|HC|  |TAMS 0x0000000087500000, 0x0000000087400000| Complete 
|  89|0x0000000087500000, 0x0000000087600000, 0x0000000087600000|100%|HS|  |TAMS 0x0000000087600000, 0x0000000087500000| Complete 
|  90|0x0000000087600000, 0x0000000087700000, 0x0000000087700000|100%|HC|  |TAMS 0x0000000087700000, 0x0000000087600000| Complete 
|  91|0x0000000087700000, 0x0000000087800000, 0x0000000087800000|100%|HC|  |TAMS 0x0000000087800000, 0x0000000087700000| Complete 
|  92|0x0000000087800000, 0x0000000087900000, 0x0000000087900000|100%|HC|  |TAMS 0x0000000087900000, 0x0000000087800000| Complete 
|  93|0x0000000087900000, 0x0000000087a00000, 0x0000000087a00000|100%|HC|  |TAMS 0x0000000087a00000, 0x0000000087900000| Complete 
|  94|0x0000000087a00000, 0x0000000087b00000, 0x0000000087b00000|100%|HC|  |TAMS 0x0000000087b00000, 0x0000000087a00000| Complete 
|  95|0x0000000087b00000, 0x0000000087c00000, 0x0000000087c00000|100%|HC|  |TAMS 0x0000000087c00000, 0x0000000087b00000| Complete 
|  96|0x0000000087c00000, 0x0000000087c00000, 0x0000000087d00000|  0%| F|  |TAMS 0x0000000087c00000, 0x0000000087c00000| Untracked 
|  97|0x0000000087d00000, 0x0000000087d00000, 0x0000000087e00000|  0%| F|  |TAMS 0x0000000087d00000, 0x0000000087d00000| Untracked 
|  98|0x0000000087e00000, 0x0000000087e00000, 0x0000000087f00000|  0%| F|  |TAMS 0x0000000087e00000, 0x0000000087e00000| Untracked 
|  99|0x0000000087f00000, 0x0000000087f00000, 0x0000000088000000|  0%| F|  |TAMS 0x0000000087f00000, 0x0000000087f00000| Untracked 
| 100|0x0000000088000000, 0x0000000088000000, 0x0000000088100000|  0%| F|  |TAMS 0x0000000088000000, 0x0000000088000000| Untracked 
| 101|0x0000000088100000, 0x0000000088100000, 0x0000000088200000|  0%| F|  |TAMS 0x0000000088100000, 0x0000000088100000| Untracked 
| 102|0x0000000088200000, 0x0000000088200000, 0x0000000088300000|  0%| F|  |TAMS 0x0000000088200000, 0x0000000088200000| Untracked 
| 103|0x0000000088300000, 0x0000000088300000, 0x0000000088400000|  0%| F|  |TAMS 0x0000000088300000, 0x0000000088300000| Untracked 
| 104|0x0000000088400000, 0x0000000088400000, 0x0000000088500000|  0%| F|  |TAMS 0x0000000088400000, 0x0000000088400000| Untracked 
| 105|0x0000000088500000, 0x0000000088500000, 0x0000000088600000|  0%| F|  |TAMS 0x0000000088500000, 0x0000000088500000| Untracked 
| 106|0x0000000088600000, 0x0000000088600000, 0x0000000088700000|  0%| F|  |TAMS 0x0000000088600000, 0x0000000088600000| Untracked 
| 107|0x0000000088700000, 0x0000000088700000, 0x0000000088800000|  0%| F|  |TAMS 0x0000000088700000, 0x0000000088700000| Untracked 
| 108|0x0000000088800000, 0x0000000088800000, 0x0000000088900000|  0%| F|  |TAMS 0x0000000088800000, 0x0000000088800000| Untracked 
| 109|0x0000000088900000, 0x0000000088900000, 0x0000000088a00000|  0%| F|  |TAMS 0x0000000088900000, 0x0000000088900000| Untracked 
| 110|0x0000000088a00000, 0x0000000088a00000, 0x0000000088b00000|  0%| F|  |TAMS 0x0000000088a00000, 0x0000000088a00000| Untracked 
| 111|0x0000000088b00000, 0x0000000088b00000, 0x0000000088c00000|  0%| F|  |TAMS 0x0000000088b00000, 0x0000000088b00000| Untracked 
| 112|0x0000000088c00000, 0x0000000088c00000, 0x0000000088d00000|  0%| F|  |TAMS 0x0000000088c00000, 0x0000000088c00000| Untracked 
| 113|0x0000000088d00000, 0x0000000088d00000, 0x0000000088e00000|  0%| F|  |TAMS 0x0000000088d00000, 0x0000000088d00000| Untracked 
| 114|0x0000000088e00000, 0x0000000088e00000, 0x0000000088f00000|  0%| F|  |TAMS 0x0000000088e00000, 0x0000000088e00000| Untracked 
| 115|0x0000000088f00000, 0x0000000088f00000, 0x0000000089000000|  0%| F|  |TAMS 0x0000000088f00000, 0x0000000088f00000| Untracked 
| 116|0x0000000089000000, 0x0000000089000000, 0x0000000089100000|  0%| F|  |TAMS 0x0000000089000000, 0x0000000089000000| Untracked 
| 117|0x0000000089100000, 0x0000000089100000, 0x0000000089200000|  0%| F|  |TAMS 0x0000000089100000, 0x0000000089100000| Untracked 
| 118|0x0000000089200000, 0x0000000089200000, 0x0000000089300000|  0%| F|  |TAMS 0x0000000089200000, 0x0000000089200000| Untracked 
| 119|0x0000000089300000, 0x0000000089300000, 0x0000000089400000|  0%| F|  |TAMS 0x0000000089300000, 0x0000000089300000| Untracked 
| 120|0x0000000089400000, 0x0000000089400000, 0x0000000089500000|  0%| F|  |TAMS 0x0000000089400000, 0x0000000089400000| Untracked 
| 121|0x0000000089500000, 0x0000000089500000, 0x0000000089600000|  0%| F|  |TAMS 0x0000000089500000, 0x0000000089500000| Untracked 
| 122|0x0000000089600000, 0x0000000089600000, 0x0000000089700000|  0%| F|  |TAMS 0x0000000089600000, 0x0000000089600000| Untracked 
| 123|0x0000000089700000, 0x0000000089700000, 0x0000000089800000|  0%| F|  |TAMS 0x0000000089700000, 0x0000000089700000| Untracked 
| 124|0x0000000089800000, 0x0000000089800000, 0x0000000089900000|  0%| F|  |TAMS 0x0000000089800000, 0x0000000089800000| Untracked 
| 125|0x0000000089900000, 0x0000000089900000, 0x0000000089a00000|  0%| F|  |TAMS 0x0000000089900000, 0x0000000089900000| Untracked 
| 126|0x0000000089a00000, 0x0000000089a00000, 0x0000000089b00000|  0%| F|  |TAMS 0x0000000089a00000, 0x0000000089a00000| Untracked 
| 127|0x0000000089b00000, 0x0000000089b00000, 0x0000000089c00000|  0%| F|  |TAMS 0x0000000089b00000, 0x0000000089b00000| Untracked 
| 128|0x0000000089c00000, 0x0000000089cea778, 0x0000000089d00000| 91%| S|CS|TAMS 0x0000000089c00000, 0x0000000089c00000| Complete 
| 129|0x0000000089d00000, 0x0000000089e00000, 0x0000000089e00000|100%| S|CS|TAMS 0x0000000089d00000, 0x0000000089d00000| Complete 
| 130|0x0000000089e00000, 0x0000000089f00000, 0x0000000089f00000|100%| S|CS|TAMS 0x0000000089e00000, 0x0000000089e00000| Complete 
| 131|0x0000000089f00000, 0x0000000089f00000, 0x000000008a000000|  0%| F|  |TAMS 0x0000000089f00000, 0x0000000089f00000| Untracked 
| 132|0x000000008a000000, 0x000000008a000000, 0x000000008a100000|  0%| F|  |TAMS 0x000000008a000000, 0x000000008a000000| Untracked 
| 133|0x000000008a100000, 0x000000008a100000, 0x000000008a200000|  0%| F|  |TAMS 0x000000008a100000, 0x000000008a100000| Untracked 
| 134|0x000000008a200000, 0x000000008a200000, 0x000000008a300000|  0%| F|  |TAMS 0x000000008a200000, 0x000000008a200000| Untracked 
| 135|0x000000008a300000, 0x000000008a300000, 0x000000008a400000|  0%| F|  |TAMS 0x000000008a300000, 0x000000008a300000| Untracked 
| 136|0x000000008a400000, 0x000000008a400000, 0x000000008a500000|  0%| F|  |TAMS 0x000000008a400000, 0x000000008a400000| Untracked 
| 137|0x000000008a500000, 0x000000008a500000, 0x000000008a600000|  0%| F|  |TAMS 0x000000008a500000, 0x000000008a500000| Untracked 
| 138|0x000000008a600000, 0x000000008a600000, 0x000000008a700000|  0%| F|  |TAMS 0x000000008a600000, 0x000000008a600000| Untracked 
| 139|0x000000008a700000, 0x000000008a700000, 0x000000008a800000|  0%| F|  |TAMS 0x000000008a700000, 0x000000008a700000| Untracked 
| 140|0x000000008a800000, 0x000000008a800000, 0x000000008a900000|  0%| F|  |TAMS 0x000000008a800000, 0x000000008a800000| Untracked 
| 141|0x000000008a900000, 0x000000008a900000, 0x000000008aa00000|  0%| F|  |TAMS 0x000000008a900000, 0x000000008a900000| Untracked 
| 142|0x000000008aa00000, 0x000000008aa00000, 0x000000008ab00000|  0%| F|  |TAMS 0x000000008aa00000, 0x000000008aa00000| Untracked 
| 143|0x000000008ab00000, 0x000000008ab00000, 0x000000008ac00000|  0%| F|  |TAMS 0x000000008ab00000, 0x000000008ab00000| Untracked 
| 144|0x000000008ac00000, 0x000000008ac00000, 0x000000008ad00000|  0%| F|  |TAMS 0x000000008ac00000, 0x000000008ac00000| Untracked 
| 145|0x000000008ad00000, 0x000000008ae00000, 0x000000008ae00000|100%| E|  |TAMS 0x000000008ad00000, 0x000000008ad00000| Complete 
| 146|0x000000008ae00000, 0x000000008af00000, 0x000000008af00000|100%| E|CS|TAMS 0x000000008ae00000, 0x000000008ae00000| Complete 
| 147|0x000000008af00000, 0x000000008b000000, 0x000000008b000000|100%| E|CS|TAMS 0x000000008af00000, 0x000000008af00000| Complete 
| 148|0x000000008b000000, 0x000000008b100000, 0x000000008b100000|100%| E|CS|TAMS 0x000000008b000000, 0x000000008b000000| Complete 
| 149|0x000000008b100000, 0x000000008b200000, 0x000000008b200000|100%| E|CS|TAMS 0x000000008b100000, 0x000000008b100000| Complete 
| 150|0x000000008b200000, 0x000000008b300000, 0x000000008b300000|100%| E|CS|TAMS 0x000000008b200000, 0x000000008b200000| Complete 
| 151|0x000000008b300000, 0x000000008b400000, 0x000000008b400000|100%| E|CS|TAMS 0x000000008b300000, 0x000000008b300000| Complete 
| 152|0x000000008b400000, 0x000000008b500000, 0x000000008b500000|100%| E|CS|TAMS 0x000000008b400000, 0x000000008b400000| Complete 
| 153|0x000000008b500000, 0x000000008b600000, 0x000000008b600000|100%| E|CS|TAMS 0x000000008b500000, 0x000000008b500000| Complete 
| 154|0x000000008b600000, 0x000000008b700000, 0x000000008b700000|100%| E|CS|TAMS 0x000000008b600000, 0x000000008b600000| Complete 
| 155|0x000000008b700000, 0x000000008b800000, 0x000000008b800000|100%| E|CS|TAMS 0x000000008b700000, 0x000000008b700000| Complete 
| 156|0x000000008b800000, 0x000000008b900000, 0x000000008b900000|100%| E|CS|TAMS 0x000000008b800000, 0x000000008b800000| Complete 
| 157|0x000000008b900000, 0x000000008ba00000, 0x000000008ba00000|100%| E|CS|TAMS 0x000000008b900000, 0x000000008b900000| Complete 
| 158|0x000000008ba00000, 0x000000008bb00000, 0x000000008bb00000|100%| E|CS|TAMS 0x000000008ba00000, 0x000000008ba00000| Complete 
| 159|0x000000008bb00000, 0x000000008bc00000, 0x000000008bc00000|100%| E|CS|TAMS 0x000000008bb00000, 0x000000008bb00000| Complete 
| 160|0x000000008bc00000, 0x000000008bd00000, 0x000000008bd00000|100%| E|CS|TAMS 0x000000008bc00000, 0x000000008bc00000| Complete 
| 161|0x000000008bd00000, 0x000000008be00000, 0x000000008be00000|100%| E|CS|TAMS 0x000000008bd00000, 0x000000008bd00000| Complete 
| 162|0x000000008be00000, 0x000000008bf00000, 0x000000008bf00000|100%| E|CS|TAMS 0x000000008be00000, 0x000000008be00000| Complete 
| 163|0x000000008bf00000, 0x000000008c000000, 0x000000008c000000|100%| E|CS|TAMS 0x000000008bf00000, 0x000000008bf00000| Complete 
| 164|0x000000008c000000, 0x000000008c100000, 0x000000008c100000|100%| E|CS|TAMS 0x000000008c000000, 0x000000008c000000| Complete 
| 165|0x000000008c100000, 0x000000008c200000, 0x000000008c200000|100%| E|CS|TAMS 0x000000008c100000, 0x000000008c100000| Complete 
| 166|0x000000008c200000, 0x000000008c300000, 0x000000008c300000|100%| E|CS|TAMS 0x000000008c200000, 0x000000008c200000| Complete 
| 167|0x000000008c300000, 0x000000008c400000, 0x000000008c400000|100%| E|CS|TAMS 0x000000008c300000, 0x000000008c300000| Complete 
| 168|0x000000008c400000, 0x000000008c500000, 0x000000008c500000|100%| E|CS|TAMS 0x000000008c400000, 0x000000008c400000| Complete 
| 169|0x000000008c500000, 0x000000008c600000, 0x000000008c600000|100%| E|CS|TAMS 0x000000008c500000, 0x000000008c500000| Complete 
| 170|0x000000008c600000, 0x000000008c700000, 0x000000008c700000|100%| E|CS|TAMS 0x000000008c600000, 0x000000008c600000| Complete 
| 171|0x000000008c700000, 0x000000008c800000, 0x000000008c800000|100%| E|CS|TAMS 0x000000008c700000, 0x000000008c700000| Complete 
| 172|0x000000008c800000, 0x000000008c900000, 0x000000008c900000|100%| E|CS|TAMS 0x000000008c800000, 0x000000008c800000| Complete 
| 173|0x000000008c900000, 0x000000008ca00000, 0x000000008ca00000|100%| E|CS|TAMS 0x000000008c900000, 0x000000008c900000| Complete 
| 174|0x000000008ca00000, 0x000000008cb00000, 0x000000008cb00000|100%| E|CS|TAMS 0x000000008ca00000, 0x000000008ca00000| Complete 
| 175|0x000000008cb00000, 0x000000008cc00000, 0x000000008cc00000|100%| E|CS|TAMS 0x000000008cb00000, 0x000000008cb00000| Complete 
| 176|0x000000008cc00000, 0x000000008cd00000, 0x000000008cd00000|100%| E|CS|TAMS 0x000000008cc00000, 0x000000008cc00000| Complete 
| 177|0x000000008cd00000, 0x000000008ce00000, 0x000000008ce00000|100%| E|CS|TAMS 0x000000008cd00000, 0x000000008cd00000| Complete 
| 178|0x000000008ce00000, 0x000000008cf00000, 0x000000008cf00000|100%| E|CS|TAMS 0x000000008ce00000, 0x000000008ce00000| Complete 
| 179|0x000000008cf00000, 0x000000008d000000, 0x000000008d000000|100%| E|CS|TAMS 0x000000008cf00000, 0x000000008cf00000| Complete 
| 180|0x000000008d000000, 0x000000008d100000, 0x000000008d100000|100%| E|CS|TAMS 0x000000008d000000, 0x000000008d000000| Complete 
| 181|0x000000008d100000, 0x000000008d200000, 0x000000008d200000|100%| E|CS|TAMS 0x000000008d100000, 0x000000008d100000| Complete 
| 182|0x000000008d200000, 0x000000008d300000, 0x000000008d300000|100%| E|CS|TAMS 0x000000008d200000, 0x000000008d200000| Complete 
| 183|0x000000008d300000, 0x000000008d400000, 0x000000008d400000|100%| E|CS|TAMS 0x000000008d300000, 0x000000008d300000| Complete 
| 184|0x000000008d400000, 0x000000008d500000, 0x000000008d500000|100%| E|CS|TAMS 0x000000008d400000, 0x000000008d400000| Complete 
| 185|0x000000008d500000, 0x000000008d600000, 0x000000008d600000|100%| E|CS|TAMS 0x000000008d500000, 0x000000008d500000| Complete 
| 186|0x000000008d600000, 0x000000008d700000, 0x000000008d700000|100%| E|CS|TAMS 0x000000008d600000, 0x000000008d600000| Complete 
| 187|0x000000008d700000, 0x000000008d800000, 0x000000008d800000|100%| E|CS|TAMS 0x000000008d700000, 0x000000008d700000| Complete 
| 188|0x000000008d800000, 0x000000008d900000, 0x000000008d900000|100%| E|CS|TAMS 0x000000008d800000, 0x000000008d800000| Complete 
| 189|0x000000008d900000, 0x000000008da00000, 0x000000008da00000|100%| E|CS|TAMS 0x000000008d900000, 0x000000008d900000| Complete 
| 190|0x000000008da00000, 0x000000008db00000, 0x000000008db00000|100%| E|CS|TAMS 0x000000008da00000, 0x000000008da00000| Complete 
| 191|0x000000008db00000, 0x000000008dc00000, 0x000000008dc00000|100%| E|CS|TAMS 0x000000008db00000, 0x000000008db00000| Complete 
| 192|0x000000008dc00000, 0x000000008dd00000, 0x000000008dd00000|100%| E|CS|TAMS 0x000000008dc00000, 0x000000008dc00000| Complete 
| 193|0x000000008dd00000, 0x000000008de00000, 0x000000008de00000|100%| E|CS|TAMS 0x000000008dd00000, 0x000000008dd00000| Complete 
| 194|0x000000008de00000, 0x000000008df00000, 0x000000008df00000|100%| E|CS|TAMS 0x000000008de00000, 0x000000008de00000| Complete 
| 195|0x000000008df00000, 0x000000008e000000, 0x000000008e000000|100%| E|CS|TAMS 0x000000008df00000, 0x000000008df00000| Complete 
| 196|0x000000008e000000, 0x000000008e100000, 0x000000008e100000|100%| E|CS|TAMS 0x000000008e000000, 0x000000008e000000| Complete 
| 197|0x000000008e100000, 0x000000008e200000, 0x000000008e200000|100%| E|CS|TAMS 0x000000008e100000, 0x000000008e100000| Complete 
| 198|0x000000008e200000, 0x000000008e300000, 0x000000008e300000|100%| E|CS|TAMS 0x000000008e200000, 0x000000008e200000| Complete 
| 199|0x000000008e300000, 0x000000008e400000, 0x000000008e400000|100%| E|CS|TAMS 0x000000008e300000, 0x000000008e300000| Complete 
| 200|0x000000008e400000, 0x000000008e500000, 0x000000008e500000|100%| E|CS|TAMS 0x000000008e400000, 0x000000008e400000| Complete 
| 201|0x000000008e500000, 0x000000008e600000, 0x000000008e600000|100%| E|CS|TAMS 0x000000008e500000, 0x000000008e500000| Complete 
| 202|0x000000008e600000, 0x000000008e700000, 0x000000008e700000|100%| E|CS|TAMS 0x000000008e600000, 0x000000008e600000| Complete 
| 203|0x000000008e700000, 0x000000008e800000, 0x000000008e800000|100%| E|CS|TAMS 0x000000008e700000, 0x000000008e700000| Complete 
| 204|0x000000008e800000, 0x000000008e900000, 0x000000008e900000|100%| E|CS|TAMS 0x000000008e800000, 0x000000008e800000| Complete 
| 205|0x000000008e900000, 0x000000008ea00000, 0x000000008ea00000|100%| E|CS|TAMS 0x000000008e900000, 0x000000008e900000| Complete 
| 206|0x000000008ea00000, 0x000000008eb00000, 0x000000008eb00000|100%| E|CS|TAMS 0x000000008ea00000, 0x000000008ea00000| Complete 
| 207|0x000000008eb00000, 0x000000008ec00000, 0x000000008ec00000|100%| E|CS|TAMS 0x000000008eb00000, 0x000000008eb00000| Complete 
| 208|0x000000008ec00000, 0x000000008ed00000, 0x000000008ed00000|100%| E|CS|TAMS 0x000000008ec00000, 0x000000008ec00000| Complete 
| 209|0x000000008ed00000, 0x000000008ee00000, 0x000000008ee00000|100%| E|CS|TAMS 0x000000008ed00000, 0x000000008ed00000| Complete 
| 210|0x000000008ee00000, 0x000000008ef00000, 0x000000008ef00000|100%| E|CS|TAMS 0x000000008ee00000, 0x000000008ee00000| Complete 
| 211|0x000000008ef00000, 0x000000008f000000, 0x000000008f000000|100%| E|CS|TAMS 0x000000008ef00000, 0x000000008ef00000| Complete 
| 212|0x000000008f000000, 0x000000008f100000, 0x000000008f100000|100%| E|CS|TAMS 0x000000008f000000, 0x000000008f000000| Complete 
| 213|0x000000008f100000, 0x000000008f200000, 0x000000008f200000|100%| E|CS|TAMS 0x000000008f100000, 0x000000008f100000| Complete 
| 214|0x000000008f200000, 0x000000008f300000, 0x000000008f300000|100%| E|CS|TAMS 0x000000008f200000, 0x000000008f200000| Complete 
| 215|0x000000008f300000, 0x000000008f400000, 0x000000008f400000|100%| E|CS|TAMS 0x000000008f300000, 0x000000008f300000| Complete 
| 216|0x000000008f400000, 0x000000008f500000, 0x000000008f500000|100%| E|CS|TAMS 0x000000008f400000, 0x000000008f400000| Complete 
| 217|0x000000008f500000, 0x000000008f600000, 0x000000008f600000|100%| E|CS|TAMS 0x000000008f500000, 0x000000008f500000| Complete 
| 218|0x000000008f600000, 0x000000008f700000, 0x000000008f700000|100%| E|CS|TAMS 0x000000008f600000, 0x000000008f600000| Complete 
| 219|0x000000008f700000, 0x000000008f800000, 0x000000008f800000|100%| E|CS|TAMS 0x000000008f700000, 0x000000008f700000| Complete 
| 220|0x000000008f800000, 0x000000008f900000, 0x000000008f900000|100%| E|  |TAMS 0x000000008f800000, 0x000000008f800000| Complete 
| 221|0x000000008f900000, 0x000000008fa00000, 0x000000008fa00000|100%| E|CS|TAMS 0x000000008f900000, 0x000000008f900000| Complete 

Card table byte_map: [0x000001fdf1a20000,0x000001fdf1e20000] _byte_map_base: 0x000001fdf1612000

Marking Bits (Prev, Next): (CMBitMap*) 0x000001fded5b04d0, (CMBitMap*) 0x000001fded5b0498
 Prev Bits: [0x000001fdf41b0000, 0x000001fdf6140000)
 Next Bits: [0x000001fdf2220000, 0x000001fdf41b0000)

Polling page: 0x000001fdeb3a0000

Metaspace:

Usage:
  Non-class:     27.22 MB capacity,    26.79 MB ( 98%) used,   349.66 KB (  1%) free+waste,    90.38 KB ( <1%) overhead. 
      Class:      3.29 MB capacity,     2.96 MB ( 90%) used,   293.25 KB (  9%) free+waste,    42.44 KB (  1%) overhead. 
       Both:     30.51 MB capacity,    29.75 MB ( 98%) used,   642.91 KB (  2%) free+waste,   132.81 KB ( <1%) overhead. 

Virtual space:
  Non-class space:       28.00 MB reserved,      27.25 MB ( 97%) committed 
      Class space:        1.00 GB reserved,       3.38 MB ( <1%) committed 
             Both:        1.03 GB reserved,      30.63 MB (  3%) committed 

Chunk freelists:
   Non-Class:  34.00 KB
       Class:  24.00 KB
        Both:  58.00 KB

MaxMetaspaceSize: 17179869184.00 GB
CompressedClassSpaceSize: 1.00 GB

CodeHeap 'non-profiled nmethods': size=120064Kb used=1928Kb max_used=1928Kb free=118135Kb
 bounds [0x000001fd87ac0000, 0x000001fd87d30000, 0x000001fd8f000000]
CodeHeap 'profiled nmethods': size=120000Kb used=7816Kb max_used=7816Kb free=112183Kb
 bounds [0x000001fd80590000, 0x000001fd80d40000, 0x000001fd87ac0000]
CodeHeap 'non-nmethods': size=5696Kb used=1738Kb max_used=1769Kb free=3958Kb
 bounds [0x000001fd80000000, 0x000001fd80270000, 0x000001fd80590000]
 total_blobs=6565 nmethods=3832 adapters=1293
 compilation: enabled
              stopped_count=0, restarted_count=0
 full_count=0

Compilation events (20 events):
Event: 22.133 Thread 0x000001fdf8ecb000 nmethod 3986 0x000001fd806b9890 code [0x000001fd806b9a60, 0x000001fd806b9c30]
Event: 22.133 Thread 0x000001fdf8ecb000 3987       3       org.lwjgl.opengl.GL11C::glDrawElements (8 bytes)
Event: 22.133 Thread 0x000001fdf8ecb000 nmethod 3987 0x000001fd806b8790 code [0x000001fd806b8940, 0x000001fd806b8ab0]
Event: 22.175 Thread 0x000001fdf8ecb000 3989       3       org.joml.Matrix4f::scale (28 bytes)
Event: 22.175 Thread 0x000001fdf8ecb000 nmethod 3989 0x000001fd806bc410 code [0x000001fd806bc5e0, 0x000001fd806bc800]
Event: 22.177 Thread 0x000001fdf8ec7000 3990       4       jdk.internal.misc.Unsafe::allocateUninitializedArray (52 bytes)
Event: 22.180 Thread 0x000001fdf8ecb000 3992       3       javafx.beans.property.ReadOnlyDoublePropertyBase::fireValueChangedEvent (8 bytes)
Event: 22.180 Thread 0x000001fdf8ec7000 nmethod 3990 0x000001fd87ca0890 code [0x000001fd87ca0a20, 0x000001fd87ca0bd8]
Event: 22.180 Thread 0x000001fdf8ec7000 3991       4       jdk.internal.misc.Unsafe::allocateUninitializedArray0 (90 bytes)
Event: 22.180 Thread 0x000001fdf8ecb000 nmethod 3992 0x000001fd806d2310 code [0x000001fd806d24e0, 0x000001fd806d2790]
Event: 22.180 Thread 0x000001fdf8ecb000 3993       3       javafx.animation.Animation::doSetCurrentRate (32 bytes)
Event: 22.181 Thread 0x000001fdf8ecb000 nmethod 3993 0x000001fd808a8890 code [0x000001fd808a8b00, 0x000001fd808a9550]
Event: 22.181 Thread 0x000001fdf8ecb000 3994       3       javafx.animation.Animation::currentRateProperty (25 bytes)
Event: 22.182 Thread 0x000001fdf8ecb000 nmethod 3994 0x000001fd806d1a10 code [0x000001fd806d1c00, 0x000001fd806d2158]
Event: 22.182 Thread 0x000001fdf8ecb000 3998       3       com.sun.prism.impl.ps.BaseShaderContext::validatePaintOp (321 bytes)
Event: 22.187 Thread 0x000001fdf8ecb000 nmethod 3998 0x000001fd80d2f890 code [0x000001fd80d2fc60, 0x000001fd80d31a00]
Event: 22.187 Thread 0x000001fdf8ecb000 4000       3       com.sun.prism.impl.ps.BaseShaderContext::getStockShaderIndex (57 bytes)
Event: 22.188 Thread 0x000001fdf8ecb000 nmethod 4000 0x000001fd8089a190 code [0x000001fd8089a360, 0x000001fd8089a778]
Event: 22.188 Thread 0x000001fdf8ecb000 3999       3       com.sun.prism.impl.ps.BaseShaderContext::getPaintShader (194 bytes)
Event: 22.190 Thread 0x000001fdf8ec7000 nmethod 3991 0x000001fd87ca0d10 code [0x000001fd87ca0f00, 0x000001fd87ca16d8]

GC Heap History (20 events):
Event: 15.549 GC heap before
{Heap before GC invocations=33 (full 0):
 garbage-first heap   total 157696K, used 91158K [0x0000000081c00000, 0x0000000100000000)
  region size 1024K, 5 young (5120K), 2 survivors (2048K)
 Metaspace       used 24046K, capacity 24718K, committed 24832K, reserved 1071104K
  class space    used 2697K, capacity 2962K, committed 3072K, reserved 1048576K
}
Event: 15.554 GC heap after
{Heap after GC invocations=34 (full 0):
 garbage-first heap   total 157696K, used 81454K [0x0000000081c00000, 0x0000000100000000)
  region size 1024K, 2 young (2048K), 2 survivors (2048K)
 Metaspace       used 24046K, capacity 24718K, committed 24832K, reserved 1071104K
  class space    used 2697K, capacity 2962K, committed 3072K, reserved 1048576K
}
Event: 15.641 GC heap before
{Heap before GC invocations=35 (full 0):
 garbage-first heap   total 157696K, used 91694K [0x0000000081c00000, 0x0000000100000000)
  region size 1024K, 5 young (5120K), 2 survivors (2048K)
 Metaspace       used 24047K, capacity 24718K, committed 24832K, reserved 1071104K
  class space    used 2697K, capacity 2962K, committed 3072K, reserved 1048576K
}
Event: 15.648 GC heap after
{Heap after GC invocations=36 (full 0):
 garbage-first heap   total 189440K, used 81982K [0x0000000081c00000, 0x0000000100000000)
  region size 1024K, 2 young (2048K), 2 survivors (2048K)
 Metaspace       used 24047K, capacity 24718K, committed 24832K, reserved 1071104K
  class space    used 2697K, capacity 2962K, committed 3072K, reserved 1048576K
}
Event: 15.758 GC heap before
{Heap before GC invocations=37 (full 0):
 garbage-first heap   total 189440K, used 93246K [0x0000000081c00000, 0x0000000100000000)
  region size 1024K, 5 young (5120K), 2 survivors (2048K)
 Metaspace       used 24049K, capacity 24718K, committed 24832K, reserved 1071104K
  class space    used 2697K, capacity 2962K, committed 3072K, reserved 1048576K
}
Event: 15.761 GC heap after
{Heap after GC invocations=38 (full 0):
 garbage-first heap   total 189440K, used 83055K [0x0000000081c00000, 0x0000000100000000)
  region size 1024K, 2 young (2048K), 2 survivors (2048K)
 Metaspace       used 24049K, capacity 24718K, committed 24832K, reserved 1071104K
  class space    used 2697K, capacity 2962K, committed 3072K, reserved 1048576K
}
Event: 15.815 GC heap before
{Heap before GC invocations=39 (full 0):
 garbage-first heap   total 189440K, used 93295K [0x0000000081c00000, 0x0000000100000000)
  region size 1024K, 5 young (5120K), 2 survivors (2048K)
 Metaspace       used 24049K, capacity 24718K, committed 24832K, reserved 1071104K
  class space    used 2697K, capacity 2962K, committed 3072K, reserved 1048576K
}
Event: 15.818 GC heap after
{Heap after GC invocations=40 (full 0):
 garbage-first heap   total 189440K, used 91266K [0x0000000081c00000, 0x0000000100000000)
  region size 1024K, 2 young (2048K), 2 survivors (2048K)
 Metaspace       used 24049K, capacity 24718K, committed 24832K, reserved 1071104K
  class space    used 2697K, capacity 2962K, committed 3072K, reserved 1048576K
}
Event: 15.904 GC heap before
{Heap before GC invocations=41 (full 0):
 garbage-first heap   total 189440K, used 94338K [0x0000000081c00000, 0x0000000100000000)
  region size 1024K, 4 young (4096K), 2 survivors (2048K)
 Metaspace       used 24052K, capacity 24718K, committed 24832K, reserved 1071104K
  class space    used 2697K, capacity 2962K, committed 3072K, reserved 1048576K
}
Event: 15.906 GC heap after
{Heap after GC invocations=42 (full 0):
 garbage-first heap   total 189440K, used 85122K [0x0000000081c00000, 0x0000000100000000)
  region size 1024K, 2 young (2048K), 2 survivors (2048K)
 Metaspace       used 24052K, capacity 24718K, committed 24832K, reserved 1071104K
  class space    used 2697K, capacity 2962K, committed 3072K, reserved 1048576K
}
Event: 16.012 GC heap before
{Heap before GC invocations=43 (full 0):
 garbage-first heap   total 189440K, used 97410K [0x0000000081c00000, 0x0000000100000000)
  region size 1024K, 5 young (5120K), 2 survivors (2048K)
 Metaspace       used 24052K, capacity 24718K, committed 24832K, reserved 1071104K
  class space    used 2697K, capacity 2962K, committed 3072K, reserved 1048576K
}
Event: 16.016 GC heap after
{Heap after GC invocations=44 (full 0):
 garbage-first heap   total 189440K, used 87181K [0x0000000081c00000, 0x0000000100000000)
  region size 1024K, 2 young (2048K), 2 survivors (2048K)
 Metaspace       used 24052K, capacity 24718K, committed 24832K, reserved 1071104K
  class space    used 2697K, capacity 2962K, committed 3072K, reserved 1048576K
}
Event: 17.539 GC heap before
{Heap before GC invocations=45 (full 0):
 garbage-first heap   total 189440K, used 136333K [0x0000000081c00000, 0x0000000100000000)
  region size 1024K, 40 young (40960K), 2 survivors (2048K)
 Metaspace       used 24208K, capacity 24994K, committed 25088K, reserved 1071104K
  class space    used 2707K, capacity 3029K, committed 3072K, reserved 1048576K
}
Event: 17.541 GC heap after
{Heap after GC invocations=46 (full 0):
 garbage-first heap   total 189440K, used 89519K [0x0000000081c00000, 0x0000000100000000)
  region size 1024K, 2 young (2048K), 2 survivors (2048K)
 Metaspace       used 24208K, capacity 24994K, committed 25088K, reserved 1071104K
  class space    used 2707K, capacity 3029K, committed 3072K, reserved 1048576K
}
Event: 18.564 GC heap before
{Heap before GC invocations=46 (full 0):
 garbage-first heap   total 189440K, used 130479K [0x0000000081c00000, 0x0000000100000000)
  region size 1024K, 42 young (43008K), 2 survivors (2048K)
 Metaspace       used 28225K, capacity 28999K, committed 29184K, reserved 1075200K
  class space    used 2889K, capacity 3220K, committed 3328K, reserved 1048576K
}
Event: 18.573 GC heap after
{Heap after GC invocations=47 (full 0):
 garbage-first heap   total 189440K, used 89976K [0x0000000081c00000, 0x0000000100000000)
  region size 1024K, 3 young (3072K), 3 survivors (3072K)
 Metaspace       used 28225K, capacity 28999K, committed 29184K, reserved 1075200K
  class space    used 2889K, capacity 3220K, committed 3328K, reserved 1048576K
}
Event: 19.227 GC heap before
{Heap before GC invocations=48 (full 0):
 garbage-first heap   total 189440K, used 134008K [0x0000000081c00000, 0x0000000100000000)
  region size 1024K, 46 young (47104K), 3 survivors (3072K)
 Metaspace       used 28718K, capacity 29495K, committed 29696K, reserved 1075200K
  class space    used 2921K, capacity 3258K, committed 3328K, reserved 1048576K
}
Event: 19.240 GC heap after
{Heap after GC invocations=49 (full 0):
 garbage-first heap   total 189440K, used 91530K [0x0000000081c00000, 0x0000000100000000)
  region size 1024K, 4 young (4096K), 4 survivors (4096K)
 Metaspace       used 28718K, capacity 29495K, committed 29696K, reserved 1075200K
  class space    used 2921K, capacity 3258K, committed 3328K, reserved 1048576K
}
Event: 19.691 GC heap before
{Heap before GC invocations=49 (full 0):
 garbage-first heap   total 189440K, used 142730K [0x0000000081c00000, 0x0000000100000000)
  region size 1024K, 54 young (55296K), 4 survivors (4096K)
 Metaspace       used 29034K, capacity 29798K, committed 29952K, reserved 1075200K
  class space    used 2950K, capacity 3294K, committed 3328K, reserved 1048576K
}
Event: 19.708 GC heap after
{Heap after GC invocations=50 (full 0):
 garbage-first heap   total 227328K, used 90705K [0x0000000081c00000, 0x0000000100000000)
  region size 1024K, 3 young (3072K), 3 survivors (3072K)
 Metaspace       used 29034K, capacity 29798K, committed 29952K, reserved 1075200K
  class space    used 2950K, capacity 3294K, committed 3328K, reserved 1048576K
}

Deoptimization events (20 events):
Event: 19.962 Thread 0x000001fdfa20e000 Uncommon trap: trap_request=0xffffff6e fr.pc=0x000001fd87bf8e84 relative=0x00000000000006a4
Event: 19.962 Thread 0x000001fdfa20e000 Uncommon trap: reason=speculate_class_check action=maybe_recompile pc=0x000001fd87bf8e84 method=com.sun.javafx.sg.prism.NGNode.doRender(Lcom/sun/prism/Graphics;)V @ 330 c2
Event: 19.962 Thread 0x000001fdfa20e000 DEOPT PACKING pc=0x000001fd87bf8e84 sp=0x0000005d6c5fe7b0
Event: 19.962 Thread 0x000001fdfa20e000 DEOPT UNPACKING pc=0x000001fd80028eaf sp=0x0000005d6c5fe6e8 mode 2
Event: 19.981 Thread 0x000001fdfa20e000 Uncommon trap: trap_request=0xffffff6e fr.pc=0x000001fd87bf8e84 relative=0x00000000000006a4
Event: 19.981 Thread 0x000001fdfa20e000 Uncommon trap: reason=speculate_class_check action=maybe_recompile pc=0x000001fd87bf8e84 method=com.sun.javafx.sg.prism.NGNode.doRender(Lcom/sun/prism/Graphics;)V @ 330 c2
Event: 19.981 Thread 0x000001fdfa20e000 DEOPT PACKING pc=0x000001fd87bf8e84 sp=0x0000005d6c5fe7b0
Event: 19.981 Thread 0x000001fdfa20e000 DEOPT UNPACKING pc=0x000001fd80028eaf sp=0x0000005d6c5fe6e8 mode 2
Event: 19.995 Thread 0x000001fdfa20e000 Uncommon trap: trap_request=0xffffff6e fr.pc=0x000001fd87bf8e84 relative=0x00000000000006a4
Event: 19.995 Thread 0x000001fdfa20e000 Uncommon trap: reason=speculate_class_check action=maybe_recompile pc=0x000001fd87bf8e84 method=com.sun.javafx.sg.prism.NGNode.doRender(Lcom/sun/prism/Graphics;)V @ 330 c2
Event: 19.995 Thread 0x000001fdfa20e000 DEOPT PACKING pc=0x000001fd87bf8e84 sp=0x0000005d6c5fe7b0
Event: 19.995 Thread 0x000001fdfa20e000 DEOPT UNPACKING pc=0x000001fd80028eaf sp=0x0000005d6c5fe6e8 mode 2
Event: 20.042 Thread 0x000001fdfa20e000 Uncommon trap: trap_request=0xffffff6e fr.pc=0x000001fd87bf8e84 relative=0x00000000000006a4
Event: 20.042 Thread 0x000001fdfa20e000 Uncommon trap: reason=speculate_class_check action=maybe_recompile pc=0x000001fd87bf8e84 method=com.sun.javafx.sg.prism.NGNode.doRender(Lcom/sun/prism/Graphics;)V @ 330 c2
Event: 20.042 Thread 0x000001fdfa20e000 DEOPT PACKING pc=0x000001fd87bf8e84 sp=0x0000005d6c5fe7b0
Event: 20.043 Thread 0x000001fdfa20e000 DEOPT UNPACKING pc=0x000001fd80028eaf sp=0x0000005d6c5fe6e8 mode 2
Event: 21.817 Thread 0x000001fdfa056800 Uncommon trap: trap_request=0xffffff5c fr.pc=0x000001fd87c93978 relative=0x0000000000000058
Event: 21.817 Thread 0x000001fdfa056800 Uncommon trap: reason=speculate_null_assert action=make_not_entrant pc=0x000001fd87c93978 method=sun.misc.Unsafe.getLong(Ljava/lang/Object;J)J @ 5 c2
Event: 21.817 Thread 0x000001fdfa056800 DEOPT PACKING pc=0x000001fd87c93978 sp=0x0000005d6c7fb370
Event: 21.817 Thread 0x000001fdfa056800 DEOPT UNPACKING pc=0x000001fd80028eaf sp=0x0000005d6c7fb2f8 mode 2

Classes redefined (0 events):
No events

Internal exceptions (20 events):
Event: 6.969 Thread 0x000001fdfa056800 Exception <a 'java/lang/NoSuchMethodError'{0x0000000089131db0}: 'void java.lang.invoke.DirectMethodHandle$Holder.invokeSpecial(java.lang.Object, java.lang.Object, double)'> (0x0000000089131db0) thrown at [c:/BuildAgent/work/5ff2f6c26000d570/src/hotspot/sh
Event: 6.970 Thread 0x000001fdfa056800 Exception <a 'java/lang/NoSuchMethodError'{0x0000000089137ba8}: 'java.lang.Object java.lang.invoke.DirectMethodHandle$Holder.invokeStatic(java.lang.Object, java.lang.Object, double)'> (0x0000000089137ba8) thrown at [c:/BuildAgent/work/5ff2f6c26000d570/src
Event: 17.617 Thread 0x000001fdfa056800 Exception <a 'sun/nio/fs/WindowsException'{0x000000008cb000d8}> (0x000000008cb000d8) thrown at [c:/BuildAgent/work/5ff2f6c26000d570/src/hotspot/share/prims/jni.cpp, line 615]
Event: 17.620 Thread 0x000001fdfa056800 Exception <a 'sun/nio/fs/WindowsException'{0x000000008cb083c8}> (0x000000008cb083c8) thrown at [c:/BuildAgent/work/5ff2f6c26000d570/src/hotspot/share/prims/jni.cpp, line 615]
Event: 17.687 Thread 0x000001fdfa056800 Implicit null exception at 0x000001fd87b273cf to 0x000001fd87b2783a
Event: 17.693 Thread 0x000001fdfa056800 Exception <a 'java/lang/NoSuchMethodError'{0x000000008c941c68}: 'void java.lang.invoke.DirectMethodHandle$Holder.invokeStatic(java.lang.Object, java.lang.Object, int, java.lang.Object)'> (0x000000008c941c68) thrown at [c:/BuildAgent/work/5ff2f6c26000d570/
Event: 17.694 Thread 0x000001fdfa056800 Exception <a 'java/lang/NoSuchMethodError'{0x000000008c9484e8}: 'void java.lang.invoke.DelegatingMethodHandle$Holder.delegate(java.lang.Object, java.lang.Object, int, java.lang.Object)'> (0x000000008c9484e8) thrown at [c:/BuildAgent/work/5ff2f6c26000d570/
Event: 17.696 Thread 0x000001fdfa056800 Exception <a 'java/lang/NoSuchMethodError'{0x000000008c94fca8}: 'java.lang.Object java.lang.invoke.DirectMethodHandle$Holder.invokeStaticInit(java.lang.Object, java.lang.Object, java.lang.Object)'> (0x000000008c94fca8) thrown at [c:/BuildAgent/work/5ff2f6
Event: 17.743 Thread 0x000001fdfa056800 Exception <a 'sun/nio/fs/WindowsException'{0x000000008c9a9e18}> (0x000000008c9a9e18) thrown at [c:/BuildAgent/work/5ff2f6c26000d570/src/hotspot/share/prims/jni.cpp, line 615]
Event: 17.744 Thread 0x000001fdfa056800 Exception <a 'sun/nio/fs/WindowsException'{0x000000008c9aa370}> (0x000000008c9aa370) thrown at [c:/BuildAgent/work/5ff2f6c26000d570/src/hotspot/share/prims/jni.cpp, line 615]
Event: 17.763 Thread 0x000001fdfa056800 Exception <a 'sun/nio/fs/WindowsException'{0x000000008c810f50}> (0x000000008c810f50) thrown at [c:/BuildAgent/work/5ff2f6c26000d570/src/hotspot/share/prims/jni.cpp, line 615]
Event: 17.764 Thread 0x000001fdfa056800 Exception <a 'sun/nio/fs/WindowsException'{0x000000008c8112c0}> (0x000000008c8112c0) thrown at [c:/BuildAgent/work/5ff2f6c26000d570/src/hotspot/share/prims/jni.cpp, line 615]
Event: 17.931 Thread 0x000001fdfa056800 Exception <a 'sun/nio/fs/WindowsException'{0x000000008c7c63d0}> (0x000000008c7c63d0) thrown at [c:/BuildAgent/work/5ff2f6c26000d570/src/hotspot/share/prims/jni.cpp, line 615]
Event: 17.931 Thread 0x000001fdfa056800 Exception <a 'sun/nio/fs/WindowsException'{0x000000008c7c6770}> (0x000000008c7c6770) thrown at [c:/BuildAgent/work/5ff2f6c26000d570/src/hotspot/share/prims/jni.cpp, line 615]
Event: 17.963 Thread 0x000001fdfa056800 Exception <a 'sun/nio/fs/WindowsException'{0x000000008c51d9c8}> (0x000000008c51d9c8) thrown at [c:/BuildAgent/work/5ff2f6c26000d570/src/hotspot/share/prims/jni.cpp, line 615]
Event: 17.963 Thread 0x000001fdfa056800 Exception <a 'sun/nio/fs/WindowsException'{0x000000008c51dd78}> (0x000000008c51dd78) thrown at [c:/BuildAgent/work/5ff2f6c26000d570/src/hotspot/share/prims/jni.cpp, line 615]
Event: 17.971 Thread 0x000001fdfa056800 Exception <a 'sun/nio/fs/WindowsException'{0x000000008c5da300}> (0x000000008c5da300) thrown at [c:/BuildAgent/work/5ff2f6c26000d570/src/hotspot/share/prims/jni.cpp, line 615]
Event: 17.971 Thread 0x000001fdfa056800 Exception <a 'sun/nio/fs/WindowsException'{0x000000008c5da5e8}> (0x000000008c5da5e8) thrown at [c:/BuildAgent/work/5ff2f6c26000d570/src/hotspot/share/prims/jni.cpp, line 615]
Event: 18.986 Thread 0x000001fdfa056800 Exception <a 'sun/nio/fs/WindowsException'{0x000000008c459328}> (0x000000008c459328) thrown at [c:/BuildAgent/work/5ff2f6c26000d570/src/hotspot/share/prims/jni.cpp, line 615]
Event: 18.987 Thread 0x000001fdfa056800 Exception <a 'sun/nio/fs/WindowsException'{0x000000008c4596b0}> (0x000000008c4596b0) thrown at [c:/BuildAgent/work/5ff2f6c26000d570/src/hotspot/share/prims/jni.cpp, line 615]

Events (20 events):
Event: 22.128 Thread 0x000001fdfd8c3800 Thread added: 0x000001fdfd8c3800
Event: 22.128 Thread 0x000001fdfd8c3800 Thread exited: 0x000001fdfd8c3800
Event: 22.128 Thread 0x000001fdfd8c3800 Thread added: 0x000001fdfd8c3800
Event: 22.128 Thread 0x000001fdfd8c3800 Thread exited: 0x000001fdfd8c3800
Event: 22.128 Thread 0x000001fdfd8c3800 Thread added: 0x000001fdfd8c3800
Event: 22.128 Thread 0x000001fdfd8c3800 Thread exited: 0x000001fdfd8c3800
Event: 22.128 Thread 0x000001fdfd8c6800 Thread added: 0x000001fdfd8c6800
Event: 22.128 Thread 0x000001fdfd8c6800 Thread exited: 0x000001fdfd8c6800
Event: 22.129 Thread 0x000001fdfd8c3800 Thread added: 0x000001fdfd8c3800
Event: 22.129 Thread 0x000001fdfd8c3800 Thread exited: 0x000001fdfd8c3800
Event: 22.129 Thread 0x000001fdfd8c5000 Thread added: 0x000001fdfd8c5000
Event: 22.129 Thread 0x000001fdfd8c5000 Thread exited: 0x000001fdfd8c5000
Event: 22.129 Thread 0x000001fdfd8c6800 Thread added: 0x000001fdfd8c6800
Event: 22.129 Thread 0x000001fdfd8c6800 Thread exited: 0x000001fdfd8c6800
Event: 22.129 Thread 0x000001fdfd8c3800 Thread added: 0x000001fdfd8c3800
Event: 22.129 Thread 0x000001fdfd8c3800 Thread exited: 0x000001fdfd8c3800
Event: 22.129 Thread 0x000001fdfd8c3800 Thread added: 0x000001fdfd8c3800
Event: 22.129 Thread 0x000001fdfd8c3800 Thread exited: 0x000001fdfd8c3800
Event: 22.129 Thread 0x000001fdfd8c6800 Thread added: 0x000001fdfd8c6800
Event: 22.129 Thread 0x000001fdfd8c6800 Thread exited: 0x000001fdfd8c6800


Dynamic libraries:
0x00007ff6fc1f0000 - 0x00007ff6fc1fa000 	C:\Program Files\JetBrains\IntelliJ IDEA Community Edition 2019.3.3\jbr\bin\java.exe
0x00007ff8b88c0000 - 0x00007ff8b8ab0000 	C:\Windows\SYSTEM32\ntdll.dll
0x00007ff8b7380000 - 0x00007ff8b7432000 	C:\Windows\System32\KERNEL32.DLL
0x00007ff8b6570000 - 0x00007ff8b6813000 	C:\Windows\System32\KERNELBASE.dll
0x00007ff8b58b0000 - 0x00007ff8b59aa000 	C:\Windows\System32\ucrtbase.dll
0x00007ff897250000 - 0x00007ff897269000 	C:\Program Files\JetBrains\IntelliJ IDEA Community Edition 2019.3.3\jbr\bin\jli.dll
0x00007ff8b6ba0000 - 0x00007ff8b6d34000 	C:\Windows\System32\USER32.dll
0x00007ff8b5cc0000 - 0x00007ff8b5ce1000 	C:\Windows\System32\win32u.dll
0x00007ff8b6b70000 - 0x00007ff8b6b96000 	C:\Windows\System32\GDI32.dll
0x00007ff8b5a00000 - 0x00007ff8b5b94000 	C:\Windows\System32\gdi32full.dll
0x00007ff8b5ba0000 - 0x00007ff8b5c3e000 	C:\Windows\System32\msvcp_win.dll
0x00007ff897ce0000 - 0x00007ff897cf7000 	C:\Program Files\JetBrains\IntelliJ IDEA Community Edition 2019.3.3\jbr\bin\VCRUNTIME140.dll
0x00007ff8a63a0000 - 0x00007ff8a6625000 	C:\Windows\WinSxS\amd64_microsoft.windows.common-controls_6595b64144ccf1df_6.0.18362.778_none_e6c6b761130d4fb8\COMCTL32.dll
0x00007ff8b6a50000 - 0x00007ff8b6aee000 	C:\Windows\System32\msvcrt.dll
0x00007ff8b7af0000 - 0x00007ff8b7e26000 	C:\Windows\System32\combase.dll
0x00007ff8b85e0000 - 0x00007ff8b8700000 	C:\Windows\System32\RPCRT4.dll
0x00007ff8b5c40000 - 0x00007ff8b5cc0000 	C:\Windows\System32\bcryptPrimitives.dll
0x00007ff8b8850000 - 0x00007ff8b887e000 	C:\Windows\System32\IMM32.DLL
0x00007ff87ce70000 - 0x00007ff87cf0d000 	C:\Program Files\JetBrains\IntelliJ IDEA Community Edition 2019.3.3\jbr\bin\msvcp140.dll
0x00007ff8741c0000 - 0x00007ff874c7d000 	C:\Program Files\JetBrains\IntelliJ IDEA Community Edition 2019.3.3\jbr\bin\server\jvm.dll
0x00007ff8b7740000 - 0x00007ff8b77e3000 	C:\Windows\System32\ADVAPI32.dll
0x00007ff8b6d40000 - 0x00007ff8b6dd7000 	C:\Windows\System32\sechost.dll
0x00007ff8b6a40000 - 0x00007ff8b6a48000 	C:\Windows\System32\PSAPI.DLL
0x00007ff8a4ee0000 - 0x00007ff8a4ee9000 	C:\Windows\SYSTEM32\WSOCK32.dll
0x00007ff8b7510000 - 0x00007ff8b757f000 	C:\Windows\System32\WS2_32.dll
0x00007ff8b3310000 - 0x00007ff8b3334000 	C:\Windows\SYSTEM32\WINMM.dll
0x00007ff8ae040000 - 0x00007ff8ae04a000 	C:\Windows\SYSTEM32\VERSION.dll
0x00007ff8b32e0000 - 0x00007ff8b330d000 	C:\Windows\SYSTEM32\WINMMBASE.dll
0x00007ff8b6520000 - 0x00007ff8b656a000 	C:\Windows\System32\cfgmgr32.dll
0x00007ff8b5830000 - 0x00007ff8b5841000 	C:\Windows\System32\kernel.appcore.dll
0x00007ff8aa740000 - 0x00007ff8aa751000 	C:\Program Files\JetBrains\IntelliJ IDEA Community Edition 2019.3.3\jbr\bin\verify.dll
0x00007ff8b3f50000 - 0x00007ff8b4144000 	C:\Windows\SYSTEM32\DBGHELP.DLL
0x00007ff89ee20000 - 0x00007ff89ee4a000 	C:\Windows\SYSTEM32\dbgcore.DLL
0x00007ff89ad00000 - 0x00007ff89ad29000 	C:\Program Files\JetBrains\IntelliJ IDEA Community Edition 2019.3.3\jbr\bin\java.dll
0x00007ff8b0df0000 - 0x00007ff8b0dff000 	C:\Program Files\JetBrains\IntelliJ IDEA Community Edition 2019.3.3\jbr\bin\instrument.dll
0x00007ff8a8100000 - 0x00007ff8a8118000 	C:\Program Files\JetBrains\IntelliJ IDEA Community Edition 2019.3.3\jbr\bin\zip.dll
0x00007ff8ae810000 - 0x00007ff8ae81b000 	C:\Program Files\JetBrains\IntelliJ IDEA Community Edition 2019.3.3\jbr\bin\jimage.dll
0x00007ff8b7ef0000 - 0x00007ff8b85d5000 	C:\Windows\System32\SHELL32.dll
0x00007ff8b7e30000 - 0x00007ff8b7ed9000 	C:\Windows\System32\shcore.dll
0x00007ff8b5da0000 - 0x00007ff8b6520000 	C:\Windows\System32\windows.storage.dll
0x00007ff8b5790000 - 0x00007ff8b57b3000 	C:\Windows\System32\profapi.dll
0x00007ff8b57e0000 - 0x00007ff8b582a000 	C:\Windows\System32\powrprof.dll
0x00007ff8b5780000 - 0x00007ff8b5790000 	C:\Windows\System32\UMPDC.dll
0x00007ff8b76e0000 - 0x00007ff8b7732000 	C:\Windows\System32\shlwapi.dll
0x00007ff8b59e0000 - 0x00007ff8b59f7000 	C:\Windows\System32\cryptsp.dll
0x00007ff89a7f0000 - 0x00007ff89a80a000 	C:\Program Files\JetBrains\IntelliJ IDEA Community Edition 2019.3.3\jbr\bin\net.dll
0x00007ff8aa310000 - 0x00007ff8aa400000 	C:\Windows\SYSTEM32\WINHTTP.dll
0x00007ff8b4f90000 - 0x00007ff8b4ff7000 	C:\Windows\system32\mswsock.dll
0x00007ff8993c0000 - 0x00007ff8993d4000 	C:\Program Files\JetBrains\IntelliJ IDEA Community Edition 2019.3.3\jbr\bin\nio.dll
0x00007ff8aa6e0000 - 0x00007ff8aa6fa000 	C:\Program Files\JetBrains\IntelliJ IDEA Community Edition 2019.3.3\bin\breakgen64.dll
0x000001fdeb6d0000 - 0x000001fdeb6d3000 	C:\Program Files\JetBrains\IntelliJ IDEA Community Edition 2019.3.3\jbr\bin\api-ms-win-core-console-l1-1-0.dll
0x000001fdeb6e0000 - 0x000001fdeb6e3000 	C:\Program Files\JetBrains\IntelliJ IDEA Community Edition 2019.3.3\jbr\bin\api-ms-win-core-datetime-l1-1-0.dll
0x000001fdeb6f0000 - 0x000001fdeb6f3000 	C:\Program Files\JetBrains\IntelliJ IDEA Community Edition 2019.3.3\jbr\bin\api-ms-win-core-debug-l1-1-0.dll
0x000001fded450000 - 0x000001fded453000 	C:\Program Files\JetBrains\IntelliJ IDEA Community Edition 2019.3.3\jbr\bin\api-ms-win-core-errorhandling-l1-1-0.dll
0x000001fded460000 - 0x000001fded464000 	C:\Program Files\JetBrains\IntelliJ IDEA Community Edition 2019.3.3\jbr\bin\api-ms-win-core-file-l1-1-0.dll
0x000001fded470000 - 0x000001fded473000 	C:\Program Files\JetBrains\IntelliJ IDEA Community Edition 2019.3.3\jbr\bin\api-ms-win-core-file-l1-2-0.dll
0x000001fded480000 - 0x000001fded483000 	C:\Program Files\JetBrains\IntelliJ IDEA Community Edition 2019.3.3\jbr\bin\api-ms-win-core-file-l2-1-0.dll
0x000001fded490000 - 0x000001fded493000 	C:\Program Files\JetBrains\IntelliJ IDEA Community Edition 2019.3.3\jbr\bin\api-ms-win-core-handle-l1-1-0.dll
0x000001fded4a0000 - 0x000001fded4a3000 	C:\Program Files\JetBrains\IntelliJ IDEA Community Edition 2019.3.3\jbr\bin\api-ms-win-core-heap-l1-1-0.dll
0x000001fded4b0000 - 0x000001fded4b3000 	C:\Program Files\JetBrains\IntelliJ IDEA Community Edition 2019.3.3\jbr\bin\api-ms-win-core-interlocked-l1-1-0.dll
0x000001fded4c0000 - 0x000001fded4c3000 	C:\Program Files\JetBrains\IntelliJ IDEA Community Edition 2019.3.3\jbr\bin\api-ms-win-core-libraryloader-l1-1-0.dll
0x000001fded4d0000 - 0x000001fded4d3000 	C:\Program Files\JetBrains\IntelliJ IDEA Community Edition 2019.3.3\jbr\bin\api-ms-win-core-localization-l1-2-0.dll
0x000001fded4e0000 - 0x000001fded4e3000 	C:\Program Files\JetBrains\IntelliJ IDEA Community Edition 2019.3.3\jbr\bin\api-ms-win-core-memory-l1-1-0.dll
0x000001fded4f0000 - 0x000001fded4f3000 	C:\Program Files\JetBrains\IntelliJ IDEA Community Edition 2019.3.3\jbr\bin\api-ms-win-core-namedpipe-l1-1-0.dll
0x000001fded500000 - 0x000001fded503000 	C:\Program Files\JetBrains\IntelliJ IDEA Community Edition 2019.3.3\jbr\bin\api-ms-win-core-processenvironment-l1-1-0.dll
0x000001fded510000 - 0x000001fded513000 	C:\Program Files\JetBrains\IntelliJ IDEA Community Edition 2019.3.3\jbr\bin\api-ms-win-core-processthreads-l1-1-0.dll
0x000001fdfad50000 - 0x000001fdfad53000 	C:\Program Files\JetBrains\IntelliJ IDEA Community Edition 2019.3.3\jbr\bin\api-ms-win-core-processthreads-l1-1-1.dll
0x000001fdfad60000 - 0x000001fdfad63000 	C:\Program Files\JetBrains\IntelliJ IDEA Community Edition 2019.3.3\jbr\bin\api-ms-win-core-profile-l1-1-0.dll
0x000001fdfad70000 - 0x000001fdfad73000 	C:\Program Files\JetBrains\IntelliJ IDEA Community Edition 2019.3.3\jbr\bin\api-ms-win-core-rtlsupport-l1-1-0.dll
0x000001fdfad80000 - 0x000001fdfad83000 	C:\Program Files\JetBrains\IntelliJ IDEA Community Edition 2019.3.3\jbr\bin\api-ms-win-core-string-l1-1-0.dll
0x000001fdfad90000 - 0x000001fdfad93000 	C:\Program Files\JetBrains\IntelliJ IDEA Community Edition 2019.3.3\jbr\bin\api-ms-win-core-synch-l1-1-0.dll
0x000001fdfada0000 - 0x000001fdfada3000 	C:\Program Files\JetBrains\IntelliJ IDEA Community Edition 2019.3.3\jbr\bin\api-ms-win-core-synch-l1-2-0.dll
0x000001fdfadb0000 - 0x000001fdfadb3000 	C:\Program Files\JetBrains\IntelliJ IDEA Community Edition 2019.3.3\jbr\bin\api-ms-win-core-sysinfo-l1-1-0.dll
0x000001fdfadc0000 - 0x000001fdfadc3000 	C:\Program Files\JetBrains\IntelliJ IDEA Community Edition 2019.3.3\jbr\bin\api-ms-win-core-timezone-l1-1-0.dll
0x000001fdfadd0000 - 0x000001fdfadd3000 	C:\Program Files\JetBrains\IntelliJ IDEA Community Edition 2019.3.3\jbr\bin\api-ms-win-core-util-l1-1-0.dll
0x000001fdfade0000 - 0x000001fdfade3000 	C:\Program Files\JetBrains\IntelliJ IDEA Community Edition 2019.3.3\jbr\bin\api-ms-win-crt-conio-l1-1-0.dll
0x000001fdfadf0000 - 0x000001fdfadf4000 	C:\Program Files\JetBrains\IntelliJ IDEA Community Edition 2019.3.3\jbr\bin\api-ms-win-crt-convert-l1-1-0.dll
0x000001fdfae00000 - 0x000001fdfae03000 	C:\Program Files\JetBrains\IntelliJ IDEA Community Edition 2019.3.3\jbr\bin\api-ms-win-crt-environment-l1-1-0.dll
0x000001fdfae10000 - 0x000001fdfae13000 	C:\Program Files\JetBrains\IntelliJ IDEA Community Edition 2019.3.3\jbr\bin\api-ms-win-crt-filesystem-l1-1-0.dll
0x000001fdfae20000 - 0x000001fdfae23000 	C:\Program Files\JetBrains\IntelliJ IDEA Community Edition 2019.3.3\jbr\bin\api-ms-win-crt-heap-l1-1-0.dll
0x000001fdfae30000 - 0x000001fdfae33000 	C:\Program Files\JetBrains\IntelliJ IDEA Community Edition 2019.3.3\jbr\bin\api-ms-win-crt-locale-l1-1-0.dll
0x000001fdfae40000 - 0x000001fdfae45000 	C:\Program Files\JetBrains\IntelliJ IDEA Community Edition 2019.3.3\jbr\bin\api-ms-win-crt-math-l1-1-0.dll
0x000001fdfae50000 - 0x000001fdfae55000 	C:\Program Files\JetBrains\IntelliJ IDEA Community Edition 2019.3.3\jbr\bin\api-ms-win-crt-multibyte-l1-1-0.dll
0x000001fdfae60000 - 0x000001fdfae70000 	C:\Program Files\JetBrains\IntelliJ IDEA Community Edition 2019.3.3\jbr\bin\api-ms-win-crt-private-l1-1-0.dll
0x000001fdfae70000 - 0x000001fdfae73000 	C:\Program Files\JetBrains\IntelliJ IDEA Community Edition 2019.3.3\jbr\bin\api-ms-win-crt-process-l1-1-0.dll
0x000001fdfae80000 - 0x000001fdfae84000 	C:\Program Files\JetBrains\IntelliJ IDEA Community Edition 2019.3.3\jbr\bin\api-ms-win-crt-runtime-l1-1-0.dll
0x000001fdfae90000 - 0x000001fdfae94000 	C:\Program Files\JetBrains\IntelliJ IDEA Community Edition 2019.3.3\jbr\bin\api-ms-win-crt-stdio-l1-1-0.dll
0x000001fdfaea0000 - 0x000001fdfaea4000 	C:\Program Files\JetBrains\IntelliJ IDEA Community Edition 2019.3.3\jbr\bin\api-ms-win-crt-string-l1-1-0.dll
0x000001fdfaeb0000 - 0x000001fdfaeb3000 	C:\Program Files\JetBrains\IntelliJ IDEA Community Edition 2019.3.3\jbr\bin\api-ms-win-crt-time-l1-1-0.dll
0x000001fdfaec0000 - 0x000001fdfaec3000 	C:\Program Files\JetBrains\IntelliJ IDEA Community Edition 2019.3.3\jbr\bin\api-ms-win-crt-utility-l1-1-0.dll
0x00007ff891330000 - 0x00007ff89142a000 	C:\Program Files\JetBrains\IntelliJ IDEA Community Edition 2019.3.3\jbr\bin\ucrtbase.dll
0x00007ff89b3b0000 - 0x00007ff89b401000 	C:\Windows\System32\concrt140.dll
0x00007ff8aa0a0000 - 0x00007ff8aa0c3000 	C:\Program Files\JetBrains\IntelliJ IDEA Community Edition 2019.3.3\jbr\bin\prism_d3d.dll
0x00007ff8a7aa0000 - 0x00007ff8a7c67000 	C:\Windows\system32\d3d9.dll
0x00007ff8b3a80000 - 0x00007ff8b3aad000 	C:\Windows\SYSTEM32\dwmapi.dll
0x00007ff8b43f0000 - 0x00007ff8b4410000 	C:\Windows\SYSTEM32\dxcore.dll
0x00007ff8b3730000 - 0x00007ff8b37c9000 	C:\Windows\system32\uxtheme.dll
0x00007ff86caa0000 - 0x00007ff86d50d000 	C:\Windows\SYSTEM32\igdumdim64.dll
0x00007ff8ac1d0000 - 0x00007ff8ac635000 	C:\Windows\SYSTEM32\igdusc64.dll
0x00007ff89acb0000 - 0x00007ff89acf5000 	C:\Program Files\JetBrains\IntelliJ IDEA Community Edition 2019.3.3\jbr\bin\glass.dll
0x00007ff8b7440000 - 0x00007ff8b7510000 	C:\Windows\System32\COMDLG32.dll
0x00007ff8b7580000 - 0x00007ff8b76d7000 	C:\Windows\System32\ole32.dll
0x00007ff8b7a20000 - 0x00007ff8b7ae4000 	C:\Windows\System32\OLEAUT32.dll
0x00007ff8b8700000 - 0x00007ff8b8836000 	C:\Windows\System32\MSCTF.dll
0x00007ff87cfa0000 - 0x00007ff87d141000 	C:\Program Files\JetBrains\IntelliJ IDEA Community Edition 2019.3.3\jbr\bin\awt.dll
0x00007ff8b3140000 - 0x00007ff8b31cf000 	C:\Windows\SYSTEM32\apphelp.dll
0x00007ff8a5ee0000 - 0x00007ff8a6036000 	C:\Windows\system32\opengl32.dll
0x00007ff8aa270000 - 0x00007ff8aa29c000 	C:\Windows\SYSTEM32\GLU32.dll
0x00007ff8a5ca0000 - 0x00007ff8a5cb4000 	C:\Program Files\JetBrains\IntelliJ IDEA Community Edition 2019.3.3\jbr\bin\javafx_font.dll
0x00007ff87cf10000 - 0x00007ff87cf95000 	C:\Program Files\JetBrains\IntelliJ IDEA Community Edition 2019.3.3\jbr\bin\freetype.dll
0x00007ff87c390000 - 0x00007ff87c438000 	C:\Program Files\JetBrains\IntelliJ IDEA Community Edition 2019.3.3\jbr\bin\fontmanager.dll
0x00007ff8ad7e0000 - 0x00007ff8adade000 	C:\Windows\SYSTEM32\dwrite.dll
0x00007ff88aef0000 - 0x00007ff88af80000 	C:\Program Files\JetBrains\IntelliJ IDEA Community Edition 2019.3.3\jbr\bin\glib-lite.dll
0x00007ff88a740000 - 0x00007ff88a7f7000 	C:\Program Files\JetBrains\IntelliJ IDEA Community Edition 2019.3.3\jbr\bin\gstreamer-lite.dll
0x00007ff88ab70000 - 0x00007ff88ac09000 	C:\Windows\SYSTEM32\DSOUND.dll
0x00007ff899860000 - 0x00007ff899886000 	C:\Program Files\JetBrains\IntelliJ IDEA Community Edition 2019.3.3\jbr\bin\jfxmedia.dll
0x00007ff8b7270000 - 0x00007ff8b7312000 	C:\Windows\System32\clbcatq.dll
0x00007ff8b3440000 - 0x00007ff8b352f000 	C:\Windows\system32\propsys.dll
0x00007ff898770000 - 0x00007ff898792000 	C:\Program Files\JetBrains\IntelliJ IDEA Community Edition 2019.3.3\jbr\bin\fxplugins.dll
0x00007ff8ae150000 - 0x00007ff8ae1c2000 	C:\Windows\System32\MMDevApi.dll
0x00007ff8b5520000 - 0x00007ff8b554a000 	C:\Windows\System32\DEVOBJ.dll
0x00007ff8ae1d0000 - 0x00007ff8ae32d000 	C:\Windows\SYSTEM32\AUDIOSES.DLL
0x00007ff8b0e20000 - 0x00007ff8b0f73000 	C:\Windows\SYSTEM32\wintypes.dll
0x00007ff8b3ab0000 - 0x00007ff8b3ac4000 	C:\Windows\SYSTEM32\resourcepolicyclient.dll
0x00007ff8b5160000 - 0x00007ff8b516c000 	C:\Windows\SYSTEM32\CRYPTBASE.DLL
0x00007ff898740000 - 0x00007ff89876a000 	C:\Windows\System32\qasf.dll
0x00007ff882e80000 - 0x00007ff8830d2000 	C:\Windows\System32\WMVCore.DLL
0x00007ff8ae780000 - 0x00007ff8ae78b000 	C:\Windows\System32\msdmo.dll

dbghelp: loaded successfully - version: 4.0.5 - missing functions: none
symbol engine: initialized successfully - sym options: 0x614 - pdb path: .;C:\Program Files\JetBrains\IntelliJ IDEA Community Edition 2019.3.3\jbr\bin;C:\Windows\SYSTEM32;C:\Windows\WinSxS\amd64_microsoft.windows.common-controls_6595b64144ccf1df_6.0.18362.778_none_e6c6b761130d4fb8;C:\Program Files\JetBrains\IntelliJ IDEA Community Edition 2019.3.3\jbr\bin\server;C:\Program Files\JetBrains\IntelliJ IDEA Community Edition 2019.3.3\bin;C:\Program Files\Common Files\Microsoft Shared\Ink;C:\Users\vecto\AppData\Local\Temp\lwjglvecto\3.2.3-build-13

VM Arguments:
jvm_args: -javaagent:C:\Program Files\JetBrains\IntelliJ IDEA Community Edition 2019.3.3\lib\idea_rt.jar=61483:C:\Program Files\JetBrains\IntelliJ IDEA Community Edition 2019.3.3\bin -Dfile.encoding=UTF-8 
java_command: com.falconfly.menu.MainMenu
java_class_path (initial): D:\BSUIR\4cem\MyGame\falcon-fly\out\production\falcon-fly;D:\BSUIR\4cem\MyGame\lwjgl-3.2.3\lwjgl\lwjgl.jar;D:\BSUIR\4cem\MyGame\lwjgl-3.2.3\lwjgl\lwjgl-javadoc.jar;D:\BSUIR\4cem\MyGame\lwjgl-3.2.3\lwjgl\lwjgl-sources.jar;D:\BSUIR\4cem\MyGame\lwjgl-3.2.3\lwjgl\lwjgl-natives-linux.jar;D:\BSUIR\4cem\MyGame\lwjgl-3.2.3\lwjgl\lwjgl-natives-macos.jar;D:\BSUIR\4cem\MyGame\lwjgl-3.2.3\lwjgl\lwjgl-natives-windows.jar;D:\BSUIR\4cem\MyGame\lwjgl-3.2.3\lwjgl\lwjgl-natives-linux-arm32.jar;D:\BSUIR\4cem\MyGame\lwjgl-3.2.3\lwjgl\lwjgl-natives-linux-arm64.jar;D:\BSUIR\4cem\MyGame\lwjgl-3.2.3\lwjgl\lwjgl-natives-windows-x86.jar;D:\BSUIR\4cem\MyGame\lwjgl-3.2.3\lwjgl-assimp\lwjgl-assimp.jar;D:\BSUIR\4cem\MyGame\lwjgl-3.2.3\lwjgl-assimp\lwjgl-assimp-javadoc.jar;D:\BSUIR\4cem\MyGame\lwjgl-3.2.3\lwjgl-assimp\lwjgl-assimp-sources.jar;D:\BSUIR\4cem\MyGame\lwjgl-3.2.3\lwjgl-assimp\lwjgl-assimp-natives-linux.jar;D:\BSUIR\4cem\MyGame\lwjgl-3.2.3\lwjgl-assimp\lwjgl-assimp-natives-macos.jar;D:\BSUIR\4cem\MyGame\lwjgl-3.2.3\lwjgl-assimp\lwjgl-assimp-natives-windows.jar;D:\BSUIR\4cem\MyGame\lwjgl-3.2.3\lwjgl-assimp\lwjgl-assimp-natives-linux-arm32.jar;D:\BSUIR\4cem\MyGame\lwjgl-3.2.3\lwjgl-assimp\lwjgl-assimp-natives-linux-arm64.jar;D:\BSUIR\4cem\MyGame\lwjgl-3.2.3\lwjgl-assimp\lwjgl-assimp-natives-windows-x86.jar;D:\BSUIR\4cem\MyGame\lwjgl-3.2.3\lwjgl-bgfx\lwjgl-bgfx.jar;D:\BSUIR\4cem\MyGame\lwjgl-3.2.3\lwjgl-bgfx\lwjgl-bgfx-javadoc.jar;D:\BSUIR\4cem\MyGame\lwjgl-3.2.3\lwjgl-bgfx\lwjgl-bgfx-sources.jar;D:\BSUIR\4cem\MyGame\lwjgl-3.2.3\lwjgl-bgfx\lwjgl-bgfx-natives-linux.jar;D:\BSUIR\4cem\MyGame\lwjgl-3.2.3\lwjgl-bgfx\lwjgl-bgfx-natives-macos.jar;D:\BSUIR\4cem\MyGame\lwjgl-3.2.3\lwjgl-bgfx\lwjgl-bgfx-natives-windows.jar;D:\BSUIR\4cem\MyGame\lwjgl-3.2.3\lwjgl-bgfx\lwjgl-bgfx-natives-linux-arm32.jar;D:\BSUIR\4cem\MyGame\lwjgl-3.2.3\lwjgl-bgfx\lwjgl-bgfx-natives-linux-arm64.jar;D:\BSUIR\4cem\MyGame\lwjgl-3.2.3\lwjgl-bgfx\lwjgl-bgfx-natives-windows-x86.jar;D:\BSUIR\4cem\
Launcher Type: SUN_STANDARD

[Global flags]
     intx CICompilerCount                          = 3                                         {product} {ergonomic}
     uint ConcGCThreads                            = 1                                         {product} {ergonomic}
     uint G1ConcRefinementThreads                  = 4                                         {product} {ergonomic}
   size_t G1HeapRegionSize                         = 1048576                                   {product} {ergonomic}
    uintx GCDrainStackTargetSize                   = 64                                        {product} {ergonomic}
   size_t InitialHeapSize                          = 134217728                                 {product} {ergonomic}
   size_t MarkStackSize                            = 4194304                                   {product} {ergonomic}
   size_t MaxHeapSize                              = 2118123520                                {product} {ergonomic}
   size_t MaxNewSize                               = 1270874112                                {product} {ergonomic}
   size_t MinHeapDeltaBytes                        = 1048576                                   {product} {ergonomic}
    uintx NonNMethodCodeHeapSize                   = 5830732                                {pd product} {ergonomic}
    uintx NonProfiledCodeHeapSize                  = 122913754                              {pd product} {ergonomic}
    uintx ProfiledCodeHeapSize                     = 122913754                              {pd product} {ergonomic}
    uintx ReservedCodeCacheSize                    = 251658240                              {pd product} {ergonomic}
     bool SegmentedCodeCache                       = true                                      {product} {ergonomic}
     bool UseCompressedClassPointers               = true                                 {lp64_product} {ergonomic}
     bool UseCompressedOops                        = true                                 {lp64_product} {ergonomic}
     bool UseG1GC                                  = true                                      {product} {ergonomic}
     bool UseLargePagesIndividualAllocation        = false                                  {pd product} {ergonomic}

Logging:
Log output configuration:
 #0: stdout all=warning uptime,level,tags
 #1: stderr all=off uptime,level,tags

Environment Variables:
PATH=C:\Windows\system32;C:\Windows;C:\Windows\System32\Wbem;C:\Windows\System32\WindowsPowerShell\v1.0\;C:\Windows\System32\OpenSSH\;C:\Program Files (x86)\NVIDIA Corporation\PhysX\Common;C:\Program Files\NVIDIA Corporation\NVIDIA NvDLISR;C:\Program Files (x86)\Common Files\Acronis\SnapAPI\;C:\Program Files\dotnet\;C:\Program Files\Git\cmd;C:\Users\vecto\AppData\Local\Microsoft\WindowsApps;
USERNAME=vecto
OS=Windows_NT
PROCESSOR_IDENTIFIER=Intel64 Family 6 Model 58 Stepping 9, GenuineIntel



---------------  S Y S T E M  ---------------

OS: Windows 10 , 64 bit Build 18362 (10.0.18362.778)

CPU:total 4 (initial active 4) (2 cores per cpu, 2 threads per core) family 6 model 58 stepping 9, cmov, cx8, fxsr, mmx, sse, sse2, sse3, ssse3, sse4.1, sse4.2, popcnt, avx, aes, clmul, erms, ht, tsc, tscinvbit, tscinv

Memory: 4k page, system-wide physical 8077M (2732M free)
TotalPageFile size 15502M (AvailPageFile size 6643M)
current process WorkingSet (physical memory assigned to process): 409M, peak: 460M
current process commit charge ("private bytes"): 501M, peak: 576M

vm_info: OpenJDK 64-Bit Server VM (11.0.6+8-b520.43) for windows-amd64 JRE (11.0.6+8-b520.43), built on Feb  3 2020 14:18:56 by "" with MS VC++ 14.0 (VS2015)

END.
