#
# A fatal error has been detected by the Java Runtime Environment:
#
#  EXCEPTION_ACCESS_VIOLATION (0xc0000005) at pc=0x00007ff9fcdf6490, pid=7756, tid=4556
#
# JRE version: OpenJDK Runtime Environment (11.0.6+8) (build 11.0.6+8-b520.43)
# Java VM: OpenJDK 64-Bit Server VM (11.0.6+8-b520.43, mixed mode, tiered, compressed oops, g1 gc, windows-amd64)
# Problematic frame:
# C  0x00007ff9fcdf6490
#
# No core dump will be written. Minidumps are not enabled by default on client versions of Windows
#
# If you would like to submit a bug report, please visit:
#   http://bugreport.java.com/bugreport/crash.jsp
# The crash happened outside the Java Virtual Machine in native code.
# See problematic frame for where to report the bug.
#

---------------  S U M M A R Y ------------

Command Line: -javaagent:C:\Program Files\JetBrains\IntelliJ IDEA Community Edition 2019.3.3\lib\idea_rt.jar=65283:C:\Program Files\JetBrains\IntelliJ IDEA Community Edition 2019.3.3\bin -Dfile.encoding=UTF-8 com.falconfly.menu.MainMenu

Host: Intel(R) Core(TM) i5-3317U CPU @ 1.70GHz, 4 cores, 7G,  Windows 10 , 64 bit Build 18362 (10.0.18362.778)
Time: Wed Jun  3 22:52:22 2020 RTZ 2 (ceia) elapsed time: 45 seconds (0d 0h 0m 45s)

---------------  T H R E A D  ---------------

Current thread (0x00000290b7eea000):  JavaThread "JavaFX Application Thread" [_thread_in_native, id=4556, stack(0x000000fe7c800000,0x000000fe7c900000)]

Stack: [0x000000fe7c800000,0x000000fe7c900000],  sp=0x000000fe7c8fb060,  free space=1004k
Native frames: (J=compiled Java code, j=interpreted, Vv=VM code, C=native code)
C  0x00007ff9fcdf6490

Java frames: (J=compiled Java code, j=interpreted, Vv=VM code)
J 2994  org.lwjgl.system.JNI.invokePV(JJ)V (0 bytes) @ 0x00000290a77ae184 [0x00000290a77ae140+0x0000000000000044]
j  org.lwjgl.glfw.GLFW.glfwDestroyWindow(J)V+6
j  com.falconfly.engine.EngineWindow.destroy()V+4
j  com.falconfly.engine.Engine.cleanup()V+13
j  com.falconfly.engine.Engine.run()V+9
j  com.falconfly.engine.main.Main.main([Ljava/lang/String;)V+29
j  com.falconfly.menu.MainMenu.handle(Ljavafx/event/ActionEvent;)V+134
j  com.falconfly.menu.MainMenu$$Lambda$145.handle(Ljavafx/event/Event;)V+8
j  com.sun.javafx.event.CompositeEventHandler.dispatchBubblingEvent(Ljavafx/event/Event;)V+51 javafx.base@11.0.6
j  com.sun.javafx.event.EventHandlerManager.dispatchBubblingEvent(Ljavafx/event/EventType;Ljavafx/event/Event;)Ljavafx/event/Event;+29 javafx.base@11.0.6
j  com.sun.javafx.event.EventHandlerManager.dispatchBubblingEvent(Ljavafx/event/Event;)Ljavafx/event/Event;+8 javafx.base@11.0.6
j  com.sun.javafx.event.CompositeEventDispatcher.dispatchBubblingEvent(Ljavafx/event/Event;)Ljavafx/event/Event;+11 javafx.base@11.0.6
j  com.sun.javafx.event.BasicEventDispatcher.dispatchEvent(Ljavafx/event/Event;Ljavafx/event/EventDispatchChain;)Ljavafx/event/Event;+29 javafx.base@11.0.6
j  com.sun.javafx.event.EventDispatchChainImpl.dispatchEvent(Ljavafx/event/Event;)Ljavafx/event/Event;+69 javafx.base@11.0.6
j  com.sun.javafx.event.BasicEventDispatcher.dispatchEvent(Ljavafx/event/Event;Ljavafx/event/EventDispatchChain;)Ljavafx/event/Event;+17 javafx.base@11.0.6
j  com.sun.javafx.event.EventDispatchChainImpl.dispatchEvent(Ljavafx/event/Event;)Ljavafx/event/Event;+69 javafx.base@11.0.6
j  com.sun.javafx.event.BasicEventDispatcher.dispatchEvent(Ljavafx/event/Event;Ljavafx/event/EventDispatchChain;)Ljavafx/event/Event;+17 javafx.base@11.0.6
j  com.sun.javafx.event.EventDispatchChainImpl.dispatchEvent(Ljavafx/event/Event;)Ljavafx/event/Event;+69 javafx.base@11.0.6
j  com.sun.javafx.event.EventUtil.fireEventImpl(Ljavafx/event/EventDispatchChain;Ljavafx/event/EventTarget;Ljavafx/event/Event;)Ljavafx/event/Event;+10 javafx.base@11.0.6
j  com.sun.javafx.event.EventUtil.fireEvent(Ljavafx/event/EventTarget;Ljavafx/event/Event;)Ljavafx/event/Event;+37 javafx.base@11.0.6
j  javafx.event.Event.fireEvent(Ljavafx/event/EventTarget;Ljavafx/event/Event;)V+30 javafx.base@11.0.6
j  javafx.scene.Node.fireEvent(Ljavafx/event/Event;)V+86 javafx.graphics@11.0.6
j  javafx.scene.control.Button.fire()V+15 javafx.controls@11.0.6
j  com.sun.javafx.scene.control.behavior.ButtonBehavior.mouseReleased(Ljavafx/scene/input/MouseEvent;)V+27 javafx.controls@11.0.6
j  com.sun.javafx.scene.control.behavior.ButtonBehavior$$Lambda$225.handle(Ljavafx/event/Event;)V+8 javafx.controls@11.0.6
j  com.sun.javafx.scene.control.inputmap.InputMap.handle(Ljavafx/event/Event;)V+61 javafx.controls@11.0.6
j  com.sun.javafx.scene.control.inputmap.InputMap$$Lambda$220.handle(Ljavafx/event/Event;)V+5 javafx.controls@11.0.6
j  com.sun.javafx.event.CompositeEventHandler$NormalEventHandlerRecord.handleBubblingEvent(Ljavafx/event/Event;)V+5 javafx.base@11.0.6
j  com.sun.javafx.event.CompositeEventHandler.dispatchBubblingEvent(Ljavafx/event/Event;)V+28 javafx.base@11.0.6
j  com.sun.javafx.event.EventHandlerManager.dispatchBubblingEvent(Ljavafx/event/EventType;Ljavafx/event/Event;)Ljavafx/event/Event;+29 javafx.base@11.0.6
j  com.sun.javafx.event.EventHandlerManager.dispatchBubblingEvent(Ljavafx/event/Event;)Ljavafx/event/Event;+8 javafx.base@11.0.6
j  com.sun.javafx.event.CompositeEventDispatcher.dispatchBubblingEvent(Ljavafx/event/Event;)Ljavafx/event/Event;+11 javafx.base@11.0.6
j  com.sun.javafx.event.BasicEventDispatcher.dispatchEvent(Ljavafx/event/Event;Ljavafx/event/EventDispatchChain;)Ljavafx/event/Event;+29 javafx.base@11.0.6
j  com.sun.javafx.event.EventDispatchChainImpl.dispatchEvent(Ljavafx/event/Event;)Ljavafx/event/Event;+69 javafx.base@11.0.6
j  com.sun.javafx.event.BasicEventDispatcher.dispatchEvent(Ljavafx/event/Event;Ljavafx/event/EventDispatchChain;)Ljavafx/event/Event;+17 javafx.base@11.0.6
j  com.sun.javafx.event.EventDispatchChainImpl.dispatchEvent(Ljavafx/event/Event;)Ljavafx/event/Event;+69 javafx.base@11.0.6
j  com.sun.javafx.event.BasicEventDispatcher.dispatchEvent(Ljavafx/event/Event;Ljavafx/event/EventDispatchChain;)Ljavafx/event/Event;+17 javafx.base@11.0.6
j  com.sun.javafx.event.EventDispatchChainImpl.dispatchEvent(Ljavafx/event/Event;)Ljavafx/event/Event;+69 javafx.base@11.0.6
j  com.sun.javafx.event.EventUtil.fireEventImpl(Ljavafx/event/EventDispatchChain;Ljavafx/event/EventTarget;Ljavafx/event/Event;)Ljavafx/event/Event;+10 javafx.base@11.0.6
j  com.sun.javafx.event.EventUtil.fireEvent(Ljavafx/event/EventTarget;Ljavafx/event/Event;)Ljavafx/event/Event;+46 javafx.base@11.0.6
j  javafx.event.Event.fireEvent(Ljavafx/event/EventTarget;Ljavafx/event/Event;)V+30 javafx.base@11.0.6
j  javafx.scene.Scene$MouseHandler.process(Ljavafx/scene/input/MouseEvent;Z)V+491 javafx.graphics@11.0.6
j  javafx.scene.Scene$MouseHandler.access$1300(Ljavafx/scene/Scene$MouseHandler;Ljavafx/scene/input/MouseEvent;Z)V+3 javafx.graphics@11.0.6
j  javafx.scene.Scene.processMouseEvent(Ljavafx/scene/input/MouseEvent;)V+6 javafx.graphics@11.0.6
j  javafx.scene.Scene$ScenePeerListener.mouseEvent(Ljavafx/event/EventType;DDDDLjavafx/scene/input/MouseButton;ZZZZZZZZZ)V+46 javafx.graphics@11.0.6
j  com.sun.javafx.tk.quantum.GlassViewEventHandler$MouseEventNotification.run()Ljava/lang/Void;+582 javafx.graphics@11.0.6
j  com.sun.javafx.tk.quantum.GlassViewEventHandler$MouseEventNotification.run()Ljava/lang/Object;+1 javafx.graphics@11.0.6
v  ~StubRoutines::call_stub
J 2290  java.security.AccessController.doPrivileged(Ljava/security/PrivilegedAction;Ljava/security/AccessControlContext;)Ljava/lang/Object; java.base@11.0.6 (0 bytes) @ 0x00000290a7707026 [0x00000290a7706fc0+0x0000000000000066]
j  com.sun.javafx.tk.quantum.GlassViewEventHandler.lambda$handleMouseEvent$2()Ljava/lang/Void;+11 javafx.graphics@11.0.6
j  com.sun.javafx.tk.quantum.GlassViewEventHandler$$Lambda$262.get()Ljava/lang/Object;+4 javafx.graphics@11.0.6
j  com.sun.javafx.tk.quantum.QuantumToolkit.runWithoutRenderLock(Ljava/util/function/Supplier;)Ljava/lang/Object;+18 javafx.graphics@11.0.6
j  com.sun.javafx.tk.quantum.GlassViewEventHandler.handleMouseEvent(Lcom/sun/glass/ui/View;JIIIIIIIZZ)V+103 javafx.graphics@11.0.6
j  com.sun.glass.ui.View.handleMouseEvent(JIIIIIIIZZ)V+30 javafx.graphics@11.0.6
j  com.sun.glass.ui.View.notifyMouse(IIIIIIIZZ)V+181 javafx.graphics@11.0.6
v  ~StubRoutines::call_stub
j  com.sun.glass.ui.win.WinApplication._runLoop(Ljava/lang/Runnable;)V+0 javafx.graphics@11.0.6
j  com.sun.glass.ui.win.WinApplication.lambda$runLoop$3(ILjava/lang/Runnable;)V+8 javafx.graphics@11.0.6
j  com.sun.glass.ui.win.WinApplication$$Lambda$64.run()V+12 javafx.graphics@11.0.6
j  java.lang.Thread.run()V+11 java.base@11.0.6
v  ~StubRoutines::call_stub

siginfo: EXCEPTION_ACCESS_VIOLATION (0xc0000005), reading address 0x0000000000000000


Register to memory mapping:

RIP=0x00007ff9fcdf6490 points into unknown readable memory: 48 8b 01 48 8b d1 48 8b
RAX=0x0 is NULL
RBX=0x00000290b7196930 points into unknown readable memory: a0 75 31 bf 90 02 00 00
RCX=0x0 is NULL
RDX=0x00000290bf3175a0 points into unknown readable memory: 00 00 00 00 00 00 00 00
RSP=0x000000fe7c8fb060 is pointing into the stack for thread: 0x00000290b7eea000
RBP=0x000000fe7c8fb0f0 is pointing into the stack for thread: 0x00000290b7eea000
RSI=0x0000000082050788 is an oop: org.lwjgl.system.MemoryStack 
{0x0000000082050788} - klass: 'org/lwjgl/system/MemoryStack'
RDI=0x0000000000010000 is an unknown value
R8 =0x00000290b7196930 points into unknown readable memory: a0 75 31 bf 90 02 00 00
R9 =0x00007ff9fcdf63e0 points into unknown readable memory: 40 53 48 83 ec 20 83 3d
R10=0x00007ff9ff811b10 points into unknown readable memory: 49 8b c8 49 ff e1 cc cc
R11=0x00000290a77ae158 is at entry_point+24 in (nmethod*)0x00000290a77adf90
R12=0x0 is NULL
R13=0x000000fe7c8fb110 is pointing into the stack for thread: 0x00000290b7eea000
R14=0x000000fe7c8fb0e0 is pointing into the stack for thread: 0x00000290b7eea000
R15=0x00000290b7eea000 is a thread


Registers:
RAX=0x0000000000000000, RBX=0x00000290b7196930, RCX=0x0000000000000000, RDX=0x00000290bf3175a0
RSP=0x000000fe7c8fb060, RBP=0x000000fe7c8fb0f0, RSI=0x0000000082050788, RDI=0x0000000000010000
R8 =0x00000290b7196930, R9 =0x00007ff9fcdf63e0, R10=0x00007ff9ff811b10, R11=0x00000290a77ae158
R12=0x0000000000000000, R13=0x000000fe7c8fb110, R14=0x000000fe7c8fb0e0, R15=0x00000290b7eea000
RIP=0x00007ff9fcdf6490, EFLAGS=0x0000000000010283

Top of Stack: (sp=0x000000fe7c8fb060)
0x000000fe7c8fb060:   00000290b7196930 000000fe7c8fb190
0x000000fe7c8fb070:   000000fe7c8fb0b0 00000290b7eea000
0x000000fe7c8fb080:   00000290c1b6ba00 00000290a77ae224
0x000000fe7c8fb090:   00000290b7eea000 0000000000000000
0x000000fe7c8fb0a0:   0000000082059048 00000290a77b999d
0x000000fe7c8fb0b0:   0000000082050788 00000290a789dcbc
0x000000fe7c8fb0c0:   00000000820f37f8 00000000820f37f8
0x000000fe7c8fb0d0:   0000000000000000 0001000000000111
0x000000fe7c8fb0e0:   0000000081fcf660 0000000082050788
0x000000fe7c8fb0f0:   000000fe7c8fb178 000002909fb39e03
0x000000fe7c8fb100:   0000000082057008 000002909fb39e03
0x000000fe7c8fb110:   00007ff9fcdf63e0 0000000000000000
0x000000fe7c8fb120:   00000290b7196930 0000000000000000
0x000000fe7c8fb130:   000000fe7c8fb130 00000290c1337cde
0x000000fe7c8fb140:   000000fe7c8fb1a0 00000290c134b288
0x000000fe7c8fb150:   0000000000000000 0000000081fc8968 

Instructions: (pc=0x00007ff9fcdf6490)
0x00007ff9fcdf6390:   18 00 00 00 66 0f 6f 05 c4 02 04 00 f3 0f 7f 05
0x00007ff9fcdf63a0:   64 17 05 00 c7 05 6e 17 05 00 08 00 00 00 c7 05
0x00007ff9fcdf63b0:   88 17 05 00 01 00 00 00 c7 05 06 1b 05 00 ff ff
0x00007ff9fcdf63c0:   ff ff c7 05 bc 17 05 00 01 00 00 00 48 83 c4 28
0x00007ff9fcdf63d0:   c3 cc cc cc cc cc cc cc cc cc cc cc cc cc cc cc
0x00007ff9fcdf63e0:   40 53 48 83 ec 20 83 3d 03 17 05 00 00 48 8b d9
0x00007ff9fcdf63f0:   75 11 33 d2 b9 01 00 01 00 48 83 c4 20 5b e9 5d
0x00007ff9fcdf6400:   b8 ff ff 48 85 db 0f 84 a5 00 00 00 0f 57 c0 33
0x00007ff9fcdf6410:   c0 0f 11 81 c0 02 00 00 0f 11 81 d0 02 00 00 0f
0x00007ff9fcdf6420:   11 81 e0 02 00 00 0f 11 81 f0 02 00 00 0f 11 81
0x00007ff9fcdf6430:   00 03 00 00 0f 11 81 10 03 00 00 0f 11 81 20 03
0x00007ff9fcdf6440:   00 00 0f 11 81 30 03 00 00 48 89 81 40 03 00 00
0x00007ff9fcdf6450:   48 8d 0d 35 25 05 00 e8 54 47 00 00 48 3b d8 75
0x00007ff9fcdf6460:   07 33 c9 e8 48 b6 ff ff 48 8b cb e8 80 4a 00 00
0x00007ff9fcdf6470:   48 8b 0d 69 1a 05 00 48 8d 15 62 1a 05 00 48 3b
0x00007ff9fcdf6480:   cb 74 1b 0f 1f 40 00 66 0f 1f 84 00 00 00 00 00
0x00007ff9fcdf6490:   48 8b 01 48 8b d1 48 8b c8 48 3b c3 75 f2 48 8b
0x00007ff9fcdf64a0:   03 48 8b cb 48 89 02 48 83 c4 20 5b e9 97 27 01
0x00007ff9fcdf64b0:   00 48 83 c4 20 5b c3 cc cc cc cc cc cc cc cc cc
0x00007ff9fcdf64c0:   83 3d 29 16 05 00 00 75 0c 33 d2 b9 01 00 01 00
0x00007ff9fcdf64d0:   e9 8b b7 ff ff e9 d6 4a 00 00 cc cc cc cc cc cc
0x00007ff9fcdf64e0:   33 c0 48 85 d2 74 02 89 02 4d 85 c0 74 03 41 89
0x00007ff9fcdf64f0:   00 39 05 f9 15 05 00 75 0c 33 d2 b9 01 00 01 00
0x00007ff9fcdf6500:   e9 5b b7 ff ff e9 96 4c 00 00 cc cc cc cc cc cc
0x00007ff9fcdf6510:   48 83 ec 28 83 3d d5 15 05 00 00 75 13 33 d2 b9
0x00007ff9fcdf6520:   01 00 01 00 e8 37 b7 ff ff 33 c0 48 83 c4 28 c3
0x00007ff9fcdf6530:   81 fa 01 20 02 00 0f 8f 94 00 00 00 0f 84 83 00
0x00007ff9fcdf6540:   00 00 8d 82 ff ff fd ff 83 f8 0b 0f 87 12 01 00
0x00007ff9fcdf6550:   00 48 98 4c 8d 05 a6 9a ff ff 41 8b 84 80 80 66
0x00007ff9fcdf6560:   00 00 49 03 c0 ff e0 48 83 c4 28 e9 50 60 00 00
0x00007ff9fcdf6570:   48 83 c4 28 e9 87 60 00 00 48 83 c4 28 e9 9e 60
0x00007ff9fcdf6580:   00 00 48 83 c4 28 e9 85 60 00 00 48 83 c4 28 e9 


Stack slot to memory mapping:
stack at sp + 0 slots: 0x00000290b7196930 points into unknown readable memory: a0 75 31 bf 90 02 00 00
stack at sp + 1 slots: 0x000000fe7c8fb190 is pointing into the stack for thread: 0x00000290b7eea000
stack at sp + 2 slots: 0x000000fe7c8fb0b0 is pointing into the stack for thread: 0x00000290b7eea000
stack at sp + 3 slots: 0x00000290b7eea000 is a thread
stack at sp + 4 slots: {method} {0x00000290c1b6ba08} 'invokePV' '(JJ)V' in 'org/lwjgl/system/JNI'
stack at sp + 5 slots: 0x00000290a77ae224 is at entry_point+228 in (nmethod*)0x00000290a77adf90
stack at sp + 6 slots: 0x00000290b7eea000 is a thread
stack at sp + 7 slots: 0x0 is NULL


---------------  P R O C E S S  ---------------

Threads class SMR info:
_java_thread_list=0x00000290bf718680, length=24, elements={
0x000002909a270000, 0x00000290b62db000, 0x00000290b62fd800, 0x00000290b6b61000,
0x00000290b6b63000, 0x00000290b6b66000, 0x00000290b6b6a000, 0x00000290b630e000,
0x00000290b628f000, 0x00000290b7b29800, 0x00000290b74d0800, 0x00000290b7c83800,
0x00000290b7c13800, 0x00000290b7eea000, 0x00000290b7e32000, 0x00000290b7e4b800,
0x00000290b8252800, 0x00000290b81e7000, 0x00000290b7ff9000, 0x00000290b7ff3000,
0x00000290b7ff9800, 0x00000290b7ff6800, 0x00000290b7ff8000, 0x00000290b7ff5000
}

Java Threads: ( => current thread )
  0x000002909a270000 JavaThread "main" [_thread_blocked, id=9856, stack(0x000000fe7b100000,0x000000fe7b200000)]
  0x00000290b62db000 JavaThread "Reference Handler" daemon [_thread_blocked, id=7824, stack(0x000000fe7b800000,0x000000fe7b900000)]
  0x00000290b62fd800 JavaThread "Finalizer" daemon [_thread_blocked, id=15000, stack(0x000000fe7b900000,0x000000fe7ba00000)]
  0x00000290b6b61000 JavaThread "Signal Dispatcher" daemon [_thread_blocked, id=15120, stack(0x000000fe7ba00000,0x000000fe7bb00000)]
  0x00000290b6b63000 JavaThread "Attach Listener" daemon [_thread_blocked, id=6980, stack(0x000000fe7bb00000,0x000000fe7bc00000)]
  0x00000290b6b66000 JavaThread "C2 CompilerThread0" daemon [_thread_blocked, id=12528, stack(0x000000fe7bc00000,0x000000fe7bd00000)]
  0x00000290b6b6a000 JavaThread "C1 CompilerThread0" daemon [_thread_blocked, id=4016, stack(0x000000fe7bd00000,0x000000fe7be00000)]
  0x00000290b630e000 JavaThread "Sweeper thread" daemon [_thread_blocked, id=8404, stack(0x000000fe7be00000,0x000000fe7bf00000)]
  0x00000290b628f000 JavaThread "Common-Cleaner" daemon [_thread_blocked, id=7920, stack(0x000000fe7bf00000,0x000000fe7c000000)]
  0x00000290b7b29800 JavaThread "Monitor Ctrl-Break" daemon [_thread_in_native, id=6936, stack(0x000000fe7c300000,0x000000fe7c400000)]
  0x00000290b74d0800 JavaThread "Service Thread" daemon [_thread_blocked, id=11588, stack(0x000000fe7c400000,0x000000fe7c500000)]
  0x00000290b7c83800 JavaThread "QuantumRenderer-0" daemon [_thread_blocked, id=12972, stack(0x000000fe7c000000,0x000000fe7c100000)]
  0x00000290b7c13800 JavaThread "InvokeLaterDispatcher" daemon [_thread_blocked, id=13552, stack(0x000000fe7c700000,0x000000fe7c800000)]
=>0x00000290b7eea000 JavaThread "JavaFX Application Thread" [_thread_in_native, id=4556, stack(0x000000fe7c800000,0x000000fe7c900000)]
  0x00000290b7e32000 JavaThread "Thread-1" daemon [_thread_in_native, id=12392, stack(0x000000fe7cb00000,0x000000fe7cc00000)]
  0x00000290b7e4b800 JavaThread "JavaFX-Launcher" [_thread_blocked, id=15052, stack(0x000000fe7cc00000,0x000000fe7cd00000)]
  0x00000290b8252800 JavaThread "Java2D Disposer" daemon [_thread_blocked, id=6448, stack(0x000000fe7ce00000,0x000000fe7cf00000)]
  0x00000290b81e7000 JavaThread "AWT-Windows" daemon [_thread_in_native, id=8460, stack(0x000000fe7d000000,0x000000fe7d100000)]
  0x00000290b7ff9000 JavaThread "JFXMedia Player EventQueueThread" daemon [_thread_blocked, id=10028, stack(0x000000fe7d400000,0x000000fe7d500000)]
  0x00000290b7ff3000 JavaThread "Prism Font Disposer" daemon [_thread_blocked, id=5600, stack(0x000000fe7df00000,0x000000fe7e000000)]
  0x00000290b7ff9800 JavaThread "Media Resource Disposer" daemon [_thread_blocked, id=8792, stack(0x000000fe7e000000,0x000000fe7e100000)]
  0x00000290b7ff6800 JavaThread "JFXMedia Player EventQueueThread" daemon [_thread_blocked, id=1296, stack(0x000000fe7dc00000,0x000000fe7dd00000)]
  0x00000290b7ff8000 JavaThread "JFXMedia Player EventQueueThread" daemon [_thread_blocked, id=14684, stack(0x000000fe7e700000,0x000000fe7e800000)]
  0x00000290b7ff5000 JavaThread "Timer-2" daemon [_thread_blocked, id=7308, stack(0x000000fe7f000000,0x000000fe7f100000)]

Other Threads:
  0x00000290b62d9000 VMThread "VM Thread" [stack: 0x000000fe7b700000,0x000000fe7b800000] [id=10972]
  0x00000290b7d24000 WatcherThread [stack: 0x000000fe7c500000,0x000000fe7c600000] [id=140]
  0x000002909a28a000 GCTaskThread "GC Thread#0" [stack: 0x000000fe7b200000,0x000000fe7b300000] [id=5700]
  0x00000290b781e000 GCTaskThread "GC Thread#1" [stack: 0x000000fe7c100000,0x000000fe7c200000] [id=5976]
  0x00000290b7a0e800 GCTaskThread "GC Thread#2" [stack: 0x000000fe7c200000,0x000000fe7c300000] [id=8568]
  0x00000290b85f3000 GCTaskThread "GC Thread#3" [stack: 0x000000fe7cf00000,0x000000fe7d000000] [id=14296]
  0x000002909a2ba000 ConcurrentGCThread "G1 Main Marker" [stack: 0x000000fe7b300000,0x000000fe7b400000] [id=8820]
  0x000002909a2bc800 ConcurrentGCThread "G1 Conc#0" [stack: 0x000000fe7b400000,0x000000fe7b500000] [id=12016]
  0x00000290b613e800 ConcurrentGCThread "G1 Refine#0" [stack: 0x000000fe7b500000,0x000000fe7b600000] [id=11172]
  0x00000290b6140800 ConcurrentGCThread "G1 Young RemSet Sampling" [stack: 0x000000fe7b600000,0x000000fe7b700000] [id=5188]

Threads with active compile tasks:

VM state:not at safepoint (normal execution)

VM Mutex/Monitor currently owned by a thread: None

Heap address: 0x0000000081c00000, size: 2020 MB, Compressed Oops mode: 32-bit
Narrow klass base: 0x0000000000000000, Narrow klass shift: 3
Compressed class space size: 1073741824 Address: 0x0000000100000000

Heap:
 garbage-first heap   total 157696K, used 71450K [0x0000000081c00000, 0x0000000100000000)
  region size 1024K, 30 young (30720K), 1 survivors (1024K)
 Metaspace       used 30735K, capacity 31584K, committed 31616K, reserved 1077248K
  class space    used 3073K, capacity 3427K, committed 3456K, reserved 1048576K
Heap Regions: E=young(eden), S=young(survivor), O=old, HS=humongous(starts), HC=humongous(continues), CS=collection set, F=free, A=archive, TAMS=top-at-mark-start (previous, next)
|   0|0x0000000081c00000, 0x0000000081d00000, 0x0000000081d00000|100%| O|  |TAMS 0x0000000081d00000, 0x0000000081c00000| Untracked 
|   1|0x0000000081d00000, 0x0000000081e00000, 0x0000000081e00000|100%| O|  |TAMS 0x0000000081e00000, 0x0000000081d00000| Untracked 
|   2|0x0000000081e00000, 0x0000000081f00000, 0x0000000081f00000|100%| O|  |TAMS 0x0000000081e00000, 0x0000000081e00000| Untracked 
|   3|0x0000000081f00000, 0x0000000082000000, 0x0000000082000000|100%| O|  |TAMS 0x0000000081f00000, 0x0000000081f00000| Untracked 
|   4|0x0000000082000000, 0x0000000082100000, 0x0000000082100000|100%| O|  |TAMS 0x0000000082000000, 0x0000000082000000| Untracked 
|   5|0x0000000082100000, 0x0000000082200000, 0x0000000082200000|100%|HS|  |TAMS 0x0000000082100000, 0x0000000082100000| Complete 
|   6|0x0000000082200000, 0x0000000082300000, 0x0000000082300000|100%|HC|  |TAMS 0x0000000082200000, 0x0000000082200000| Complete 
|   7|0x0000000082300000, 0x0000000082400000, 0x0000000082400000|100%|HC|  |TAMS 0x0000000082300000, 0x0000000082300000| Complete 
|   8|0x0000000082400000, 0x0000000082500000, 0x0000000082500000|100%|HC|  |TAMS 0x0000000082400000, 0x0000000082400000| Complete 
|   9|0x0000000082500000, 0x0000000082535600, 0x0000000082600000| 20%| O|  |TAMS 0x0000000082500000, 0x0000000082500000| Untracked 
|  10|0x0000000082600000, 0x0000000082700000, 0x0000000082700000|100%|HS|  |TAMS 0x0000000082700000, 0x0000000082600000| Complete 
|  11|0x0000000082700000, 0x0000000082800000, 0x0000000082800000|100%|HC|  |TAMS 0x0000000082800000, 0x0000000082700000| Complete 
|  12|0x0000000082800000, 0x0000000082900000, 0x0000000082900000|100%|HC|  |TAMS 0x0000000082900000, 0x0000000082800000| Complete 
|  13|0x0000000082900000, 0x0000000082a00000, 0x0000000082a00000|100%|HC|  |TAMS 0x0000000082a00000, 0x0000000082900000| Complete 
|  14|0x0000000082a00000, 0x0000000082b00000, 0x0000000082b00000|100%|HC|  |TAMS 0x0000000082b00000, 0x0000000082a00000| Complete 
|  15|0x0000000082b00000, 0x0000000082c00000, 0x0000000082c00000|100%|HS|  |TAMS 0x0000000082b00000, 0x0000000082b00000| Complete 
|  16|0x0000000082c00000, 0x0000000082d00000, 0x0000000082d00000|100%|HC|  |TAMS 0x0000000082c00000, 0x0000000082c00000| Complete 
|  17|0x0000000082d00000, 0x0000000082d00000, 0x0000000082e00000|  0%| F|  |TAMS 0x0000000082d00000, 0x0000000082d00000| Untracked 
|  18|0x0000000082e00000, 0x0000000082e00000, 0x0000000082f00000|  0%| F|  |TAMS 0x0000000082e00000, 0x0000000082e00000| Untracked 
|  19|0x0000000082f00000, 0x0000000082f00000, 0x0000000083000000|  0%| F|  |TAMS 0x0000000082f00000, 0x0000000082f00000| Untracked 
|  20|0x0000000083000000, 0x0000000083000000, 0x0000000083100000|  0%| F|  |TAMS 0x0000000083000000, 0x0000000083000000| Untracked 
|  21|0x0000000083100000, 0x0000000083100000, 0x0000000083200000|  0%| F|  |TAMS 0x0000000083100000, 0x0000000083100000| Untracked 
|  22|0x0000000083200000, 0x0000000083200000, 0x0000000083300000|  0%| F|  |TAMS 0x0000000083200000, 0x0000000083200000| Untracked 
|  23|0x0000000083300000, 0x0000000083400000, 0x0000000083400000|100%|HS|  |TAMS 0x0000000083400000, 0x0000000083300000| Complete 
|  24|0x0000000083400000, 0x0000000083500000, 0x0000000083500000|100%|HC|  |TAMS 0x0000000083500000, 0x0000000083400000| Complete 
|  25|0x0000000083500000, 0x0000000083600000, 0x0000000083600000|100%|HC|  |TAMS 0x0000000083600000, 0x0000000083500000| Complete 
|  26|0x0000000083600000, 0x0000000083700000, 0x0000000083700000|100%|HC|  |TAMS 0x0000000083700000, 0x0000000083600000| Complete 
|  27|0x0000000083700000, 0x0000000083800000, 0x0000000083800000|100%|HC|  |TAMS 0x0000000083800000, 0x0000000083700000| Complete 
|  28|0x0000000083800000, 0x0000000083900000, 0x0000000083900000|100%|HC|  |TAMS 0x0000000083900000, 0x0000000083800000| Complete 
|  29|0x0000000083900000, 0x0000000083a00000, 0x0000000083a00000|100%|HC|  |TAMS 0x0000000083a00000, 0x0000000083900000| Complete 
|  30|0x0000000083a00000, 0x0000000083b00000, 0x0000000083b00000|100%|HS|  |TAMS 0x0000000083b00000, 0x0000000083a00000| Complete 
|  31|0x0000000083b00000, 0x0000000083c00000, 0x0000000083c00000|100%|HS|  |TAMS 0x0000000083c00000, 0x0000000083b00000| Complete 
|  32|0x0000000083c00000, 0x0000000083d00000, 0x0000000083d00000|100%|HC|  |TAMS 0x0000000083d00000, 0x0000000083c00000| Complete 
|  33|0x0000000083d00000, 0x0000000083e00000, 0x0000000083e00000|100%|HS|  |TAMS 0x0000000083e00000, 0x0000000083d00000| Complete 
|  34|0x0000000083e00000, 0x0000000083f00000, 0x0000000083f00000|100%|HC|  |TAMS 0x0000000083f00000, 0x0000000083e00000| Complete 
|  35|0x0000000083f00000, 0x0000000084000000, 0x0000000084000000|100%| O|  |TAMS 0x0000000084000000, 0x0000000083f00000| Untracked 
|  36|0x0000000084000000, 0x0000000084100000, 0x0000000084100000|100%| O|  |TAMS 0x0000000084100000, 0x0000000084000000| Untracked 
|  37|0x0000000084100000, 0x0000000084200000, 0x0000000084200000|100%| O|  |TAMS 0x0000000084200000, 0x0000000084100000| Untracked 
|  38|0x0000000084200000, 0x0000000084300000, 0x0000000084300000|100%|HS|  |TAMS 0x0000000084300000, 0x0000000084200000| Complete 
|  39|0x0000000084300000, 0x0000000084400000, 0x0000000084400000|100%|HC|  |TAMS 0x0000000084400000, 0x0000000084300000| Complete 
|  40|0x0000000084400000, 0x0000000084500000, 0x0000000084500000|100%|HC|  |TAMS 0x0000000084500000, 0x0000000084400000| Complete 
|  41|0x0000000084500000, 0x0000000084600000, 0x0000000084600000|100%|HC|  |TAMS 0x0000000084600000, 0x0000000084500000| Complete 
|  42|0x0000000084600000, 0x0000000084700000, 0x0000000084700000|100%|HC|  |TAMS 0x0000000084700000, 0x0000000084600000| Complete 
|  43|0x0000000084700000, 0x0000000084800000, 0x0000000084800000|100%|HC|  |TAMS 0x0000000084800000, 0x0000000084700000| Complete 
|  44|0x0000000084800000, 0x0000000084900000, 0x0000000084900000|100%|HC|  |TAMS 0x0000000084900000, 0x0000000084800000| Complete 
|  45|0x0000000084900000, 0x0000000084900000, 0x0000000084a00000|  0%| F|  |TAMS 0x0000000084900000, 0x0000000084900000| Untracked 
|  46|0x0000000084a00000, 0x0000000084a00000, 0x0000000084b00000|  0%| F|  |TAMS 0x0000000084a00000, 0x0000000084a00000| Untracked 
|  47|0x0000000084b00000, 0x0000000084b00000, 0x0000000084c00000|  0%| F|  |TAMS 0x0000000084b00000, 0x0000000084b00000| Untracked 
|  48|0x0000000084c00000, 0x0000000084c00000, 0x0000000084d00000|  0%| F|  |TAMS 0x0000000084c00000, 0x0000000084c00000| Untracked 
|  49|0x0000000084d00000, 0x0000000084d00000, 0x0000000084e00000|  0%| F|  |TAMS 0x0000000084d00000, 0x0000000084d00000| Untracked 
|  50|0x0000000084e00000, 0x0000000084e00000, 0x0000000084f00000|  0%| F|  |TAMS 0x0000000084e00000, 0x0000000084e00000| Untracked 
|  51|0x0000000084f00000, 0x0000000084f00000, 0x0000000085000000|  0%| F|  |TAMS 0x0000000084f00000, 0x0000000084f00000| Untracked 
|  52|0x0000000085000000, 0x0000000085000000, 0x0000000085100000|  0%| F|  |TAMS 0x0000000085000000, 0x0000000085000000| Untracked 
|  53|0x0000000085100000, 0x0000000085100000, 0x0000000085200000|  0%| F|  |TAMS 0x0000000085100000, 0x0000000085100000| Untracked 
|  54|0x0000000085200000, 0x0000000085200000, 0x0000000085300000|  0%| F|  |TAMS 0x0000000085200000, 0x0000000085200000| Untracked 
|  55|0x0000000085300000, 0x0000000085300000, 0x0000000085400000|  0%| F|  |TAMS 0x0000000085300000, 0x0000000085300000| Untracked 
|  56|0x0000000085400000, 0x0000000085400000, 0x0000000085500000|  0%| F|  |TAMS 0x0000000085400000, 0x0000000085400000| Untracked 
|  57|0x0000000085500000, 0x0000000085500000, 0x0000000085600000|  0%| F|  |TAMS 0x0000000085500000, 0x0000000085500000| Untracked 
|  58|0x0000000085600000, 0x0000000085691250, 0x0000000085700000| 56%| S|CS|TAMS 0x0000000085600000, 0x0000000085600000| Complete 
|  59|0x0000000085700000, 0x0000000085700000, 0x0000000085800000|  0%| F|  |TAMS 0x0000000085700000, 0x0000000085700000| Untracked 
|  60|0x0000000085800000, 0x0000000085800000, 0x0000000085900000|  0%| F|  |TAMS 0x0000000085800000, 0x0000000085800000| Untracked 
|  61|0x0000000085900000, 0x0000000085a00000, 0x0000000085a00000|100%| O|  |TAMS 0x0000000085a00000, 0x0000000085900000| Untracked 
|  62|0x0000000085a00000, 0x0000000085b00000, 0x0000000085b00000|100%| O|  |TAMS 0x0000000085b00000, 0x0000000085a00000| Untracked 
|  63|0x0000000085b00000, 0x0000000085c00000, 0x0000000085c00000|100%| O|  |TAMS 0x0000000085b4f200, 0x0000000085b00000| Untracked 
|  64|0x0000000085c00000, 0x0000000085c00000, 0x0000000085d00000|  0%| F|  |TAMS 0x0000000085c00000, 0x0000000085c00000| Untracked 
|  65|0x0000000085d00000, 0x0000000085d00000, 0x0000000085e00000|  0%| F|  |TAMS 0x0000000085d00000, 0x0000000085d00000| Untracked 
|  66|0x0000000085e00000, 0x0000000085e00000, 0x0000000085f00000|  0%| F|  |TAMS 0x0000000085e00000, 0x0000000085e00000| Untracked 
|  67|0x0000000085f00000, 0x0000000085f00000, 0x0000000086000000|  0%| F|  |TAMS 0x0000000085f00000, 0x0000000085f00000| Untracked 
|  68|0x0000000086000000, 0x0000000086000000, 0x0000000086100000|  0%| F|  |TAMS 0x0000000086000000, 0x0000000086000000| Untracked 
|  69|0x0000000086100000, 0x0000000086100000, 0x0000000086200000|  0%| F|  |TAMS 0x0000000086100000, 0x0000000086100000| Untracked 
|  70|0x0000000086200000, 0x0000000086200000, 0x0000000086300000|  0%| F|  |TAMS 0x0000000086200000, 0x0000000086200000| Untracked 
|  71|0x0000000086300000, 0x0000000086300000, 0x0000000086400000|  0%| F|  |TAMS 0x0000000086300000, 0x0000000086300000| Untracked 
|  72|0x0000000086400000, 0x0000000086400000, 0x0000000086500000|  0%| F|  |TAMS 0x0000000086400000, 0x0000000086400000| Untracked 
|  73|0x0000000086500000, 0x0000000086500000, 0x0000000086600000|  0%| F|  |TAMS 0x0000000086500000, 0x0000000086500000| Untracked 
|  74|0x0000000086600000, 0x0000000086600000, 0x0000000086700000|  0%| F|  |TAMS 0x0000000086600000, 0x0000000086600000| Untracked 
|  75|0x0000000086700000, 0x0000000086700000, 0x0000000086800000|  0%| F|  |TAMS 0x0000000086700000, 0x0000000086700000| Untracked 
|  76|0x0000000086800000, 0x0000000086800000, 0x0000000086900000|  0%| F|  |TAMS 0x0000000086800000, 0x0000000086800000| Untracked 
|  77|0x0000000086900000, 0x0000000086900000, 0x0000000086a00000|  0%| F|  |TAMS 0x0000000086900000, 0x0000000086900000| Untracked 
|  78|0x0000000086a00000, 0x0000000086a00000, 0x0000000086b00000|  0%| F|  |TAMS 0x0000000086a00000, 0x0000000086a00000| Untracked 
|  79|0x0000000086b00000, 0x0000000086b00000, 0x0000000086c00000|  0%| F|  |TAMS 0x0000000086b00000, 0x0000000086b00000| Untracked 
|  80|0x0000000086c00000, 0x0000000086c00000, 0x0000000086d00000|  0%| F|  |TAMS 0x0000000086c00000, 0x0000000086c00000| Untracked 
|  81|0x0000000086d00000, 0x0000000086d00000, 0x0000000086e00000|  0%| F|  |TAMS 0x0000000086d00000, 0x0000000086d00000| Untracked 
|  82|0x0000000086e00000, 0x0000000086e00000, 0x0000000086f00000|  0%| F|  |TAMS 0x0000000086e00000, 0x0000000086e00000| Untracked 
|  83|0x0000000086f00000, 0x0000000086f00000, 0x0000000087000000|  0%| F|  |TAMS 0x0000000086f00000, 0x0000000086f00000| Untracked 
|  84|0x0000000087000000, 0x0000000087000000, 0x0000000087100000|  0%| F|  |TAMS 0x0000000087000000, 0x0000000087000000| Untracked 
|  85|0x0000000087100000, 0x0000000087100000, 0x0000000087200000|  0%| F|  |TAMS 0x0000000087100000, 0x0000000087100000| Untracked 
|  86|0x0000000087200000, 0x0000000087200000, 0x0000000087300000|  0%| F|  |TAMS 0x0000000087200000, 0x0000000087200000| Untracked 
|  87|0x0000000087300000, 0x0000000087300000, 0x0000000087400000|  0%| F|  |TAMS 0x0000000087300000, 0x0000000087300000| Untracked 
|  88|0x0000000087400000, 0x0000000087400000, 0x0000000087500000|  0%| F|  |TAMS 0x0000000087400000, 0x0000000087400000| Untracked 
|  89|0x0000000087500000, 0x0000000087500000, 0x0000000087600000|  0%| F|  |TAMS 0x0000000087500000, 0x0000000087500000| Untracked 
|  90|0x0000000087600000, 0x0000000087600000, 0x0000000087700000|  0%| F|  |TAMS 0x0000000087600000, 0x0000000087600000| Untracked 
|  91|0x0000000087700000, 0x0000000087700000, 0x0000000087800000|  0%| F|  |TAMS 0x0000000087700000, 0x0000000087700000| Untracked 
|  92|0x0000000087800000, 0x0000000087800000, 0x0000000087900000|  0%| F|  |TAMS 0x0000000087800000, 0x0000000087800000| Untracked 
|  93|0x0000000087900000, 0x0000000087900000, 0x0000000087a00000|  0%| F|  |TAMS 0x0000000087900000, 0x0000000087900000| Untracked 
|  94|0x0000000087a00000, 0x0000000087a00000, 0x0000000087b00000|  0%| F|  |TAMS 0x0000000087a00000, 0x0000000087a00000| Untracked 
|  95|0x0000000087b00000, 0x0000000087b00000, 0x0000000087c00000|  0%| F|  |TAMS 0x0000000087b00000, 0x0000000087b00000| Untracked 
|  96|0x0000000087c00000, 0x0000000087c00000, 0x0000000087d00000|  0%| F|  |TAMS 0x0000000087c00000, 0x0000000087c00000| Untracked 
|  97|0x0000000087d00000, 0x0000000087d00000, 0x0000000087e00000|  0%| F|  |TAMS 0x0000000087d00000, 0x0000000087d00000| Untracked 
|  98|0x0000000087e00000, 0x0000000087e00000, 0x0000000087f00000|  0%| F|  |TAMS 0x0000000087e00000, 0x0000000087e00000| Untracked 
|  99|0x0000000087f00000, 0x0000000087f00000, 0x0000000088000000|  0%| F|  |TAMS 0x0000000087f00000, 0x0000000087f00000| Untracked 
| 100|0x0000000088000000, 0x0000000088000000, 0x0000000088100000|  0%| F|  |TAMS 0x0000000088000000, 0x0000000088000000| Untracked 
| 101|0x0000000088100000, 0x0000000088100000, 0x0000000088200000|  0%| F|  |TAMS 0x0000000088100000, 0x0000000088100000| Untracked 
| 102|0x0000000088200000, 0x0000000088200000, 0x0000000088300000|  0%| F|  |TAMS 0x0000000088200000, 0x0000000088200000| Untracked 
| 103|0x0000000088300000, 0x0000000088300000, 0x0000000088400000|  0%| F|  |TAMS 0x0000000088300000, 0x0000000088300000| Untracked 
| 104|0x0000000088400000, 0x0000000088400000, 0x0000000088500000|  0%| F|  |TAMS 0x0000000088400000, 0x0000000088400000| Untracked 
| 105|0x0000000088500000, 0x0000000088500000, 0x0000000088600000|  0%| F|  |TAMS 0x0000000088500000, 0x0000000088500000| Untracked 
| 106|0x0000000088600000, 0x0000000088600000, 0x0000000088700000|  0%| F|  |TAMS 0x0000000088600000, 0x0000000088600000| Untracked 
| 107|0x0000000088700000, 0x0000000088700000, 0x0000000088800000|  0%| F|  |TAMS 0x0000000088700000, 0x0000000088700000| Untracked 
| 108|0x0000000088800000, 0x0000000088800000, 0x0000000088900000|  0%| F|  |TAMS 0x0000000088800000, 0x0000000088800000| Untracked 
| 109|0x0000000088900000, 0x0000000088900000, 0x0000000088a00000|  0%| F|  |TAMS 0x0000000088900000, 0x0000000088900000| Untracked 
| 110|0x0000000088a00000, 0x0000000088a00000, 0x0000000088b00000|  0%| F|  |TAMS 0x0000000088a00000, 0x0000000088a00000| Untracked 
| 111|0x0000000088b00000, 0x0000000088b00000, 0x0000000088c00000|  0%| F|  |TAMS 0x0000000088b00000, 0x0000000088b00000| Untracked 
| 112|0x0000000088c00000, 0x0000000088c00000, 0x0000000088d00000|  0%| F|  |TAMS 0x0000000088c00000, 0x0000000088c00000| Untracked 
| 113|0x0000000088d00000, 0x0000000088d00000, 0x0000000088e00000|  0%| F|  |TAMS 0x0000000088d00000, 0x0000000088d00000| Untracked 
| 114|0x0000000088e00000, 0x0000000088e00000, 0x0000000088f00000|  0%| F|  |TAMS 0x0000000088e00000, 0x0000000088e00000| Untracked 
| 115|0x0000000088f00000, 0x0000000088f00000, 0x0000000089000000|  0%| F|  |TAMS 0x0000000088f00000, 0x0000000088f00000| Untracked 
| 116|0x0000000089000000, 0x0000000089000000, 0x0000000089100000|  0%| F|  |TAMS 0x0000000089000000, 0x0000000089000000| Untracked 
| 117|0x0000000089100000, 0x0000000089100000, 0x0000000089200000|  0%| F|  |TAMS 0x0000000089100000, 0x0000000089100000| Untracked 
| 118|0x0000000089200000, 0x0000000089200000, 0x0000000089300000|  0%| F|  |TAMS 0x0000000089200000, 0x0000000089200000| Untracked 
| 119|0x0000000089300000, 0x0000000089300000, 0x0000000089400000|  0%| F|  |TAMS 0x0000000089300000, 0x0000000089300000| Untracked 
| 120|0x0000000089400000, 0x0000000089400000, 0x0000000089500000|  0%| F|  |TAMS 0x0000000089400000, 0x0000000089400000| Untracked 
| 121|0x0000000089500000, 0x0000000089500000, 0x0000000089600000|  0%| F|  |TAMS 0x0000000089500000, 0x0000000089500000| Untracked 
| 122|0x0000000089600000, 0x0000000089600000, 0x0000000089700000|  0%| F|  |TAMS 0x0000000089600000, 0x0000000089600000| Untracked 
| 123|0x0000000089700000, 0x0000000089700000, 0x0000000089800000|  0%| F|  |TAMS 0x0000000089700000, 0x0000000089700000| Untracked 
| 124|0x0000000089800000, 0x0000000089800000, 0x0000000089900000|  0%| F|  |TAMS 0x0000000089800000, 0x0000000089800000| Untracked 
| 125|0x0000000089900000, 0x0000000089a00000, 0x0000000089a00000|100%| E|  |TAMS 0x0000000089900000, 0x0000000089900000| Complete 
| 126|0x0000000089a00000, 0x0000000089b00000, 0x0000000089b00000|100%| E|CS|TAMS 0x0000000089a00000, 0x0000000089a00000| Complete 
| 127|0x0000000089b00000, 0x0000000089c00000, 0x0000000089c00000|100%| E|CS|TAMS 0x0000000089b00000, 0x0000000089b00000| Complete 
| 128|0x0000000089c00000, 0x0000000089d00000, 0x0000000089d00000|100%| E|CS|TAMS 0x0000000089c00000, 0x0000000089c00000| Complete 
| 129|0x0000000089d00000, 0x0000000089e00000, 0x0000000089e00000|100%| E|CS|TAMS 0x0000000089d00000, 0x0000000089d00000| Complete 
| 130|0x0000000089e00000, 0x0000000089f00000, 0x0000000089f00000|100%| E|CS|TAMS 0x0000000089e00000, 0x0000000089e00000| Complete 
| 131|0x0000000089f00000, 0x000000008a000000, 0x000000008a000000|100%| E|CS|TAMS 0x0000000089f00000, 0x0000000089f00000| Complete 
| 132|0x000000008a000000, 0x000000008a100000, 0x000000008a100000|100%| E|CS|TAMS 0x000000008a000000, 0x000000008a000000| Complete 
| 133|0x000000008a100000, 0x000000008a200000, 0x000000008a200000|100%| E|CS|TAMS 0x000000008a100000, 0x000000008a100000| Complete 
| 134|0x000000008a200000, 0x000000008a300000, 0x000000008a300000|100%| E|CS|TAMS 0x000000008a200000, 0x000000008a200000| Complete 
| 135|0x000000008a300000, 0x000000008a400000, 0x000000008a400000|100%| E|CS|TAMS 0x000000008a300000, 0x000000008a300000| Complete 
| 136|0x000000008a400000, 0x000000008a500000, 0x000000008a500000|100%| E|CS|TAMS 0x000000008a400000, 0x000000008a400000| Complete 
| 137|0x000000008a500000, 0x000000008a600000, 0x000000008a600000|100%| E|CS|TAMS 0x000000008a500000, 0x000000008a500000| Complete 
| 138|0x000000008a600000, 0x000000008a700000, 0x000000008a700000|100%| E|CS|TAMS 0x000000008a600000, 0x000000008a600000| Complete 
| 139|0x000000008a700000, 0x000000008a800000, 0x000000008a800000|100%| E|CS|TAMS 0x000000008a700000, 0x000000008a700000| Complete 
| 140|0x000000008a800000, 0x000000008a900000, 0x000000008a900000|100%| E|CS|TAMS 0x000000008a800000, 0x000000008a800000| Complete 
| 141|0x000000008a900000, 0x000000008aa00000, 0x000000008aa00000|100%| E|CS|TAMS 0x000000008a900000, 0x000000008a900000| Complete 
| 142|0x000000008aa00000, 0x000000008ab00000, 0x000000008ab00000|100%| E|CS|TAMS 0x000000008aa00000, 0x000000008aa00000| Complete 
| 143|0x000000008ab00000, 0x000000008ac00000, 0x000000008ac00000|100%| E|CS|TAMS 0x000000008ab00000, 0x000000008ab00000| Complete 
| 144|0x000000008ac00000, 0x000000008ad00000, 0x000000008ad00000|100%| E|CS|TAMS 0x000000008ac00000, 0x000000008ac00000| Complete 
| 145|0x000000008ad00000, 0x000000008ae00000, 0x000000008ae00000|100%| E|CS|TAMS 0x000000008ad00000, 0x000000008ad00000| Complete 
| 146|0x000000008ae00000, 0x000000008af00000, 0x000000008af00000|100%| E|CS|TAMS 0x000000008ae00000, 0x000000008ae00000| Complete 
| 147|0x000000008af00000, 0x000000008b000000, 0x000000008b000000|100%| E|CS|TAMS 0x000000008af00000, 0x000000008af00000| Complete 
| 148|0x000000008b000000, 0x000000008b100000, 0x000000008b100000|100%| E|CS|TAMS 0x000000008b000000, 0x000000008b000000| Complete 
| 149|0x000000008b100000, 0x000000008b200000, 0x000000008b200000|100%| E|CS|TAMS 0x000000008b100000, 0x000000008b100000| Complete 
| 150|0x000000008b200000, 0x000000008b300000, 0x000000008b300000|100%| E|CS|TAMS 0x000000008b200000, 0x000000008b200000| Complete 
| 151|0x000000008b300000, 0x000000008b400000, 0x000000008b400000|100%| E|CS|TAMS 0x000000008b300000, 0x000000008b300000| Complete 
| 152|0x000000008b400000, 0x000000008b500000, 0x000000008b500000|100%| E|CS|TAMS 0x000000008b400000, 0x000000008b400000| Complete 
| 153|0x000000008b500000, 0x000000008b600000, 0x000000008b600000|100%| E|CS|TAMS 0x000000008b500000, 0x000000008b500000| Complete 

Card table byte_map: [0x00000290af560000,0x00000290af960000] _byte_map_base: 0x00000290af152000

Marking Bits (Prev, Next): (CMBitMap*) 0x000002909a2b15b8, (CMBitMap*) 0x000002909a2b15f0
 Prev Bits: [0x00000290afd60000, 0x00000290b1cf0000)
 Next Bits: [0x00000290b1cf0000, 0x00000290b3c80000)

Polling page: 0x000002909a320000

Metaspace:

Usage:
  Non-class:     27.50 MB capacity,    27.01 MB ( 98%) used,   397.98 KB (  1%) free+waste,    96.31 KB ( <1%) overhead. 
      Class:      3.35 MB capacity,     3.00 MB ( 90%) used,   307.77 KB (  9%) free+waste,    46.13 KB (  1%) overhead. 
       Both:     30.84 MB capacity,    30.02 MB ( 97%) used,   705.75 KB (  2%) free+waste,   142.44 KB ( <1%) overhead. 

Virtual space:
  Non-class space:       28.00 MB reserved,      27.50 MB ( 98%) committed 
      Class space:        1.00 GB reserved,       3.38 MB ( <1%) committed 
             Both:        1.03 GB reserved,      30.88 MB (  3%) committed 

Chunk freelists:
   Non-Class:  3.00 KB
       Class:  0 bytes
        Both:  3.00 KB

MaxMetaspaceSize: 17179869184.00 GB
CompressedClassSpaceSize: 1.00 GB

CodeHeap 'non-profiled nmethods': size=120064Kb used=2753Kb max_used=2753Kb free=117311Kb
 bounds [0x00000290a75f0000, 0x00000290a78b0000, 0x00000290aeb30000]
CodeHeap 'profiled nmethods': size=120000Kb used=8866Kb max_used=8866Kb free=111133Kb
 bounds [0x00000290a00c0000, 0x00000290a0970000, 0x00000290a75f0000]
CodeHeap 'non-nmethods': size=5696Kb used=1721Kb max_used=1790Kb free=3974Kb
 bounds [0x000002909fb30000, 0x000002909fda0000, 0x00000290a00c0000]
 total_blobs=7238 nmethods=4284 adapters=1272
 compilation: enabled
              stopped_count=0, restarted_count=0
 full_count=0

Compilation events (20 events):
Event: 44.942 Thread 0x00000290b6b6a000 nmethod 4292 0x00000290a0962910 code [0x00000290a0962bc0, 0x00000290a0963bd0]
Event: 44.943 Thread 0x00000290b6b66000 4294       4       org.lwjgl.system.MemoryStack::setPointer (17 bytes)
Event: 44.943 Thread 0x00000290b6b6a000 4295       3       com.falconfly.engine.graph.Mesh::cleanUp (77 bytes)
Event: 44.944 Thread 0x00000290b6b66000 nmethod 4294 0x00000290a789c810 code [0x00000290a789c9a0, 0x00000290a789ca58]
Event: 44.944 Thread 0x00000290b6b6a000 nmethod 4295 0x00000290a0964110 code [0x00000290a09643a0, 0x00000290a0964d30]
Event: 44.944 Thread 0x00000290b6b6a000 4296       3       org.lwjgl.opengl.GL20::glDisableVertexAttribArray (5 bytes)
Event: 44.944 Thread 0x00000290b6b6a000 nmethod 4296 0x00000290a0965090 code [0x00000290a0965240, 0x00000290a09653b0]
Event: 44.944 Thread 0x00000290b6b6a000 4297       3       com.falconfly.engine.graph.Texture::cleanup (8 bytes)
Event: 44.944 Thread 0x00000290b6b6a000 nmethod 4297 0x00000290a0965490 code [0x00000290a0965660, 0x00000290a0965850]
Event: 45.071 Thread 0x00000290b6b6a000 4301   !   3       org.lwjgl.opengl.GL11C::glDeleteTextures (42 bytes)
Event: 45.072 Thread 0x00000290b6b6a000 nmethod 4301 0x00000290a0965910 code [0x00000290a0965bc0, 0x00000290a0966bd0]
Event: 45.072 Thread 0x00000290b6b6a000 4302   !   3       org.lwjgl.opengl.GL30C::glDeleteVertexArrays (42 bytes)
Event: 45.074 Thread 0x00000290b6b6a000 nmethod 4302 0x00000290a0967110 code [0x00000290a09673c0, 0x00000290a09683d0]
Event: 45.075 Thread 0x00000290b6b66000 4303   !   4       java.nio.DirectIntBufferU::put (32 bytes)
Event: 45.077 Thread 0x00000290b6b66000 nmethod 4303 0x00000290a789d710 code [0x00000290a789d8a0, 0x00000290a789d958]
Event: 45.079 Thread 0x00000290b6b66000 4304   !   4       org.lwjgl.opengl.GL15C::glDeleteBuffers (42 bytes)
Event: 45.087 Thread 0x00000290b6b66000 nmethod 4304 0x00000290a789da10 code [0x00000290a789dbe0, 0x00000290a789de90]
Event: 45.133 Thread 0x00000290b6b66000 4305       4       com.sun.javafx.geom.transform.AffineBase::updateState2D (210 bytes)
Event: 45.135 Thread 0x00000290b6b66000 nmethod 4305 0x00000290a789e210 code [0x00000290a789e3e0, 0x00000290a789e5d8]
Event: 45.155 Thread 0x00000290b6b66000 4306       4       com.falconfly.engine.graph.Mesh::cleanUp (77 bytes)

GC Heap History (20 events):
Event: 20.489 GC heap before
{Heap before GC invocations=31 (full 0):
 garbage-first heap   total 157696K, used 131668K [0x0000000081c00000, 0x0000000100000000)
  region size 1024K, 92 young (94208K), 1 survivors (1024K)
 Metaspace       used 29323K, capacity 30120K, committed 30208K, reserved 1077248K
  class space    used 2949K, capacity 3296K, committed 3328K, reserved 1048576K
}
Event: 20.492 GC heap after
{Heap after GC invocations=32 (full 0):
 garbage-first heap   total 157696K, used 38741K [0x0000000081c00000, 0x0000000100000000)
  region size 1024K, 1 young (1024K), 1 survivors (1024K)
 Metaspace       used 29323K, capacity 30120K, committed 30208K, reserved 1077248K
  class space    used 2949K, capacity 3296K, committed 3328K, reserved 1048576K
}
Event: 20.692 GC heap before
{Heap before GC invocations=32 (full 0):
 garbage-first heap   total 157696K, used 130901K [0x0000000081c00000, 0x0000000100000000)
  region size 1024K, 92 young (94208K), 1 survivors (1024K)
 Metaspace       used 29323K, capacity 30120K, committed 30208K, reserved 1077248K
  class space    used 2949K, capacity 3296K, committed 3328K, reserved 1048576K
}
Event: 20.695 GC heap after
{Heap after GC invocations=33 (full 0):
 garbage-first heap   total 157696K, used 39442K [0x0000000081c00000, 0x0000000100000000)
  region size 1024K, 2 young (2048K), 2 survivors (2048K)
 Metaspace       used 29323K, capacity 30120K, committed 30208K, reserved 1077248K
  class space    used 2949K, capacity 3296K, committed 3328K, reserved 1048576K
}
Event: 20.870 GC heap before
{Heap before GC invocations=33 (full 0):
 garbage-first heap   total 157696K, used 131602K [0x0000000081c00000, 0x0000000100000000)
  region size 1024K, 92 young (94208K), 2 survivors (2048K)
 Metaspace       used 29323K, capacity 30120K, committed 30208K, reserved 1077248K
  class space    used 2949K, capacity 3296K, committed 3328K, reserved 1048576K
}
Event: 20.873 GC heap after
{Heap after GC invocations=34 (full 0):
 garbage-first heap   total 157696K, used 38700K [0x0000000081c00000, 0x0000000100000000)
  region size 1024K, 1 young (1024K), 1 survivors (1024K)
 Metaspace       used 29323K, capacity 30120K, committed 30208K, reserved 1077248K
  class space    used 2949K, capacity 3296K, committed 3328K, reserved 1048576K
}
Event: 21.065 GC heap before
{Heap before GC invocations=34 (full 0):
 garbage-first heap   total 157696K, used 131884K [0x0000000081c00000, 0x0000000100000000)
  region size 1024K, 92 young (94208K), 1 survivors (1024K)
 Metaspace       used 29323K, capacity 30120K, committed 30208K, reserved 1077248K
  class space    used 2949K, capacity 3296K, committed 3328K, reserved 1048576K
}
Event: 21.068 GC heap after
{Heap after GC invocations=35 (full 0):
 garbage-first heap   total 157696K, used 38787K [0x0000000081c00000, 0x0000000100000000)
  region size 1024K, 1 young (1024K), 1 survivors (1024K)
 Metaspace       used 29323K, capacity 30120K, committed 30208K, reserved 1077248K
  class space    used 2949K, capacity 3296K, committed 3328K, reserved 1048576K
}
Event: 22.725 GC heap before
{Heap before GC invocations=35 (full 0):
 garbage-first heap   total 157696K, used 131971K [0x0000000081c00000, 0x0000000100000000)
  region size 1024K, 92 young (94208K), 1 survivors (1024K)
 Metaspace       used 29338K, capacity 30120K, committed 30208K, reserved 1077248K
  class space    used 2949K, capacity 3296K, committed 3328K, reserved 1048576K
}
Event: 22.727 GC heap after
{Heap after GC invocations=36 (full 0):
 garbage-first heap   total 157696K, used 38246K [0x0000000081c00000, 0x0000000100000000)
  region size 1024K, 1 young (1024K), 1 survivors (1024K)
 Metaspace       used 29338K, capacity 30120K, committed 30208K, reserved 1077248K
  class space    used 2949K, capacity 3296K, committed 3328K, reserved 1048576K
}
Event: 25.254 GC heap before
{Heap before GC invocations=36 (full 0):
 garbage-first heap   total 157696K, used 131430K [0x0000000081c00000, 0x0000000100000000)
  region size 1024K, 92 young (94208K), 1 survivors (1024K)
 Metaspace       used 29390K, capacity 30248K, committed 30464K, reserved 1077248K
  class space    used 2950K, capacity 3296K, committed 3328K, reserved 1048576K
}
Event: 25.255 GC heap after
{Heap after GC invocations=37 (full 0):
 garbage-first heap   total 157696K, used 38226K [0x0000000081c00000, 0x0000000100000000)
  region size 1024K, 1 young (1024K), 1 survivors (1024K)
 Metaspace       used 29390K, capacity 30248K, committed 30464K, reserved 1077248K
  class space    used 2950K, capacity 3296K, committed 3328K, reserved 1048576K
}
Event: 28.395 GC heap before
{Heap before GC invocations=37 (full 0):
 garbage-first heap   total 157696K, used 147794K [0x0000000081c00000, 0x0000000100000000)
  region size 1024K, 92 young (94208K), 1 survivors (1024K)
 Metaspace       used 30410K, capacity 31241K, committed 31360K, reserved 1077248K
  class space    used 3065K, capacity 3422K, committed 3456K, reserved 1048576K
}
Event: 28.399 GC heap after
{Heap after GC invocations=38 (full 0):
 garbage-first heap   total 157696K, used 42719K [0x0000000081c00000, 0x0000000100000000)
  region size 1024K, 1 young (1024K), 1 survivors (1024K)
 Metaspace       used 30410K, capacity 31241K, committed 31360K, reserved 1077248K
  class space    used 3065K, capacity 3422K, committed 3456K, reserved 1048576K
}
Event: 33.053 GC heap before
{Heap before GC invocations=38 (full 0):
 garbage-first heap   total 157696K, used 135903K [0x0000000081c00000, 0x0000000100000000)
  region size 1024K, 92 young (94208K), 1 survivors (1024K)
 Metaspace       used 30646K, capacity 31504K, committed 31616K, reserved 1077248K
  class space    used 3069K, capacity 3422K, committed 3456K, reserved 1048576K
}
Event: 33.056 GC heap after
{Heap after GC invocations=39 (full 0):
 garbage-first heap   total 157696K, used 42760K [0x0000000081c00000, 0x0000000100000000)
  region size 1024K, 1 young (1024K), 1 survivors (1024K)
 Metaspace       used 30646K, capacity 31504K, committed 31616K, reserved 1077248K
  class space    used 3069K, capacity 3422K, committed 3456K, reserved 1048576K
}
Event: 37.799 GC heap before
{Heap before GC invocations=39 (full 0):
 garbage-first heap   total 157696K, used 135944K [0x0000000081c00000, 0x0000000100000000)
  region size 1024K, 92 young (94208K), 1 survivors (1024K)
 Metaspace       used 30669K, capacity 31504K, committed 31616K, reserved 1077248K
  class space    used 3069K, capacity 3422K, committed 3456K, reserved 1048576K
}
Event: 37.801 GC heap after
{Heap after GC invocations=40 (full 0):
 garbage-first heap   total 157696K, used 42765K [0x0000000081c00000, 0x0000000100000000)
  region size 1024K, 1 young (1024K), 1 survivors (1024K)
 Metaspace       used 30669K, capacity 31504K, committed 31616K, reserved 1077248K
  class space    used 3069K, capacity 3422K, committed 3456K, reserved 1048576K
}
Event: 43.540 GC heap before
{Heap before GC invocations=40 (full 0):
 garbage-first heap   total 157696K, used 135949K [0x0000000081c00000, 0x0000000100000000)
  region size 1024K, 92 young (94208K), 1 survivors (1024K)
 Metaspace       used 30709K, capacity 31572K, committed 31616K, reserved 1077248K
  class space    used 3070K, capacity 3423K, committed 3456K, reserved 1048576K
}
Event: 43.543 GC heap after
{Heap after GC invocations=41 (full 0):
 garbage-first heap   total 157696K, used 42778K [0x0000000081c00000, 0x0000000100000000)
  region size 1024K, 1 young (1024K), 1 survivors (1024K)
 Metaspace       used 30709K, capacity 31572K, committed 31616K, reserved 1077248K
  class space    used 3070K, capacity 3423K, committed 3456K, reserved 1048576K
}

Deoptimization events (20 events):
Event: 28.442 Thread 0x00000290b7c83800 Uncommon trap: trap_request=0xffffff4d fr.pc=0x00000290a782fd98 relative=0x0000000000000518
Event: 28.442 Thread 0x00000290b7c83800 Uncommon trap: reason=unstable_if action=reinterpret pc=0x00000290a782fd98 method=com.sun.javafx.geom.transform.AffineBase.updateState2D()V @ 51 c2
Event: 28.442 Thread 0x00000290b7c83800 DEOPT PACKING pc=0x00000290a782fd98 sp=0x000000fe7c0fd8e0
Event: 28.442 Thread 0x00000290b7c83800 DEOPT UNPACKING pc=0x000002909fb58eaf sp=0x000000fe7c0fd7b8 mode 2
Event: 28.443 Thread 0x00000290b7c83800 Uncommon trap: trap_request=0xffffff4d fr.pc=0x00000290a782f4c8 relative=0x00000000000001c8
Event: 28.443 Thread 0x00000290b7c83800 Uncommon trap: reason=unstable_if action=reinterpret pc=0x00000290a782f4c8 method=com.sun.javafx.geom.transform.AffineBase.updateState2D()V @ 51 c2
Event: 28.443 Thread 0x00000290b7c83800 DEOPT PACKING pc=0x00000290a782f4c8 sp=0x000000fe7c0fd830
Event: 28.443 Thread 0x00000290b7c83800 DEOPT UNPACKING pc=0x000002909fb58eaf sp=0x000000fe7c0fd7c8 mode 2
Event: 34.803 Thread 0x00000290b7eea000 Uncommon trap: trap_request=0xffffff4d fr.pc=0x00000290a7873b54 relative=0x0000000000000134
Event: 34.803 Thread 0x00000290b7eea000 Uncommon trap: reason=unstable_if action=reinterpret pc=0x00000290a7873b54 method=java.util.concurrent.locks.ReentrantLock$Sync.nonfairTryAcquire(I)Z @ 10 c2
Event: 34.803 Thread 0x00000290b7eea000 DEOPT PACKING pc=0x00000290a7873b54 sp=0x000000fe7c8f6140
Event: 34.803 Thread 0x00000290b7eea000 DEOPT UNPACKING pc=0x000002909fb58eaf sp=0x000000fe7c8f6080 mode 2
Event: 38.076 Thread 0x00000290b7eea000 Uncommon trap: trap_request=0xffffffde fr.pc=0x00000290a785cf80 relative=0x0000000000001380
Event: 38.076 Thread 0x00000290b7eea000 Uncommon trap: reason=class_check action=maybe_recompile pc=0x00000290a785cf80 method=javafx.scene.Node.updateLocalToParentTransform()V @ 209 c2
Event: 38.076 Thread 0x00000290b7eea000 DEOPT PACKING pc=0x00000290a785cf80 sp=0x000000fe7c8f48d0
Event: 38.076 Thread 0x00000290b7eea000 DEOPT UNPACKING pc=0x000002909fb58eaf sp=0x000000fe7c8f4858 mode 2
Event: 38.199 Thread 0x00000290b7eea000 Uncommon trap: trap_request=0xffffffde fr.pc=0x00000290a783d954 relative=0x0000000000002074
Event: 38.199 Thread 0x00000290b7eea000 Uncommon trap: reason=class_check action=maybe_recompile pc=0x00000290a783d954 method=javafx.scene.Node.getGeomBounds(Lcom/sun/javafx/geom/BaseBounds;Lcom/sun/javafx/geom/transform/BaseTransform;)Lcom/sun/javafx/geom/BaseBounds; @ 28 c2
Event: 38.199 Thread 0x00000290b7eea000 DEOPT PACKING pc=0x00000290a783d954 sp=0x000000fe7c8f4970
Event: 38.199 Thread 0x00000290b7eea000 DEOPT UNPACKING pc=0x000002909fb58eaf sp=0x000000fe7c8f4698 mode 2

Classes redefined (0 events):
No events

Internal exceptions (20 events):
Event: 7.177 Thread 0x00000290b7eea000 Exception <a 'java/lang/NoSuchMethodError'{0x00000000893e6458}: 'java.lang.Object java.lang.invoke.DirectMethodHandle$Holder.invokeStatic(java.lang.Object, java.lang.Object, double)'> (0x00000000893e6458) thrown at [c:/BuildAgent/work/5ff2f6c26000d570/src
Event: 8.356 Thread 0x00000290b7eea000 Exception <a 'sun/nio/fs/WindowsException'{0x00000000877f9440}> (0x00000000877f9440) thrown at [c:/BuildAgent/work/5ff2f6c26000d570/src/hotspot/share/prims/jni.cpp, line 615]
Event: 8.414 Thread 0x00000290b7eea000 Implicit null exception at 0x00000290a76560cf to 0x00000290a7656546
Event: 8.418 Thread 0x00000290b7eea000 Exception <a 'java/lang/NoSuchMethodError'{0x00000000874b7ee8}: 'void java.lang.invoke.DirectMethodHandle$Holder.invokeStatic(java.lang.Object, java.lang.Object, int, java.lang.Object)'> (0x00000000874b7ee8) thrown at [c:/BuildAgent/work/5ff2f6c26000d570/
Event: 8.420 Thread 0x00000290b7eea000 Exception <a 'java/lang/NoSuchMethodError'{0x00000000874be768}: 'void java.lang.invoke.DelegatingMethodHandle$Holder.delegate(java.lang.Object, java.lang.Object, int, java.lang.Object)'> (0x00000000874be768) thrown at [c:/BuildAgent/work/5ff2f6c26000d570/
Event: 8.422 Thread 0x00000290b7eea000 Exception <a 'java/lang/NoSuchMethodError'{0x00000000874c5e28}: 'java.lang.Object java.lang.invoke.DirectMethodHandle$Holder.invokeStaticInit(java.lang.Object, java.lang.Object, java.lang.Object)'> (0x00000000874c5e28) thrown at [c:/BuildAgent/work/5ff2f6
Event: 8.532 Thread 0x00000290b7eea000 Exception <a 'sun/nio/fs/WindowsException'{0x000000008731fe98}> (0x000000008731fe98) thrown at [c:/BuildAgent/work/5ff2f6c26000d570/src/hotspot/share/prims/jni.cpp, line 615]
Event: 8.533 Thread 0x00000290b7eea000 Exception <a 'sun/nio/fs/WindowsException'{0x00000000873203f0}> (0x00000000873203f0) thrown at [c:/BuildAgent/work/5ff2f6c26000d570/src/hotspot/share/prims/jni.cpp, line 615]
Event: 8.568 Thread 0x00000290b7eea000 Exception <a 'sun/nio/fs/WindowsException'{0x0000000087387578}> (0x0000000087387578) thrown at [c:/BuildAgent/work/5ff2f6c26000d570/src/hotspot/share/prims/jni.cpp, line 615]
Event: 8.568 Thread 0x00000290b7eea000 Exception <a 'sun/nio/fs/WindowsException'{0x00000000873878e8}> (0x00000000873878e8) thrown at [c:/BuildAgent/work/5ff2f6c26000d570/src/hotspot/share/prims/jni.cpp, line 615]
Event: 8.771 Thread 0x00000290b7eea000 Exception <a 'sun/nio/fs/WindowsException'{0x0000000087149e30}> (0x0000000087149e30) thrown at [c:/BuildAgent/work/5ff2f6c26000d570/src/hotspot/share/prims/jni.cpp, line 615]
Event: 8.771 Thread 0x00000290b7eea000 Exception <a 'sun/nio/fs/WindowsException'{0x000000008714a1d0}> (0x000000008714a1d0) thrown at [c:/BuildAgent/work/5ff2f6c26000d570/src/hotspot/share/prims/jni.cpp, line 615]
Event: 8.801 Thread 0x00000290b7eea000 Exception <a 'sun/nio/fs/WindowsException'{0x00000000870a2138}> (0x00000000870a2138) thrown at [c:/BuildAgent/work/5ff2f6c26000d570/src/hotspot/share/prims/jni.cpp, line 615]
Event: 8.801 Thread 0x00000290b7eea000 Exception <a 'sun/nio/fs/WindowsException'{0x00000000870a24e8}> (0x00000000870a24e8) thrown at [c:/BuildAgent/work/5ff2f6c26000d570/src/hotspot/share/prims/jni.cpp, line 615]
Event: 8.811 Thread 0x00000290b7eea000 Exception <a 'sun/nio/fs/WindowsException'{0x0000000086f5eb28}> (0x0000000086f5eb28) thrown at [c:/BuildAgent/work/5ff2f6c26000d570/src/hotspot/share/prims/jni.cpp, line 615]
Event: 8.811 Thread 0x00000290b7eea000 Exception <a 'sun/nio/fs/WindowsException'{0x0000000086f5ee10}> (0x0000000086f5ee10) thrown at [c:/BuildAgent/work/5ff2f6c26000d570/src/hotspot/share/prims/jni.cpp, line 615]
Event: 9.721 Thread 0x00000290b7eea000 Exception <a 'sun/nio/fs/WindowsException'{0x0000000088344668}> (0x0000000088344668) thrown at [c:/BuildAgent/work/5ff2f6c26000d570/src/hotspot/share/prims/jni.cpp, line 615]
Event: 9.721 Thread 0x00000290b7eea000 Exception <a 'sun/nio/fs/WindowsException'{0x00000000883449f0}> (0x00000000883449f0) thrown at [c:/BuildAgent/work/5ff2f6c26000d570/src/hotspot/share/prims/jni.cpp, line 615]
Event: 13.841 Thread 0x00000290b7eea000 Implicit null exception at 0x00000290a77598ba to 0x00000290a775d1fa
Event: 28.208 Thread 0x00000290b7eea000 Exception <a 'java/io/FileNotFoundException'{0x000000008604ea60}> (0x000000008604ea60) thrown at [c:/BuildAgent/work/5ff2f6c26000d570/src/hotspot/share/prims/jni.cpp, line 615]

Events (20 events):
Event: 45.052 Thread 0x00000290b7ff7800 Thread added: 0x00000290b7ff7800
Event: 45.052 Thread 0x00000290b7ff7800 Thread exited: 0x00000290b7ff7800
Event: 45.052 Thread 0x00000290b7ff5800 Thread added: 0x00000290b7ff5800
Event: 45.052 Thread 0x00000290b7ff5800 Thread exited: 0x00000290b7ff5800
Event: 45.052 Thread 0x00000290b7ff5800 Thread added: 0x00000290b7ff5800
Event: 45.052 Thread 0x00000290b7ff5800 Thread exited: 0x00000290b7ff5800
Event: 45.052 Thread 0x00000290b7ff7800 Thread added: 0x00000290b7ff7800
Event: 45.052 Thread 0x00000290b7ff7800 Thread exited: 0x00000290b7ff7800
Event: 45.151 Thread 0x00000290b7ff5800 Thread added: 0x00000290b7ff5800
Event: 45.152 Thread 0x00000290b7ff5800 Thread exited: 0x00000290b7ff5800
Event: 45.152 Thread 0x00000290b7ff5800 Thread added: 0x00000290b7ff5800
Event: 45.152 Thread 0x00000290b7ff5800 Thread exited: 0x00000290b7ff5800
Event: 45.152 Thread 0x00000290b7ff7800 Thread added: 0x00000290b7ff7800
Event: 45.152 Thread 0x00000290b7ff7800 Thread exited: 0x00000290b7ff7800
Event: 45.152 Thread 0x00000290b7ff7800 Thread added: 0x00000290b7ff7800
Event: 45.152 Thread 0x00000290b7ff7800 Thread exited: 0x00000290b7ff7800
Event: 45.152 Thread 0x00000290b7ff5800 Thread added: 0x00000290b7ff5800
Event: 45.152 Thread 0x00000290b7ff5800 Thread exited: 0x00000290b7ff5800
Event: 45.152 Thread 0x00000290b7ff7800 Thread added: 0x00000290b7ff7800
Event: 45.152 Thread 0x00000290b7ff7800 Thread exited: 0x00000290b7ff7800


Dynamic libraries:
0x00007ff76a450000 - 0x00007ff76a45a000 	C:\Program Files\JetBrains\IntelliJ IDEA Community Edition 2019.3.3\jbr\bin\java.exe
0x00007ffa41720000 - 0x00007ffa41910000 	C:\Windows\SYSTEM32\ntdll.dll
0x00007ffa41570000 - 0x00007ffa41622000 	C:\Windows\System32\KERNEL32.DLL
0x00007ffa3e9e0000 - 0x00007ffa3ec84000 	C:\Windows\System32\KERNELBASE.dll
0x00007ffa3e790000 - 0x00007ffa3e88a000 	C:\Windows\System32\ucrtbase.dll
0x00007ffa37ad0000 - 0x00007ffa37ae9000 	C:\Program Files\JetBrains\IntelliJ IDEA Community Edition 2019.3.3\jbr\bin\jli.dll
0x00007ffa3f910000 - 0x00007ffa3faa4000 	C:\Windows\System32\USER32.dll
0x00007ffa3e760000 - 0x00007ffa3e781000 	C:\Windows\System32\win32u.dll
0x00007ffa40790000 - 0x00007ffa407b6000 	C:\Windows\System32\GDI32.dll
0x00007ffa3ee30000 - 0x00007ffa3efc4000 	C:\Windows\System32\gdi32full.dll
0x00007ffa3ed10000 - 0x00007ffa3edae000 	C:\Windows\System32\msvcp_win.dll
0x00007ffa355a0000 - 0x00007ffa355b7000 	C:\Program Files\JetBrains\IntelliJ IDEA Community Edition 2019.3.3\jbr\bin\VCRUNTIME140.dll
0x00007ffa3d9d0000 - 0x00007ffa3dc54000 	C:\Windows\WinSxS\amd64_microsoft.windows.common-controls_6595b64144ccf1df_6.0.18362.836_none_e6c4b943130f18ed\COMCTL32.dll
0x00007ffa3fe90000 - 0x00007ffa3ff2e000 	C:\Windows\System32\msvcrt.dll
0x00007ffa40a30000 - 0x00007ffa40d66000 	C:\Windows\System32\combase.dll
0x00007ffa3fb60000 - 0x00007ffa3fc80000 	C:\Windows\System32\RPCRT4.dll
0x00007ffa3ec90000 - 0x00007ffa3ed10000 	C:\Windows\System32\bcryptPrimitives.dll
0x00007ffa41540000 - 0x00007ffa4156e000 	C:\Windows\System32\IMM32.DLL
0x00007ffa25960000 - 0x00007ffa259fd000 	C:\Program Files\JetBrains\IntelliJ IDEA Community Edition 2019.3.3\jbr\bin\msvcp140.dll
0x00007ff9ef700000 - 0x00007ff9f01bd000 	C:\Program Files\JetBrains\IntelliJ IDEA Community Edition 2019.3.3\jbr\bin\server\jvm.dll
0x00007ffa3fab0000 - 0x00007ffa3fb53000 	C:\Windows\System32\ADVAPI32.dll
0x00007ffa40990000 - 0x00007ffa40a27000 	C:\Windows\System32\sechost.dll
0x00007ffa40e40000 - 0x00007ffa40e48000 	C:\Windows\System32\PSAPI.DLL
0x00007ffa32d10000 - 0x00007ffa32d19000 	C:\Windows\SYSTEM32\WSOCK32.dll
0x00007ffa3fe20000 - 0x00007ffa3fe8f000 	C:\Windows\System32\WS2_32.dll
0x00007ffa38e50000 - 0x00007ffa38e74000 	C:\Windows\SYSTEM32\WINMM.dll
0x00007ffa3a320000 - 0x00007ffa3a32a000 	C:\Windows\SYSTEM32\VERSION.dll
0x00007ffa38e20000 - 0x00007ffa38e4d000 	C:\Windows\SYSTEM32\WINMMBASE.dll
0x00007ffa3f780000 - 0x00007ffa3f7ca000 	C:\Windows\System32\cfgmgr32.dll
0x00007ffa3e690000 - 0x00007ffa3e6a1000 	C:\Windows\System32\kernel.appcore.dll
0x00007ffa34070000 - 0x00007ffa34081000 	C:\Program Files\JetBrains\IntelliJ IDEA Community Edition 2019.3.3\jbr\bin\verify.dll
0x00007ffa3e100000 - 0x00007ffa3e2f4000 	C:\Windows\SYSTEM32\DBGHELP.DLL
0x00007ffa3dd10000 - 0x00007ffa3dd3a000 	C:\Windows\SYSTEM32\dbgcore.DLL
0x00007ffa28b30000 - 0x00007ffa28b59000 	C:\Program Files\JetBrains\IntelliJ IDEA Community Edition 2019.3.3\jbr\bin\java.dll
0x00007ffa35250000 - 0x00007ffa3525f000 	C:\Program Files\JetBrains\IntelliJ IDEA Community Edition 2019.3.3\jbr\bin\instrument.dll
0x00007ffa288e0000 - 0x00007ffa288f8000 	C:\Program Files\JetBrains\IntelliJ IDEA Community Edition 2019.3.3\jbr\bin\zip.dll
0x00007ffa3ab80000 - 0x00007ffa3ab8b000 	C:\Program Files\JetBrains\IntelliJ IDEA Community Edition 2019.3.3\jbr\bin\jimage.dll
0x00007ffa40e50000 - 0x00007ffa41534000 	C:\Windows\System32\SHELL32.dll
0x00007ffa41630000 - 0x00007ffa416d9000 	C:\Windows\System32\shcore.dll
0x00007ffa3efd0000 - 0x00007ffa3f74e000 	C:\Windows\System32\windows.storage.dll
0x00007ffa3e610000 - 0x00007ffa3e633000 	C:\Windows\System32\profapi.dll
0x00007ffa3e640000 - 0x00007ffa3e68a000 	C:\Windows\System32\powrprof.dll
0x00007ffa3e5e0000 - 0x00007ffa3e5f0000 	C:\Windows\System32\UMPDC.dll
0x00007ffa3fd30000 - 0x00007ffa3fd82000 	C:\Windows\System32\shlwapi.dll
0x00007ffa3edb0000 - 0x00007ffa3edc7000 	C:\Windows\System32\cryptsp.dll
0x00007ffa288c0000 - 0x00007ffa288da000 	C:\Program Files\JetBrains\IntelliJ IDEA Community Edition 2019.3.3\jbr\bin\net.dll
0x00007ffa35ce0000 - 0x00007ffa35dd0000 	C:\Windows\SYSTEM32\WINHTTP.dll
0x00007ffa3d790000 - 0x00007ffa3d7f7000 	C:\Windows\system32\mswsock.dll
0x00007ffa288a0000 - 0x00007ffa288b4000 	C:\Program Files\JetBrains\IntelliJ IDEA Community Edition 2019.3.3\jbr\bin\nio.dll
0x00007ffa35230000 - 0x00007ffa3524a000 	C:\Program Files\JetBrains\IntelliJ IDEA Community Edition 2019.3.3\bin\breakgen64.dll
0x000002909a370000 - 0x000002909a373000 	C:\Program Files\JetBrains\IntelliJ IDEA Community Edition 2019.3.3\jbr\bin\api-ms-win-core-console-l1-1-0.dll
0x00000290b87f0000 - 0x00000290b87f3000 	C:\Program Files\JetBrains\IntelliJ IDEA Community Edition 2019.3.3\jbr\bin\api-ms-win-core-datetime-l1-1-0.dll
0x00000290b8a00000 - 0x00000290b8a03000 	C:\Program Files\JetBrains\IntelliJ IDEA Community Edition 2019.3.3\jbr\bin\api-ms-win-core-debug-l1-1-0.dll
0x00000290b8a10000 - 0x00000290b8a13000 	C:\Program Files\JetBrains\IntelliJ IDEA Community Edition 2019.3.3\jbr\bin\api-ms-win-core-errorhandling-l1-1-0.dll
0x00000290b8a20000 - 0x00000290b8a24000 	C:\Program Files\JetBrains\IntelliJ IDEA Community Edition 2019.3.3\jbr\bin\api-ms-win-core-file-l1-1-0.dll
0x00000290b8a30000 - 0x00000290b8a33000 	C:\Program Files\JetBrains\IntelliJ IDEA Community Edition 2019.3.3\jbr\bin\api-ms-win-core-file-l1-2-0.dll
0x00000290b8a40000 - 0x00000290b8a43000 	C:\Program Files\JetBrains\IntelliJ IDEA Community Edition 2019.3.3\jbr\bin\api-ms-win-core-file-l2-1-0.dll
0x00000290b8a50000 - 0x00000290b8a53000 	C:\Program Files\JetBrains\IntelliJ IDEA Community Edition 2019.3.3\jbr\bin\api-ms-win-core-handle-l1-1-0.dll
0x00000290b8a60000 - 0x00000290b8a63000 	C:\Program Files\JetBrains\IntelliJ IDEA Community Edition 2019.3.3\jbr\bin\api-ms-win-core-heap-l1-1-0.dll
0x00000290b8a70000 - 0x00000290b8a73000 	C:\Program Files\JetBrains\IntelliJ IDEA Community Edition 2019.3.3\jbr\bin\api-ms-win-core-interlocked-l1-1-0.dll
0x00000290b8a80000 - 0x00000290b8a83000 	C:\Program Files\JetBrains\IntelliJ IDEA Community Edition 2019.3.3\jbr\bin\api-ms-win-core-libraryloader-l1-1-0.dll
0x00000290b8a90000 - 0x00000290b8a93000 	C:\Program Files\JetBrains\IntelliJ IDEA Community Edition 2019.3.3\jbr\bin\api-ms-win-core-localization-l1-2-0.dll
0x00000290b8aa0000 - 0x00000290b8aa3000 	C:\Program Files\JetBrains\IntelliJ IDEA Community Edition 2019.3.3\jbr\bin\api-ms-win-core-memory-l1-1-0.dll
0x00000290b8ab0000 - 0x00000290b8ab3000 	C:\Program Files\JetBrains\IntelliJ IDEA Community Edition 2019.3.3\jbr\bin\api-ms-win-core-namedpipe-l1-1-0.dll
0x00000290b8ac0000 - 0x00000290b8ac3000 	C:\Program Files\JetBrains\IntelliJ IDEA Community Edition 2019.3.3\jbr\bin\api-ms-win-core-processenvironment-l1-1-0.dll
0x00000290b8ad0000 - 0x00000290b8ad3000 	C:\Program Files\JetBrains\IntelliJ IDEA Community Edition 2019.3.3\jbr\bin\api-ms-win-core-processthreads-l1-1-0.dll
0x00000290b8ae0000 - 0x00000290b8ae3000 	C:\Program Files\JetBrains\IntelliJ IDEA Community Edition 2019.3.3\jbr\bin\api-ms-win-core-processthreads-l1-1-1.dll
0x00000290b8af0000 - 0x00000290b8af3000 	C:\Program Files\JetBrains\IntelliJ IDEA Community Edition 2019.3.3\jbr\bin\api-ms-win-core-profile-l1-1-0.dll
0x00000290b8b00000 - 0x00000290b8b03000 	C:\Program Files\JetBrains\IntelliJ IDEA Community Edition 2019.3.3\jbr\bin\api-ms-win-core-rtlsupport-l1-1-0.dll
0x00000290b8b10000 - 0x00000290b8b13000 	C:\Program Files\JetBrains\IntelliJ IDEA Community Edition 2019.3.3\jbr\bin\api-ms-win-core-string-l1-1-0.dll
0x00000290b8b20000 - 0x00000290b8b23000 	C:\Program Files\JetBrains\IntelliJ IDEA Community Edition 2019.3.3\jbr\bin\api-ms-win-core-synch-l1-1-0.dll
0x00000290b8b30000 - 0x00000290b8b33000 	C:\Program Files\JetBrains\IntelliJ IDEA Community Edition 2019.3.3\jbr\bin\api-ms-win-core-synch-l1-2-0.dll
0x00000290b8b40000 - 0x00000290b8b43000 	C:\Program Files\JetBrains\IntelliJ IDEA Community Edition 2019.3.3\jbr\bin\api-ms-win-core-sysinfo-l1-1-0.dll
0x00000290b8b50000 - 0x00000290b8b53000 	C:\Program Files\JetBrains\IntelliJ IDEA Community Edition 2019.3.3\jbr\bin\api-ms-win-core-timezone-l1-1-0.dll
0x00000290b8b60000 - 0x00000290b8b63000 	C:\Program Files\JetBrains\IntelliJ IDEA Community Edition 2019.3.3\jbr\bin\api-ms-win-core-util-l1-1-0.dll
0x00000290b8b70000 - 0x00000290b8b73000 	C:\Program Files\JetBrains\IntelliJ IDEA Community Edition 2019.3.3\jbr\bin\api-ms-win-crt-conio-l1-1-0.dll
0x00000290b8b80000 - 0x00000290b8b84000 	C:\Program Files\JetBrains\IntelliJ IDEA Community Edition 2019.3.3\jbr\bin\api-ms-win-crt-convert-l1-1-0.dll
0x00000290b8b90000 - 0x00000290b8b93000 	C:\Program Files\JetBrains\IntelliJ IDEA Community Edition 2019.3.3\jbr\bin\api-ms-win-crt-environment-l1-1-0.dll
0x00000290b8ba0000 - 0x00000290b8ba3000 	C:\Program Files\JetBrains\IntelliJ IDEA Community Edition 2019.3.3\jbr\bin\api-ms-win-crt-filesystem-l1-1-0.dll
0x00000290b8bb0000 - 0x00000290b8bb3000 	C:\Program Files\JetBrains\IntelliJ IDEA Community Edition 2019.3.3\jbr\bin\api-ms-win-crt-heap-l1-1-0.dll
0x00000290b8bc0000 - 0x00000290b8bc3000 	C:\Program Files\JetBrains\IntelliJ IDEA Community Edition 2019.3.3\jbr\bin\api-ms-win-crt-locale-l1-1-0.dll
0x00000290b8bd0000 - 0x00000290b8bd5000 	C:\Program Files\JetBrains\IntelliJ IDEA Community Edition 2019.3.3\jbr\bin\api-ms-win-crt-math-l1-1-0.dll
0x00000290b8be0000 - 0x00000290b8be5000 	C:\Program Files\JetBrains\IntelliJ IDEA Community Edition 2019.3.3\jbr\bin\api-ms-win-crt-multibyte-l1-1-0.dll
0x00000290b8bf0000 - 0x00000290b8c00000 	C:\Program Files\JetBrains\IntelliJ IDEA Community Edition 2019.3.3\jbr\bin\api-ms-win-crt-private-l1-1-0.dll
0x00000290b8c00000 - 0x00000290b8c03000 	C:\Program Files\JetBrains\IntelliJ IDEA Community Edition 2019.3.3\jbr\bin\api-ms-win-crt-process-l1-1-0.dll
0x00000290b8c10000 - 0x00000290b8c14000 	C:\Program Files\JetBrains\IntelliJ IDEA Community Edition 2019.3.3\jbr\bin\api-ms-win-crt-runtime-l1-1-0.dll
0x00000290b8c20000 - 0x00000290b8c24000 	C:\Program Files\JetBrains\IntelliJ IDEA Community Edition 2019.3.3\jbr\bin\api-ms-win-crt-stdio-l1-1-0.dll
0x00000290b8c30000 - 0x00000290b8c34000 	C:\Program Files\JetBrains\IntelliJ IDEA Community Edition 2019.3.3\jbr\bin\api-ms-win-crt-string-l1-1-0.dll
0x00000290b8c40000 - 0x00000290b8c43000 	C:\Program Files\JetBrains\IntelliJ IDEA Community Edition 2019.3.3\jbr\bin\api-ms-win-crt-time-l1-1-0.dll
0x00000290b8c50000 - 0x00000290b8c53000 	C:\Program Files\JetBrains\IntelliJ IDEA Community Edition 2019.3.3\jbr\bin\api-ms-win-crt-utility-l1-1-0.dll
0x00007ffa0e160000 - 0x00007ffa0e25a000 	C:\Program Files\JetBrains\IntelliJ IDEA Community Edition 2019.3.3\jbr\bin\ucrtbase.dll
0x00007ffa1b7b0000 - 0x00007ffa1b801000 	C:\Windows\System32\concrt140.dll
0x00007ffa35120000 - 0x00007ffa35143000 	C:\Program Files\JetBrains\IntelliJ IDEA Community Edition 2019.3.3\jbr\bin\prism_d3d.dll
0x00007ffa2ba30000 - 0x00007ffa2bbf7000 	C:\Windows\system32\d3d9.dll
0x00007ffa3c2e0000 - 0x00007ffa3c30d000 	C:\Windows\SYSTEM32\dwmapi.dll
0x00007ffa3cbe0000 - 0x00007ffa3cc00000 	C:\Windows\SYSTEM32\dxcore.dll
0x00007ffa3c1f0000 - 0x00007ffa3c289000 	C:\Windows\system32\uxtheme.dll
0x00007ff9eced0000 - 0x00007ff9ed93d000 	C:\Windows\SYSTEM32\igdumdim64.dll
0x00007ffa25b00000 - 0x00007ffa25f65000 	C:\Windows\SYSTEM32\igdusc64.dll
0x00007ffa16a50000 - 0x00007ffa16a95000 	C:\Program Files\JetBrains\IntelliJ IDEA Community Edition 2019.3.3\jbr\bin\glass.dll
0x00007ffa40650000 - 0x00007ffa40720000 	C:\Windows\System32\COMDLG32.dll
0x00007ffa407c0000 - 0x00007ffa40917000 	C:\Windows\System32\ole32.dll
0x00007ffa40d70000 - 0x00007ffa40e34000 	C:\Windows\System32\OLEAUT32.dll
0x00007ffa3f7d0000 - 0x00007ffa3f906000 	C:\Windows\System32\MSCTF.dll
0x00007ffa0dce0000 - 0x00007ffa0de81000 	C:\Program Files\JetBrains\IntelliJ IDEA Community Edition 2019.3.3\jbr\bin\awt.dll
0x00007ffa3c030000 - 0x00007ffa3c0bf000 	C:\Windows\SYSTEM32\apphelp.dll
0x00007ffa248d0000 - 0x00007ffa24a26000 	C:\Windows\system32\opengl32.dll
0x00007ffa36c40000 - 0x00007ffa36c6c000 	C:\Windows\SYSTEM32\GLU32.dll
0x00007ffa2a660000 - 0x00007ffa2a674000 	C:\Program Files\JetBrains\IntelliJ IDEA Community Edition 2019.3.3\jbr\bin\javafx_font.dll
0x00007ffa258c0000 - 0x00007ffa25945000 	C:\Program Files\JetBrains\IntelliJ IDEA Community Edition 2019.3.3\jbr\bin\freetype.dll
0x00007ffa25520000 - 0x00007ffa255c8000 	C:\Program Files\JetBrains\IntelliJ IDEA Community Edition 2019.3.3\jbr\bin\fontmanager.dll
0x00007ffa27990000 - 0x00007ffa27c8e000 	C:\Windows\SYSTEM32\dwrite.dll
0x00007ffa13750000 - 0x00007ffa137e0000 	C:\Program Files\JetBrains\IntelliJ IDEA Community Edition 2019.3.3\jbr\bin\glib-lite.dll
0x00007ffa0baf0000 - 0x00007ffa0bba7000 	C:\Program Files\JetBrains\IntelliJ IDEA Community Edition 2019.3.3\jbr\bin\gstreamer-lite.dll
0x00007ffa085a0000 - 0x00007ffa08639000 	C:\Windows\SYSTEM32\DSOUND.dll
0x00007ffa22030000 - 0x00007ffa22056000 	C:\Program Files\JetBrains\IntelliJ IDEA Community Edition 2019.3.3\jbr\bin\jfxmedia.dll
0x00007ffa3fc80000 - 0x00007ffa3fd22000 	C:\Windows\System32\clbcatq.dll
0x00007ffa3a330000 - 0x00007ffa3a420000 	C:\Windows\system32\propsys.dll
0x00007ffa1cf60000 - 0x00007ffa1cf82000 	C:\Program Files\JetBrains\IntelliJ IDEA Community Edition 2019.3.3\jbr\bin\fxplugins.dll
0x00007ffa36ce0000 - 0x00007ffa36d52000 	C:\Windows\System32\MMDevApi.dll
0x00007ffa3e3e0000 - 0x00007ffa3e40a000 	C:\Windows\System32\DEVOBJ.dll
0x00007ffa369b0000 - 0x00007ffa36b0d000 	C:\Windows\SYSTEM32\AUDIOSES.DLL
0x00007ffa39320000 - 0x00007ffa39473000 	C:\Windows\SYSTEM32\wintypes.dll
0x00007ffa3c630000 - 0x00007ffa3c644000 	C:\Windows\SYSTEM32\resourcepolicyclient.dll
0x00007ffa3d960000 - 0x00007ffa3d96c000 	C:\Windows\SYSTEM32\CRYPTBASE.DLL
0x00007ffa1b780000 - 0x00007ffa1b7aa000 	C:\Windows\System32\qasf.dll
0x00007ff9f7a40000 - 0x00007ff9f7c92000 	C:\Windows\System32\WMVCore.DLL
0x00007ffa2b470000 - 0x00007ffa2b47b000 	C:\Windows\System32\msdmo.dll

dbghelp: loaded successfully - version: 4.0.5 - missing functions: none
symbol engine: initialized successfully - sym options: 0x614 - pdb path: .;C:\Program Files\JetBrains\IntelliJ IDEA Community Edition 2019.3.3\jbr\bin;C:\Windows\SYSTEM32;C:\Windows\WinSxS\amd64_microsoft.windows.common-controls_6595b64144ccf1df_6.0.18362.836_none_e6c4b943130f18ed;C:\Program Files\JetBrains\IntelliJ IDEA Community Edition 2019.3.3\jbr\bin\server;C:\Program Files\JetBrains\IntelliJ IDEA Community Edition 2019.3.3\bin;C:\Windows\System32\DriverStore\FileRepository\nvami.inf_amd64_a3d5bcc37ff12fed;C:\Program Files\Common Files\Microsoft Shared\Ink;C:\Users\vecto\AppData\Local\Temp\lwjglvecto\3.2.3-build-13

VM Arguments:
jvm_args: -javaagent:C:\Program Files\JetBrains\IntelliJ IDEA Community Edition 2019.3.3\lib\idea_rt.jar=65283:C:\Program Files\JetBrains\IntelliJ IDEA Community Edition 2019.3.3\bin -Dfile.encoding=UTF-8 
java_command: com.falconfly.menu.MainMenu
java_class_path (initial): D:\BSUIR\4cem\MyGame\falcon-fly\out\production\falcon-fly;D:\BSUIR\4cem\MyGame\lwjgl-3.2.3\lwjgl\lwjgl.jar;D:\BSUIR\4cem\MyGame\lwjgl-3.2.3\lwjgl\lwjgl-javadoc.jar;D:\BSUIR\4cem\MyGame\lwjgl-3.2.3\lwjgl\lwjgl-sources.jar;D:\BSUIR\4cem\MyGame\lwjgl-3.2.3\lwjgl\lwjgl-natives-linux.jar;D:\BSUIR\4cem\MyGame\lwjgl-3.2.3\lwjgl\lwjgl-natives-macos.jar;D:\BSUIR\4cem\MyGame\lwjgl-3.2.3\lwjgl\lwjgl-natives-windows.jar;D:\BSUIR\4cem\MyGame\lwjgl-3.2.3\lwjgl\lwjgl-natives-linux-arm32.jar;D:\BSUIR\4cem\MyGame\lwjgl-3.2.3\lwjgl\lwjgl-natives-linux-arm64.jar;D:\BSUIR\4cem\MyGame\lwjgl-3.2.3\lwjgl\lwjgl-natives-windows-x86.jar;D:\BSUIR\4cem\MyGame\lwjgl-3.2.3\lwjgl-assimp\lwjgl-assimp.jar;D:\BSUIR\4cem\MyGame\lwjgl-3.2.3\lwjgl-assimp\lwjgl-assimp-javadoc.jar;D:\BSUIR\4cem\MyGame\lwjgl-3.2.3\lwjgl-assimp\lwjgl-assimp-sources.jar;D:\BSUIR\4cem\MyGame\lwjgl-3.2.3\lwjgl-assimp\lwjgl-assimp-natives-linux.jar;D:\BSUIR\4cem\MyGame\lwjgl-3.2.3\lwjgl-assimp\lwjgl-assimp-natives-macos.jar;D:\BSUIR\4cem\MyGame\lwjgl-3.2.3\lwjgl-assimp\lwjgl-assimp-natives-windows.jar;D:\BSUIR\4cem\MyGame\lwjgl-3.2.3\lwjgl-assimp\lwjgl-assimp-natives-linux-arm32.jar;D:\BSUIR\4cem\MyGame\lwjgl-3.2.3\lwjgl-assimp\lwjgl-assimp-natives-linux-arm64.jar;D:\BSUIR\4cem\MyGame\lwjgl-3.2.3\lwjgl-assimp\lwjgl-assimp-natives-windows-x86.jar;D:\BSUIR\4cem\MyGame\lwjgl-3.2.3\lwjgl-bgfx\lwjgl-bgfx.jar;D:\BSUIR\4cem\MyGame\lwjgl-3.2.3\lwjgl-bgfx\lwjgl-bgfx-javadoc.jar;D:\BSUIR\4cem\MyGame\lwjgl-3.2.3\lwjgl-bgfx\lwjgl-bgfx-sources.jar;D:\BSUIR\4cem\MyGame\lwjgl-3.2.3\lwjgl-bgfx\lwjgl-bgfx-natives-linux.jar;D:\BSUIR\4cem\MyGame\lwjgl-3.2.3\lwjgl-bgfx\lwjgl-bgfx-natives-macos.jar;D:\BSUIR\4cem\MyGame\lwjgl-3.2.3\lwjgl-bgfx\lwjgl-bgfx-natives-windows.jar;D:\BSUIR\4cem\MyGame\lwjgl-3.2.3\lwjgl-bgfx\lwjgl-bgfx-natives-linux-arm32.jar;D:\BSUIR\4cem\MyGame\lwjgl-3.2.3\lwjgl-bgfx\lwjgl-bgfx-natives-linux-arm64.jar;D:\BSUIR\4cem\MyGame\lwjgl-3.2.3\lwjgl-bgfx\lwjgl-bgfx-natives-windows-x86.jar;D:\BSUIR\4cem\
Launcher Type: SUN_STANDARD

[Global flags]
     intx CICompilerCount                          = 3                                         {product} {ergonomic}
     uint ConcGCThreads                            = 1                                         {product} {ergonomic}
     uint G1ConcRefinementThreads                  = 4                                         {product} {ergonomic}
   size_t G1HeapRegionSize                         = 1048576                                   {product} {ergonomic}
    uintx GCDrainStackTargetSize                   = 64                                        {product} {ergonomic}
   size_t InitialHeapSize                          = 134217728                                 {product} {ergonomic}
   size_t MarkStackSize                            = 4194304                                   {product} {ergonomic}
   size_t MaxHeapSize                              = 2118123520                                {product} {ergonomic}
   size_t MaxNewSize                               = 1270874112                                {product} {ergonomic}
   size_t MinHeapDeltaBytes                        = 1048576                                   {product} {ergonomic}
    uintx NonNMethodCodeHeapSize                   = 5830732                                {pd product} {ergonomic}
    uintx NonProfiledCodeHeapSize                  = 122913754                              {pd product} {ergonomic}
    uintx ProfiledCodeHeapSize                     = 122913754                              {pd product} {ergonomic}
    uintx ReservedCodeCacheSize                    = 251658240                              {pd product} {ergonomic}
     bool SegmentedCodeCache                       = true                                      {product} {ergonomic}
     bool UseCompressedClassPointers               = true                                 {lp64_product} {ergonomic}
     bool UseCompressedOops                        = true                                 {lp64_product} {ergonomic}
     bool UseG1GC                                  = true                                      {product} {ergonomic}
     bool UseLargePagesIndividualAllocation        = false                                  {pd product} {ergonomic}

Logging:
Log output configuration:
 #0: stdout all=warning uptime,level,tags
 #1: stderr all=off uptime,level,tags

Environment Variables:
PATH=C:\Windows\system32;C:\Windows;C:\Windows\System32\Wbem;C:\Windows\System32\WindowsPowerShell\v1.0\;C:\Windows\System32\OpenSSH\;C:\Program Files (x86)\NVIDIA Corporation\PhysX\Common;C:\Program Files\NVIDIA Corporation\NVIDIA NvDLISR;C:\Program Files (x86)\Common Files\Acronis\SnapAPI\;C:\Program Files\dotnet\;C:\Program Files\Git\cmd;C:\Users\vecto\AppData\Local\Microsoft\WindowsApps;
USERNAME=vecto
OS=Windows_NT
PROCESSOR_IDENTIFIER=Intel64 Family 6 Model 58 Stepping 9, GenuineIntel



---------------  S Y S T E M  ---------------

OS: Windows 10 , 64 bit Build 18362 (10.0.18362.778)

CPU:total 4 (initial active 4) (2 cores per cpu, 2 threads per core) family 6 model 58 stepping 9, cmov, cx8, fxsr, mmx, sse, sse2, sse3, ssse3, sse4.1, sse4.2, popcnt, avx, aes, clmul, erms, ht, tsc, tscinvbit, tscinv

Memory: 4k page, system-wide physical 8077M (1838M free)
TotalPageFile size 14221M (AvailPageFile size 3105M)
current process WorkingSet (physical memory assigned to process): 455M, peak: 578M
current process commit charge ("private bytes"): 509M, peak: 648M

vm_info: OpenJDK 64-Bit Server VM (11.0.6+8-b520.43) for windows-amd64 JRE (11.0.6+8-b520.43), built on Feb  3 2020 14:18:56 by "" with MS VC++ 14.0 (VS2015)

END.
