#
# A fatal error has been detected by the Java Runtime Environment:
#
#  EXCEPTION_ACCESS_VIOLATION (0xc0000005) at pc=0x00007ffc4d5d6490, pid=15152, tid=12640
#
# JRE version: OpenJDK Runtime Environment (11.0.5+10) (build 11.0.5+10-b520.30)
# Java VM: OpenJDK 64-Bit Server VM (11.0.5+10-b520.30, mixed mode, sharing, tiered, compressed oops, g1 gc, windows-amd64)
# Problematic frame:
# C  0x00007ffc4d5d6490
#
# No core dump will be written. Minidumps are not enabled by default on client versions of Windows
#
# If you would like to submit a bug report, please visit:
#   http://bugreport.java.com/bugreport/crash.jsp
# The crash happened outside the Java Virtual Machine in native code.
# See problematic frame for where to report the bug.
#

---------------  S U M M A R Y ------------

Command Line: -javaagent:D:\IntelliJ\IntelliJ IDEA Community Edition 2019.3.2\lib\idea_rt.jar=56566:D:\IntelliJ\IntelliJ IDEA Community Edition 2019.3.2\bin -Dfile.encoding=UTF-8 com.falconfly.menu.MainMenu

Host: Intel(R) Core(TM) i5-8250U CPU @ 1.60GHz, 8 cores, 7G,  Windows 10 , 64 bit Build 17763 (10.0.17763.1158)
Time: Sun May 31 21:26:34 2020 Aaea?onu (ceia) elapsed time: 16 seconds (0d 0h 0m 16s)

---------------  T H R E A D  ---------------

Current thread (0x000002dfa1bae000):  JavaThread "JavaFX Application Thread" [_thread_in_native, id=12640, stack(0x000000f57c900000,0x000000f57ca00000)]

Stack: [0x000000f57c900000,0x000000f57ca00000],  sp=0x000000f57c9fafd0,  free space=1003k
Native frames: (J=compiled Java code, j=interpreted, Vv=VM code, C=native code)
C  0x00007ffc4d5d6490

Java frames: (J=compiled Java code, j=interpreted, Vv=VM code)
J 2927  org.lwjgl.system.JNI.invokePV(JJ)V (0 bytes) @ 0x000002df91d0e714 [0x000002df91d0e6c0+0x0000000000000054]
j  org.lwjgl.glfw.GLFW.glfwDestroyWindow(J)V+6
j  com.falconfly.engine.EngineWindow.destroy()V+4
j  com.falconfly.engine.Engine.cleanup()V+13
j  com.falconfly.engine.Engine.run()V+9
j  com.falconfly.engine.main.Main.main([Ljava/lang/String;)V+29
j  com.falconfly.menu.MainMenu.handle(Ljavafx/event/ActionEvent;)V+134
j  com.falconfly.menu.MainMenu$$Lambda$143.handle(Ljavafx/event/Event;)V+8
j  com.sun.javafx.event.CompositeEventHandler.dispatchBubblingEvent(Ljavafx/event/Event;)V+51 javafx.base@11.0.5
j  com.sun.javafx.event.EventHandlerManager.dispatchBubblingEvent(Ljavafx/event/EventType;Ljavafx/event/Event;)Ljavafx/event/Event;+29 javafx.base@11.0.5
j  com.sun.javafx.event.EventHandlerManager.dispatchBubblingEvent(Ljavafx/event/Event;)Ljavafx/event/Event;+8 javafx.base@11.0.5
j  com.sun.javafx.event.CompositeEventDispatcher.dispatchBubblingEvent(Ljavafx/event/Event;)Ljavafx/event/Event;+11 javafx.base@11.0.5
j  com.sun.javafx.event.BasicEventDispatcher.dispatchEvent(Ljavafx/event/Event;Ljavafx/event/EventDispatchChain;)Ljavafx/event/Event;+29 javafx.base@11.0.5
j  com.sun.javafx.event.EventDispatchChainImpl.dispatchEvent(Ljavafx/event/Event;)Ljavafx/event/Event;+69 javafx.base@11.0.5
j  com.sun.javafx.event.BasicEventDispatcher.dispatchEvent(Ljavafx/event/Event;Ljavafx/event/EventDispatchChain;)Ljavafx/event/Event;+17 javafx.base@11.0.5
j  com.sun.javafx.event.EventDispatchChainImpl.dispatchEvent(Ljavafx/event/Event;)Ljavafx/event/Event;+69 javafx.base@11.0.5
j  com.sun.javafx.event.BasicEventDispatcher.dispatchEvent(Ljavafx/event/Event;Ljavafx/event/EventDispatchChain;)Ljavafx/event/Event;+17 javafx.base@11.0.5
j  com.sun.javafx.event.EventDispatchChainImpl.dispatchEvent(Ljavafx/event/Event;)Ljavafx/event/Event;+69 javafx.base@11.0.5
j  com.sun.javafx.event.EventUtil.fireEventImpl(Ljavafx/event/EventDispatchChain;Ljavafx/event/EventTarget;Ljavafx/event/Event;)Ljavafx/event/Event;+10 javafx.base@11.0.5
j  com.sun.javafx.event.EventUtil.fireEvent(Ljavafx/event/EventTarget;Ljavafx/event/Event;)Ljavafx/event/Event;+37 javafx.base@11.0.5
j  javafx.event.Event.fireEvent(Ljavafx/event/EventTarget;Ljavafx/event/Event;)V+30 javafx.base@11.0.5
j  javafx.scene.Node.fireEvent(Ljavafx/event/Event;)V+86 javafx.graphics@11.0.5
j  javafx.scene.control.Button.fire()V+15 javafx.controls@11.0.5
j  com.sun.javafx.scene.control.behavior.ButtonBehavior.mouseReleased(Ljavafx/scene/input/MouseEvent;)V+27 javafx.controls@11.0.5
j  com.sun.javafx.scene.control.behavior.ButtonBehavior$$Lambda$223.handle(Ljavafx/event/Event;)V+8 javafx.controls@11.0.5
j  com.sun.javafx.scene.control.inputmap.InputMap.handle(Ljavafx/event/Event;)V+61 javafx.controls@11.0.5
j  com.sun.javafx.scene.control.inputmap.InputMap$$Lambda$218.handle(Ljavafx/event/Event;)V+5 javafx.controls@11.0.5
j  com.sun.javafx.event.CompositeEventHandler$NormalEventHandlerRecord.handleBubblingEvent(Ljavafx/event/Event;)V+5 javafx.base@11.0.5
j  com.sun.javafx.event.CompositeEventHandler.dispatchBubblingEvent(Ljavafx/event/Event;)V+28 javafx.base@11.0.5
j  com.sun.javafx.event.EventHandlerManager.dispatchBubblingEvent(Ljavafx/event/EventType;Ljavafx/event/Event;)Ljavafx/event/Event;+29 javafx.base@11.0.5
j  com.sun.javafx.event.EventHandlerManager.dispatchBubblingEvent(Ljavafx/event/Event;)Ljavafx/event/Event;+8 javafx.base@11.0.5
j  com.sun.javafx.event.CompositeEventDispatcher.dispatchBubblingEvent(Ljavafx/event/Event;)Ljavafx/event/Event;+11 javafx.base@11.0.5
j  com.sun.javafx.event.BasicEventDispatcher.dispatchEvent(Ljavafx/event/Event;Ljavafx/event/EventDispatchChain;)Ljavafx/event/Event;+29 javafx.base@11.0.5
j  com.sun.javafx.event.EventDispatchChainImpl.dispatchEvent(Ljavafx/event/Event;)Ljavafx/event/Event;+69 javafx.base@11.0.5
j  com.sun.javafx.event.BasicEventDispatcher.dispatchEvent(Ljavafx/event/Event;Ljavafx/event/EventDispatchChain;)Ljavafx/event/Event;+17 javafx.base@11.0.5
j  com.sun.javafx.event.EventDispatchChainImpl.dispatchEvent(Ljavafx/event/Event;)Ljavafx/event/Event;+69 javafx.base@11.0.5
j  com.sun.javafx.event.BasicEventDispatcher.dispatchEvent(Ljavafx/event/Event;Ljavafx/event/EventDispatchChain;)Ljavafx/event/Event;+17 javafx.base@11.0.5
j  com.sun.javafx.event.EventDispatchChainImpl.dispatchEvent(Ljavafx/event/Event;)Ljavafx/event/Event;+69 javafx.base@11.0.5
j  com.sun.javafx.event.EventUtil.fireEventImpl(Ljavafx/event/EventDispatchChain;Ljavafx/event/EventTarget;Ljavafx/event/Event;)Ljavafx/event/Event;+10 javafx.base@11.0.5
j  com.sun.javafx.event.EventUtil.fireEvent(Ljavafx/event/EventTarget;Ljavafx/event/Event;)Ljavafx/event/Event;+46 javafx.base@11.0.5
j  javafx.event.Event.fireEvent(Ljavafx/event/EventTarget;Ljavafx/event/Event;)V+30 javafx.base@11.0.5
j  javafx.scene.Scene$MouseHandler.process(Ljavafx/scene/input/MouseEvent;Z)V+491 javafx.graphics@11.0.5
j  javafx.scene.Scene$MouseHandler.access$1300(Ljavafx/scene/Scene$MouseHandler;Ljavafx/scene/input/MouseEvent;Z)V+3 javafx.graphics@11.0.5
j  javafx.scene.Scene.processMouseEvent(Ljavafx/scene/input/MouseEvent;)V+6 javafx.graphics@11.0.5
j  javafx.scene.Scene$ScenePeerListener.mouseEvent(Ljavafx/event/EventType;DDDDLjavafx/scene/input/MouseButton;ZZZZZZZZZ)V+46 javafx.graphics@11.0.5
j  com.sun.javafx.tk.quantum.GlassViewEventHandler$MouseEventNotification.run()Ljava/lang/Void;+582 javafx.graphics@11.0.5
j  com.sun.javafx.tk.quantum.GlassViewEventHandler$MouseEventNotification.run()Ljava/lang/Object;+1 javafx.graphics@11.0.5
v  ~StubRoutines::call_stub
J 2168  java.security.AccessController.doPrivileged(Ljava/security/PrivilegedAction;Ljava/security/AccessControlContext;)Ljava/lang/Object; java.base@11.0.5 (0 bytes) @ 0x000002df91c567b6 [0x000002df91c56740+0x0000000000000076]
j  com.sun.javafx.tk.quantum.GlassViewEventHandler.lambda$handleMouseEvent$2()Ljava/lang/Void;+11 javafx.graphics@11.0.5
j  com.sun.javafx.tk.quantum.GlassViewEventHandler$$Lambda$260.get()Ljava/lang/Object;+4 javafx.graphics@11.0.5
j  com.sun.javafx.tk.quantum.QuantumToolkit.runWithoutRenderLock(Ljava/util/function/Supplier;)Ljava/lang/Object;+18 javafx.graphics@11.0.5
j  com.sun.javafx.tk.quantum.GlassViewEventHandler.handleMouseEvent(Lcom/sun/glass/ui/View;JIIIIIIIZZ)V+103 javafx.graphics@11.0.5
j  com.sun.glass.ui.View.handleMouseEvent(JIIIIIIIZZ)V+30 javafx.graphics@11.0.5
j  com.sun.glass.ui.View.notifyMouse(IIIIIIIZZ)V+181 javafx.graphics@11.0.5
v  ~StubRoutines::call_stub
j  com.sun.glass.ui.win.WinApplication._runLoop(Ljava/lang/Runnable;)V+0 javafx.graphics@11.0.5
j  com.sun.glass.ui.win.WinApplication.lambda$runLoop$3(ILjava/lang/Runnable;)V+8 javafx.graphics@11.0.5
j  com.sun.glass.ui.win.WinApplication$$Lambda$60.run()V+12 javafx.graphics@11.0.5
j  java.lang.Thread.run()V+11 java.base@11.0.5
v  ~StubRoutines::call_stub

siginfo: EXCEPTION_ACCESS_VIOLATION (0xc0000005), reading address 0x0000000000000000


Register to memory mapping:

RIP=0x00007ffc4d5d6490 points into unknown readable memory: 48 8b 01 48 8b d1 48 8b
RAX=0x0 is NULL
RBX=0x000002dfa2e1b650 points into unknown readable memory: 00 00 00 00 00 00 00 00
RCX=0x0 is NULL
RDX=0x00007ffc4d627ee0 points into unknown readable memory: 00 00 00 00 00 00 00 00
RSP=0x000000f57c9fafd0 is pointing into the stack for thread: 0x000002dfa1bae000
RBP=0x000000f57c9fb060 is pointing into the stack for thread: 0x000002dfa1bae000
RSI=0x000002dfb9cd7938 is pointing into metadata
RDI=0x0000000000000160 is an unknown value
R8 =0x000002dfa2e1b650 points into unknown readable memory: 00 00 00 00 00 00 00 00
R9 =0x00007ffc4d5d63e0 points into unknown readable memory: 40 53 48 83 ec 20 83 3d
R10=0x00007ffc53b71b10 points into unknown readable memory: 49 8b c8 49 ff e1 cc cc
R11=0x000002df91d0e6e8 is at entry_point+40 in (nmethod*)0x000002df91d0e510
R12=0x0 is NULL
R13=0x000000f57c9fb080 is pointing into the stack for thread: 0x000002dfa1bae000
R14=0x000000f57c9fb050 is pointing into the stack for thread: 0x000002dfa1bae000
R15=0x000002dfa1bae000 is a thread


Registers:
RAX=0x0000000000000000, RBX=0x000002dfa2e1b650, RCX=0x0000000000000000, RDX=0x00007ffc4d627ee0
RSP=0x000000f57c9fafd0, RBP=0x000000f57c9fb060, RSI=0x000002dfb9cd7938, RDI=0x0000000000000160
R8 =0x000002dfa2e1b650, R9 =0x00007ffc4d5d63e0, R10=0x00007ffc53b71b10, R11=0x000002df91d0e6e8
R12=0x0000000000000000, R13=0x000000f57c9fb080, R14=0x000000f57c9fb050, R15=0x000002dfa1bae000
RIP=0x00007ffc4d5d6490, EFLAGS=0x0000000000010283

Top of Stack: (sp=0x000000f57c9fafd0)
0x000000f57c9fafd0:   000002dfa2e1b650 000000f57c9fb108
0x000000f57c9fafe0:   000002dfaf7f63c8 000002dfa1bae000
0x000000f57c9faff0:   000002dfaf8fba00 000002df91d0e7b4
0x000000f57c9fb000:   000002dfaf827d10 000002dfa1bae000
0x000000f57c9fb010:   000002dfaf827d10 000002dfa1bae000
0x000000f57c9fb020:   fffffffe00000000 0000000000000000
0x000000f57c9fb030:   0000000000000000 0000000000000000
0x000000f57c9fb040:   000000f57c9fb108 000002df8a08de12
0x000000f57c9fb050:   0000000081d49650 0000000800000000
0x000000f57c9fb060:   000000f57c9fb0e8 000002df8a079e73
0x000000f57c9fb070:   000002dfa1bc0750 000002df8a079e73
0x000000f57c9fb080:   00007ffc4d5d63e0 0000000000000000
0x000000f57c9fb090:   000002dfa2e1b650 0000000000000000
0x000000f57c9fb0a0:   000000f57c9fb0a0 000002dfaf827cde
0x000000f57c9fb0b0:   000000f57c9fb110 000002dfaf83b288
0x000000f57c9fb0c0:   0000000000000000 0000000081d40898 

Instructions: (pc=0x00007ffc4d5d6490)
0x00007ffc4d5d6390:   18 00 00 00 66 0f 6f 05 c4 02 04 00 f3 0f 7f 05
0x00007ffc4d5d63a0:   64 17 05 00 c7 05 6e 17 05 00 08 00 00 00 c7 05
0x00007ffc4d5d63b0:   88 17 05 00 01 00 00 00 c7 05 06 1b 05 00 ff ff
0x00007ffc4d5d63c0:   ff ff c7 05 bc 17 05 00 01 00 00 00 48 83 c4 28
0x00007ffc4d5d63d0:   c3 cc cc cc cc cc cc cc cc cc cc cc cc cc cc cc
0x00007ffc4d5d63e0:   40 53 48 83 ec 20 83 3d 03 17 05 00 00 48 8b d9
0x00007ffc4d5d63f0:   75 11 33 d2 b9 01 00 01 00 48 83 c4 20 5b e9 5d
0x00007ffc4d5d6400:   b8 ff ff 48 85 db 0f 84 a5 00 00 00 0f 57 c0 33
0x00007ffc4d5d6410:   c0 0f 11 81 c0 02 00 00 0f 11 81 d0 02 00 00 0f
0x00007ffc4d5d6420:   11 81 e0 02 00 00 0f 11 81 f0 02 00 00 0f 11 81
0x00007ffc4d5d6430:   00 03 00 00 0f 11 81 10 03 00 00 0f 11 81 20 03
0x00007ffc4d5d6440:   00 00 0f 11 81 30 03 00 00 48 89 81 40 03 00 00
0x00007ffc4d5d6450:   48 8d 0d 35 25 05 00 e8 54 47 00 00 48 3b d8 75
0x00007ffc4d5d6460:   07 33 c9 e8 48 b6 ff ff 48 8b cb e8 80 4a 00 00
0x00007ffc4d5d6470:   48 8b 0d 69 1a 05 00 48 8d 15 62 1a 05 00 48 3b
0x00007ffc4d5d6480:   cb 74 1b 0f 1f 40 00 66 0f 1f 84 00 00 00 00 00
0x00007ffc4d5d6490:   48 8b 01 48 8b d1 48 8b c8 48 3b c3 75 f2 48 8b
0x00007ffc4d5d64a0:   03 48 8b cb 48 89 02 48 83 c4 20 5b e9 97 27 01
0x00007ffc4d5d64b0:   00 48 83 c4 20 5b c3 cc cc cc cc cc cc cc cc cc
0x00007ffc4d5d64c0:   83 3d 29 16 05 00 00 75 0c 33 d2 b9 01 00 01 00
0x00007ffc4d5d64d0:   e9 8b b7 ff ff e9 d6 4a 00 00 cc cc cc cc cc cc
0x00007ffc4d5d64e0:   33 c0 48 85 d2 74 02 89 02 4d 85 c0 74 03 41 89
0x00007ffc4d5d64f0:   00 39 05 f9 15 05 00 75 0c 33 d2 b9 01 00 01 00
0x00007ffc4d5d6500:   e9 5b b7 ff ff e9 96 4c 00 00 cc cc cc cc cc cc
0x00007ffc4d5d6510:   48 83 ec 28 83 3d d5 15 05 00 00 75 13 33 d2 b9
0x00007ffc4d5d6520:   01 00 01 00 e8 37 b7 ff ff 33 c0 48 83 c4 28 c3
0x00007ffc4d5d6530:   81 fa 01 20 02 00 0f 8f 94 00 00 00 0f 84 83 00
0x00007ffc4d5d6540:   00 00 8d 82 ff ff fd ff 83 f8 0b 0f 87 12 01 00
0x00007ffc4d5d6550:   00 48 98 4c 8d 05 a6 9a ff ff 41 8b 84 80 80 66
0x00007ffc4d5d6560:   00 00 49 03 c0 ff e0 48 83 c4 28 e9 50 60 00 00
0x00007ffc4d5d6570:   48 83 c4 28 e9 87 60 00 00 48 83 c4 28 e9 9e 60
0x00007ffc4d5d6580:   00 00 48 83 c4 28 e9 85 60 00 00 48 83 c4 28 e9 


Stack slot to memory mapping:
stack at sp + 0 slots: 0x000002dfa2e1b650 points into unknown readable memory: 00 00 00 00 00 00 00 00
stack at sp + 1 slots: 0x000000f57c9fb108 is pointing into the stack for thread: 0x000002dfa1bae000
stack at sp + 2 slots: 0x000002dfaf7f63c8 is pointing into metadata
stack at sp + 3 slots: 0x000002dfa1bae000 is a thread
stack at sp + 4 slots: {method} {0x000002dfaf8fba08} 'invokePV' '(JJ)V' in 'org/lwjgl/system/JNI'
stack at sp + 5 slots: 0x000002df91d0e7b4 is at entry_point+244 in (nmethod*)0x000002df91d0e510
stack at sp + 6 slots: {method} {0x000002dfaf827d18} 'glfwDestroyWindow' '(J)V' in 'org/lwjgl/glfw/GLFW'
stack at sp + 7 slots: 0x000002dfa1bae000 is a thread


---------------  P R O C E S S  ---------------

Threads class SMR info:
_java_thread_list=0x000002dfaa9af690, length=24, elements={
0x000002df85fc6800, 0x000002dfa08fb000, 0x000002dfa08fe800, 0x000002dfa0919000,
0x000002dfa091a000, 0x000002dfa091b000, 0x000002dfa091e000, 0x000002dfa0925000,
0x000002dfa14a9800, 0x000002dfa1d85000, 0x000002dfa1a8b000, 0x000002dfa21d1800,
0x000002dfa1e08000, 0x000002dfa1bae000, 0x000002dfa2119800, 0x000002dfa2652800,
0x000002dfa27cc000, 0x000002dfa25bc800, 0x000002dfaa014000, 0x000002dfaa015800,
0x000002dfaa010000, 0x000002dfaa014800, 0x000002dfaa013000, 0x000002dfaa016800
}

Java Threads: ( => current thread )
  0x000002df85fc6800 JavaThread "main" [_thread_blocked, id=8468, stack(0x000000f57b400000,0x000000f57b500000)]
  0x000002dfa08fb000 JavaThread "Reference Handler" daemon [_thread_blocked, id=3316, stack(0x000000f57bb00000,0x000000f57bc00000)]
  0x000002dfa08fe800 JavaThread "Finalizer" daemon [_thread_blocked, id=17640, stack(0x000000f57bc00000,0x000000f57bd00000)]
  0x000002dfa0919000 JavaThread "Signal Dispatcher" daemon [_thread_blocked, id=19736, stack(0x000000f57bd00000,0x000000f57be00000)]
  0x000002dfa091a000 JavaThread "Attach Listener" daemon [_thread_blocked, id=144, stack(0x000000f57be00000,0x000000f57bf00000)]
  0x000002dfa091b000 JavaThread "C2 CompilerThread0" daemon [_thread_blocked, id=7928, stack(0x000000f57bf00000,0x000000f57c000000)]
  0x000002dfa091e000 JavaThread "C1 CompilerThread0" daemon [_thread_blocked, id=10904, stack(0x000000f57c000000,0x000000f57c100000)]
  0x000002dfa0925000 JavaThread "Sweeper thread" daemon [_thread_blocked, id=12560, stack(0x000000f57c100000,0x000000f57c200000)]
  0x000002dfa14a9800 JavaThread "Common-Cleaner" daemon [_thread_blocked, id=8616, stack(0x000000f57c200000,0x000000f57c300000)]
  0x000002dfa1d85000 JavaThread "Monitor Ctrl-Break" daemon [_thread_in_native, id=13548, stack(0x000000f57c400000,0x000000f57c500000)]
  0x000002dfa1a8b000 JavaThread "Service Thread" daemon [_thread_blocked, id=7940, stack(0x000000f57c500000,0x000000f57c600000)]
  0x000002dfa21d1800 JavaThread "QuantumRenderer-0" daemon [_thread_blocked, id=20500, stack(0x000000f57c700000,0x000000f57c800000)]
  0x000002dfa1e08000 JavaThread "InvokeLaterDispatcher" daemon [_thread_blocked, id=13524, stack(0x000000f57c800000,0x000000f57c900000)]
=>0x000002dfa1bae000 JavaThread "JavaFX Application Thread" [_thread_in_native, id=12640, stack(0x000000f57c900000,0x000000f57ca00000)]
  0x000002dfa2119800 JavaThread "Thread-1" daemon [_thread_in_native, id=21236, stack(0x000000f57d000000,0x000000f57d100000)]
  0x000002dfa2652800 JavaThread "JavaFX-Launcher" [_thread_blocked, id=12360, stack(0x000000f57d100000,0x000000f57d200000)]
  0x000002dfa27cc000 JavaThread "Java2D Disposer" daemon [_thread_blocked, id=5552, stack(0x000000f57d200000,0x000000f57d300000)]
  0x000002dfa25bc800 JavaThread "AWT-Windows" daemon [_thread_in_native, id=92, stack(0x000000f57d400000,0x000000f57d500000)]
  0x000002dfaa014000 JavaThread "JFXMedia Player EventQueueThread" daemon [_thread_blocked, id=3196, stack(0x000000f57d900000,0x000000f57da00000)]
  0x000002dfaa015800 JavaThread "Prism Font Disposer" daemon [_thread_blocked, id=5308, stack(0x000000f57e300000,0x000000f57e400000)]
  0x000002dfaa010000 JavaThread "Media Resource Disposer" daemon [_thread_blocked, id=5840, stack(0x000000f57e400000,0x000000f57e500000)]
  0x000002dfaa014800 JavaThread "JFXMedia Player EventQueueThread" daemon [_thread_blocked, id=20692, stack(0x000000f57c300000,0x000000f57c400000)]
  0x000002dfaa013000 JavaThread "Timer-1" daemon [_thread_blocked, id=12876, stack(0x000000f57ec00000,0x000000f57ed00000)]
  0x000002dfaa016800 JavaThread "Cleaner-0" daemon [_thread_blocked, id=8100, stack(0x000000f57ea00000,0x000000f57eb00000)]

Other Threads:
  0x000002dfa08fa800 VMThread "VM Thread" [stack: 0x000000f57ba00000,0x000000f57bb00000] [id=1568]
  0x000002dfa1ff1000 WatcherThread [stack: 0x000000f57c600000,0x000000f57c700000] [id=16516]
  0x000002df85fdf000 GCTaskThread "GC Thread#0" [stack: 0x000000f57b500000,0x000000f57b600000] [id=21420]
  0x000002dfa25f7000 GCTaskThread "GC Thread#1" [stack: 0x000000f57cd00000,0x000000f57ce00000] [id=17432]
  0x000002dfa2602000 GCTaskThread "GC Thread#2" [stack: 0x000000f57ce00000,0x000000f57cf00000] [id=4560]
  0x000002dfa260b000 GCTaskThread "GC Thread#3" [stack: 0x000000f57cf00000,0x000000f57d000000] [id=12044]
  0x000002dfa2151000 GCTaskThread "GC Thread#4" [stack: 0x000000f57d300000,0x000000f57d400000] [id=14732]
  0x000002dfa214f800 GCTaskThread "GC Thread#5" [stack: 0x000000f57d500000,0x000000f57d600000] [id=2432]
  0x000002dfa214a800 GCTaskThread "GC Thread#6" [stack: 0x000000f57ed00000,0x000000f57ee00000] [id=7256]
  0x000002dfa214b000 GCTaskThread "GC Thread#7" [stack: 0x000000f57f100000,0x000000f57f200000] [id=20200]
  0x000002df86010000 ConcurrentGCThread "G1 Main Marker" [stack: 0x000000f57b600000,0x000000f57b700000] [id=1500]
  0x000002df86011800 ConcurrentGCThread "G1 Conc#0" [stack: 0x000000f57b700000,0x000000f57b800000] [id=7908]
  0x000002dfa2150000 ConcurrentGCThread "G1 Conc#1" [stack: 0x000000f57e100000,0x000000f57e200000] [id=5188]
  0x000002dfa0785800 ConcurrentGCThread "G1 Refine#0" [stack: 0x000000f57b800000,0x000000f57b900000] [id=21448]
  0x000002dfa0786800 ConcurrentGCThread "G1 Young RemSet Sampling" [stack: 0x000000f57b900000,0x000000f57ba00000] [id=12208]

Threads with active compile tasks:

VM state:not at safepoint (normal execution)

VM Mutex/Monitor currently owned by a thread: None

Heap address: 0x0000000081c00000, size: 2020 MB, Compressed Oops mode: 32-bit
Narrow klass base: 0x0000000800000000, Narrow klass shift: 3
Compressed class space size: 1073741824 Address: 0x0000000840000000

Heap:
 garbage-first heap   total 157696K, used 65713K [0x0000000081c00000, 0x0000000100000000)
  region size 1024K, 22 young (22528K), 1 survivors (1024K)
 Metaspace       used 23264K, capacity 23998K, committed 24192K, reserved 1071104K
  class space    used 2334K, capacity 2640K, committed 2688K, reserved 1048576K
Heap Regions: E=young(eden), S=young(survivor), O=old, HS=humongous(starts), HC=humongous(continues), CS=collection set, F=free, A=archive, TAMS=top-at-mark-start (previous, next)
|   0|0x0000000081c00000, 0x0000000081d00000, 0x0000000081d00000|100%| O|  |TAMS 0x0000000081d00000, 0x0000000081c00000| Untracked 
|   1|0x0000000081d00000, 0x0000000081e00000, 0x0000000081e00000|100%| O|  |TAMS 0x0000000081d00000, 0x0000000081d00000| Untracked 
|   2|0x0000000081e00000, 0x0000000081e79000, 0x0000000081f00000| 47%| O|  |TAMS 0x0000000081e00000, 0x0000000081e00000| Untracked 
|   3|0x0000000081f00000, 0x0000000082000000, 0x0000000082000000|100%|HS|  |TAMS 0x0000000081f00000, 0x0000000081f00000| Complete 
|   4|0x0000000082000000, 0x0000000082100000, 0x0000000082100000|100%|HC|  |TAMS 0x0000000082000000, 0x0000000082000000| Complete 
|   5|0x0000000082100000, 0x0000000082100000, 0x0000000082200000|  0%| F|  |TAMS 0x0000000082100000, 0x0000000082100000| Untracked 
|   6|0x0000000082200000, 0x0000000082200000, 0x0000000082300000|  0%| F|  |TAMS 0x0000000082200000, 0x0000000082200000| Untracked 
|   7|0x0000000082300000, 0x0000000082300000, 0x0000000082400000|  0%| F|  |TAMS 0x0000000082300000, 0x0000000082300000| Untracked 
|   8|0x0000000082400000, 0x0000000082400000, 0x0000000082500000|  0%| F|  |TAMS 0x0000000082400000, 0x0000000082400000| Untracked 
|   9|0x0000000082500000, 0x0000000082600000, 0x0000000082600000|100%|HS|  |TAMS 0x0000000082600000, 0x0000000082500000| Complete 
|  10|0x0000000082600000, 0x0000000082700000, 0x0000000082700000|100%|HC|  |TAMS 0x0000000082700000, 0x0000000082600000| Complete 
|  11|0x0000000082700000, 0x0000000082800000, 0x0000000082800000|100%|HC|  |TAMS 0x0000000082800000, 0x0000000082700000| Complete 
|  12|0x0000000082800000, 0x0000000082900000, 0x0000000082900000|100%|HC|  |TAMS 0x0000000082900000, 0x0000000082800000| Complete 
|  13|0x0000000082900000, 0x0000000082a00000, 0x0000000082a00000|100%|HC|  |TAMS 0x0000000082a00000, 0x0000000082900000| Complete 
|  14|0x0000000082a00000, 0x0000000082b00000, 0x0000000082b00000|100%|HC|  |TAMS 0x0000000082b00000, 0x0000000082a00000| Complete 
|  15|0x0000000082b00000, 0x0000000082c00000, 0x0000000082c00000|100%|HS|  |TAMS 0x0000000082c00000, 0x0000000082b00000| Complete 
|  16|0x0000000082c00000, 0x0000000082d00000, 0x0000000082d00000|100%|HC|  |TAMS 0x0000000082d00000, 0x0000000082c00000| Complete 
|  17|0x0000000082d00000, 0x0000000082e00000, 0x0000000082e00000|100%|HC|  |TAMS 0x0000000082e00000, 0x0000000082d00000| Complete 
|  18|0x0000000082e00000, 0x0000000082f00000, 0x0000000082f00000|100%|HC|  |TAMS 0x0000000082f00000, 0x0000000082e00000| Complete 
|  19|0x0000000082f00000, 0x0000000083000000, 0x0000000083000000|100%|HC|  |TAMS 0x0000000083000000, 0x0000000082f00000| Complete 
|  20|0x0000000083000000, 0x0000000083100000, 0x0000000083100000|100%|HC|  |TAMS 0x0000000083100000, 0x0000000083000000| Complete 
|  21|0x0000000083100000, 0x0000000083200000, 0x0000000083200000|100%|HC|  |TAMS 0x0000000083200000, 0x0000000083100000| Complete 
|  22|0x0000000083200000, 0x0000000083300000, 0x0000000083300000|100%|HC|  |TAMS 0x0000000083300000, 0x0000000083200000| Complete 
|  23|0x0000000083300000, 0x0000000083400000, 0x0000000083400000|100%|HS|  |TAMS 0x0000000083400000, 0x0000000083300000| Complete 
|  24|0x0000000083400000, 0x0000000083500000, 0x0000000083500000|100%|HC|  |TAMS 0x0000000083500000, 0x0000000083400000| Complete 
|  25|0x0000000083500000, 0x0000000083600000, 0x0000000083600000|100%|HC|  |TAMS 0x0000000083600000, 0x0000000083500000| Complete 
|  26|0x0000000083600000, 0x0000000083700000, 0x0000000083700000|100%|HC|  |TAMS 0x0000000083700000, 0x0000000083600000| Complete 
|  27|0x0000000083700000, 0x0000000083800000, 0x0000000083800000|100%|HC|  |TAMS 0x0000000083800000, 0x0000000083700000| Complete 
|  28|0x0000000083800000, 0x0000000083900000, 0x0000000083900000|100%|HC|  |TAMS 0x0000000083900000, 0x0000000083800000| Complete 
|  29|0x0000000083900000, 0x0000000083a00000, 0x0000000083a00000|100%|HC|  |TAMS 0x0000000083a00000, 0x0000000083900000| Complete 
|  30|0x0000000083a00000, 0x0000000083b00000, 0x0000000083b00000|100%|HC|  |TAMS 0x0000000083b00000, 0x0000000083a00000| Complete 
|  31|0x0000000083b00000, 0x0000000083c00000, 0x0000000083c00000|100%|HS|  |TAMS 0x0000000083c00000, 0x0000000083b00000| Complete 
|  32|0x0000000083c00000, 0x0000000083d00000, 0x0000000083d00000|100%|HC|  |TAMS 0x0000000083d00000, 0x0000000083c00000| Complete 
|  33|0x0000000083d00000, 0x0000000083e00000, 0x0000000083e00000|100%|HS|  |TAMS 0x0000000083e00000, 0x0000000083d00000| Complete 
|  34|0x0000000083e00000, 0x0000000083f00000, 0x0000000083f00000|100%|HC|  |TAMS 0x0000000083f00000, 0x0000000083e00000| Complete 
|  35|0x0000000083f00000, 0x0000000084000000, 0x0000000084000000|100%|HS|  |TAMS 0x0000000084000000, 0x0000000083f00000| Complete 
|  36|0x0000000084000000, 0x0000000084100000, 0x0000000084100000|100%|HC|  |TAMS 0x0000000084100000, 0x0000000084000000| Complete 
|  37|0x0000000084100000, 0x0000000084200000, 0x0000000084200000|100%| O|  |TAMS 0x0000000084200000, 0x0000000084100000| Untracked 
|  38|0x0000000084200000, 0x0000000084300000, 0x0000000084300000|100%| O|  |TAMS 0x0000000084300000, 0x0000000084200000| Untracked 
|  39|0x0000000084300000, 0x0000000084400000, 0x0000000084400000|100%|HS|  |TAMS 0x0000000084400000, 0x0000000084300000| Complete 
|  40|0x0000000084400000, 0x0000000084400000, 0x0000000084500000|  0%| F|  |TAMS 0x0000000084400000, 0x0000000084400000| Untracked 
|  41|0x0000000084500000, 0x0000000084500000, 0x0000000084600000|  0%| F|  |TAMS 0x0000000084500000, 0x0000000084500000| Untracked 
|  42|0x0000000084600000, 0x0000000084600000, 0x0000000084700000|  0%| F|  |TAMS 0x0000000084600000, 0x0000000084600000| Untracked 
|  43|0x0000000084700000, 0x0000000084700000, 0x0000000084800000|  0%| F|  |TAMS 0x0000000084700000, 0x0000000084700000| Untracked 
|  44|0x0000000084800000, 0x0000000084800000, 0x0000000084900000|  0%| F|  |TAMS 0x0000000084800000, 0x0000000084800000| Untracked 
|  45|0x0000000084900000, 0x0000000084900000, 0x0000000084a00000|  0%| F|  |TAMS 0x0000000084900000, 0x0000000084900000| Untracked 
|  46|0x0000000084a00000, 0x0000000084a00000, 0x0000000084b00000|  0%| F|  |TAMS 0x0000000084a00000, 0x0000000084a00000| Untracked 
|  47|0x0000000084b00000, 0x0000000084b00000, 0x0000000084c00000|  0%| F|  |TAMS 0x0000000084b00000, 0x0000000084b00000| Untracked 
|  48|0x0000000084c00000, 0x0000000084c00000, 0x0000000084d00000|  0%| F|  |TAMS 0x0000000084c00000, 0x0000000084c00000| Untracked 
|  49|0x0000000084d00000, 0x0000000084d00000, 0x0000000084e00000|  0%| F|  |TAMS 0x0000000084d00000, 0x0000000084d00000| Untracked 
|  50|0x0000000084e00000, 0x0000000084e00000, 0x0000000084f00000|  0%| F|  |TAMS 0x0000000084e00000, 0x0000000084e00000| Untracked 
|  51|0x0000000084f00000, 0x0000000084f00000, 0x0000000085000000|  0%| F|  |TAMS 0x0000000084f00000, 0x0000000084f00000| Untracked 
|  52|0x0000000085000000, 0x0000000085000000, 0x0000000085100000|  0%| F|  |TAMS 0x0000000085000000, 0x0000000085000000| Untracked 
|  53|0x0000000085100000, 0x0000000085100000, 0x0000000085200000|  0%| F|  |TAMS 0x0000000085100000, 0x0000000085100000| Untracked 
|  54|0x0000000085200000, 0x00000000852b37c0, 0x0000000085300000| 70%| S|CS|TAMS 0x0000000085200000, 0x0000000085200000| Complete 
|  55|0x0000000085300000, 0x0000000085300000, 0x0000000085400000|  0%| F|  |TAMS 0x0000000085300000, 0x0000000085300000| Untracked 
|  56|0x0000000085400000, 0x0000000085500000, 0x0000000085500000|100%|HS|  |TAMS 0x0000000085500000, 0x0000000085400000| Complete 
|  57|0x0000000085500000, 0x0000000085600000, 0x0000000085600000|100%|HC|  |TAMS 0x0000000085600000, 0x0000000085500000| Complete 
|  58|0x0000000085600000, 0x0000000085700000, 0x0000000085700000|100%| O|  |TAMS 0x0000000085700000, 0x0000000085600000| Untracked 
|  59|0x0000000085700000, 0x0000000085800000, 0x0000000085800000|100%| O|  |TAMS 0x0000000085800000, 0x0000000085700000| Untracked 
|  60|0x0000000085800000, 0x0000000085900000, 0x0000000085900000|100%| O|  |TAMS 0x0000000085900000, 0x0000000085800000| Untracked 
|  61|0x0000000085900000, 0x0000000085a00000, 0x0000000085a00000|100%| O|  |TAMS 0x0000000085a00000, 0x0000000085900000| Untracked 
|  62|0x0000000085a00000, 0x0000000085b00000, 0x0000000085b00000|100%| O|  |TAMS 0x0000000085b00000, 0x0000000085a00000| Untracked 
|  63|0x0000000085b00000, 0x0000000085c00000, 0x0000000085c00000|100%| O|  |TAMS 0x0000000085b97000, 0x0000000085b00000| Untracked 
|  64|0x0000000085c00000, 0x0000000085c00000, 0x0000000085d00000|  0%| F|  |TAMS 0x0000000085c00000, 0x0000000085c00000| Untracked 
|  65|0x0000000085d00000, 0x0000000085d00000, 0x0000000085e00000|  0%| F|  |TAMS 0x0000000085d00000, 0x0000000085d00000| Untracked 
|  66|0x0000000085e00000, 0x0000000085e00000, 0x0000000085f00000|  0%| F|  |TAMS 0x0000000085e00000, 0x0000000085e00000| Untracked 
|  67|0x0000000085f00000, 0x0000000085f00000, 0x0000000086000000|  0%| F|  |TAMS 0x0000000085f00000, 0x0000000085f00000| Untracked 
|  68|0x0000000086000000, 0x0000000086000000, 0x0000000086100000|  0%| F|  |TAMS 0x0000000086000000, 0x0000000086000000| Untracked 
|  69|0x0000000086100000, 0x0000000086100000, 0x0000000086200000|  0%| F|  |TAMS 0x0000000086100000, 0x0000000086100000| Untracked 
|  70|0x0000000086200000, 0x0000000086200000, 0x0000000086300000|  0%| F|  |TAMS 0x0000000086200000, 0x0000000086200000| Untracked 
|  71|0x0000000086300000, 0x0000000086300000, 0x0000000086400000|  0%| F|  |TAMS 0x0000000086300000, 0x0000000086300000| Untracked 
|  72|0x0000000086400000, 0x0000000086400000, 0x0000000086500000|  0%| F|  |TAMS 0x0000000086400000, 0x0000000086400000| Untracked 
|  73|0x0000000086500000, 0x0000000086500000, 0x0000000086600000|  0%| F|  |TAMS 0x0000000086500000, 0x0000000086500000| Untracked 
|  74|0x0000000086600000, 0x0000000086600000, 0x0000000086700000|  0%| F|  |TAMS 0x0000000086600000, 0x0000000086600000| Untracked 
|  75|0x0000000086700000, 0x0000000086700000, 0x0000000086800000|  0%| F|  |TAMS 0x0000000086700000, 0x0000000086700000| Untracked 
|  76|0x0000000086800000, 0x0000000086800000, 0x0000000086900000|  0%| F|  |TAMS 0x0000000086800000, 0x0000000086800000| Untracked 
|  77|0x0000000086900000, 0x0000000086900000, 0x0000000086a00000|  0%| F|  |TAMS 0x0000000086900000, 0x0000000086900000| Untracked 
|  78|0x0000000086a00000, 0x0000000086a00000, 0x0000000086b00000|  0%| F|  |TAMS 0x0000000086a00000, 0x0000000086a00000| Untracked 
|  79|0x0000000086b00000, 0x0000000086b00000, 0x0000000086c00000|  0%| F|  |TAMS 0x0000000086b00000, 0x0000000086b00000| Untracked 
|  80|0x0000000086c00000, 0x0000000086c00000, 0x0000000086d00000|  0%| F|  |TAMS 0x0000000086c00000, 0x0000000086c00000| Untracked 
|  81|0x0000000086d00000, 0x0000000086d00000, 0x0000000086e00000|  0%| F|  |TAMS 0x0000000086d00000, 0x0000000086d00000| Untracked 
|  82|0x0000000086e00000, 0x0000000086e00000, 0x0000000086f00000|  0%| F|  |TAMS 0x0000000086e00000, 0x0000000086e00000| Untracked 
|  83|0x0000000086f00000, 0x0000000086f00000, 0x0000000087000000|  0%| F|  |TAMS 0x0000000086f00000, 0x0000000086f00000| Untracked 
|  84|0x0000000087000000, 0x0000000087000000, 0x0000000087100000|  0%| F|  |TAMS 0x0000000087000000, 0x0000000087000000| Untracked 
|  85|0x0000000087100000, 0x0000000087100000, 0x0000000087200000|  0%| F|  |TAMS 0x0000000087100000, 0x0000000087100000| Untracked 
|  86|0x0000000087200000, 0x0000000087200000, 0x0000000087300000|  0%| F|  |TAMS 0x0000000087200000, 0x0000000087200000| Untracked 
|  87|0x0000000087300000, 0x0000000087300000, 0x0000000087400000|  0%| F|  |TAMS 0x0000000087300000, 0x0000000087300000| Untracked 
|  88|0x0000000087400000, 0x0000000087400000, 0x0000000087500000|  0%| F|  |TAMS 0x0000000087400000, 0x0000000087400000| Untracked 
|  89|0x0000000087500000, 0x0000000087500000, 0x0000000087600000|  0%| F|  |TAMS 0x0000000087500000, 0x0000000087500000| Untracked 
|  90|0x0000000087600000, 0x0000000087600000, 0x0000000087700000|  0%| F|  |TAMS 0x0000000087600000, 0x0000000087600000| Untracked 
|  91|0x0000000087700000, 0x0000000087700000, 0x0000000087800000|  0%| F|  |TAMS 0x0000000087700000, 0x0000000087700000| Untracked 
|  92|0x0000000087800000, 0x0000000087800000, 0x0000000087900000|  0%| F|  |TAMS 0x0000000087800000, 0x0000000087800000| Untracked 
|  93|0x0000000087900000, 0x0000000087900000, 0x0000000087a00000|  0%| F|  |TAMS 0x0000000087900000, 0x0000000087900000| Untracked 
|  94|0x0000000087a00000, 0x0000000087a00000, 0x0000000087b00000|  0%| F|  |TAMS 0x0000000087a00000, 0x0000000087a00000| Untracked 
|  95|0x0000000087b00000, 0x0000000087b00000, 0x0000000087c00000|  0%| F|  |TAMS 0x0000000087b00000, 0x0000000087b00000| Untracked 
|  96|0x0000000087c00000, 0x0000000087c00000, 0x0000000087d00000|  0%| F|  |TAMS 0x0000000087c00000, 0x0000000087c00000| Untracked 
|  97|0x0000000087d00000, 0x0000000087d00000, 0x0000000087e00000|  0%| F|  |TAMS 0x0000000087d00000, 0x0000000087d00000| Untracked 
|  98|0x0000000087e00000, 0x0000000087e00000, 0x0000000087f00000|  0%| F|  |TAMS 0x0000000087e00000, 0x0000000087e00000| Untracked 
|  99|0x0000000087f00000, 0x0000000087f00000, 0x0000000088000000|  0%| F|  |TAMS 0x0000000087f00000, 0x0000000087f00000| Untracked 
| 100|0x0000000088000000, 0x0000000088000000, 0x0000000088100000|  0%| F|  |TAMS 0x0000000088000000, 0x0000000088000000| Untracked 
| 101|0x0000000088100000, 0x0000000088100000, 0x0000000088200000|  0%| F|  |TAMS 0x0000000088100000, 0x0000000088100000| Untracked 
| 102|0x0000000088200000, 0x0000000088200000, 0x0000000088300000|  0%| F|  |TAMS 0x0000000088200000, 0x0000000088200000| Untracked 
| 103|0x0000000088300000, 0x0000000088300000, 0x0000000088400000|  0%| F|  |TAMS 0x0000000088300000, 0x0000000088300000| Untracked 
| 104|0x0000000088400000, 0x0000000088400000, 0x0000000088500000|  0%| F|  |TAMS 0x0000000088400000, 0x0000000088400000| Untracked 
| 105|0x0000000088500000, 0x0000000088500000, 0x0000000088600000|  0%| F|  |TAMS 0x0000000088500000, 0x0000000088500000| Untracked 
| 106|0x0000000088600000, 0x0000000088600000, 0x0000000088700000|  0%| F|  |TAMS 0x0000000088600000, 0x0000000088600000| Untracked 
| 107|0x0000000088700000, 0x0000000088700000, 0x0000000088800000|  0%| F|  |TAMS 0x0000000088700000, 0x0000000088700000| Untracked 
| 108|0x0000000088800000, 0x0000000088800000, 0x0000000088900000|  0%| F|  |TAMS 0x0000000088800000, 0x0000000088800000| Untracked 
| 109|0x0000000088900000, 0x0000000088900000, 0x0000000088a00000|  0%| F|  |TAMS 0x0000000088900000, 0x0000000088900000| Untracked 
| 110|0x0000000088a00000, 0x0000000088a00000, 0x0000000088b00000|  0%| F|  |TAMS 0x0000000088a00000, 0x0000000088a00000| Untracked 
| 111|0x0000000088b00000, 0x0000000088b00000, 0x0000000088c00000|  0%| F|  |TAMS 0x0000000088b00000, 0x0000000088b00000| Untracked 
| 112|0x0000000088c00000, 0x0000000088c00000, 0x0000000088d00000|  0%| F|  |TAMS 0x0000000088c00000, 0x0000000088c00000| Untracked 
| 113|0x0000000088d00000, 0x0000000088d00000, 0x0000000088e00000|  0%| F|  |TAMS 0x0000000088d00000, 0x0000000088d00000| Untracked 
| 114|0x0000000088e00000, 0x0000000088e00000, 0x0000000088f00000|  0%| F|  |TAMS 0x0000000088e00000, 0x0000000088e00000| Untracked 
| 115|0x0000000088f00000, 0x0000000088f00000, 0x0000000089000000|  0%| F|  |TAMS 0x0000000088f00000, 0x0000000088f00000| Untracked 
| 116|0x0000000089000000, 0x0000000089000000, 0x0000000089100000|  0%| F|  |TAMS 0x0000000089000000, 0x0000000089000000| Untracked 
| 117|0x0000000089100000, 0x0000000089100000, 0x0000000089200000|  0%| F|  |TAMS 0x0000000089100000, 0x0000000089100000| Untracked 
| 118|0x0000000089200000, 0x0000000089200000, 0x0000000089300000|  0%| F|  |TAMS 0x0000000089200000, 0x0000000089200000| Untracked 
| 119|0x0000000089300000, 0x0000000089300000, 0x0000000089400000|  0%| F|  |TAMS 0x0000000089300000, 0x0000000089300000| Untracked 
| 120|0x0000000089400000, 0x0000000089400000, 0x0000000089500000|  0%| F|  |TAMS 0x0000000089400000, 0x0000000089400000| Untracked 
| 121|0x0000000089500000, 0x0000000089500000, 0x0000000089600000|  0%| F|  |TAMS 0x0000000089500000, 0x0000000089500000| Untracked 
| 122|0x0000000089600000, 0x0000000089600000, 0x0000000089700000|  0%| F|  |TAMS 0x0000000089600000, 0x0000000089600000| Untracked 
| 123|0x0000000089700000, 0x0000000089700000, 0x0000000089800000|  0%| F|  |TAMS 0x0000000089700000, 0x0000000089700000| Untracked 
| 124|0x0000000089800000, 0x0000000089800000, 0x0000000089900000|  0%| F|  |TAMS 0x0000000089800000, 0x0000000089800000| Untracked 
| 125|0x0000000089900000, 0x0000000089900000, 0x0000000089a00000|  0%| F|  |TAMS 0x0000000089900000, 0x0000000089900000| Untracked 
| 126|0x0000000089a00000, 0x0000000089a00000, 0x0000000089b00000|  0%| F|  |TAMS 0x0000000089a00000, 0x0000000089a00000| Untracked 
| 127|0x0000000089b00000, 0x0000000089b00000, 0x0000000089c00000|  0%| F|  |TAMS 0x0000000089b00000, 0x0000000089b00000| Untracked 
| 128|0x0000000089c00000, 0x0000000089c00000, 0x0000000089d00000|  0%| F|  |TAMS 0x0000000089c00000, 0x0000000089c00000| Untracked 
| 129|0x0000000089d00000, 0x0000000089d00000, 0x0000000089e00000|  0%| F|  |TAMS 0x0000000089d00000, 0x0000000089d00000| Untracked 
| 130|0x0000000089e00000, 0x0000000089e00000, 0x0000000089f00000|  0%| F|  |TAMS 0x0000000089e00000, 0x0000000089e00000| Untracked 
| 131|0x0000000089f00000, 0x0000000089f00000, 0x000000008a000000|  0%| F|  |TAMS 0x0000000089f00000, 0x0000000089f00000| Untracked 
| 132|0x000000008a000000, 0x000000008a000000, 0x000000008a100000|  0%| F|  |TAMS 0x000000008a000000, 0x000000008a000000| Untracked 
| 133|0x000000008a100000, 0x000000008a15cc00, 0x000000008a200000| 36%| E|  |TAMS 0x000000008a100000, 0x000000008a100000| Complete 
| 134|0x000000008a200000, 0x000000008a300000, 0x000000008a300000|100%| E|CS|TAMS 0x000000008a200000, 0x000000008a200000| Complete 
| 135|0x000000008a300000, 0x000000008a400000, 0x000000008a400000|100%| E|CS|TAMS 0x000000008a300000, 0x000000008a300000| Complete 
| 136|0x000000008a400000, 0x000000008a500000, 0x000000008a500000|100%| E|CS|TAMS 0x000000008a400000, 0x000000008a400000| Complete 
| 137|0x000000008a500000, 0x000000008a600000, 0x000000008a600000|100%| E|CS|TAMS 0x000000008a500000, 0x000000008a500000| Complete 
| 138|0x000000008a600000, 0x000000008a700000, 0x000000008a700000|100%| E|CS|TAMS 0x000000008a600000, 0x000000008a600000| Complete 
| 139|0x000000008a700000, 0x000000008a800000, 0x000000008a800000|100%| E|CS|TAMS 0x000000008a700000, 0x000000008a700000| Complete 
| 140|0x000000008a800000, 0x000000008a900000, 0x000000008a900000|100%| E|CS|TAMS 0x000000008a800000, 0x000000008a800000| Complete 
| 141|0x000000008a900000, 0x000000008aa00000, 0x000000008aa00000|100%| E|CS|TAMS 0x000000008a900000, 0x000000008a900000| Complete 
| 142|0x000000008aa00000, 0x000000008ab00000, 0x000000008ab00000|100%| E|CS|TAMS 0x000000008aa00000, 0x000000008aa00000| Complete 
| 143|0x000000008ab00000, 0x000000008ac00000, 0x000000008ac00000|100%| E|CS|TAMS 0x000000008ab00000, 0x000000008ab00000| Complete 
| 144|0x000000008ac00000, 0x000000008ad00000, 0x000000008ad00000|100%| E|CS|TAMS 0x000000008ac00000, 0x000000008ac00000| Complete 
| 145|0x000000008ad00000, 0x000000008ae00000, 0x000000008ae00000|100%| E|CS|TAMS 0x000000008ad00000, 0x000000008ad00000| Complete 
| 146|0x000000008ae00000, 0x000000008af00000, 0x000000008af00000|100%| E|CS|TAMS 0x000000008ae00000, 0x000000008ae00000| Complete 
| 147|0x000000008af00000, 0x000000008b000000, 0x000000008b000000|100%| E|CS|TAMS 0x000000008af00000, 0x000000008af00000| Complete 
| 148|0x000000008b000000, 0x000000008b100000, 0x000000008b100000|100%| E|CS|TAMS 0x000000008b000000, 0x000000008b000000| Complete 
| 149|0x000000008b100000, 0x000000008b200000, 0x000000008b200000|100%| E|CS|TAMS 0x000000008b100000, 0x000000008b100000| Complete 
| 150|0x000000008b200000, 0x000000008b300000, 0x000000008b300000|100%| E|CS|TAMS 0x000000008b200000, 0x000000008b200000| Complete 
| 151|0x000000008b300000, 0x000000008b400000, 0x000000008b400000|100%| E|CS|TAMS 0x000000008b300000, 0x000000008b300000| Complete 
| 152|0x000000008b400000, 0x000000008b500000, 0x000000008b500000|100%| E|CS|TAMS 0x000000008b400000, 0x000000008b400000| Complete 
| 153|0x000000008b500000, 0x000000008b600000, 0x000000008b600000|100%| E|CS|TAMS 0x000000008b500000, 0x000000008b500000| Complete 

Card table byte_map: [0x000002df997a0000,0x000002df99ba0000] _byte_map_base: 0x000002df99392000

Marking Bits (Prev, Next): (CMBitMap*) 0x000002df86007658, (CMBitMap*) 0x000002df86007690
 Prev Bits: [0x000002df99fa0000, 0x000002df9bf30000)
 Next Bits: [0x000002df9bf30000, 0x000002df9dec0000)

Polling page: 0x000002df83f60000

Metaspace:

Usage:
  Non-class:     20.86 MB capacity,    20.44 MB ( 98%) used,   343.09 KB (  2%) free+waste,    84.81 KB ( <1%) overhead. 
      Class:      2.58 MB capacity,     2.28 MB ( 88%) used,   263.61 KB ( 10%) free+waste,    41.50 KB (  2%) overhead. 
       Both:     23.44 MB capacity,    22.72 MB ( 97%) used,   606.70 KB (  3%) free+waste,   126.31 KB ( <1%) overhead. 

Virtual space:
  Non-class space:       22.00 MB reserved,      21.00 MB ( 95%) committed 
      Class space:        1.00 GB reserved,       2.63 MB ( <1%) committed 
             Both:        1.02 GB reserved,      23.63 MB (  2%) committed 

Chunk freelists:
   Non-Class:  18.00 KB
       Class:  16.00 KB
        Both:  34.00 KB

MaxMetaspaceSize: 17179869184.00 GB
CompressedClassSpaceSize: 1.00 GB

CodeHeap 'non-profiled nmethods': size=120000Kb used=2402Kb max_used=2402Kb free=117597Kb
 bounds [0x000002df91b40000, 0x000002df91db0000, 0x000002df99070000]
CodeHeap 'profiled nmethods': size=120000Kb used=8112Kb max_used=8112Kb free=111887Kb
 bounds [0x000002df8a610000, 0x000002df8ae00000, 0x000002df91b40000]
CodeHeap 'non-nmethods': size=5760Kb used=1762Kb max_used=1827Kb free=3997Kb
 bounds [0x000002df8a070000, 0x000002df8a2e0000, 0x000002df8a610000]
 total_blobs=6740 nmethods=3924 adapters=1311
 compilation: enabled
              stopped_count=0, restarted_count=0
 full_count=0

Compilation events (20 events):
Event: 16.047 Thread 0x000002dfa091e000 nmethod 3911 0x000002df8adf4e90 code [0x000002df8adf5080, 0x000002df8adf55f0]
Event: 16.047 Thread 0x000002dfa091e000 3912   !   3       java.nio.DirectIntBufferU::put (32 bytes)
Event: 16.048 Thread 0x000002dfa091e000 nmethod 3912 0x000002df8adf5790 code [0x000002df8adf5960, 0x000002df8adf5cd8]
Event: 16.048 Thread 0x000002dfa091e000 3913       3       org.lwjgl.opengl.GL15::glDeleteBuffers (5 bytes)
Event: 16.049 Thread 0x000002dfa091e000 nmethod 3913 0x000002df8adf5f10 code [0x000002df8adf60c0, 0x000002df8adf6230]
Event: 16.049 Thread 0x000002dfa091e000 3914   !   3       org.lwjgl.opengl.GL15C::glDeleteBuffers (42 bytes)
Event: 16.051 Thread 0x000002dfa091e000 nmethod 3914 0x000002df8adf6310 code [0x000002df8adf65c0, 0x000002df8adf76b0]
Event: 16.054 Thread 0x000002dfa091b000 nmethod 3909 0x000002df91d95e90 code [0x000002df91d96040, 0x000002df91d961d8]
Event: 16.054 Thread 0x000002dfa091b000 3910       4       java.nio.DirectIntBufferU::ix (10 bytes)
Event: 16.055 Thread 0x000002dfa091b000 nmethod 3910 0x000002df91d96390 code [0x000002df91d96520, 0x000002df91d96598]
Event: 16.134 Thread 0x000002dfa091e000 3916       3       com.falconfly.engine.graph.Mesh::cleanUp (77 bytes)
Event: 16.134 Thread 0x000002dfa091e000 nmethod 3916 0x000002df8adf7c10 code [0x000002df8adf7ea0, 0x000002df8adf8890]
Event: 16.134 Thread 0x000002dfa091e000 3917       3       org.lwjgl.opengl.GL20::glDisableVertexAttribArray (5 bytes)
Event: 16.134 Thread 0x000002dfa091e000 nmethod 3917 0x000002df8adf8c10 code [0x000002df8adf8dc0, 0x000002df8adf8f30]
Event: 16.252 Thread 0x000002dfa091b000 3921       4       org.lwjgl.system.MemoryUtil::memAddress (13 bytes)
Event: 16.252 Thread 0x000002dfa091e000 3922   !   3       org.lwjgl.opengl.GL11C::glDeleteTextures (42 bytes)
Event: 16.253 Thread 0x000002dfa091b000 nmethod 3921 0x000002df91d97610 code [0x000002df91d977a0, 0x000002df91d977f8]
Event: 16.253 Thread 0x000002dfa091b000 3925       4       org.lwjgl.system.MemoryStack::ints (11 bytes)
Event: 16.253 Thread 0x000002dfa091e000 nmethod 3922 0x000002df8adf9010 code [0x000002df8adf92c0, 0x000002df8adfa3b0]
Event: 16.253 Thread 0x000002dfa091e000 3923   !   3       org.lwjgl.opengl.GL30C::glDeleteVertexArrays (42 bytes)

GC Heap History (20 events):
Event: 5.467 GC heap before
{Heap before GC invocations=16 (full 0):
 garbage-first heap   total 131072K, used 111296K [0x0000000081c00000, 0x0000000100000000)
  region size 1024K, 70 young (71680K), 3 survivors (3072K)
 Metaspace       used 21111K, capacity 21886K, committed 22016K, reserved 1069056K
  class space    used 2222K, capacity 2558K, committed 2560K, reserved 1048576K
}
Event: 5.469 GC heap after
{Heap after GC invocations=17 (full 0):
 garbage-first heap   total 131072K, used 42730K [0x0000000081c00000, 0x0000000100000000)
  region size 1024K, 3 young (3072K), 3 survivors (3072K)
 Metaspace       used 21111K, capacity 21886K, committed 22016K, reserved 1069056K
  class space    used 2222K, capacity 2558K, committed 2560K, reserved 1048576K
}
Event: 5.625 GC heap before
{Heap before GC invocations=17 (full 0):
 garbage-first heap   total 131072K, used 112362K [0x0000000081c00000, 0x0000000100000000)
  region size 1024K, 71 young (72704K), 3 survivors (3072K)
 Metaspace       used 21115K, capacity 21886K, committed 22016K, reserved 1069056K
  class space    used 2222K, capacity 2558K, committed 2560K, reserved 1048576K
}
Event: 5.627 GC heap after
{Heap after GC invocations=18 (full 0):
 garbage-first heap   total 131072K, used 42656K [0x0000000081c00000, 0x0000000100000000)
  region size 1024K, 3 young (3072K), 3 survivors (3072K)
 Metaspace       used 21115K, capacity 21886K, committed 22016K, reserved 1069056K
  class space    used 2222K, capacity 2558K, committed 2560K, reserved 1048576K
}
Event: 5.740 GC heap before
{Heap before GC invocations=18 (full 0):
 garbage-first heap   total 131072K, used 112288K [0x0000000081c00000, 0x0000000100000000)
  region size 1024K, 71 young (72704K), 3 survivors (3072K)
 Metaspace       used 21125K, capacity 21886K, committed 22016K, reserved 1069056K
  class space    used 2222K, capacity 2558K, committed 2560K, reserved 1048576K
}
Event: 5.743 GC heap after
{Heap after GC invocations=19 (full 0):
 garbage-first heap   total 157696K, used 42977K [0x0000000081c00000, 0x0000000100000000)
  region size 1024K, 3 young (3072K), 3 survivors (3072K)
 Metaspace       used 21125K, capacity 21886K, committed 22016K, reserved 1069056K
  class space    used 2222K, capacity 2558K, committed 2560K, reserved 1048576K
}
Event: 5.852 GC heap before
{Heap before GC invocations=19 (full 0):
 garbage-first heap   total 157696K, used 133089K [0x0000000081c00000, 0x0000000100000000)
  region size 1024K, 91 young (93184K), 3 survivors (3072K)
 Metaspace       used 21125K, capacity 21886K, committed 22016K, reserved 1069056K
  class space    used 2222K, capacity 2558K, committed 2560K, reserved 1048576K
}
Event: 5.855 GC heap after
{Heap after GC invocations=20 (full 0):
 garbage-first heap   total 157696K, used 44562K [0x0000000081c00000, 0x0000000100000000)
  region size 1024K, 3 young (3072K), 3 survivors (3072K)
 Metaspace       used 21125K, capacity 21886K, committed 22016K, reserved 1069056K
  class space    used 2222K, capacity 2558K, committed 2560K, reserved 1048576K
}
Event: 5.959 GC heap before
{Heap before GC invocations=20 (full 0):
 garbage-first heap   total 157696K, used 134674K [0x0000000081c00000, 0x0000000100000000)
  region size 1024K, 92 young (94208K), 3 survivors (3072K)
 Metaspace       used 21125K, capacity 21886K, committed 22016K, reserved 1069056K
  class space    used 2222K, capacity 2558K, committed 2560K, reserved 1048576K
}
Event: 5.961 GC heap after
{Heap after GC invocations=21 (full 0):
 garbage-first heap   total 157696K, used 43030K [0x0000000081c00000, 0x0000000100000000)
  region size 1024K, 1 young (1024K), 1 survivors (1024K)
 Metaspace       used 21125K, capacity 21886K, committed 22016K, reserved 1069056K
  class space    used 2222K, capacity 2558K, committed 2560K, reserved 1048576K
}
Event: 6.065 GC heap before
{Heap before GC invocations=21 (full 0):
 garbage-first heap   total 157696K, used 135190K [0x0000000081c00000, 0x0000000100000000)
  region size 1024K, 91 young (93184K), 1 survivors (1024K)
 Metaspace       used 21147K, capacity 21950K, committed 22016K, reserved 1069056K
  class space    used 2222K, capacity 2558K, committed 2560K, reserved 1048576K
}
Event: 6.066 GC heap after
{Heap after GC invocations=22 (full 0):
 garbage-first heap   total 157696K, used 43048K [0x0000000081c00000, 0x0000000100000000)
  region size 1024K, 1 young (1024K), 1 survivors (1024K)
 Metaspace       used 21147K, capacity 21950K, committed 22016K, reserved 1069056K
  class space    used 2222K, capacity 2558K, committed 2560K, reserved 1048576K
}
Event: 7.027 GC heap before
{Heap before GC invocations=22 (full 0):
 garbage-first heap   total 157696K, used 135208K [0x0000000081c00000, 0x0000000100000000)
  region size 1024K, 91 young (93184K), 1 survivors (1024K)
 Metaspace       used 22116K, capacity 22814K, committed 23168K, reserved 1069056K
  class space    used 2256K, capacity 2590K, committed 2688K, reserved 1048576K
}
Event: 7.029 GC heap after
{Heap after GC invocations=23 (full 0):
 garbage-first heap   total 157696K, used 42683K [0x0000000081c00000, 0x0000000100000000)
  region size 1024K, 1 young (1024K), 1 survivors (1024K)
 Metaspace       used 22116K, capacity 22814K, committed 23168K, reserved 1069056K
  class space    used 2256K, capacity 2590K, committed 2688K, reserved 1048576K
}
Event: 9.445 GC heap before
{Heap before GC invocations=23 (full 0):
 garbage-first heap   total 157696K, used 134843K [0x0000000081c00000, 0x0000000100000000)
  region size 1024K, 91 young (93184K), 1 survivors (1024K)
 Metaspace       used 22217K, capacity 23010K, committed 23168K, reserved 1069056K
  class space    used 2256K, capacity 2590K, committed 2688K, reserved 1048576K
}
Event: 9.447 GC heap after
{Heap after GC invocations=24 (full 0):
 garbage-first heap   total 157696K, used 42662K [0x0000000081c00000, 0x0000000100000000)
  region size 1024K, 1 young (1024K), 1 survivors (1024K)
 Metaspace       used 22217K, capacity 23010K, committed 23168K, reserved 1069056K
  class space    used 2256K, capacity 2590K, committed 2688K, reserved 1048576K
}
Event: 11.962 GC heap before
{Heap before GC invocations=24 (full 0):
 garbage-first heap   total 157696K, used 135846K [0x0000000081c00000, 0x0000000100000000)
  region size 1024K, 92 young (94208K), 1 survivors (1024K)
 Metaspace       used 22280K, capacity 23074K, committed 23424K, reserved 1071104K
  class space    used 2256K, capacity 2590K, committed 2688K, reserved 1048576K
}
Event: 11.964 GC heap after
{Heap after GC invocations=25 (full 0):
 garbage-first heap   total 157696K, used 42644K [0x0000000081c00000, 0x0000000100000000)
  region size 1024K, 1 young (1024K), 1 survivors (1024K)
 Metaspace       used 22280K, capacity 23074K, committed 23424K, reserved 1071104K
  class space    used 2256K, capacity 2590K, committed 2688K, reserved 1048576K
}
Event: 15.390 GC heap before
{Heap before GC invocations=25 (full 0):
 garbage-first heap   total 157696K, used 136852K [0x0000000081c00000, 0x0000000100000000)
  region size 1024K, 92 young (94208K), 1 survivors (1024K)
 Metaspace       used 23226K, capacity 23986K, committed 24192K, reserved 1071104K
  class space    used 2332K, capacity 2636K, committed 2688K, reserved 1048576K
}
Event: 15.393 GC heap after
{Heap after GC invocations=26 (full 0):
 garbage-first heap   total 157696K, used 45233K [0x0000000081c00000, 0x0000000100000000)
  region size 1024K, 1 young (1024K), 1 survivors (1024K)
 Metaspace       used 23226K, capacity 23986K, committed 24192K, reserved 1071104K
  class space    used 2332K, capacity 2636K, committed 2688K, reserved 1048576K
}

Deoptimization events (20 events):
Event: 14.761 Thread 0x000002dfa21d1800 DEOPT PACKING pc=0x000002df91d7696c sp=0x000000f57c7fe710
Event: 14.762 Thread 0x000002dfa21d1800 DEOPT UNPACKING pc=0x000002df8a09922f sp=0x000000f57c7fe648 mode 2
Event: 14.763 Thread 0x000002dfa21d1800 Uncommon trap: trap_request=0xffffffde fr.pc=0x000002df91d7696c relative=0x00000000000000ac
Event: 14.763 Thread 0x000002dfa21d1800 Uncommon trap: reason=class_check action=maybe_recompile pc=0x000002df91d7696c method=com.sun.javafx.geom.transform.AffineBase.transform(Lcom/sun/javafx/geom/BaseBounds;Lcom/sun/javafx/geom/BaseBounds;)Lcom/sun/javafx/geom/BaseBounds; @ 11 c2
Event: 14.764 Thread 0x000002dfa21d1800 DEOPT PACKING pc=0x000002df91d7696c sp=0x000000f57c7fe690
Event: 14.764 Thread 0x000002dfa21d1800 DEOPT UNPACKING pc=0x000002df8a09922f sp=0x000000f57c7fe5c8 mode 2
Event: 14.764 Thread 0x000002dfa21d1800 Uncommon trap: trap_request=0xffffffde fr.pc=0x000002df91d7696c relative=0x00000000000000ac
Event: 14.764 Thread 0x000002dfa21d1800 Uncommon trap: reason=class_check action=maybe_recompile pc=0x000002df91d7696c method=com.sun.javafx.geom.transform.AffineBase.transform(Lcom/sun/javafx/geom/BaseBounds;Lcom/sun/javafx/geom/BaseBounds;)Lcom/sun/javafx/geom/BaseBounds; @ 11 c2
Event: 14.764 Thread 0x000002dfa21d1800 DEOPT PACKING pc=0x000002df91d7696c sp=0x000000f57c7fe690
Event: 14.764 Thread 0x000002dfa21d1800 DEOPT UNPACKING pc=0x000002df8a09922f sp=0x000000f57c7fe5c8 mode 2
Event: 14.765 Thread 0x000002dfa21d1800 Uncommon trap: trap_request=0xffffff4d fr.pc=0x000002df91d853d8 relative=0x0000000000000a78
Event: 14.765 Thread 0x000002dfa21d1800 Uncommon trap: reason=unstable_if action=reinterpret pc=0x000002df91d853d8 method=com.sun.javafx.sg.prism.NGNode.doRender(Lcom/sun/prism/Graphics;)V @ 24 c2
Event: 14.765 Thread 0x000002dfa21d1800 DEOPT PACKING pc=0x000002df91d853d8 sp=0x000000f57c7fe990
Event: 14.765 Thread 0x000002dfa21d1800 DEOPT UNPACKING pc=0x000002df8a09922f sp=0x000000f57c7fe8d0 mode 2
Event: 15.111 Thread 0x000002dfa21d1800 Uncommon trap: trap_request=0xffffffde fr.pc=0x000002df91d7696c relative=0x00000000000000ac
Event: 15.111 Thread 0x000002dfa21d1800 Uncommon trap: reason=class_check action=maybe_recompile pc=0x000002df91d7696c method=com.sun.javafx.geom.transform.AffineBase.transform(Lcom/sun/javafx/geom/BaseBounds;Lcom/sun/javafx/geom/BaseBounds;)Lcom/sun/javafx/geom/BaseBounds; @ 11 c2
Event: 15.111 Thread 0x000002dfa21d1800 DEOPT PACKING pc=0x000002df91d7696c sp=0x000000f57c7fe710
Event: 15.111 Thread 0x000002dfa21d1800 DEOPT UNPACKING pc=0x000002df8a09922f sp=0x000000f57c7fe648 mode 2
Event: 15.492 Thread 0x000002dfa21d1800 DEOPT PACKING pc=0x000002df8ade35bc sp=0x000000f57c7fdbb0
Event: 15.492 Thread 0x000002dfa21d1800 DEOPT UNPACKING pc=0x000002df8a09904e sp=0x000000f57c7fcfd0 mode 0

Classes redefined (0 events):
No events

Internal exceptions (20 events):
Event: 2.239 Thread 0x000002dfa1bae000 Exception <a 'java/lang/NoSuchMethodError'{0x0000000089254650}: 'java.lang.Object java.lang.invoke.DirectMethodHandle$Holder.invokeStatic(java.lang.Object, java.lang.Object, double)'> (0x0000000089254650) thrown at [c:/BuildAgent/work/5ff2f6c26000d570/src
Event: 3.589 Thread 0x000002dfa1bae000 Exception <a 'sun/nio/fs/WindowsException'{0x0000000087573678}> (0x0000000087573678) thrown at [c:/BuildAgent/work/5ff2f6c26000d570/src/hotspot/share/prims/jni.cpp, line 615]
Event: 3.592 Thread 0x000002dfa1bae000 Exception <a 'sun/nio/fs/WindowsException'{0x000000008757c6d8}> (0x000000008757c6d8) thrown at [c:/BuildAgent/work/5ff2f6c26000d570/src/hotspot/share/prims/jni.cpp, line 615]
Event: 3.609 Thread 0x000002dfa1bae000 Implicit null exception at 0x000002df91ba365f to 0x000002df91ba3ad6
Event: 3.610 Thread 0x000002dfa1bae000 Exception <a 'java/lang/NoSuchMethodError'{0x00000000872304c8}: 'void java.lang.invoke.DirectMethodHandle$Holder.invokeStatic(java.lang.Object, java.lang.Object, int, java.lang.Object)'> (0x00000000872304c8) thrown at [c:/BuildAgent/work/5ff2f6c26000d570/
Event: 3.611 Thread 0x000002dfa1bae000 Exception <a 'java/lang/NoSuchMethodError'{0x0000000087236d48}: 'void java.lang.invoke.DelegatingMethodHandle$Holder.delegate(java.lang.Object, java.lang.Object, int, java.lang.Object)'> (0x0000000087236d48) thrown at [c:/BuildAgent/work/5ff2f6c26000d570/
Event: 3.612 Thread 0x000002dfa1bae000 Exception <a 'java/lang/NoSuchMethodError'{0x000000008723e408}: 'java.lang.Object java.lang.invoke.DirectMethodHandle$Holder.invokeStaticInit(java.lang.Object, java.lang.Object, java.lang.Object)'> (0x000000008723e408) thrown at [c:/BuildAgent/work/5ff2f6
Event: 3.627 Thread 0x000002dfa1bae000 Exception <a 'sun/nio/fs/WindowsException'{0x00000000872981c0}> (0x00000000872981c0) thrown at [c:/BuildAgent/work/5ff2f6c26000d570/src/hotspot/share/prims/jni.cpp, line 615]
Event: 3.627 Thread 0x000002dfa1bae000 Exception <a 'sun/nio/fs/WindowsException'{0x0000000087298720}> (0x0000000087298720) thrown at [c:/BuildAgent/work/5ff2f6c26000d570/src/hotspot/share/prims/jni.cpp, line 615]
Event: 3.632 Thread 0x000002dfa1bae000 Exception <a 'sun/nio/fs/WindowsException'{0x00000000872fe9f0}> (0x00000000872fe9f0) thrown at [c:/BuildAgent/work/5ff2f6c26000d570/src/hotspot/share/prims/jni.cpp, line 615]
Event: 3.632 Thread 0x000002dfa1bae000 Exception <a 'sun/nio/fs/WindowsException'{0x00000000872fed70}> (0x00000000872fed70) thrown at [c:/BuildAgent/work/5ff2f6c26000d570/src/hotspot/share/prims/jni.cpp, line 615]
Event: 3.726 Thread 0x000002dfa1bae000 Exception <a 'sun/nio/fs/WindowsException'{0x00000000870958e8}> (0x00000000870958e8) thrown at [c:/BuildAgent/work/5ff2f6c26000d570/src/hotspot/share/prims/jni.cpp, line 615]
Event: 3.726 Thread 0x000002dfa1bae000 Exception <a 'sun/nio/fs/WindowsException'{0x0000000087095c98}> (0x0000000087095c98) thrown at [c:/BuildAgent/work/5ff2f6c26000d570/src/hotspot/share/prims/jni.cpp, line 615]
Event: 3.736 Thread 0x000002dfa1bae000 Exception <a 'sun/nio/fs/WindowsException'{0x0000000086fecb80}> (0x0000000086fecb80) thrown at [c:/BuildAgent/work/5ff2f6c26000d570/src/hotspot/share/prims/jni.cpp, line 615]
Event: 3.736 Thread 0x000002dfa1bae000 Exception <a 'sun/nio/fs/WindowsException'{0x0000000086fecf38}> (0x0000000086fecf38) thrown at [c:/BuildAgent/work/5ff2f6c26000d570/src/hotspot/share/prims/jni.cpp, line 615]
Event: 3.739 Thread 0x000002dfa1bae000 Exception <a 'sun/nio/fs/WindowsException'{0x0000000086ea9b30}> (0x0000000086ea9b30) thrown at [c:/BuildAgent/work/5ff2f6c26000d570/src/hotspot/share/prims/jni.cpp, line 615]
Event: 3.739 Thread 0x000002dfa1bae000 Exception <a 'sun/nio/fs/WindowsException'{0x0000000086ea9e20}> (0x0000000086ea9e20) thrown at [c:/BuildAgent/work/5ff2f6c26000d570/src/hotspot/share/prims/jni.cpp, line 615]
Event: 4.191 Thread 0x000002dfa1bae000 Exception <a 'sun/nio/fs/WindowsException'{0x0000000088d4e3d0}> (0x0000000088d4e3d0) thrown at [c:/BuildAgent/work/5ff2f6c26000d570/src/hotspot/share/prims/jni.cpp, line 615]
Event: 4.191 Thread 0x000002dfa1bae000 Exception <a 'sun/nio/fs/WindowsException'{0x0000000088d4e760}> (0x0000000088d4e760) thrown at [c:/BuildAgent/work/5ff2f6c26000d570/src/hotspot/share/prims/jni.cpp, line 615]
Event: 6.081 Thread 0x000002dfa1bae000 Implicit null exception at 0x000002df91cbcbb9 to 0x000002df91cbe212

Events (20 events):
Event: 16.193 Thread 0x000002dfaa010800 Thread added: 0x000002dfaa010800
Event: 16.193 Thread 0x000002dfaa010800 Thread exited: 0x000002dfaa010800
Event: 16.193 Thread 0x000002dfaa010800 Thread added: 0x000002dfaa010800
Event: 16.193 Thread 0x000002dfaa010800 Thread exited: 0x000002dfaa010800
Event: 16.193 Thread 0x000002dfaa011800 Thread added: 0x000002dfaa011800
Event: 16.193 Thread 0x000002dfaa011800 Thread exited: 0x000002dfaa011800
Event: 16.193 Thread 0x000002dfaa012000 Thread added: 0x000002dfaa012000
Event: 16.193 Thread 0x000002dfaa012000 Thread exited: 0x000002dfaa012000
Event: 16.194 Thread 0x000002dfaa010800 Thread added: 0x000002dfaa010800
Event: 16.194 Thread 0x000002dfaa010800 Thread exited: 0x000002dfaa010800
Event: 16.194 Thread 0x000002dfaa011800 Thread added: 0x000002dfaa011800
Event: 16.194 Thread 0x000002dfaa011800 Thread exited: 0x000002dfaa011800
Event: 16.194 Thread 0x000002dfaa012000 Thread added: 0x000002dfaa012000
Event: 16.194 Thread 0x000002dfaa012000 Thread exited: 0x000002dfaa012000
Event: 16.194 Thread 0x000002dfaa010800 Thread added: 0x000002dfaa010800
Event: 16.194 Thread 0x000002dfaa010800 Thread exited: 0x000002dfaa010800
Event: 16.194 Thread 0x000002dfaa010800 Thread added: 0x000002dfaa010800
Event: 16.194 Thread 0x000002dfaa010800 Thread exited: 0x000002dfaa010800
Event: 16.194 Thread 0x000002dfaa012000 Thread added: 0x000002dfaa012000
Event: 16.194 Thread 0x000002dfaa012000 Thread exited: 0x000002dfaa012000


Dynamic libraries:
0x00007ff7a5900000 - 0x00007ff7a590a000 	D:\IntelliJ\IntelliJ IDEA Community Edition 2019.3.2\jbr\bin\java.exe
0x00007ffc7e070000 - 0x00007ffc7e25d000 	C:\WINDOWS\SYSTEM32\ntdll.dll
0x00007ffc7b600000 - 0x00007ffc7b6b3000 	C:\WINDOWS\System32\KERNEL32.DLL
0x00007ffc7a440000 - 0x00007ffc7a6d5000 	C:\WINDOWS\System32\KERNELBASE.dll
0x00007ffc7a6e0000 - 0x00007ffc7a7da000 	C:\WINDOWS\System32\ucrtbase.dll
0x00007ffc62fb0000 - 0x00007ffc62fc9000 	D:\IntelliJ\IntelliJ IDEA Community Edition 2019.3.2\jbr\bin\jli.dll
0x00007ffc63050000 - 0x00007ffc63067000 	D:\IntelliJ\IntelliJ IDEA Community Edition 2019.3.2\jbr\bin\VCRUNTIME140.dll
0x00007ffc7b460000 - 0x00007ffc7b5f7000 	C:\WINDOWS\System32\USER32.dll
0x00007ffc7aa70000 - 0x00007ffc7aa90000 	C:\WINDOWS\System32\win32u.dll
0x00007ffc6e1a0000 - 0x00007ffc6e419000 	C:\WINDOWS\WinSxS\amd64_microsoft.windows.common-controls_6595b64144ccf1df_6.0.17763.1158_none_de722d88534a897f\COMCTL32.dll
0x00007ffc7d050000 - 0x00007ffc7d079000 	C:\WINDOWS\System32\GDI32.dll
0x00007ffc7df10000 - 0x00007ffc7dfae000 	C:\WINDOWS\System32\msvcrt.dll
0x00007ffc7a7e0000 - 0x00007ffc7a979000 	C:\WINDOWS\System32\gdi32full.dll
0x00007ffc7a9d0000 - 0x00007ffc7aa70000 	C:\WINDOWS\System32\msvcp_win.dll
0x00007ffc7db30000 - 0x00007ffc7de5c000 	C:\WINDOWS\System32\combase.dll
0x00007ffc7b6f0000 - 0x00007ffc7b812000 	C:\WINDOWS\System32\RPCRT4.dll
0x00007ffc7a3c0000 - 0x00007ffc7a43e000 	C:\WINDOWS\System32\bcryptPrimitives.dll
0x00007ffc7b6c0000 - 0x00007ffc7b6ee000 	C:\WINDOWS\System32\IMM32.DLL
0x00007ffc4b360000 - 0x00007ffc4b3fd000 	D:\IntelliJ\IntelliJ IDEA Community Edition 2019.3.2\jbr\bin\msvcp140.dll
0x00007ffc29560000 - 0x00007ffc2a01b000 	D:\IntelliJ\IntelliJ IDEA Community Edition 2019.3.2\jbr\bin\server\jvm.dll
0x00007ffc7cf90000 - 0x00007ffc7d033000 	C:\WINDOWS\System32\ADVAPI32.dll
0x00007ffc7d430000 - 0x00007ffc7d4ce000 	C:\WINDOWS\System32\sechost.dll
0x00007ffc7e010000 - 0x00007ffc7e018000 	C:\WINDOWS\System32\PSAPI.DLL
0x00007ffc75d80000 - 0x00007ffc75d89000 	C:\WINDOWS\SYSTEM32\WSOCK32.dll
0x00007ffc6f2c0000 - 0x00007ffc6f2e4000 	C:\WINDOWS\SYSTEM32\WINMM.dll
0x00007ffc74b00000 - 0x00007ffc74b0a000 	C:\WINDOWS\SYSTEM32\VERSION.dll
0x00007ffc7cf20000 - 0x00007ffc7cf8d000 	C:\WINDOWS\System32\WS2_32.dll
0x00007ffc6f080000 - 0x00007ffc6f0ad000 	C:\WINDOWS\SYSTEM32\winmmbase.dll
0x00007ffc7a370000 - 0x00007ffc7a3ba000 	C:\WINDOWS\System32\cfgmgr32.dll
0x00007ffc7a060000 - 0x00007ffc7a071000 	C:\WINDOWS\System32\kernel.appcore.dll
0x00007ffc754c0000 - 0x00007ffc754d1000 	D:\IntelliJ\IntelliJ IDEA Community Edition 2019.3.2\jbr\bin\verify.dll
0x00007ffc72290000 - 0x00007ffc7247d000 	C:\WINDOWS\SYSTEM32\DBGHELP.DLL
0x00007ffc72260000 - 0x00007ffc7228a000 	C:\WINDOWS\SYSTEM32\dbgcore.DLL
0x00007ffc62e40000 - 0x00007ffc62e69000 	D:\IntelliJ\IntelliJ IDEA Community Edition 2019.3.2\jbr\bin\java.dll
0x00007ffc75e40000 - 0x00007ffc75e4f000 	D:\IntelliJ\IntelliJ IDEA Community Edition 2019.3.2\jbr\bin\instrument.dll
0x00007ffc6c690000 - 0x00007ffc6c6a7000 	D:\IntelliJ\IntelliJ IDEA Community Edition 2019.3.2\jbr\bin\zip.dll
0x00007ffc759f0000 - 0x00007ffc759fb000 	D:\IntelliJ\IntelliJ IDEA Community Edition 2019.3.2\jbr\bin\jimage.dll
0x00007ffc7b820000 - 0x00007ffc7cd14000 	C:\WINDOWS\System32\SHELL32.dll
0x00007ffc7de60000 - 0x00007ffc7df08000 	C:\WINDOWS\System32\shcore.dll
0x00007ffc7ab40000 - 0x00007ffc7b28d000 	C:\WINDOWS\System32\windows.storage.dll
0x00007ffc7a100000 - 0x00007ffc7a124000 	C:\WINDOWS\System32\profapi.dll
0x00007ffc7a080000 - 0x00007ffc7a0dd000 	C:\WINDOWS\System32\powrprof.dll
0x00007ffc7cd30000 - 0x00007ffc7cd82000 	C:\WINDOWS\System32\shlwapi.dll
0x00007ffc7a980000 - 0x00007ffc7a997000 	C:\WINDOWS\System32\cryptsp.dll
0x00007ffc6c500000 - 0x00007ffc6c51a000 	D:\IntelliJ\IntelliJ IDEA Community Edition 2019.3.2\jbr\bin\net.dll
0x00007ffc70910000 - 0x00007ffc70a02000 	C:\WINDOWS\SYSTEM32\WINHTTP.dll
0x00007ffc79870000 - 0x00007ffc798d7000 	C:\WINDOWS\system32\mswsock.dll
0x00007ffc6af30000 - 0x00007ffc6af44000 	D:\IntelliJ\IntelliJ IDEA Community Edition 2019.3.2\jbr\bin\nio.dll
0x00007ffc74dd0000 - 0x00007ffc74dea000 	D:\IntelliJ\IntelliJ IDEA Community Edition 2019.3.2\bin\breakgen64.dll
0x000002df83fb0000 - 0x000002df83fb3000 	D:\IntelliJ\IntelliJ IDEA Community Edition 2019.3.2\jbr\bin\api-ms-win-core-console-l1-1-0.dll
0x000002df83fc0000 - 0x000002df83fc3000 	D:\IntelliJ\IntelliJ IDEA Community Edition 2019.3.2\jbr\bin\api-ms-win-core-datetime-l1-1-0.dll
0x000002df85f50000 - 0x000002df85f53000 	D:\IntelliJ\IntelliJ IDEA Community Edition 2019.3.2\jbr\bin\api-ms-win-core-debug-l1-1-0.dll
0x000002df85f60000 - 0x000002df85f63000 	D:\IntelliJ\IntelliJ IDEA Community Edition 2019.3.2\jbr\bin\api-ms-win-core-errorhandling-l1-1-0.dll
0x000002df85f70000 - 0x000002df85f74000 	D:\IntelliJ\IntelliJ IDEA Community Edition 2019.3.2\jbr\bin\api-ms-win-core-file-l1-1-0.dll
0x000002dfa2e20000 - 0x000002dfa2e23000 	D:\IntelliJ\IntelliJ IDEA Community Edition 2019.3.2\jbr\bin\api-ms-win-core-file-l1-2-0.dll
0x000002dfa2e30000 - 0x000002dfa2e33000 	D:\IntelliJ\IntelliJ IDEA Community Edition 2019.3.2\jbr\bin\api-ms-win-core-file-l2-1-0.dll
0x000002dfa2e40000 - 0x000002dfa2e43000 	D:\IntelliJ\IntelliJ IDEA Community Edition 2019.3.2\jbr\bin\api-ms-win-core-handle-l1-1-0.dll
0x000002dfa2e50000 - 0x000002dfa2e53000 	D:\IntelliJ\IntelliJ IDEA Community Edition 2019.3.2\jbr\bin\api-ms-win-core-heap-l1-1-0.dll
0x000002dfa2e60000 - 0x000002dfa2e63000 	D:\IntelliJ\IntelliJ IDEA Community Edition 2019.3.2\jbr\bin\api-ms-win-core-interlocked-l1-1-0.dll
0x000002dfa2e70000 - 0x000002dfa2e73000 	D:\IntelliJ\IntelliJ IDEA Community Edition 2019.3.2\jbr\bin\api-ms-win-core-libraryloader-l1-1-0.dll
0x000002dfa2e80000 - 0x000002dfa2e83000 	D:\IntelliJ\IntelliJ IDEA Community Edition 2019.3.2\jbr\bin\api-ms-win-core-localization-l1-2-0.dll
0x000002dfa2e90000 - 0x000002dfa2e93000 	D:\IntelliJ\IntelliJ IDEA Community Edition 2019.3.2\jbr\bin\api-ms-win-core-memory-l1-1-0.dll
0x000002dfa2ea0000 - 0x000002dfa2ea3000 	D:\IntelliJ\IntelliJ IDEA Community Edition 2019.3.2\jbr\bin\api-ms-win-core-namedpipe-l1-1-0.dll
0x000002dfa2eb0000 - 0x000002dfa2eb3000 	D:\IntelliJ\IntelliJ IDEA Community Edition 2019.3.2\jbr\bin\api-ms-win-core-processenvironment-l1-1-0.dll
0x000002dfa2ec0000 - 0x000002dfa2ec3000 	D:\IntelliJ\IntelliJ IDEA Community Edition 2019.3.2\jbr\bin\api-ms-win-core-processthreads-l1-1-0.dll
0x000002dfa2ed0000 - 0x000002dfa2ed3000 	D:\IntelliJ\IntelliJ IDEA Community Edition 2019.3.2\jbr\bin\api-ms-win-core-processthreads-l1-1-1.dll
0x000002dfa2ee0000 - 0x000002dfa2ee3000 	D:\IntelliJ\IntelliJ IDEA Community Edition 2019.3.2\jbr\bin\api-ms-win-core-profile-l1-1-0.dll
0x000002dfa2ef0000 - 0x000002dfa2ef3000 	D:\IntelliJ\IntelliJ IDEA Community Edition 2019.3.2\jbr\bin\api-ms-win-core-rtlsupport-l1-1-0.dll
0x000002dfa2f00000 - 0x000002dfa2f03000 	D:\IntelliJ\IntelliJ IDEA Community Edition 2019.3.2\jbr\bin\api-ms-win-core-string-l1-1-0.dll
0x000002dfa2f10000 - 0x000002dfa2f13000 	D:\IntelliJ\IntelliJ IDEA Community Edition 2019.3.2\jbr\bin\api-ms-win-core-synch-l1-1-0.dll
0x000002dfa2f20000 - 0x000002dfa2f23000 	D:\IntelliJ\IntelliJ IDEA Community Edition 2019.3.2\jbr\bin\api-ms-win-core-synch-l1-2-0.dll
0x000002dfa2f30000 - 0x000002dfa2f33000 	D:\IntelliJ\IntelliJ IDEA Community Edition 2019.3.2\jbr\bin\api-ms-win-core-sysinfo-l1-1-0.dll
0x000002dfa2f40000 - 0x000002dfa2f43000 	D:\IntelliJ\IntelliJ IDEA Community Edition 2019.3.2\jbr\bin\api-ms-win-core-timezone-l1-1-0.dll
0x000002dfa2f50000 - 0x000002dfa2f53000 	D:\IntelliJ\IntelliJ IDEA Community Edition 2019.3.2\jbr\bin\api-ms-win-core-util-l1-1-0.dll
0x000002dfa2f60000 - 0x000002dfa2f63000 	D:\IntelliJ\IntelliJ IDEA Community Edition 2019.3.2\jbr\bin\api-ms-win-crt-conio-l1-1-0.dll
0x000002dfa2f70000 - 0x000002dfa2f74000 	D:\IntelliJ\IntelliJ IDEA Community Edition 2019.3.2\jbr\bin\api-ms-win-crt-convert-l1-1-0.dll
0x000002dfa2f80000 - 0x000002dfa2f83000 	D:\IntelliJ\IntelliJ IDEA Community Edition 2019.3.2\jbr\bin\api-ms-win-crt-environment-l1-1-0.dll
0x000002dfa2f90000 - 0x000002dfa2f93000 	D:\IntelliJ\IntelliJ IDEA Community Edition 2019.3.2\jbr\bin\api-ms-win-crt-filesystem-l1-1-0.dll
0x000002dfa2fa0000 - 0x000002dfa2fa3000 	D:\IntelliJ\IntelliJ IDEA Community Edition 2019.3.2\jbr\bin\api-ms-win-crt-heap-l1-1-0.dll
0x000002dfa2fb0000 - 0x000002dfa2fb3000 	D:\IntelliJ\IntelliJ IDEA Community Edition 2019.3.2\jbr\bin\api-ms-win-crt-locale-l1-1-0.dll
0x000002dfa2fc0000 - 0x000002dfa2fc5000 	D:\IntelliJ\IntelliJ IDEA Community Edition 2019.3.2\jbr\bin\api-ms-win-crt-math-l1-1-0.dll
0x000002dfa2fd0000 - 0x000002dfa2fd5000 	D:\IntelliJ\IntelliJ IDEA Community Edition 2019.3.2\jbr\bin\api-ms-win-crt-multibyte-l1-1-0.dll
0x000002dfa2fe0000 - 0x000002dfa2ff0000 	D:\IntelliJ\IntelliJ IDEA Community Edition 2019.3.2\jbr\bin\api-ms-win-crt-private-l1-1-0.dll
0x000002dfa2ff0000 - 0x000002dfa2ff3000 	D:\IntelliJ\IntelliJ IDEA Community Edition 2019.3.2\jbr\bin\api-ms-win-crt-process-l1-1-0.dll
0x000002dfa3000000 - 0x000002dfa3004000 	D:\IntelliJ\IntelliJ IDEA Community Edition 2019.3.2\jbr\bin\api-ms-win-crt-runtime-l1-1-0.dll
0x000002dfa3010000 - 0x000002dfa3014000 	D:\IntelliJ\IntelliJ IDEA Community Edition 2019.3.2\jbr\bin\api-ms-win-crt-stdio-l1-1-0.dll
0x000002dfa3020000 - 0x000002dfa3024000 	D:\IntelliJ\IntelliJ IDEA Community Edition 2019.3.2\jbr\bin\api-ms-win-crt-string-l1-1-0.dll
0x000002dfa3030000 - 0x000002dfa3033000 	D:\IntelliJ\IntelliJ IDEA Community Edition 2019.3.2\jbr\bin\api-ms-win-crt-time-l1-1-0.dll
0x000002dfa3040000 - 0x000002dfa3043000 	D:\IntelliJ\IntelliJ IDEA Community Edition 2019.3.2\jbr\bin\api-ms-win-crt-utility-l1-1-0.dll
0x00007ffc53fb0000 - 0x00007ffc540aa000 	D:\IntelliJ\IntelliJ IDEA Community Edition 2019.3.2\jbr\bin\ucrtbase.dll
0x00007ffc62f00000 - 0x00007ffc62f52000 	C:\Windows\System32\concrt140.dll
0x00007ffc6d9b0000 - 0x00007ffc6d9d3000 	D:\IntelliJ\IntelliJ IDEA Community Edition 2019.3.2\jbr\bin\prism_d3d.dll
0x00007ffc71110000 - 0x00007ffc712ae000 	C:\WINDOWS\system32\d3d9.dll
0x00007ffc786c0000 - 0x00007ffc786ee000 	C:\WINDOWS\SYSTEM32\dwmapi.dll
0x00007ffc7a130000 - 0x00007ffc7a30c000 	C:\WINDOWS\System32\CRYPT32.dll
0x00007ffc7a0e0000 - 0x00007ffc7a0f2000 	C:\WINDOWS\System32\MSASN1.dll
0x00007ffc783b0000 - 0x00007ffc7844c000 	C:\WINDOWS\system32\uxtheme.dll
0x00007ffc47de0000 - 0x00007ffc47fa0000 	C:\WINDOWS\System32\DriverStore\FileRepository\igdlh64.inf_amd64_d03105a152ac7ed4\igdumdim64.dll
0x00007ffc64440000 - 0x00007ffc64592000 	C:\WINDOWS\System32\DriverStore\FileRepository\igdlh64.inf_amd64_d03105a152ac7ed4\igdgmm64.dll
0x00007ffc62eb0000 - 0x00007ffc62ef5000 	D:\IntelliJ\IntelliJ IDEA Community Edition 2019.3.2\jbr\bin\glass.dll
0x00007ffc7cd90000 - 0x00007ffc7ceb7000 	C:\WINDOWS\System32\COMDLG32.dll
0x00007ffc7d550000 - 0x00007ffc7d6a5000 	C:\WINDOWS\System32\ole32.dll
0x00007ffc7d100000 - 0x00007ffc7d1c4000 	C:\WINDOWS\System32\OLEAUT32.dll
0x00007ffc7b2f0000 - 0x00007ffc7b45b000 	C:\WINDOWS\System32\MSCTF.dll
0x00007ffc23270000 - 0x00007ffc26e4b000 	C:\WINDOWS\System32\DriverStore\FileRepository\igdlh64.inf_amd64_d03105a152ac7ed4\igd9dxva64.dll
0x00007ffc32f60000 - 0x00007ffc32f82000 	C:\WINDOWS\System32\DriverStore\FileRepository\igdlh64.inf_amd64_d03105a152ac7ed4\igdinfo64.dll
0x00007ffc603a0000 - 0x00007ffc626f6000 	C:\WINDOWS\System32\DriverStore\FileRepository\igdlh64.inf_amd64_d03105a152ac7ed4\igc64.dll
0x00007ffc45cb0000 - 0x00007ffc45e51000 	D:\IntelliJ\IntelliJ IDEA Community Edition 2019.3.2\jbr\bin\awt.dll
0x00007ffc773b0000 - 0x00007ffc7796e000 	C:\WINDOWS\SYSTEM32\d2d1.dll
0x00007ffc78130000 - 0x00007ffc781bc000 	C:\WINDOWS\SYSTEM32\apphelp.dll
0x00007ffc45b80000 - 0x00007ffc45ca7000 	C:\WINDOWS\system32\opengl32.dll
0x00007ffc62e10000 - 0x00007ffc62e3c000 	C:\WINDOWS\SYSTEM32\GLU32.dll
0x00007ffc6c6b0000 - 0x00007ffc6c6c4000 	D:\IntelliJ\IntelliJ IDEA Community Edition 2019.3.2\jbr\bin\javafx_font.dll
0x00007ffc578f0000 - 0x00007ffc57975000 	D:\IntelliJ\IntelliJ IDEA Community Edition 2019.3.2\jbr\bin\freetype.dll
0x00007ffc50190000 - 0x00007ffc50238000 	D:\IntelliJ\IntelliJ IDEA Community Edition 2019.3.2\jbr\bin\fontmanager.dll
0x00007ffc65f50000 - 0x00007ffc6624c000 	C:\WINDOWS\SYSTEM32\dwrite.dll
0x00007ffc53f20000 - 0x00007ffc53fb0000 	D:\IntelliJ\IntelliJ IDEA Community Edition 2019.3.2\jbr\bin\glib-lite.dll
0x00007ffc4b480000 - 0x00007ffc4b537000 	D:\IntelliJ\IntelliJ IDEA Community Edition 2019.3.2\jbr\bin\gstreamer-lite.dll
0x00007ffc402b0000 - 0x00007ffc40346000 	C:\WINDOWS\SYSTEM32\DSOUND.dll
0x00007ffc57c60000 - 0x00007ffc57c86000 	D:\IntelliJ\IntelliJ IDEA Community Edition 2019.3.2\jbr\bin\jfxmedia.dll
0x00007ffc7d1d0000 - 0x00007ffc7d272000 	C:\WINDOWS\System32\clbcatq.dll
0x00007ffc76900000 - 0x00007ffc76aa9000 	C:\WINDOWS\system32\propsys.dll
0x00007ffc579d0000 - 0x00007ffc579f2000 	D:\IntelliJ\IntelliJ IDEA Community Edition 2019.3.2\jbr\bin\fxplugins.dll
0x00007ffc71600000 - 0x00007ffc71670000 	C:\WINDOWS\System32\MMDevApi.dll
0x00007ffc79e10000 - 0x00007ffc79e39000 	C:\WINDOWS\System32\DEVOBJ.dll
0x00007ffc70e20000 - 0x00007ffc70f68000 	C:\WINDOWS\SYSTEM32\AUDIOSES.DLL
0x00007ffc760b0000 - 0x00007ffc76203000 	C:\WINDOWS\SYSTEM32\wintypes.dll
0x00007ffc75990000 - 0x00007ffc7599a000 	C:\WINDOWS\SYSTEM32\AVRT.dll

dbghelp: loaded successfully - version: 4.0.5 - missing functions: none
symbol engine: initialized successfully - sym options: 0x614 - pdb path: .;D:\IntelliJ\IntelliJ IDEA Community Edition 2019.3.2\jbr\bin;C:\WINDOWS\SYSTEM32;C:\WINDOWS\WinSxS\amd64_microsoft.windows.common-controls_6595b64144ccf1df_6.0.17763.1158_none_de722d88534a897f;D:\IntelliJ\IntelliJ IDEA Community Edition 2019.3.2\jbr\bin\server;D:\IntelliJ\IntelliJ IDEA Community Edition 2019.3.2\bin;C:\WINDOWS\System32\DriverStore\FileRepository\igdlh64.inf_amd64_d03105a152ac7ed4;C:\Program Files\Common Files\Microsoft Shared\Ink;C:\Users\XIAOMi\AppData\Local\Temp\lwjglXIAOMi\3.2.3-build-13

VM Arguments:
jvm_args: -javaagent:D:\IntelliJ\IntelliJ IDEA Community Edition 2019.3.2\lib\idea_rt.jar=56566:D:\IntelliJ\IntelliJ IDEA Community Edition 2019.3.2\bin -Dfile.encoding=UTF-8 
java_command: com.falconfly.menu.MainMenu
java_class_path (initial): D:\projects\4_sem\falcon-fly\out\production\falcon-fly;D:\IntelliJ\lwjgl\lwjgl\lwjgl.jar;D:\IntelliJ\lwjgl\lwjgl\lwjgl-javadoc.jar;D:\IntelliJ\lwjgl\lwjgl\lwjgl-sources.jar;D:\IntelliJ\lwjgl\lwjgl\lwjgl-natives-linux.jar;D:\IntelliJ\lwjgl\lwjgl\lwjgl-natives-macos.jar;D:\IntelliJ\lwjgl\lwjgl\lwjgl-natives-windows.jar;D:\IntelliJ\lwjgl\lwjgl\lwjgl-natives-linux-arm32.jar;D:\IntelliJ\lwjgl\lwjgl\lwjgl-natives-linux-arm64.jar;D:\IntelliJ\lwjgl\lwjgl\lwjgl-natives-windows-x86.jar;D:\IntelliJ\lwjgl\lwjgl-assimp\lwjgl-assimp.jar;D:\IntelliJ\lwjgl\lwjgl-assimp\lwjgl-assimp-javadoc.jar;D:\IntelliJ\lwjgl\lwjgl-assimp\lwjgl-assimp-sources.jar;D:\IntelliJ\lwjgl\lwjgl-assimp\lwjgl-assimp-natives-linux.jar;D:\IntelliJ\lwjgl\lwjgl-assimp\lwjgl-assimp-natives-macos.jar;D:\IntelliJ\lwjgl\lwjgl-assimp\lwjgl-assimp-natives-windows.jar;D:\IntelliJ\lwjgl\lwjgl-assimp\lwjgl-assimp-natives-linux-arm32.jar;D:\IntelliJ\lwjgl\lwjgl-assimp\lwjgl-assimp-natives-linux-arm64.jar;D:\IntelliJ\lwjgl\lwjgl-assimp\lwjgl-assimp-natives-windows-x86.jar;D:\IntelliJ\lwjgl\lwjgl-bgfx\lwjgl-bgfx.jar;D:\IntelliJ\lwjgl\lwjgl-bgfx\lwjgl-bgfx-javadoc.jar;D:\IntelliJ\lwjgl\lwjgl-bgfx\lwjgl-bgfx-sources.jar;D:\IntelliJ\lwjgl\lwjgl-bgfx\lwjgl-bgfx-natives-linux.jar;D:\IntelliJ\lwjgl\lwjgl-bgfx\lwjgl-bgfx-natives-macos.jar;D:\IntelliJ\lwjgl\lwjgl-bgfx\lwjgl-bgfx-natives-windows.jar;D:\IntelliJ\lwjgl\lwjgl-bgfx\lwjgl-bgfx-natives-linux-arm32.jar;D:\IntelliJ\lwjgl\lwjgl-bgfx\lwjgl-bgfx-natives-linux-arm64.jar;D:\IntelliJ\lwjgl\lwjgl-bgfx\lwjgl-bgfx-natives-windows-x86.jar;D:\IntelliJ\lwjgl\lwjgl-cuda\lwjgl-cuda.jar;D:\IntelliJ\lwjgl\lwjgl-cuda\lwjgl-cuda-javadoc.jar;D:\IntelliJ\lwjgl\lwjgl-cuda\lwjgl-cuda-sources.jar;D:\IntelliJ\lwjgl\lwjgl-egl\lwjgl-egl.jar;D:\IntelliJ\lwjgl\lwjgl-egl\lwjgl-egl-javadoc.jar;D:\IntelliJ\lwjgl\lwjgl-egl\lwjgl-egl-sources.jar;D:\IntelliJ\lwjgl\lwjgl-glfw\lwjgl-glfw.jar;D:\IntelliJ\lwjgl\lwjgl-glfw\lwjgl-glfw-javadoc.jar;D:\IntelliJ\lwjgl\lwjgl-glfw\lwjgl-g
Launcher Type: SUN_STANDARD

[Global flags]
     intx CICompilerCount                          = 4                                         {product} {ergonomic}
     uint ConcGCThreads                            = 2                                         {product} {ergonomic}
     uint G1ConcRefinementThreads                  = 8                                         {product} {ergonomic}
   size_t G1HeapRegionSize                         = 1048576                                   {product} {ergonomic}
    uintx GCDrainStackTargetSize                   = 64                                        {product} {ergonomic}
   size_t InitialHeapSize                          = 134217728                                 {product} {ergonomic}
   size_t MarkStackSize                            = 4194304                                   {product} {ergonomic}
   size_t MaxHeapSize                              = 2118123520                                {product} {ergonomic}
   size_t MaxNewSize                               = 1270874112                                {product} {ergonomic}
   size_t MinHeapDeltaBytes                        = 1048576                                   {product} {ergonomic}
    uintx NonNMethodCodeHeapSize                   = 5836300                                {pd product} {ergonomic}
    uintx NonProfiledCodeHeapSize                  = 122910970                              {pd product} {ergonomic}
    uintx ProfiledCodeHeapSize                     = 122910970                              {pd product} {ergonomic}
    uintx ReservedCodeCacheSize                    = 251658240                              {pd product} {ergonomic}
     bool SegmentedCodeCache                       = true                                      {product} {ergonomic}
     bool UseCompressedClassPointers               = true                                 {lp64_product} {ergonomic}
     bool UseCompressedOops                        = true                                 {lp64_product} {ergonomic}
     bool UseG1GC                                  = true                                      {product} {ergonomic}
     bool UseLargePagesIndividualAllocation        = false                                  {pd product} {ergonomic}

Logging:
Log output configuration:
 #0: stdout all=warning uptime,level,tags
 #1: stderr all=off uptime,level,tags

Environment Variables:
PATH=C:\WINDOWS\system32;C:\WINDOWS;C:\WINDOWS\System32\Wbem;C:\WINDOWS\System32\WindowsPowerShell\v1.0\;C:\WINDOWS\System32\OpenSSH\;C:\Program Files (x86)\IncrediBuild;C:\Program Files\NVIDIA Corporation\NVIDIA NvDLISR;C:\Program Files (x86)\NVIDIA Corporation\PhysX\Common;C:\Program Files\Git\cmd;C:\Users\XIAOMi\AppData\Local\Microsoft\WindowsApps;
USERNAME=XIAOMi
OS=Windows_NT
PROCESSOR_IDENTIFIER=Intel64 Family 6 Model 142 Stepping 10, GenuineIntel



---------------  S Y S T E M  ---------------

OS: Windows 10 , 64 bit Build 17763 (10.0.17763.1158)

CPU:total 8 (initial active 8) (4 cores per cpu, 2 threads per core) family 6 model 142 stepping 10, cmov, cx8, fxsr, mmx, sse, sse2, sse3, ssse3, sse4.1, sse4.2, popcnt, avx, avx2, aes, clmul, erms, 3dnowpref, lzcnt, ht, tsc, tscinvbit, bmi1, bmi2, adx, fma

Memory: 4k page, system-wide physical 8076M (1446M free)
TotalPageFile size 19737M (AvailPageFile size 1511M)
current process WorkingSet (physical memory assigned to process): 485M, peak: 533M
current process commit charge ("private bytes"): 518M, peak: 541M

vm_info: OpenJDK 64-Bit Server VM (11.0.5+10-b520.30) for windows-amd64 JRE (11.0.5+10-b520.30), built on Dec 24 2019 12:06:09 by "" with MS VC++ 14.0 (VS2015)

END.
