#
# A fatal error has been detected by the Java Runtime Environment:
#
#  EXCEPTION_ACCESS_VIOLATION (0xc0000005) at pc=0x00007ffc4d5dd88d, pid=17932, tid=17340
#
# JRE version: OpenJDK Runtime Environment (11.0.5+10) (build 11.0.5+10-b520.30)
# Java VM: OpenJDK 64-Bit Server VM (11.0.5+10-b520.30, mixed mode, sharing, tiered, compressed oops, g1 gc, windows-amd64)
# Problematic frame:
# C  0x00007ffc4d5dd88d
#
# No core dump will be written. Minidumps are not enabled by default on client versions of Windows
#
# If you would like to submit a bug report, please visit:
#   http://bugreport.java.com/bugreport/crash.jsp
# The crash happened outside the Java Virtual Machine in native code.
# See problematic frame for where to report the bug.
#

---------------  S U M M A R Y ------------

Command Line: -javaagent:D:\IntelliJ\IntelliJ IDEA Community Edition 2019.3.2\lib\idea_rt.jar=56489:D:\IntelliJ\IntelliJ IDEA Community Edition 2019.3.2\bin -Dfile.encoding=UTF-8 com.falconfly.menu.MainMenu

Host: Intel(R) Core(TM) i5-8250U CPU @ 1.60GHz, 8 cores, 7G,  Windows 10 , 64 bit Build 17763 (10.0.17763.1158)
Time: Sun May 31 21:09:35 2020 Aaea?onu (ceia) elapsed time: 22 seconds (0d 0h 0m 22s)

---------------  T H R E A D  ---------------

Current thread (0x000002ce16921800):  JavaThread "JavaFX Application Thread" [_thread_in_native, id=17340, stack(0x000000f892e00000,0x000000f892f00000)]

Stack: [0x000000f892e00000,0x000000f892f00000],  sp=0x000000f892ef7640,  free space=989k
Native frames: (J=compiled Java code, j=interpreted, Vv=VM code, C=native code)
C  0x00007ffc4d5dd88d

Java frames: (J=compiled Java code, j=interpreted, Vv=VM code)
J 2912  org.lwjgl.system.JNI.invokePV(JJ)V (0 bytes) @ 0x000002ce07c7fe14 [0x000002ce07c7fdc0+0x0000000000000054]
j  org.lwjgl.glfw.GLFW.glfwDestroyWindow(J)V+6
j  com.falconfly.menu.style.MainDeath.handleExit(Ljavafx/event/ActionEvent;)V+28
j  com.falconfly.menu.style.MainDeath$$Lambda$298.handle(Ljavafx/event/Event;)V+8
j  com.sun.javafx.event.CompositeEventHandler.dispatchBubblingEvent(Ljavafx/event/Event;)V+51 javafx.base@11.0.5
J 4019 c1 com.sun.javafx.event.EventHandlerManager.dispatchBubblingEvent(Ljavafx/event/Event;)Ljavafx/event/Event; javafx.base@11.0.5 (23 bytes) @ 0x000002ce00da6434 [0x000002ce00da5dc0+0x0000000000000674]
J 4018 c1 com.sun.javafx.event.CompositeEventDispatcher.dispatchBubblingEvent(Ljavafx/event/Event;)Ljavafx/event/Event; javafx.base@11.0.5 (35 bytes) @ 0x000002ce00da6d74 [0x000002ce00da6b80+0x00000000000001f4]
J 3908 c1 com.sun.javafx.event.BasicEventDispatcher.dispatchEvent(Ljavafx/event/Event;Ljavafx/event/EventDispatchChain;)Ljavafx/event/Event; javafx.base@11.0.5 (44 bytes) @ 0x000002ce00d6960c [0x000002ce00d69280+0x000000000000038c]
J 3835 c1 com.sun.javafx.event.EventDispatchChainImpl.dispatchEvent(Ljavafx/event/Event;)Ljavafx/event/Event; javafx.base@11.0.5 (101 bytes) @ 0x000002ce00d40ebc [0x000002ce00d40ce0+0x00000000000001dc]
J 3908 c1 com.sun.javafx.event.BasicEventDispatcher.dispatchEvent(Ljavafx/event/Event;Ljavafx/event/EventDispatchChain;)Ljavafx/event/Event; javafx.base@11.0.5 (44 bytes) @ 0x000002ce00d69514 [0x000002ce00d69280+0x0000000000000294]
J 3835 c1 com.sun.javafx.event.EventDispatchChainImpl.dispatchEvent(Ljavafx/event/Event;)Ljavafx/event/Event; javafx.base@11.0.5 (101 bytes) @ 0x000002ce00d40ebc [0x000002ce00d40ce0+0x00000000000001dc]
J 3908 c1 com.sun.javafx.event.BasicEventDispatcher.dispatchEvent(Ljavafx/event/Event;Ljavafx/event/EventDispatchChain;)Ljavafx/event/Event; javafx.base@11.0.5 (44 bytes) @ 0x000002ce00d69514 [0x000002ce00d69280+0x0000000000000294]
J 3835 c1 com.sun.javafx.event.EventDispatchChainImpl.dispatchEvent(Ljavafx/event/Event;)Ljavafx/event/Event; javafx.base@11.0.5 (101 bytes) @ 0x000002ce00d40ebc [0x000002ce00d40ce0+0x00000000000001dc]
J 4145 c1 com.sun.javafx.event.EventUtil.fireEventImpl(Ljavafx/event/EventDispatchChain;Ljavafx/event/EventTarget;Ljavafx/event/Event;)Ljavafx/event/Event; javafx.base@11.0.5 (16 bytes) @ 0x000002ce00e1c2d4 [0x000002ce00e1c160+0x0000000000000174]
j  com.sun.javafx.event.EventUtil.fireEvent(Ljavafx/event/EventTarget;Ljavafx/event/Event;)Ljavafx/event/Event;+37 javafx.base@11.0.5
j  javafx.event.Event.fireEvent(Ljavafx/event/EventTarget;Ljavafx/event/Event;)V+30 javafx.base@11.0.5
j  javafx.scene.Node.fireEvent(Ljavafx/event/Event;)V+86 javafx.graphics@11.0.5
j  javafx.scene.control.Button.fire()V+15 javafx.controls@11.0.5
j  com.sun.javafx.scene.control.behavior.ButtonBehavior.mouseReleased(Ljavafx/scene/input/MouseEvent;)V+27 javafx.controls@11.0.5
j  com.sun.javafx.scene.control.behavior.ButtonBehavior$$Lambda$225.handle(Ljavafx/event/Event;)V+8 javafx.controls@11.0.5
j  com.sun.javafx.scene.control.inputmap.InputMap.handle(Ljavafx/event/Event;)V+61 javafx.controls@11.0.5
j  com.sun.javafx.scene.control.inputmap.InputMap$$Lambda$220.handle(Ljavafx/event/Event;)V+5 javafx.controls@11.0.5
j  com.sun.javafx.event.CompositeEventHandler$NormalEventHandlerRecord.handleBubblingEvent(Ljavafx/event/Event;)V+5 javafx.base@11.0.5
j  com.sun.javafx.event.CompositeEventHandler.dispatchBubblingEvent(Ljavafx/event/Event;)V+28 javafx.base@11.0.5
J 4019 c1 com.sun.javafx.event.EventHandlerManager.dispatchBubblingEvent(Ljavafx/event/Event;)Ljavafx/event/Event; javafx.base@11.0.5 (23 bytes) @ 0x000002ce00da6434 [0x000002ce00da5dc0+0x0000000000000674]
J 4018 c1 com.sun.javafx.event.CompositeEventDispatcher.dispatchBubblingEvent(Ljavafx/event/Event;)Ljavafx/event/Event; javafx.base@11.0.5 (35 bytes) @ 0x000002ce00da6d74 [0x000002ce00da6b80+0x00000000000001f4]
J 3908 c1 com.sun.javafx.event.BasicEventDispatcher.dispatchEvent(Ljavafx/event/Event;Ljavafx/event/EventDispatchChain;)Ljavafx/event/Event; javafx.base@11.0.5 (44 bytes) @ 0x000002ce00d6960c [0x000002ce00d69280+0x000000000000038c]
J 3835 c1 com.sun.javafx.event.EventDispatchChainImpl.dispatchEvent(Ljavafx/event/Event;)Ljavafx/event/Event; javafx.base@11.0.5 (101 bytes) @ 0x000002ce00d40ebc [0x000002ce00d40ce0+0x00000000000001dc]
J 3908 c1 com.sun.javafx.event.BasicEventDispatcher.dispatchEvent(Ljavafx/event/Event;Ljavafx/event/EventDispatchChain;)Ljavafx/event/Event; javafx.base@11.0.5 (44 bytes) @ 0x000002ce00d69514 [0x000002ce00d69280+0x0000000000000294]
J 3835 c1 com.sun.javafx.event.EventDispatchChainImpl.dispatchEvent(Ljavafx/event/Event;)Ljavafx/event/Event; javafx.base@11.0.5 (101 bytes) @ 0x000002ce00d40ebc [0x000002ce00d40ce0+0x00000000000001dc]
J 3908 c1 com.sun.javafx.event.BasicEventDispatcher.dispatchEvent(Ljavafx/event/Event;Ljavafx/event/EventDispatchChain;)Ljavafx/event/Event; javafx.base@11.0.5 (44 bytes) @ 0x000002ce00d69514 [0x000002ce00d69280+0x0000000000000294]
J 3835 c1 com.sun.javafx.event.EventDispatchChainImpl.dispatchEvent(Ljavafx/event/Event;)Ljavafx/event/Event; javafx.base@11.0.5 (101 bytes) @ 0x000002ce00d40ebc [0x000002ce00d40ce0+0x00000000000001dc]
J 4145 c1 com.sun.javafx.event.EventUtil.fireEventImpl(Ljavafx/event/EventDispatchChain;Ljavafx/event/EventTarget;Ljavafx/event/Event;)Ljavafx/event/Event; javafx.base@11.0.5 (16 bytes) @ 0x000002ce00e1c2d4 [0x000002ce00e1c160+0x0000000000000174]
j  com.sun.javafx.event.EventUtil.fireEvent(Ljavafx/event/EventTarget;Ljavafx/event/Event;)Ljavafx/event/Event;+37 javafx.base@11.0.5
J 4133 c1 javafx.scene.Scene$MouseHandler.process(Ljavafx/scene/input/MouseEvent;Z)V javafx.graphics@11.0.5 (735 bytes) @ 0x000002ce00e12dbc [0x000002ce00e10fa0+0x0000000000001e1c]
J 4132 c1 javafx.scene.Scene$MouseHandler.access$1300(Ljavafx/scene/Scene$MouseHandler;Ljavafx/scene/input/MouseEvent;Z)V javafx.graphics@11.0.5 (7 bytes) @ 0x000002ce00e10794 [0x000002ce00e10740+0x0000000000000054]
j  javafx.scene.Scene.processMouseEvent(Ljavafx/scene/input/MouseEvent;)V+6 javafx.graphics@11.0.5
j  javafx.scene.Scene$ScenePeerListener.mouseEvent(Ljavafx/event/EventType;DDDDLjavafx/scene/input/MouseButton;ZZZZZZZZZ)V+46 javafx.graphics@11.0.5
j  com.sun.javafx.tk.quantum.GlassViewEventHandler$MouseEventNotification.run()Ljava/lang/Void;+582 javafx.graphics@11.0.5
j  com.sun.javafx.tk.quantum.GlassViewEventHandler$MouseEventNotification.run()Ljava/lang/Object;+1 javafx.graphics@11.0.5
v  ~StubRoutines::call_stub
J 2237  java.security.AccessController.doPrivileged(Ljava/security/PrivilegedAction;Ljava/security/AccessControlContext;)Ljava/lang/Object; java.base@11.0.5 (0 bytes) @ 0x000002ce07bd55b6 [0x000002ce07bd5540+0x0000000000000076]
j  com.sun.javafx.tk.quantum.GlassViewEventHandler.lambda$handleMouseEvent$2()Ljava/lang/Void;+11 javafx.graphics@11.0.5
j  com.sun.javafx.tk.quantum.GlassViewEventHandler$$Lambda$262.get()Ljava/lang/Object;+4 javafx.graphics@11.0.5
j  com.sun.javafx.tk.quantum.QuantumToolkit.runWithoutRenderLock(Ljava/util/function/Supplier;)Ljava/lang/Object;+18 javafx.graphics@11.0.5
j  com.sun.javafx.tk.quantum.GlassViewEventHandler.handleMouseEvent(Lcom/sun/glass/ui/View;JIIIIIIIZZ)V+103 javafx.graphics@11.0.5
J 4159 c1 com.sun.glass.ui.View.notifyMouse(IIIIIIIZZ)V javafx.graphics@11.0.5 (221 bytes) @ 0x000002ce00e26654 [0x000002ce00e255c0+0x0000000000001094]
v  ~StubRoutines::call_stub
j  com.sun.glass.ui.win.WinApplication._enterNestedEventLoopImpl()Ljava/lang/Object;+0 javafx.graphics@11.0.5
j  com.sun.glass.ui.win.WinApplication._enterNestedEventLoop()Ljava/lang/Object;+15 javafx.graphics@11.0.5
j  com.sun.glass.ui.Application.enterNestedEventLoop()Ljava/lang/Object;+14 javafx.graphics@11.0.5
j  com.sun.glass.ui.EventLoop.enter()Ljava/lang/Object;+42 javafx.graphics@11.0.5
j  com.sun.javafx.tk.quantum.QuantumToolkit.enterNestedEventLoop(Ljava/lang/Object;)Ljava/lang/Object;+94 javafx.graphics@11.0.5
j  javafx.stage.Stage.showAndWait()V+93 javafx.graphics@11.0.5
j  com.falconfly.menu.style.MainDeath.display()V+285
j  com.falconfly.game.FalconFly.update(FLcom/falconfly/engine/input/MouseInput;Lcom/falconfly/engine/Engine;)V+44
J 3561 c1 com.falconfly.engine.Engine.update(F)V (16 bytes) @ 0x000002ce00cb1954 [0x000002ce00cb1860+0x00000000000000f4]
j  com.falconfly.engine.Engine.gameLoop()V+50
j  com.falconfly.engine.Engine.run()V+5
j  com.falconfly.engine.main.Main.main([Ljava/lang/String;)V+29
j  com.falconfly.menu.MainMenu.handle(Ljavafx/event/ActionEvent;)V+134
j  com.falconfly.menu.MainMenu$$Lambda$145.handle(Ljavafx/event/Event;)V+8
j  com.sun.javafx.event.CompositeEventHandler.dispatchBubblingEvent(Ljavafx/event/Event;)V+51 javafx.base@11.0.5
j  com.sun.javafx.event.EventHandlerManager.dispatchBubblingEvent(Ljavafx/event/EventType;Ljavafx/event/Event;)Ljavafx/event/Event;+29 javafx.base@11.0.5
j  com.sun.javafx.event.EventHandlerManager.dispatchBubblingEvent(Ljavafx/event/Event;)Ljavafx/event/Event;+8 javafx.base@11.0.5
j  com.sun.javafx.event.CompositeEventDispatcher.dispatchBubblingEvent(Ljavafx/event/Event;)Ljavafx/event/Event;+11 javafx.base@11.0.5
j  com.sun.javafx.event.BasicEventDispatcher.dispatchEvent(Ljavafx/event/Event;Ljavafx/event/EventDispatchChain;)Ljavafx/event/Event;+29 javafx.base@11.0.5
j  com.sun.javafx.event.EventDispatchChainImpl.dispatchEvent(Ljavafx/event/Event;)Ljavafx/event/Event;+69 javafx.base@11.0.5
j  com.sun.javafx.event.BasicEventDispatcher.dispatchEvent(Ljavafx/event/Event;Ljavafx/event/EventDispatchChain;)Ljavafx/event/Event;+17 javafx.base@11.0.5
j  com.sun.javafx.event.EventDispatchChainImpl.dispatchEvent(Ljavafx/event/Event;)Ljavafx/event/Event;+69 javafx.base@11.0.5
j  com.sun.javafx.event.BasicEventDispatcher.dispatchEvent(Ljavafx/event/Event;Ljavafx/event/EventDispatchChain;)Ljavafx/event/Event;+17 javafx.base@11.0.5
j  com.sun.javafx.event.EventDispatchChainImpl.dispatchEvent(Ljavafx/event/Event;)Ljavafx/event/Event;+69 javafx.base@11.0.5
j  com.sun.javafx.event.EventUtil.fireEventImpl(Ljavafx/event/EventDispatchChain;Ljavafx/event/EventTarget;Ljavafx/event/Event;)Ljavafx/event/Event;+10 javafx.base@11.0.5
j  com.sun.javafx.event.EventUtil.fireEvent(Ljavafx/event/EventTarget;Ljavafx/event/Event;)Ljavafx/event/Event;+37 javafx.base@11.0.5
j  javafx.event.Event.fireEvent(Ljavafx/event/EventTarget;Ljavafx/event/Event;)V+30 javafx.base@11.0.5
j  javafx.scene.Node.fireEvent(Ljavafx/event/Event;)V+86 javafx.graphics@11.0.5
j  javafx.scene.control.Button.fire()V+15 javafx.controls@11.0.5
j  com.sun.javafx.scene.control.behavior.ButtonBehavior.mouseReleased(Ljavafx/scene/input/MouseEvent;)V+27 javafx.controls@11.0.5
j  com.sun.javafx.scene.control.behavior.ButtonBehavior$$Lambda$225.handle(Ljavafx/event/Event;)V+8 javafx.controls@11.0.5
j  com.sun.javafx.scene.control.inputmap.InputMap.handle(Ljavafx/event/Event;)V+61 javafx.controls@11.0.5
j  com.sun.javafx.scene.control.inputmap.InputMap$$Lambda$220.handle(Ljavafx/event/Event;)V+5 javafx.controls@11.0.5
j  com.sun.javafx.event.CompositeEventHandler$NormalEventHandlerRecord.handleBubblingEvent(Ljavafx/event/Event;)V+5 javafx.base@11.0.5
j  com.sun.javafx.event.CompositeEventHandler.dispatchBubblingEvent(Ljavafx/event/Event;)V+28 javafx.base@11.0.5
j  com.sun.javafx.event.EventHandlerManager.dispatchBubblingEvent(Ljavafx/event/EventType;Ljavafx/event/Event;)Ljavafx/event/Event;+29 javafx.base@11.0.5
j  com.sun.javafx.event.EventHandlerManager.dispatchBubblingEvent(Ljavafx/event/Event;)Ljavafx/event/Event;+8 javafx.base@11.0.5
j  com.sun.javafx.event.CompositeEventDispatcher.dispatchBubblingEvent(Ljavafx/event/Event;)Ljavafx/event/Event;+11 javafx.base@11.0.5
j  com.sun.javafx.event.BasicEventDispatcher.dispatchEvent(Ljavafx/event/Event;Ljavafx/event/EventDispatchChain;)Ljavafx/event/Event;+29 javafx.base@11.0.5
j  com.sun.javafx.event.EventDispatchChainImpl.dispatchEvent(Ljavafx/event/Event;)Ljavafx/event/Event;+69 javafx.base@11.0.5
j  com.sun.javafx.event.BasicEventDispatcher.dispatchEvent(Ljavafx/event/Event;Ljavafx/event/EventDispatchChain;)Ljavafx/event/Event;+17 javafx.base@11.0.5
j  com.sun.javafx.event.EventDispatchChainImpl.dispatchEvent(Ljavafx/event/Event;)Ljavafx/event/Event;+69 javafx.base@11.0.5
j  com.sun.javafx.event.BasicEventDispatcher.dispatchEvent(Ljavafx/event/Event;Ljavafx/event/EventDispatchChain;)Ljavafx/event/Event;+17 javafx.base@11.0.5
j  com.sun.javafx.event.EventDispatchChainImpl.dispatchEvent(Ljavafx/event/Event;)Ljavafx/event/Event;+69 javafx.base@11.0.5
j  com.sun.javafx.event.EventUtil.fireEventImpl(Ljavafx/event/EventDispatchChain;Ljavafx/event/EventTarget;Ljavafx/event/Event;)Ljavafx/event/Event;+10 javafx.base@11.0.5
j  com.sun.javafx.event.EventUtil.fireEvent(Ljavafx/event/EventTarget;Ljavafx/event/Event;)Ljavafx/event/Event;+46 javafx.base@11.0.5
j  javafx.event.Event.fireEvent(Ljavafx/event/EventTarget;Ljavafx/event/Event;)V+30 javafx.base@11.0.5
j  javafx.scene.Scene$MouseHandler.process(Ljavafx/scene/input/MouseEvent;Z)V+491 javafx.graphics@11.0.5
j  javafx.scene.Scene$MouseHandler.access$1300(Ljavafx/scene/Scene$MouseHandler;Ljavafx/scene/input/MouseEvent;Z)V+3 javafx.graphics@11.0.5
j  javafx.scene.Scene.processMouseEvent(Ljavafx/scene/input/MouseEvent;)V+6 javafx.graphics@11.0.5
j  javafx.scene.Scene$ScenePeerListener.mouseEvent(Ljavafx/event/EventType;DDDDLjavafx/scene/input/MouseButton;ZZZZZZZZZ)V+46 javafx.graphics@11.0.5
j  com.sun.javafx.tk.quantum.GlassViewEventHandler$MouseEventNotification.run()Ljava/lang/Void;+582 javafx.graphics@11.0.5
j  com.sun.javafx.tk.quantum.GlassViewEventHandler$MouseEventNotification.run()Ljava/lang/Object;+1 javafx.graphics@11.0.5
v  ~StubRoutines::call_stub
J 2237  java.security.AccessController.doPrivileged(Ljava/security/PrivilegedAction;Ljava/security/AccessControlContext;)Ljava/lang/Object; java.base@11.0.5 (0 bytes) @ 0x000002ce07bd55b6 [0x000002ce07bd5540+0x0000000000000076]
j  com.sun.javafx.tk.quantum.GlassViewEventHandler.lambda$handleMouseEvent$2()Ljava/lang/Void;+11 javafx.graphics@11.0.5
j  com.sun.javafx.tk.quantum.GlassViewEventHandler$$Lambda$262.get()Ljava/lang/Object;+4 javafx.graphics@11.0.5
j  com.sun.javafx.tk.quantum.QuantumToolkit.runWithoutRenderLock(Ljava/util/function/Supplier;)Ljava/lang/Object;+18 javafx.graphics@11.0.5
j  com.sun.javafx.tk.quantum.GlassViewEventHandler.handleMouseEvent(Lcom/sun/glass/ui/View;JIIIIIIIZZ)V+103 javafx.graphics@11.0.5
j  com.sun.glass.ui.View.handleMouseEvent(JIIIIIIIZZ)V+30 javafx.graphics@11.0.5
j  com.sun.glass.ui.View.notifyMouse(IIIIIIIZZ)V+181 javafx.graphics@11.0.5
v  ~StubRoutines::call_stub
j  com.sun.glass.ui.win.WinApplication._runLoop(Ljava/lang/Runnable;)V+0 javafx.graphics@11.0.5
j  com.sun.glass.ui.win.WinApplication.lambda$runLoop$3(ILjava/lang/Runnable;)V+8 javafx.graphics@11.0.5
j  com.sun.glass.ui.win.WinApplication$$Lambda$60.run()V+12 javafx.graphics@11.0.5
j  java.lang.Thread.run()V+11 java.base@11.0.5
v  ~StubRoutines::call_stub

siginfo: EXCEPTION_ACCESS_VIOLATION (0xc0000005), reading address 0x0000005000001029


Register to memory mapping:

RIP=0x00007ffc4d5dd88d points into unknown readable memory: 48 39 48
RAX=0x0000005000001011 is an unknown value
RBX=0x000002ce1f0ea620 points into unknown readable memory: 45 00 00 00 90 03 00 00
RCX=0x000002ce1f0ea620 points into unknown readable memory: 45 00 00 00 90 03 00 00
RDX=0x000000f892ef7720 is pointing into the stack for thread: 0x000002ce16921800
RSP=0x000000f892ef7640 is pointing into the stack for thread: 0x000002ce16921800
RBP=0x000000f892ef7730 is pointing into the stack for thread: 0x000002ce16921800
RSI=0x000002ce21b4fdd0 is pointing into metadata
RDI=0x000002ce21b4fdd0 is pointing into metadata
R8 =0x000002ce1f0ea620 points into unknown readable memory: 45 00 00 00 90 03 00 00
R9 =0x00007ffc4d5d63e0 points into unknown readable memory: 40 53 48 83 ec 20 83 3d
R10=0x00007ffc53b71b10 points into unknown readable memory: 49 8b c8 49 ff e1 cc cc
R11=0x000002ce07c7fde8 is at entry_point+40 in (nmethod*)0x000002ce07c7fc10
R12=0x0 is NULL
R13=0x000000f892ef7748 is pointing into the stack for thread: 0x000002ce16921800
R14=0x000000f892ef7720 is pointing into the stack for thread: 0x000002ce16921800
R15=0x000002ce16921800 is a thread


Registers:
RAX=0x0000005000001011, RBX=0x000002ce1f0ea620, RCX=0x000002ce1f0ea620, RDX=0x000000f892ef7720
RSP=0x000000f892ef7640, RBP=0x000000f892ef7730, RSI=0x000002ce21b4fdd0, RDI=0x000002ce21b4fdd0
R8 =0x000002ce1f0ea620, R9 =0x00007ffc4d5d63e0, R10=0x00007ffc53b71b10, R11=0x000002ce07c7fde8
R12=0x0000000000000000, R13=0x000000f892ef7748, R14=0x000000f892ef7720, R15=0x000002ce16921800
RIP=0x00007ffc4d5dd88d, EFLAGS=0x0000000000010202

Top of Stack: (sp=0x000000f892ef7640)
0x000000f892ef7640:   000002ce00009e73 00000000853589c8
0x000000f892ef7650:   000000f892ef7650 000002ce1577a188
0x000000f892ef7660:   000002ce1f0ea620 00007ffc4d5daf09
0x000000f892ef7670:   000002ce2d9ef660 0000000085997a30
0x000000f892ef7680:   000002ce1577a1b8 0000000000000000
0x000000f892ef7690:   000002ce21b4fdd0 00007ffc4d5d6470
0x000000f892ef76a0:   000002ce1f0ea620 0000000000000000
0x000000f892ef76b0:   00000000853589c8 000000f892ef76b8
0x000000f892ef76c0:   000002ce231aba00 000002ce07c7feb4
0x000000f892ef76d0:   000002ce159c6218 0000000000000000
0x000000f892ef76e0:   00000000857ed928 000002ce159b5998
0x000000f892ef76f0:   0000000000000000 000000f892ef7710
0x000000f892ef7700:   000000f892ef7768 000002ce00009e73
0x000000f892ef7710:   0000000000000000 00000000853029f0
0x000000f892ef7720:   0000000085b9e058 000002ce159b5c3a
0x000000f892ef7730:   000000f892ef77b0 000002ce00009e73 

Instructions: (pc=0x00007ffc4d5dd88d)
0x00007ffc4d5dd78d:   00 00 48 8b cb 48 8d 54 24 20 e8 64 14 00 00 85
0x00007ffc4d5dd79d:   c0 75 78 33 c0 48 8b 9c 24 10 04 00 00 48 8b 8d
0x00007ffc4d5dd7ad:   f0 02 00 00 48 33 cc e8 d7 3f 00 00 48 8b bc 24
0x00007ffc4d5dd7bd:   20 04 00 00 48 81 c4 00 04 00 00 5d c3 3d 02 60
0x00007ffc4d5dd7cd:   03 00 75 1f e8 3a 2b 00 00 85 c0 74 c6 4c 8d 85
0x00007ffc4d5dd7dd:   a0 02 00 00 48 8b cb 48 8d 54 24 20 e8 52 26 00
0x00007ffc4d5dd7ed:   00 eb ac 3d 03 60 03 00 75 25 e8 d4 39 00 00 85
0x00007ffc4d5dd7fd:   c0 74 a0 4c 8d 85 a0 02 00 00 48 8b cb 48 8d 54
0x00007ffc4d5dd80d:   24 20 e8 8c 37 00 00 85 c0 74 88 8b 4c 24 20 85
0x00007ffc4d5dd81d:   c9 74 1e 48 8d 54 24 20 48 8b cb e8 f3 3b ff ff
0x00007ffc4d5dd82d:   85 c0 75 0d 48 8b cb e8 a7 8b ff ff e9 62 ff ff
0x00007ffc4d5dd83d:   ff 48 8b c3 e9 5c ff ff ff cc cc cc cc cc cc cc
0x00007ffc4d5dd84d:   cc cc cc 48 83 ec 28 83 3d 95 a2 04 00 00 75 13
0x00007ffc4d5dd85d:   33 d2 b9 01 00 01 00 e8 f7 43 ff ff 33 c0 48 83
0x00007ffc4d5dd86d:   c4 28 c3 48 8b 81 48 03 00 00 48 83 c4 28 c3 cc
0x00007ffc4d5dd87d:   cc cc cc 40 53 48 83 ec 20 48 8b 41 40 48 8b d9
0x00007ffc4d5dd88d:   48 39 48 18 75 56 83 2d a2 b1 04 00 01 75 34 b9
0x00007ffc4d5dd89d:   00 00 00 80 ff 15 11 b8 01 00 45 33 c0 41 8d 50
0x00007ffc4d5dd8ad:   01 8d 4a 04 e8 2a 9e ff ff 85 c0 74 16 8b 15 3c
0x00007ffc4d5dd8bd:   bf 04 00 45 33 c9 45 33 c0 41 8d 49 5d ff 15 68
0x00007ffc4d5dd8cd:   bc 01 00 48 8b 4b 40 33 d2 e8 f5 78 ff ff 48 8b
0x00007ffc4d5dd8dd:   4b 40 48 83 c4 20 5b e9 67 cb ff ff 48 83 c4 20
0x00007ffc4d5dd8ed:   5b c3 cc 40 53 48 83 ec 40 48 8b 05 2b 98 04 00
0x00007ffc4d5dd8fd:   48 33 c4 48 89 44 24 30 48 8b d9 48 85 c9 74 3b
0x00007ffc4d5dd90d:   48 8b 89 48 03 00 00 48 8d 54 24 20 ff 15 91 ba
0x00007ffc4d5dd91d:   01 00 48 8b 8b 48 03 00 00 48 8d 54 24 20 ff 15
0x00007ffc4d5dd92d:   4f ba 01 00 48 8b 8b 48 03 00 00 48 8d 54 24 28
0x00007ffc4d5dd93d:   ff 15 3d ba 01 00 48 8d 4c 24 20 ff 15 f2 b9 01
0x00007ffc4d5dd94d:   00 48 8b 4c 24 30 48 33 cc e8 35 3e 00 00 48 83
0x00007ffc4d5dd95d:   c4 40 5b c3 cc cc cc cc cc cc cc cc cc cc cc cc
0x00007ffc4d5dd96d:   cc cc cc 48 83 ec 28 81 79 74 01 40 03 00 75 33
0x00007ffc4d5dd97d:   48 8b 49 48 48 85 c9 74 0f 48 8b 49 08 48 83 c4 


Stack slot to memory mapping:
stack at sp + 0 slots: 0x000002ce00009e73 is at code_begin+2355 in an Interpreter codelet
invoke return entry points  [0x000002ce00009540, 0x000002ce00009f60]  2592 bytes
stack at sp + 1 slots: 0x00000000853589c8 is an oop: javafx.stage.Window$12 
{0x00000000853589c8} - klass: 'javafx/stage/Window$12'
stack at sp + 2 slots: 0x000000f892ef7650 is pointing into the stack for thread: 0x000002ce16921800
stack at sp + 3 slots: 0x000002ce1577a188 is pointing into metadata
stack at sp + 4 slots: 0x000002ce1f0ea620 points into unknown readable memory: 45 00 00 00 90 03 00 00
stack at sp + 5 slots: 0x00007ffc4d5daf09 points into unknown readable memory: 48 8b 83 68 02 00 00
stack at sp + 6 slots: 0x000002ce2d9ef660 is pointing into metadata
stack at sp + 7 slots: 0x0000000085997a30 points into unknown readable memory: 11 65 36 42 71 00 00 00


---------------  P R O C E S S  ---------------

Threads class SMR info:
_java_thread_list=0x000002ce2859da50, length=24, elements={
0x000002ce7a9c7000, 0x000002ce152e8000, 0x000002ce152ea000, 0x000002ce15305000,
0x000002ce15306000, 0x000002ce15308000, 0x000002ce1532e000, 0x000002ce1533a000,
0x000002ce152cb800, 0x000002ce167ff800, 0x000002ce167e3000, 0x000002ce162df800,
0x000002ce16566000, 0x000002ce16921800, 0x000002ce16269000, 0x000002ce17015800,
0x000002ce16fc6800, 0x000002ce17147800, 0x000002ce170b4800, 0x000002ce170b7000,
0x000002ce170b3000, 0x000002ce170b5800, 0x000002ce170b8000, 0x000002ce170b6800
}

Java Threads: ( => current thread )
  0x000002ce7a9c7000 JavaThread "main" [_thread_blocked, id=4640, stack(0x000000f891900000,0x000000f891a00000)]
  0x000002ce152e8000 JavaThread "Reference Handler" daemon [_thread_blocked, id=7520, stack(0x000000f892000000,0x000000f892100000)]
  0x000002ce152ea000 JavaThread "Finalizer" daemon [_thread_blocked, id=5232, stack(0x000000f892100000,0x000000f892200000)]
  0x000002ce15305000 JavaThread "Signal Dispatcher" daemon [_thread_blocked, id=19332, stack(0x000000f892200000,0x000000f892300000)]
  0x000002ce15306000 JavaThread "Attach Listener" daemon [_thread_blocked, id=14420, stack(0x000000f892300000,0x000000f892400000)]
  0x000002ce15308000 JavaThread "C2 CompilerThread0" daemon [_thread_blocked, id=3104, stack(0x000000f892400000,0x000000f892500000)]
  0x000002ce1532e000 JavaThread "C1 CompilerThread0" daemon [_thread_blocked, id=18652, stack(0x000000f892500000,0x000000f892600000)]
  0x000002ce1533a000 JavaThread "Sweeper thread" daemon [_thread_blocked, id=17092, stack(0x000000f892600000,0x000000f892700000)]
  0x000002ce152cb800 JavaThread "Common-Cleaner" daemon [_thread_blocked, id=16704, stack(0x000000f892700000,0x000000f892800000)]
  0x000002ce167ff800 JavaThread "Monitor Ctrl-Break" daemon [_thread_in_native, id=12156, stack(0x000000f892900000,0x000000f892a00000)]
  0x000002ce167e3000 JavaThread "Service Thread" daemon [_thread_blocked, id=8764, stack(0x000000f892a00000,0x000000f892b00000)]
  0x000002ce162df800 JavaThread "QuantumRenderer-0" daemon [_thread_blocked, id=15676, stack(0x000000f892c00000,0x000000f892d00000)]
  0x000002ce16566000 JavaThread "InvokeLaterDispatcher" daemon [_thread_blocked, id=12764, stack(0x000000f892d00000,0x000000f892e00000)]
=>0x000002ce16921800 JavaThread "JavaFX Application Thread" [_thread_in_native, id=17340, stack(0x000000f892e00000,0x000000f892f00000)]
  0x000002ce16269000 JavaThread "Thread-1" daemon [_thread_in_native, id=17144, stack(0x000000f893500000,0x000000f893600000)]
  0x000002ce17015800 JavaThread "JavaFX-Launcher" [_thread_blocked, id=2484, stack(0x000000f893600000,0x000000f893700000)]
  0x000002ce16fc6800 JavaThread "Java2D Disposer" daemon [_thread_blocked, id=7312, stack(0x000000f893700000,0x000000f893800000)]
  0x000002ce17147800 JavaThread "AWT-Windows" daemon [_thread_in_native, id=18924, stack(0x000000f893900000,0x000000f893a00000)]
  0x000002ce170b4800 JavaThread "JFXMedia Player EventQueueThread" daemon [_thread_blocked, id=15572, stack(0x000000f893e00000,0x000000f893f00000)]
  0x000002ce170b7000 JavaThread "Prism Font Disposer" daemon [_thread_blocked, id=20204, stack(0x000000f894700000,0x000000f894800000)]
  0x000002ce170b3000 JavaThread "Media Resource Disposer" daemon [_thread_blocked, id=16168, stack(0x000000f894900000,0x000000f894a00000)]
  0x000002ce170b5800 JavaThread "JFXMedia Player EventQueueThread" daemon [_thread_blocked, id=19924, stack(0x000000f894800000,0x000000f894900000)]
  0x000002ce170b8000 JavaThread "Timer-1" daemon [_thread_blocked, id=12600, stack(0x000000f895100000,0x000000f895200000)]
  0x000002ce170b6800 JavaThread "Cleaner-0" daemon [_thread_blocked, id=12412, stack(0x000000f894f00000,0x000000f895000000)]

Other Threads:
  0x000002ce152e4800 VMThread "VM Thread" [stack: 0x000000f891f00000,0x000000f892000000] [id=7296]
  0x000002ce1676b000 WatcherThread [stack: 0x000000f892b00000,0x000000f892c00000] [id=10528]
  0x000002ce7a9e0000 GCTaskThread "GC Thread#0" [stack: 0x000000f891a00000,0x000000f891b00000] [id=19692]
  0x000002ce16f4d800 GCTaskThread "GC Thread#1" [stack: 0x000000f893200000,0x000000f893300000] [id=9048]
  0x000002ce16f4f000 GCTaskThread "GC Thread#2" [stack: 0x000000f893300000,0x000000f893400000] [id=6468]
  0x000002ce16f60800 GCTaskThread "GC Thread#3" [stack: 0x000000f893400000,0x000000f893500000] [id=18796]
  0x000002ce1f486800 GCTaskThread "GC Thread#4" [stack: 0x000000f893800000,0x000000f893900000] [id=6208]
  0x000002ce17268800 GCTaskThread "GC Thread#5" [stack: 0x000000f893a00000,0x000000f893b00000] [id=10840]
  0x000002ce175f1000 GCTaskThread "GC Thread#6" [stack: 0x000000f895200000,0x000000f895300000] [id=13260]
  0x000002ce2858f800 GCTaskThread "GC Thread#7" [stack: 0x000000f895600000,0x000000f895700000] [id=9964]
  0x000002ce7aa10800 ConcurrentGCThread "G1 Main Marker" [stack: 0x000000f891b00000,0x000000f891c00000] [id=15852]
  0x000002ce7aa12000 ConcurrentGCThread "G1 Conc#0" [stack: 0x000000f891c00000,0x000000f891d00000] [id=9264]
  0x000002ce1f477800 ConcurrentGCThread "G1 Conc#1" [stack: 0x000000f894600000,0x000000f894700000] [id=9116]
  0x000002ce15176800 ConcurrentGCThread "G1 Refine#0" [stack: 0x000000f891d00000,0x000000f891e00000] [id=3272]
  0x000002ce15177000 ConcurrentGCThread "G1 Young RemSet Sampling" [stack: 0x000000f891e00000,0x000000f891f00000] [id=18752]

Threads with active compile tasks:

VM state:not at safepoint (normal execution)

VM Mutex/Monitor currently owned by a thread: None

Heap address: 0x0000000081c00000, size: 2020 MB, Compressed Oops mode: 32-bit
Narrow klass base: 0x0000000800000000, Narrow klass shift: 3
Compressed class space size: 1073741824 Address: 0x0000000840000000

Heap:
 garbage-first heap   total 157696K, used 77605K [0x0000000081c00000, 0x0000000100000000)
  region size 1024K, 34 young (34816K), 1 survivors (1024K)
 Metaspace       used 23518K, capacity 24255K, committed 24448K, reserved 1071104K
  class space    used 2334K, capacity 2640K, committed 2688K, reserved 1048576K
Heap Regions: E=young(eden), S=young(survivor), O=old, HS=humongous(starts), HC=humongous(continues), CS=collection set, F=free, A=archive, TAMS=top-at-mark-start (previous, next)
|   0|0x0000000081c00000, 0x0000000081d00000, 0x0000000081d00000|100%| O|  |TAMS 0x0000000081d00000, 0x0000000081c00000| Untracked 
|   1|0x0000000081d00000, 0x0000000081e00000, 0x0000000081e00000|100%| O|  |TAMS 0x0000000081d00000, 0x0000000081d00000| Untracked 
|   2|0x0000000081e00000, 0x0000000081e0d800, 0x0000000081f00000|  5%| O|  |TAMS 0x0000000081e00000, 0x0000000081e00000| Untracked 
|   3|0x0000000081f00000, 0x0000000082000000, 0x0000000082000000|100%|HS|  |TAMS 0x0000000081f00000, 0x0000000081f00000| Complete 
|   4|0x0000000082000000, 0x0000000082100000, 0x0000000082100000|100%|HC|  |TAMS 0x0000000082000000, 0x0000000082000000| Complete 
|   5|0x0000000082100000, 0x0000000082100000, 0x0000000082200000|  0%| F|  |TAMS 0x0000000082100000, 0x0000000082100000| Untracked 
|   6|0x0000000082200000, 0x0000000082200000, 0x0000000082300000|  0%| F|  |TAMS 0x0000000082200000, 0x0000000082200000| Untracked 
|   7|0x0000000082300000, 0x0000000082300000, 0x0000000082400000|  0%| F|  |TAMS 0x0000000082300000, 0x0000000082300000| Untracked 
|   8|0x0000000082400000, 0x0000000082400000, 0x0000000082500000|  0%| F|  |TAMS 0x0000000082400000, 0x0000000082400000| Untracked 
|   9|0x0000000082500000, 0x0000000082600000, 0x0000000082600000|100%|HS|  |TAMS 0x0000000082600000, 0x0000000082500000| Complete 
|  10|0x0000000082600000, 0x0000000082700000, 0x0000000082700000|100%|HC|  |TAMS 0x0000000082700000, 0x0000000082600000| Complete 
|  11|0x0000000082700000, 0x0000000082800000, 0x0000000082800000|100%|HC|  |TAMS 0x0000000082800000, 0x0000000082700000| Complete 
|  12|0x0000000082800000, 0x0000000082900000, 0x0000000082900000|100%|HC|  |TAMS 0x0000000082900000, 0x0000000082800000| Complete 
|  13|0x0000000082900000, 0x0000000082a00000, 0x0000000082a00000|100%|HC|  |TAMS 0x0000000082a00000, 0x0000000082900000| Complete 
|  14|0x0000000082a00000, 0x0000000082b00000, 0x0000000082b00000|100%|HC|  |TAMS 0x0000000082b00000, 0x0000000082a00000| Complete 
|  15|0x0000000082b00000, 0x0000000082c00000, 0x0000000082c00000|100%|HS|  |TAMS 0x0000000082c00000, 0x0000000082b00000| Complete 
|  16|0x0000000082c00000, 0x0000000082d00000, 0x0000000082d00000|100%|HC|  |TAMS 0x0000000082d00000, 0x0000000082c00000| Complete 
|  17|0x0000000082d00000, 0x0000000082e00000, 0x0000000082e00000|100%|HC|  |TAMS 0x0000000082e00000, 0x0000000082d00000| Complete 
|  18|0x0000000082e00000, 0x0000000082f00000, 0x0000000082f00000|100%|HC|  |TAMS 0x0000000082f00000, 0x0000000082e00000| Complete 
|  19|0x0000000082f00000, 0x0000000083000000, 0x0000000083000000|100%|HC|  |TAMS 0x0000000083000000, 0x0000000082f00000| Complete 
|  20|0x0000000083000000, 0x0000000083100000, 0x0000000083100000|100%|HC|  |TAMS 0x0000000083100000, 0x0000000083000000| Complete 
|  21|0x0000000083100000, 0x0000000083200000, 0x0000000083200000|100%|HC|  |TAMS 0x0000000083200000, 0x0000000083100000| Complete 
|  22|0x0000000083200000, 0x0000000083300000, 0x0000000083300000|100%|HC|  |TAMS 0x0000000083300000, 0x0000000083200000| Complete 
|  23|0x0000000083300000, 0x0000000083400000, 0x0000000083400000|100%|HS|  |TAMS 0x0000000083400000, 0x0000000083300000| Complete 
|  24|0x0000000083400000, 0x0000000083500000, 0x0000000083500000|100%|HC|  |TAMS 0x0000000083500000, 0x0000000083400000| Complete 
|  25|0x0000000083500000, 0x0000000083600000, 0x0000000083600000|100%|HC|  |TAMS 0x0000000083600000, 0x0000000083500000| Complete 
|  26|0x0000000083600000, 0x0000000083700000, 0x0000000083700000|100%|HC|  |TAMS 0x0000000083700000, 0x0000000083600000| Complete 
|  27|0x0000000083700000, 0x0000000083800000, 0x0000000083800000|100%|HC|  |TAMS 0x0000000083800000, 0x0000000083700000| Complete 
|  28|0x0000000083800000, 0x0000000083900000, 0x0000000083900000|100%|HC|  |TAMS 0x0000000083900000, 0x0000000083800000| Complete 
|  29|0x0000000083900000, 0x0000000083a00000, 0x0000000083a00000|100%|HC|  |TAMS 0x0000000083a00000, 0x0000000083900000| Complete 
|  30|0x0000000083a00000, 0x0000000083b00000, 0x0000000083b00000|100%|HC|  |TAMS 0x0000000083b00000, 0x0000000083a00000| Complete 
|  31|0x0000000083b00000, 0x0000000083c00000, 0x0000000083c00000|100%|HS|  |TAMS 0x0000000083c00000, 0x0000000083b00000| Complete 
|  32|0x0000000083c00000, 0x0000000083d00000, 0x0000000083d00000|100%|HC|  |TAMS 0x0000000083d00000, 0x0000000083c00000| Complete 
|  33|0x0000000083d00000, 0x0000000083e00000, 0x0000000083e00000|100%|HS|  |TAMS 0x0000000083e00000, 0x0000000083d00000| Complete 
|  34|0x0000000083e00000, 0x0000000083f00000, 0x0000000083f00000|100%|HC|  |TAMS 0x0000000083f00000, 0x0000000083e00000| Complete 
|  35|0x0000000083f00000, 0x0000000084000000, 0x0000000084000000|100%|HS|  |TAMS 0x0000000084000000, 0x0000000083f00000| Complete 
|  36|0x0000000084000000, 0x0000000084100000, 0x0000000084100000|100%|HC|  |TAMS 0x0000000084100000, 0x0000000084000000| Complete 
|  37|0x0000000084100000, 0x0000000084200000, 0x0000000084200000|100%| O|  |TAMS 0x0000000084200000, 0x0000000084100000| Untracked 
|  38|0x0000000084200000, 0x0000000084300000, 0x0000000084300000|100%| O|  |TAMS 0x0000000084300000, 0x0000000084200000| Untracked 
|  39|0x0000000084300000, 0x0000000084400000, 0x0000000084400000|100%|HS|  |TAMS 0x0000000084400000, 0x0000000084300000| Complete 
|  40|0x0000000084400000, 0x0000000084400000, 0x0000000084500000|  0%| F|  |TAMS 0x0000000084400000, 0x0000000084400000| Untracked 
|  41|0x0000000084500000, 0x0000000084500000, 0x0000000084600000|  0%| F|  |TAMS 0x0000000084500000, 0x0000000084500000| Untracked 
|  42|0x0000000084600000, 0x0000000084600000, 0x0000000084700000|  0%| F|  |TAMS 0x0000000084600000, 0x0000000084600000| Untracked 
|  43|0x0000000084700000, 0x0000000084700000, 0x0000000084800000|  0%| F|  |TAMS 0x0000000084700000, 0x0000000084700000| Untracked 
|  44|0x0000000084800000, 0x0000000084800000, 0x0000000084900000|  0%| F|  |TAMS 0x0000000084800000, 0x0000000084800000| Untracked 
|  45|0x0000000084900000, 0x0000000084900000, 0x0000000084a00000|  0%| F|  |TAMS 0x0000000084900000, 0x0000000084900000| Untracked 
|  46|0x0000000084a00000, 0x0000000084a00000, 0x0000000084b00000|  0%| F|  |TAMS 0x0000000084a00000, 0x0000000084a00000| Untracked 
|  47|0x0000000084b00000, 0x0000000084b00000, 0x0000000084c00000|  0%| F|  |TAMS 0x0000000084b00000, 0x0000000084b00000| Untracked 
|  48|0x0000000084c00000, 0x0000000084c00000, 0x0000000084d00000|  0%| F|  |TAMS 0x0000000084c00000, 0x0000000084c00000| Untracked 
|  49|0x0000000084d00000, 0x0000000084d00000, 0x0000000084e00000|  0%| F|  |TAMS 0x0000000084d00000, 0x0000000084d00000| Untracked 
|  50|0x0000000084e00000, 0x0000000084e00000, 0x0000000084f00000|  0%| F|  |TAMS 0x0000000084e00000, 0x0000000084e00000| Untracked 
|  51|0x0000000084f00000, 0x0000000084f00000, 0x0000000085000000|  0%| F|  |TAMS 0x0000000084f00000, 0x0000000084f00000| Untracked 
|  52|0x0000000085000000, 0x0000000085000000, 0x0000000085100000|  0%| F|  |TAMS 0x0000000085000000, 0x0000000085000000| Untracked 
|  53|0x0000000085100000, 0x0000000085100000, 0x0000000085200000|  0%| F|  |TAMS 0x0000000085100000, 0x0000000085100000| Untracked 
|  54|0x0000000085200000, 0x0000000085200000, 0x0000000085300000|  0%| F|  |TAMS 0x0000000085200000, 0x0000000085200000| Untracked 
|  55|0x0000000085300000, 0x00000000853bbe78, 0x0000000085400000| 73%| S|CS|TAMS 0x0000000085300000, 0x0000000085300000| Complete 
|  56|0x0000000085400000, 0x0000000085500000, 0x0000000085500000|100%|HS|  |TAMS 0x0000000085500000, 0x0000000085400000| Complete 
|  57|0x0000000085500000, 0x0000000085600000, 0x0000000085600000|100%|HC|  |TAMS 0x0000000085600000, 0x0000000085500000| Complete 
|  58|0x0000000085600000, 0x0000000085700000, 0x0000000085700000|100%| O|  |TAMS 0x0000000085700000, 0x0000000085600000| Untracked 
|  59|0x0000000085700000, 0x0000000085800000, 0x0000000085800000|100%| O|  |TAMS 0x0000000085800000, 0x0000000085700000| Untracked 
|  60|0x0000000085800000, 0x0000000085900000, 0x0000000085900000|100%| O|  |TAMS 0x0000000085900000, 0x0000000085800000| Untracked 
|  61|0x0000000085900000, 0x0000000085a00000, 0x0000000085a00000|100%| O|  |TAMS 0x0000000085a00000, 0x0000000085900000| Untracked 
|  62|0x0000000085a00000, 0x0000000085b00000, 0x0000000085b00000|100%| O|  |TAMS 0x0000000085b00000, 0x0000000085a00000| Untracked 
|  63|0x0000000085b00000, 0x0000000085c00000, 0x0000000085c00000|100%| O|  |TAMS 0x0000000085b41600, 0x0000000085b00000| Untracked 
|  64|0x0000000085c00000, 0x0000000085c00000, 0x0000000085d00000|  0%| F|  |TAMS 0x0000000085c00000, 0x0000000085c00000| Untracked 
|  65|0x0000000085d00000, 0x0000000085d00000, 0x0000000085e00000|  0%| F|  |TAMS 0x0000000085d00000, 0x0000000085d00000| Untracked 
|  66|0x0000000085e00000, 0x0000000085e00000, 0x0000000085f00000|  0%| F|  |TAMS 0x0000000085e00000, 0x0000000085e00000| Untracked 
|  67|0x0000000085f00000, 0x0000000085f00000, 0x0000000086000000|  0%| F|  |TAMS 0x0000000085f00000, 0x0000000085f00000| Untracked 
|  68|0x0000000086000000, 0x0000000086000000, 0x0000000086100000|  0%| F|  |TAMS 0x0000000086000000, 0x0000000086000000| Untracked 
|  69|0x0000000086100000, 0x0000000086100000, 0x0000000086200000|  0%| F|  |TAMS 0x0000000086100000, 0x0000000086100000| Untracked 
|  70|0x0000000086200000, 0x0000000086200000, 0x0000000086300000|  0%| F|  |TAMS 0x0000000086200000, 0x0000000086200000| Untracked 
|  71|0x0000000086300000, 0x0000000086300000, 0x0000000086400000|  0%| F|  |TAMS 0x0000000086300000, 0x0000000086300000| Untracked 
|  72|0x0000000086400000, 0x0000000086400000, 0x0000000086500000|  0%| F|  |TAMS 0x0000000086400000, 0x0000000086400000| Untracked 
|  73|0x0000000086500000, 0x0000000086500000, 0x0000000086600000|  0%| F|  |TAMS 0x0000000086500000, 0x0000000086500000| Untracked 
|  74|0x0000000086600000, 0x0000000086600000, 0x0000000086700000|  0%| F|  |TAMS 0x0000000086600000, 0x0000000086600000| Untracked 
|  75|0x0000000086700000, 0x0000000086700000, 0x0000000086800000|  0%| F|  |TAMS 0x0000000086700000, 0x0000000086700000| Untracked 
|  76|0x0000000086800000, 0x0000000086800000, 0x0000000086900000|  0%| F|  |TAMS 0x0000000086800000, 0x0000000086800000| Untracked 
|  77|0x0000000086900000, 0x0000000086900000, 0x0000000086a00000|  0%| F|  |TAMS 0x0000000086900000, 0x0000000086900000| Untracked 
|  78|0x0000000086a00000, 0x0000000086a00000, 0x0000000086b00000|  0%| F|  |TAMS 0x0000000086a00000, 0x0000000086a00000| Untracked 
|  79|0x0000000086b00000, 0x0000000086b00000, 0x0000000086c00000|  0%| F|  |TAMS 0x0000000086b00000, 0x0000000086b00000| Untracked 
|  80|0x0000000086c00000, 0x0000000086c00000, 0x0000000086d00000|  0%| F|  |TAMS 0x0000000086c00000, 0x0000000086c00000| Untracked 
|  81|0x0000000086d00000, 0x0000000086d00000, 0x0000000086e00000|  0%| F|  |TAMS 0x0000000086d00000, 0x0000000086d00000| Untracked 
|  82|0x0000000086e00000, 0x0000000086e00000, 0x0000000086f00000|  0%| F|  |TAMS 0x0000000086e00000, 0x0000000086e00000| Untracked 
|  83|0x0000000086f00000, 0x0000000086f00000, 0x0000000087000000|  0%| F|  |TAMS 0x0000000086f00000, 0x0000000086f00000| Untracked 
|  84|0x0000000087000000, 0x0000000087000000, 0x0000000087100000|  0%| F|  |TAMS 0x0000000087000000, 0x0000000087000000| Untracked 
|  85|0x0000000087100000, 0x0000000087100000, 0x0000000087200000|  0%| F|  |TAMS 0x0000000087100000, 0x0000000087100000| Untracked 
|  86|0x0000000087200000, 0x0000000087200000, 0x0000000087300000|  0%| F|  |TAMS 0x0000000087200000, 0x0000000087200000| Untracked 
|  87|0x0000000087300000, 0x0000000087300000, 0x0000000087400000|  0%| F|  |TAMS 0x0000000087300000, 0x0000000087300000| Untracked 
|  88|0x0000000087400000, 0x0000000087400000, 0x0000000087500000|  0%| F|  |TAMS 0x0000000087400000, 0x0000000087400000| Untracked 
|  89|0x0000000087500000, 0x0000000087500000, 0x0000000087600000|  0%| F|  |TAMS 0x0000000087500000, 0x0000000087500000| Untracked 
|  90|0x0000000087600000, 0x0000000087600000, 0x0000000087700000|  0%| F|  |TAMS 0x0000000087600000, 0x0000000087600000| Untracked 
|  91|0x0000000087700000, 0x0000000087700000, 0x0000000087800000|  0%| F|  |TAMS 0x0000000087700000, 0x0000000087700000| Untracked 
|  92|0x0000000087800000, 0x0000000087800000, 0x0000000087900000|  0%| F|  |TAMS 0x0000000087800000, 0x0000000087800000| Untracked 
|  93|0x0000000087900000, 0x0000000087900000, 0x0000000087a00000|  0%| F|  |TAMS 0x0000000087900000, 0x0000000087900000| Untracked 
|  94|0x0000000087a00000, 0x0000000087a00000, 0x0000000087b00000|  0%| F|  |TAMS 0x0000000087a00000, 0x0000000087a00000| Untracked 
|  95|0x0000000087b00000, 0x0000000087b00000, 0x0000000087c00000|  0%| F|  |TAMS 0x0000000087b00000, 0x0000000087b00000| Untracked 
|  96|0x0000000087c00000, 0x0000000087c00000, 0x0000000087d00000|  0%| F|  |TAMS 0x0000000087c00000, 0x0000000087c00000| Untracked 
|  97|0x0000000087d00000, 0x0000000087d00000, 0x0000000087e00000|  0%| F|  |TAMS 0x0000000087d00000, 0x0000000087d00000| Untracked 
|  98|0x0000000087e00000, 0x0000000087e00000, 0x0000000087f00000|  0%| F|  |TAMS 0x0000000087e00000, 0x0000000087e00000| Untracked 
|  99|0x0000000087f00000, 0x0000000087f00000, 0x0000000088000000|  0%| F|  |TAMS 0x0000000087f00000, 0x0000000087f00000| Untracked 
| 100|0x0000000088000000, 0x0000000088000000, 0x0000000088100000|  0%| F|  |TAMS 0x0000000088000000, 0x0000000088000000| Untracked 
| 101|0x0000000088100000, 0x0000000088100000, 0x0000000088200000|  0%| F|  |TAMS 0x0000000088100000, 0x0000000088100000| Untracked 
| 102|0x0000000088200000, 0x0000000088200000, 0x0000000088300000|  0%| F|  |TAMS 0x0000000088200000, 0x0000000088200000| Untracked 
| 103|0x0000000088300000, 0x0000000088300000, 0x0000000088400000|  0%| F|  |TAMS 0x0000000088300000, 0x0000000088300000| Untracked 
| 104|0x0000000088400000, 0x0000000088400000, 0x0000000088500000|  0%| F|  |TAMS 0x0000000088400000, 0x0000000088400000| Untracked 
| 105|0x0000000088500000, 0x0000000088500000, 0x0000000088600000|  0%| F|  |TAMS 0x0000000088500000, 0x0000000088500000| Untracked 
| 106|0x0000000088600000, 0x0000000088600000, 0x0000000088700000|  0%| F|  |TAMS 0x0000000088600000, 0x0000000088600000| Untracked 
| 107|0x0000000088700000, 0x0000000088700000, 0x0000000088800000|  0%| F|  |TAMS 0x0000000088700000, 0x0000000088700000| Untracked 
| 108|0x0000000088800000, 0x0000000088800000, 0x0000000088900000|  0%| F|  |TAMS 0x0000000088800000, 0x0000000088800000| Untracked 
| 109|0x0000000088900000, 0x0000000088900000, 0x0000000088a00000|  0%| F|  |TAMS 0x0000000088900000, 0x0000000088900000| Untracked 
| 110|0x0000000088a00000, 0x0000000088a00000, 0x0000000088b00000|  0%| F|  |TAMS 0x0000000088a00000, 0x0000000088a00000| Untracked 
| 111|0x0000000088b00000, 0x0000000088b00000, 0x0000000088c00000|  0%| F|  |TAMS 0x0000000088b00000, 0x0000000088b00000| Untracked 
| 112|0x0000000088c00000, 0x0000000088c00000, 0x0000000088d00000|  0%| F|  |TAMS 0x0000000088c00000, 0x0000000088c00000| Untracked 
| 113|0x0000000088d00000, 0x0000000088d00000, 0x0000000088e00000|  0%| F|  |TAMS 0x0000000088d00000, 0x0000000088d00000| Untracked 
| 114|0x0000000088e00000, 0x0000000088e00000, 0x0000000088f00000|  0%| F|  |TAMS 0x0000000088e00000, 0x0000000088e00000| Untracked 
| 115|0x0000000088f00000, 0x0000000088f00000, 0x0000000089000000|  0%| F|  |TAMS 0x0000000088f00000, 0x0000000088f00000| Untracked 
| 116|0x0000000089000000, 0x0000000089000000, 0x0000000089100000|  0%| F|  |TAMS 0x0000000089000000, 0x0000000089000000| Untracked 
| 117|0x0000000089100000, 0x0000000089100000, 0x0000000089200000|  0%| F|  |TAMS 0x0000000089100000, 0x0000000089100000| Untracked 
| 118|0x0000000089200000, 0x0000000089200000, 0x0000000089300000|  0%| F|  |TAMS 0x0000000089200000, 0x0000000089200000| Untracked 
| 119|0x0000000089300000, 0x0000000089300000, 0x0000000089400000|  0%| F|  |TAMS 0x0000000089300000, 0x0000000089300000| Untracked 
| 120|0x0000000089400000, 0x0000000089400000, 0x0000000089500000|  0%| F|  |TAMS 0x0000000089400000, 0x0000000089400000| Untracked 
| 121|0x0000000089500000, 0x0000000089600000, 0x0000000089600000|100%| E|  |TAMS 0x0000000089500000, 0x0000000089500000| Complete 
| 122|0x0000000089600000, 0x0000000089700000, 0x0000000089700000|100%| E|CS|TAMS 0x0000000089600000, 0x0000000089600000| Complete 
| 123|0x0000000089700000, 0x0000000089800000, 0x0000000089800000|100%| E|CS|TAMS 0x0000000089700000, 0x0000000089700000| Complete 
| 124|0x0000000089800000, 0x0000000089900000, 0x0000000089900000|100%| E|CS|TAMS 0x0000000089800000, 0x0000000089800000| Complete 
| 125|0x0000000089900000, 0x0000000089a00000, 0x0000000089a00000|100%| E|CS|TAMS 0x0000000089900000, 0x0000000089900000| Complete 
| 126|0x0000000089a00000, 0x0000000089b00000, 0x0000000089b00000|100%| E|CS|TAMS 0x0000000089a00000, 0x0000000089a00000| Complete 
| 127|0x0000000089b00000, 0x0000000089c00000, 0x0000000089c00000|100%| E|CS|TAMS 0x0000000089b00000, 0x0000000089b00000| Complete 
| 128|0x0000000089c00000, 0x0000000089d00000, 0x0000000089d00000|100%| E|CS|TAMS 0x0000000089c00000, 0x0000000089c00000| Complete 
| 129|0x0000000089d00000, 0x0000000089e00000, 0x0000000089e00000|100%| E|CS|TAMS 0x0000000089d00000, 0x0000000089d00000| Complete 
| 130|0x0000000089e00000, 0x0000000089f00000, 0x0000000089f00000|100%| E|CS|TAMS 0x0000000089e00000, 0x0000000089e00000| Complete 
| 131|0x0000000089f00000, 0x000000008a000000, 0x000000008a000000|100%| E|CS|TAMS 0x0000000089f00000, 0x0000000089f00000| Complete 
| 132|0x000000008a000000, 0x000000008a100000, 0x000000008a100000|100%| E|CS|TAMS 0x000000008a000000, 0x000000008a000000| Complete 
| 133|0x000000008a100000, 0x000000008a200000, 0x000000008a200000|100%| E|CS|TAMS 0x000000008a100000, 0x000000008a100000| Complete 
| 134|0x000000008a200000, 0x000000008a300000, 0x000000008a300000|100%| E|CS|TAMS 0x000000008a200000, 0x000000008a200000| Complete 
| 135|0x000000008a300000, 0x000000008a400000, 0x000000008a400000|100%| E|CS|TAMS 0x000000008a300000, 0x000000008a300000| Complete 
| 136|0x000000008a400000, 0x000000008a500000, 0x000000008a500000|100%| E|CS|TAMS 0x000000008a400000, 0x000000008a400000| Complete 
| 137|0x000000008a500000, 0x000000008a600000, 0x000000008a600000|100%| E|CS|TAMS 0x000000008a500000, 0x000000008a500000| Complete 
| 138|0x000000008a600000, 0x000000008a700000, 0x000000008a700000|100%| E|CS|TAMS 0x000000008a600000, 0x000000008a600000| Complete 
| 139|0x000000008a700000, 0x000000008a800000, 0x000000008a800000|100%| E|CS|TAMS 0x000000008a700000, 0x000000008a700000| Complete 
| 140|0x000000008a800000, 0x000000008a900000, 0x000000008a900000|100%| E|CS|TAMS 0x000000008a800000, 0x000000008a800000| Complete 
| 141|0x000000008a900000, 0x000000008aa00000, 0x000000008aa00000|100%| E|CS|TAMS 0x000000008a900000, 0x000000008a900000| Complete 
| 142|0x000000008aa00000, 0x000000008ab00000, 0x000000008ab00000|100%| E|CS|TAMS 0x000000008aa00000, 0x000000008aa00000| Complete 
| 143|0x000000008ab00000, 0x000000008ac00000, 0x000000008ac00000|100%| E|CS|TAMS 0x000000008ab00000, 0x000000008ab00000| Complete 
| 144|0x000000008ac00000, 0x000000008ad00000, 0x000000008ad00000|100%| E|CS|TAMS 0x000000008ac00000, 0x000000008ac00000| Complete 
| 145|0x000000008ad00000, 0x000000008ae00000, 0x000000008ae00000|100%| E|CS|TAMS 0x000000008ad00000, 0x000000008ad00000| Complete 
| 146|0x000000008ae00000, 0x000000008af00000, 0x000000008af00000|100%| E|CS|TAMS 0x000000008ae00000, 0x000000008ae00000| Complete 
| 147|0x000000008af00000, 0x000000008b000000, 0x000000008b000000|100%| E|CS|TAMS 0x000000008af00000, 0x000000008af00000| Complete 
| 148|0x000000008b000000, 0x000000008b100000, 0x000000008b100000|100%| E|CS|TAMS 0x000000008b000000, 0x000000008b000000| Complete 
| 149|0x000000008b100000, 0x000000008b200000, 0x000000008b200000|100%| E|CS|TAMS 0x000000008b100000, 0x000000008b100000| Complete 
| 150|0x000000008b200000, 0x000000008b300000, 0x000000008b300000|100%| E|CS|TAMS 0x000000008b200000, 0x000000008b200000| Complete 
| 151|0x000000008b300000, 0x000000008b400000, 0x000000008b400000|100%| E|CS|TAMS 0x000000008b300000, 0x000000008b300000| Complete 
| 152|0x000000008b400000, 0x000000008b500000, 0x000000008b500000|100%| E|CS|TAMS 0x000000008b400000, 0x000000008b400000| Complete 
| 153|0x000000008b500000, 0x000000008b600000, 0x000000008b600000|100%| E|CS|TAMS 0x000000008b500000, 0x000000008b500000| Complete 

Card table byte_map: [0x000002ce7f1a0000,0x000002ce7f5a0000] _byte_map_base: 0x000002ce7ed92000

Marking Bits (Prev, Next): (CMBitMap*) 0x000002ce7aa08038, (CMBitMap*) 0x000002ce7aa08070
 Prev Bits: [0x000002ce0f000000, 0x000002ce10f90000)
 Next Bits: [0x000002ce10f90000, 0x000002ce12f20000)

Polling page: 0x000002ce7a180000

Metaspace:

Usage:
  Non-class:     21.11 MB capacity,    20.69 MB ( 98%) used,   345.53 KB (  2%) free+waste,    85.13 KB ( <1%) overhead. 
      Class:      2.58 MB capacity,     2.28 MB ( 88%) used,   264.36 KB ( 10%) free+waste,    41.50 KB (  2%) overhead. 
       Both:     23.69 MB capacity,    22.97 MB ( 97%) used,   609.89 KB (  3%) free+waste,   126.63 KB ( <1%) overhead. 

Virtual space:
  Non-class space:       22.00 MB reserved,      21.25 MB ( 97%) committed 
      Class space:        1.00 GB reserved,       2.63 MB ( <1%) committed 
             Both:        1.02 GB reserved,      23.88 MB (  2%) committed 

Chunk freelists:
   Non-Class:  17.00 KB
       Class:  16.00 KB
        Both:  33.00 KB

MaxMetaspaceSize: 17179869184.00 GB
CompressedClassSpaceSize: 1.00 GB

CodeHeap 'non-profiled nmethods': size=120000Kb used=2447Kb max_used=2447Kb free=117552Kb
 bounds [0x000002ce07ad0000, 0x000002ce07d40000, 0x000002ce0f000000]
CodeHeap 'profiled nmethods': size=120000Kb used=8910Kb max_used=8910Kb free=111089Kb
 bounds [0x000002ce005a0000, 0x000002ce00e60000, 0x000002ce07ad0000]
CodeHeap 'non-nmethods': size=5760Kb used=1764Kb max_used=1822Kb free=3996Kb
 bounds [0x000002ce00000000, 0x000002ce00270000, 0x000002ce005a0000]
 total_blobs=7105 nmethods=4205 adapters=1311
 compilation: enabled
              stopped_count=0, restarted_count=0
 full_count=0

Compilation events (20 events):
Event: 21.820 Thread 0x000002ce1532e000 4202       3       javafx.scene.layout.Region::getSnapScaleX (8 bytes)
Event: 21.822 Thread 0x000002ce1532e000 nmethod 4202 0x000002ce00e46a10 code [0x000002ce00e46c60, 0x000002ce00e47610]
Event: 21.822 Thread 0x000002ce1532e000 4203       3       javafx.beans.binding.DoubleExpression::getValue (8 bytes)
Event: 21.822 Thread 0x000002ce1532e000 nmethod 4203 0x000002ce00e47890 code [0x000002ce00e47a80, 0x000002ce00e47eb0]
Event: 21.831 Thread 0x000002ce1532e000 4204 %     3       com.sun.marlin.DRenderer::_endRendering @ 251 (2489 bytes)
Event: 21.864 Thread 0x000002ce1532e000 nmethod 4204% 0x000002ce00e48010 code [0x000002ce00e485e0, 0x000002ce00e4d190]
Event: 21.864 Thread 0x000002ce1532e000 4207       3       com.sun.javafx.geom.Path2D$Iterator::next (35 bytes)
Event: 21.864 Thread 0x000002ce1532e000 nmethod 4207 0x000002ce00e50b90 code [0x000002ce00e50d40, 0x000002ce00e50f38]
Event: 21.864 Thread 0x000002ce1532e000 4205       3       com.sun.marlin.DRenderer::curveTo (84 bytes)
Event: 21.866 Thread 0x000002ce1532e000 nmethod 4205 0x000002ce00e51090 code [0x000002ce00e51320, 0x000002ce00e51840]
Event: 21.866 Thread 0x000002ce1532e000 4206       3       com.sun.marlin.DCurve::set (153 bytes)
Event: 21.867 Thread 0x000002ce1532e000 nmethod 4206 0x000002ce00e51c10 code [0x000002ce00e51e20, 0x000002ce00e52038]
Event: 21.948 Thread 0x000002ce15308000 4208       4       com.sun.javafx.sg.prism.NGNode::renderClip (473 bytes)
Event: 22.007 Thread 0x000002ce15308000 nmethod 4208 0x000002ce07d31b10 code [0x000002ce07d31de0, 0x000002ce07d32fb0]
Event: 22.007 Thread 0x000002ce15308000 4209       4       java.nio.MappedByteBuffer::rewind (5 bytes)
Event: 22.008 Thread 0x000002ce15308000 nmethod 4209 0x000002ce07d33c90 code [0x000002ce07d33e20, 0x000002ce07d33e98]
Event: 22.012 Thread 0x000002ce1532e000 4210       3       com.sun.javafx.scene.input.PickResultChooser::computePoint (55 bytes)
Event: 22.013 Thread 0x000002ce1532e000 nmethod 4210 0x000002ce00e52110 code [0x000002ce00e522e0, 0x000002ce00e525d8]
Event: 22.013 Thread 0x000002ce1532e000 4211       3       com.sun.javafx.scene.input.PickResultChooser::processOffer (146 bytes)
Event: 22.015 Thread 0x000002ce1532e000 nmethod 4211 0x000002ce00e52790 code [0x000002ce00e52a00, 0x000002ce00e53790]

GC Heap History (20 events):
Event: 5.615 GC heap before
{Heap before GC invocations=17 (full 0):
 garbage-first heap   total 131072K, used 108805K [0x0000000081c00000, 0x0000000100000000)
  region size 1024K, 67 young (68608K), 4 survivors (4096K)
 Metaspace       used 21073K, capacity 21886K, committed 22016K, reserved 1069056K
  class space    used 2221K, capacity 2558K, committed 2560K, reserved 1048576K
}
Event: 5.617 GC heap after
{Heap after GC invocations=18 (full 0):
 garbage-first heap   total 131072K, used 42881K [0x0000000081c00000, 0x0000000100000000)
  region size 1024K, 3 young (3072K), 3 survivors (3072K)
 Metaspace       used 21073K, capacity 21886K, committed 22016K, reserved 1069056K
  class space    used 2221K, capacity 2558K, committed 2560K, reserved 1048576K
}
Event: 5.693 GC heap before
{Heap before GC invocations=18 (full 0):
 garbage-first heap   total 131072K, used 109441K [0x0000000081c00000, 0x0000000100000000)
  region size 1024K, 68 young (69632K), 3 survivors (3072K)
 Metaspace       used 21073K, capacity 21886K, committed 22016K, reserved 1069056K
  class space    used 2221K, capacity 2558K, committed 2560K, reserved 1048576K
}
Event: 5.695 GC heap after
{Heap after GC invocations=19 (full 0):
 garbage-first heap   total 157696K, used 42245K [0x0000000081c00000, 0x0000000100000000)
  region size 1024K, 2 young (2048K), 2 survivors (2048K)
 Metaspace       used 21073K, capacity 21886K, committed 22016K, reserved 1069056K
  class space    used 2221K, capacity 2558K, committed 2560K, reserved 1048576K
}
Event: 5.793 GC heap before
{Heap before GC invocations=19 (full 0):
 garbage-first heap   total 157696K, used 122117K [0x0000000081c00000, 0x0000000100000000)
  region size 1024K, 80 young (81920K), 2 survivors (2048K)
 Metaspace       used 21073K, capacity 21886K, committed 22016K, reserved 1069056K
  class space    used 2221K, capacity 2558K, committed 2560K, reserved 1048576K
}
Event: 5.795 GC heap after
{Heap after GC invocations=20 (full 0):
 garbage-first heap   total 157696K, used 43582K [0x0000000081c00000, 0x0000000100000000)
  region size 1024K, 3 young (3072K), 3 survivors (3072K)
 Metaspace       used 21073K, capacity 21886K, committed 22016K, reserved 1069056K
  class space    used 2221K, capacity 2558K, committed 2560K, reserved 1048576K
}
Event: 5.895 GC heap before
{Heap before GC invocations=20 (full 0):
 garbage-first heap   total 157696K, used 125502K [0x0000000081c00000, 0x0000000100000000)
  region size 1024K, 83 young (84992K), 3 survivors (3072K)
 Metaspace       used 21090K, capacity 21886K, committed 22016K, reserved 1069056K
  class space    used 2221K, capacity 2558K, committed 2560K, reserved 1048576K
}
Event: 5.896 GC heap after
{Heap after GC invocations=21 (full 0):
 garbage-first heap   total 157696K, used 42823K [0x0000000081c00000, 0x0000000100000000)
  region size 1024K, 1 young (1024K), 1 survivors (1024K)
 Metaspace       used 21090K, capacity 21886K, committed 22016K, reserved 1069056K
  class space    used 2221K, capacity 2558K, committed 2560K, reserved 1048576K
}
Event: 6.043 GC heap before
{Heap before GC invocations=21 (full 0):
 garbage-first heap   total 157696K, used 134983K [0x0000000081c00000, 0x0000000100000000)
  region size 1024K, 91 young (93184K), 1 survivors (1024K)
 Metaspace       used 21124K, capacity 21950K, committed 22016K, reserved 1069056K
  class space    used 2223K, capacity 2558K, committed 2560K, reserved 1048576K
}
Event: 6.044 GC heap after
{Heap after GC invocations=22 (full 0):
 garbage-first heap   total 157696K, used 42622K [0x0000000081c00000, 0x0000000100000000)
  region size 1024K, 1 young (1024K), 1 survivors (1024K)
 Metaspace       used 21124K, capacity 21950K, committed 22016K, reserved 1069056K
  class space    used 2223K, capacity 2558K, committed 2560K, reserved 1048576K
}
Event: 8.279 GC heap before
{Heap before GC invocations=22 (full 0):
 garbage-first heap   total 157696K, used 134782K [0x0000000081c00000, 0x0000000100000000)
  region size 1024K, 91 young (93184K), 1 survivors (1024K)
 Metaspace       used 22138K, capacity 22945K, committed 23168K, reserved 1069056K
  class space    used 2256K, capacity 2590K, committed 2688K, reserved 1048576K
}
Event: 8.282 GC heap after
{Heap after GC invocations=23 (full 0):
 garbage-first heap   total 157696K, used 42263K [0x0000000081c00000, 0x0000000100000000)
  region size 1024K, 1 young (1024K), 1 survivors (1024K)
 Metaspace       used 22138K, capacity 22945K, committed 23168K, reserved 1069056K
  class space    used 2256K, capacity 2590K, committed 2688K, reserved 1048576K
}
Event: 10.393 GC heap before
{Heap before GC invocations=23 (full 0):
 garbage-first heap   total 157696K, used 134423K [0x0000000081c00000, 0x0000000100000000)
  region size 1024K, 91 young (93184K), 1 survivors (1024K)
 Metaspace       used 22211K, capacity 23010K, committed 23168K, reserved 1069056K
  class space    used 2256K, capacity 2590K, committed 2688K, reserved 1048576K
}
Event: 10.395 GC heap after
{Heap after GC invocations=24 (full 0):
 garbage-first heap   total 157696K, used 42210K [0x0000000081c00000, 0x0000000100000000)
  region size 1024K, 1 young (1024K), 1 survivors (1024K)
 Metaspace       used 22211K, capacity 23010K, committed 23168K, reserved 1069056K
  class space    used 2256K, capacity 2590K, committed 2688K, reserved 1048576K
}
Event: 13.042 GC heap before
{Heap before GC invocations=24 (full 0):
 garbage-first heap   total 157696K, used 135394K [0x0000000081c00000, 0x0000000100000000)
  region size 1024K, 92 young (94208K), 1 survivors (1024K)
 Metaspace       used 22264K, capacity 23074K, committed 23424K, reserved 1071104K
  class space    used 2256K, capacity 2590K, committed 2688K, reserved 1048576K
}
Event: 13.043 GC heap after
{Heap after GC invocations=25 (full 0):
 garbage-first heap   total 157696K, used 42201K [0x0000000081c00000, 0x0000000100000000)
  region size 1024K, 1 young (1024K), 1 survivors (1024K)
 Metaspace       used 22264K, capacity 23074K, committed 23424K, reserved 1071104K
  class space    used 2256K, capacity 2590K, committed 2688K, reserved 1048576K
}
Event: 15.930 GC heap before
{Heap before GC invocations=25 (full 0):
 garbage-first heap   total 157696K, used 137433K [0x0000000081c00000, 0x0000000100000000)
  region size 1024K, 92 young (94208K), 1 survivors (1024K)
 Metaspace       used 23163K, capacity 23917K, committed 24192K, reserved 1071104K
  class space    used 2330K, capacity 2636K, committed 2688K, reserved 1048576K
}
Event: 15.934 GC heap after
{Heap after GC invocations=26 (full 0):
 garbage-first heap   total 157696K, used 44794K [0x0000000081c00000, 0x0000000100000000)
  region size 1024K, 1 young (1024K), 1 survivors (1024K)
 Metaspace       used 23163K, capacity 23917K, committed 24192K, reserved 1071104K
  class space    used 2330K, capacity 2636K, committed 2688K, reserved 1048576K
}
Event: 20.566 GC heap before
{Heap before GC invocations=26 (full 0):
 garbage-first heap   total 157696K, used 136954K [0x0000000081c00000, 0x0000000100000000)
  region size 1024K, 91 young (93184K), 1 survivors (1024K)
 Metaspace       used 23409K, capacity 24126K, committed 24192K, reserved 1071104K
  class space    used 2334K, capacity 2640K, committed 2688K, reserved 1048576K
}
Event: 20.567 GC heap after
{Heap after GC invocations=27 (full 0):
 garbage-first heap   total 157696K, used 44837K [0x0000000081c00000, 0x0000000100000000)
  region size 1024K, 1 young (1024K), 1 survivors (1024K)
 Metaspace       used 23409K, capacity 24126K, committed 24192K, reserved 1071104K
  class space    used 2334K, capacity 2640K, committed 2688K, reserved 1048576K
}

Deoptimization events (20 events):
Event: 16.153 Thread 0x000002ce162df800 Uncommon trap: trap_request=0xffffffde fr.pc=0x000002ce07ce6cec relative=0x00000000000000ac
Event: 16.153 Thread 0x000002ce162df800 Uncommon trap: reason=class_check action=maybe_recompile pc=0x000002ce07ce6cec method=com.sun.javafx.geom.transform.AffineBase.transform(Lcom/sun/javafx/geom/BaseBounds;Lcom/sun/javafx/geom/BaseBounds;)Lcom/sun/javafx/geom/BaseBounds; @ 11 c2
Event: 16.153 Thread 0x000002ce162df800 DEOPT PACKING pc=0x000002ce07ce6cec sp=0x000000f892cfe640
Event: 16.153 Thread 0x000002ce162df800 DEOPT UNPACKING pc=0x000002ce0002922f sp=0x000000f892cfe578 mode 2
Event: 16.153 Thread 0x000002ce162df800 Uncommon trap: trap_request=0xffffff4d fr.pc=0x000002ce07cda5f0 relative=0x0000000000000570
Event: 16.153 Thread 0x000002ce162df800 Uncommon trap: reason=unstable_if action=reinterpret pc=0x000002ce07cda5f0 method=com.sun.javafx.geom.transform.AffineBase.updateState2D()V @ 42 c2
Event: 16.153 Thread 0x000002ce162df800 DEOPT PACKING pc=0x000002ce07cda5f0 sp=0x000000f892cfe5e0
Event: 16.153 Thread 0x000002ce162df800 DEOPT UNPACKING pc=0x000002ce0002922f sp=0x000000f892cfe4c0 mode 2
Event: 16.153 Thread 0x000002ce162df800 Uncommon trap: trap_request=0xffffff4d fr.pc=0x000002ce07ccb020 relative=0x0000000000000220
Event: 16.153 Thread 0x000002ce162df800 Uncommon trap: reason=unstable_if action=reinterpret pc=0x000002ce07ccb020 method=com.sun.javafx.geom.transform.AffineBase.updateState2D()V @ 42 c2
Event: 16.153 Thread 0x000002ce162df800 DEOPT PACKING pc=0x000002ce07ccb020 sp=0x000000f892cfe540
Event: 16.153 Thread 0x000002ce162df800 DEOPT UNPACKING pc=0x000002ce0002922f sp=0x000000f892cfe4d8 mode 2
Event: 16.155 Thread 0x000002ce162df800 Uncommon trap: trap_request=0xffffff4d fr.pc=0x000002ce07cf9858 relative=0x0000000000000a78
Event: 16.155 Thread 0x000002ce162df800 Uncommon trap: reason=unstable_if action=reinterpret pc=0x000002ce07cf9858 method=com.sun.javafx.sg.prism.NGNode.doRender(Lcom/sun/prism/Graphics;)V @ 24 c2
Event: 16.155 Thread 0x000002ce162df800 DEOPT PACKING pc=0x000002ce07cf9858 sp=0x000000f892cfeb80
Event: 16.155 Thread 0x000002ce162df800 DEOPT UNPACKING pc=0x000002ce0002922f sp=0x000000f892cfeac0 mode 2
Event: 17.477 Thread 0x000002ce162df800 DEOPT PACKING pc=0x000002ce00d7b9bc sp=0x000000f892cfdda0
Event: 17.477 Thread 0x000002ce162df800 DEOPT UNPACKING pc=0x000002ce0002904e sp=0x000000f892cfd1c0 mode 0
Event: 21.467 Thread 0x000002ce162df800 DEOPT PACKING pc=0x000002ce00d0e05f sp=0x000000f892cfe0d0
Event: 21.467 Thread 0x000002ce162df800 DEOPT UNPACKING pc=0x000002ce0002904e sp=0x000000f892cfd560 mode 0

Classes redefined (0 events):
No events

Internal exceptions (20 events):
Event: 2.281 Thread 0x000002ce16921800 Exception <a 'java/lang/NoSuchMethodError'{0x000000008926c618}: 'java.lang.Object java.lang.invoke.DirectMethodHandle$Holder.invokeStatic(java.lang.Object, java.lang.Object, double)'> (0x000000008926c618) thrown at [c:/BuildAgent/work/5ff2f6c26000d570/src
Event: 3.405 Thread 0x000002ce16921800 Exception <a 'sun/nio/fs/WindowsException'{0x0000000087803ef8}> (0x0000000087803ef8) thrown at [c:/BuildAgent/work/5ff2f6c26000d570/src/hotspot/share/prims/jni.cpp, line 615]
Event: 3.408 Thread 0x000002ce16921800 Exception <a 'sun/nio/fs/WindowsException'{0x000000008780bf88}> (0x000000008780bf88) thrown at [c:/BuildAgent/work/5ff2f6c26000d570/src/hotspot/share/prims/jni.cpp, line 615]
Event: 3.441 Thread 0x000002ce16921800 Implicit null exception at 0x000002ce07b34edf to 0x000002ce07b35356
Event: 3.444 Thread 0x000002ce16921800 Exception <a 'java/lang/NoSuchMethodError'{0x0000000087642ba8}: 'void java.lang.invoke.DirectMethodHandle$Holder.invokeStatic(java.lang.Object, java.lang.Object, int, java.lang.Object)'> (0x0000000087642ba8) thrown at [c:/BuildAgent/work/5ff2f6c26000d570/
Event: 3.445 Thread 0x000002ce16921800 Exception <a 'java/lang/NoSuchMethodError'{0x0000000087649428}: 'void java.lang.invoke.DelegatingMethodHandle$Holder.delegate(java.lang.Object, java.lang.Object, int, java.lang.Object)'> (0x0000000087649428) thrown at [c:/BuildAgent/work/5ff2f6c26000d570/
Event: 3.446 Thread 0x000002ce16921800 Exception <a 'java/lang/NoSuchMethodError'{0x0000000087650ae8}: 'java.lang.Object java.lang.invoke.DirectMethodHandle$Holder.invokeStaticInit(java.lang.Object, java.lang.Object, java.lang.Object)'> (0x0000000087650ae8) thrown at [c:/BuildAgent/work/5ff2f6
Event: 3.476 Thread 0x000002ce16921800 Exception <a 'sun/nio/fs/WindowsException'{0x00000000876aa738}> (0x00000000876aa738) thrown at [c:/BuildAgent/work/5ff2f6c26000d570/src/hotspot/share/prims/jni.cpp, line 615]
Event: 3.476 Thread 0x000002ce16921800 Exception <a 'sun/nio/fs/WindowsException'{0x00000000876aac98}> (0x00000000876aac98) thrown at [c:/BuildAgent/work/5ff2f6c26000d570/src/hotspot/share/prims/jni.cpp, line 615]
Event: 3.486 Thread 0x000002ce16921800 Exception <a 'sun/nio/fs/WindowsException'{0x0000000087511428}> (0x0000000087511428) thrown at [c:/BuildAgent/work/5ff2f6c26000d570/src/hotspot/share/prims/jni.cpp, line 615]
Event: 3.487 Thread 0x000002ce16921800 Exception <a 'sun/nio/fs/WindowsException'{0x00000000875117a8}> (0x00000000875117a8) thrown at [c:/BuildAgent/work/5ff2f6c26000d570/src/hotspot/share/prims/jni.cpp, line 615]
Event: 3.631 Thread 0x000002ce16921800 Exception <a 'sun/nio/fs/WindowsException'{0x00000000874a9c08}> (0x00000000874a9c08) thrown at [c:/BuildAgent/work/5ff2f6c26000d570/src/hotspot/share/prims/jni.cpp, line 615]
Event: 3.631 Thread 0x000002ce16921800 Exception <a 'sun/nio/fs/WindowsException'{0x00000000874a9fb8}> (0x00000000874a9fb8) thrown at [c:/BuildAgent/work/5ff2f6c26000d570/src/hotspot/share/prims/jni.cpp, line 615]
Event: 3.649 Thread 0x000002ce16921800 Exception <a 'sun/nio/fs/WindowsException'{0x0000000089b02ac0}> (0x0000000089b02ac0) thrown at [c:/BuildAgent/work/5ff2f6c26000d570/src/hotspot/share/prims/jni.cpp, line 615]
Event: 3.649 Thread 0x000002ce16921800 Exception <a 'sun/nio/fs/WindowsException'{0x0000000089b02e78}> (0x0000000089b02e78) thrown at [c:/BuildAgent/work/5ff2f6c26000d570/src/hotspot/share/prims/jni.cpp, line 615]
Event: 3.652 Thread 0x000002ce16921800 Exception <a 'sun/nio/fs/WindowsException'{0x0000000089bbf5c8}> (0x0000000089bbf5c8) thrown at [c:/BuildAgent/work/5ff2f6c26000d570/src/hotspot/share/prims/jni.cpp, line 615]
Event: 3.652 Thread 0x000002ce16921800 Exception <a 'sun/nio/fs/WindowsException'{0x0000000089bbf8b8}> (0x0000000089bbf8b8) thrown at [c:/BuildAgent/work/5ff2f6c26000d570/src/hotspot/share/prims/jni.cpp, line 615]
Event: 4.104 Thread 0x000002ce16921800 Exception <a 'sun/nio/fs/WindowsException'{0x00000000878a6de8}> (0x00000000878a6de8) thrown at [c:/BuildAgent/work/5ff2f6c26000d570/src/hotspot/share/prims/jni.cpp, line 615]
Event: 4.104 Thread 0x000002ce16921800 Exception <a 'sun/nio/fs/WindowsException'{0x00000000878a7178}> (0x00000000878a7178) thrown at [c:/BuildAgent/work/5ff2f6c26000d570/src/hotspot/share/prims/jni.cpp, line 615]
Event: 5.952 Thread 0x000002ce16921800 Implicit null exception at 0x000002ce07c1b8b9 to 0x000002ce07c1cf12

Events (20 events):
Event: 21.872 Thread 0x000002ce170b4000 Thread added: 0x000002ce170b4000
Event: 21.873 Thread 0x000002ce170b4000 Thread exited: 0x000002ce170b4000
Event: 21.873 Thread 0x000002ce170b2000 Thread added: 0x000002ce170b2000
Event: 21.873 Thread 0x000002ce170b2000 Thread exited: 0x000002ce170b2000
Event: 21.873 Thread 0x000002ce170b2000 Thread added: 0x000002ce170b2000
Event: 21.873 Thread 0x000002ce170b2000 Thread exited: 0x000002ce170b2000
Event: 21.873 Thread 0x000002ce170b4000 Thread added: 0x000002ce170b4000
Event: 21.873 Thread 0x000002ce170b4000 Thread exited: 0x000002ce170b4000
Event: 21.972 Thread 0x000002ce170b2000 Thread added: 0x000002ce170b2000
Event: 21.972 Thread 0x000002ce170b2000 Thread exited: 0x000002ce170b2000
Event: 21.972 Thread 0x000002ce170b4000 Thread added: 0x000002ce170b4000
Event: 21.972 Thread 0x000002ce170b4000 Thread exited: 0x000002ce170b4000
Event: 21.973 Thread 0x000002ce170b2000 Thread added: 0x000002ce170b2000
Event: 21.973 Thread 0x000002ce170b2000 Thread exited: 0x000002ce170b2000
Event: 21.973 Thread 0x000002ce170b2000 Thread added: 0x000002ce170b2000
Event: 21.973 Thread 0x000002ce170b2000 Thread exited: 0x000002ce170b2000
Event: 21.973 Thread 0x000002ce170b4000 Thread added: 0x000002ce170b4000
Event: 21.973 Thread 0x000002ce170b4000 Thread exited: 0x000002ce170b4000
Event: 21.974 Thread 0x000002ce170b2000 Thread added: 0x000002ce170b2000
Event: 21.974 Thread 0x000002ce170b2000 Thread exited: 0x000002ce170b2000


Dynamic libraries:
0x00007ff7a5900000 - 0x00007ff7a590a000 	D:\IntelliJ\IntelliJ IDEA Community Edition 2019.3.2\jbr\bin\java.exe
0x00007ffc7e070000 - 0x00007ffc7e25d000 	C:\WINDOWS\SYSTEM32\ntdll.dll
0x00007ffc7b600000 - 0x00007ffc7b6b3000 	C:\WINDOWS\System32\KERNEL32.DLL
0x00007ffc7a440000 - 0x00007ffc7a6d5000 	C:\WINDOWS\System32\KERNELBASE.dll
0x00007ffc7a6e0000 - 0x00007ffc7a7da000 	C:\WINDOWS\System32\ucrtbase.dll
0x00007ffc62fb0000 - 0x00007ffc62fc9000 	D:\IntelliJ\IntelliJ IDEA Community Edition 2019.3.2\jbr\bin\jli.dll
0x00007ffc63050000 - 0x00007ffc63067000 	D:\IntelliJ\IntelliJ IDEA Community Edition 2019.3.2\jbr\bin\VCRUNTIME140.dll
0x00007ffc7b460000 - 0x00007ffc7b5f7000 	C:\WINDOWS\System32\USER32.dll
0x00007ffc7aa70000 - 0x00007ffc7aa90000 	C:\WINDOWS\System32\win32u.dll
0x00007ffc6e1a0000 - 0x00007ffc6e419000 	C:\WINDOWS\WinSxS\amd64_microsoft.windows.common-controls_6595b64144ccf1df_6.0.17763.1158_none_de722d88534a897f\COMCTL32.dll
0x00007ffc7d050000 - 0x00007ffc7d079000 	C:\WINDOWS\System32\GDI32.dll
0x00007ffc7df10000 - 0x00007ffc7dfae000 	C:\WINDOWS\System32\msvcrt.dll
0x00007ffc7a7e0000 - 0x00007ffc7a979000 	C:\WINDOWS\System32\gdi32full.dll
0x00007ffc7db30000 - 0x00007ffc7de5c000 	C:\WINDOWS\System32\combase.dll
0x00007ffc7a9d0000 - 0x00007ffc7aa70000 	C:\WINDOWS\System32\msvcp_win.dll
0x00007ffc7b6f0000 - 0x00007ffc7b812000 	C:\WINDOWS\System32\RPCRT4.dll
0x00007ffc7a3c0000 - 0x00007ffc7a43e000 	C:\WINDOWS\System32\bcryptPrimitives.dll
0x00007ffc7b6c0000 - 0x00007ffc7b6ee000 	C:\WINDOWS\System32\IMM32.DLL
0x00007ffc4b360000 - 0x00007ffc4b3fd000 	D:\IntelliJ\IntelliJ IDEA Community Edition 2019.3.2\jbr\bin\msvcp140.dll
0x00007ffc29560000 - 0x00007ffc2a01b000 	D:\IntelliJ\IntelliJ IDEA Community Edition 2019.3.2\jbr\bin\server\jvm.dll
0x00007ffc7cf90000 - 0x00007ffc7d033000 	C:\WINDOWS\System32\ADVAPI32.dll
0x00007ffc7d430000 - 0x00007ffc7d4ce000 	C:\WINDOWS\System32\sechost.dll
0x00007ffc7e010000 - 0x00007ffc7e018000 	C:\WINDOWS\System32\PSAPI.DLL
0x00007ffc75d80000 - 0x00007ffc75d89000 	C:\WINDOWS\SYSTEM32\WSOCK32.dll
0x00007ffc6f2c0000 - 0x00007ffc6f2e4000 	C:\WINDOWS\SYSTEM32\WINMM.dll
0x00007ffc74b00000 - 0x00007ffc74b0a000 	C:\WINDOWS\SYSTEM32\VERSION.dll
0x00007ffc7cf20000 - 0x00007ffc7cf8d000 	C:\WINDOWS\System32\WS2_32.dll
0x00007ffc6f080000 - 0x00007ffc6f0ad000 	C:\WINDOWS\SYSTEM32\winmmbase.dll
0x00007ffc7a370000 - 0x00007ffc7a3ba000 	C:\WINDOWS\System32\cfgmgr32.dll
0x00007ffc7a060000 - 0x00007ffc7a071000 	C:\WINDOWS\System32\kernel.appcore.dll
0x00007ffc754c0000 - 0x00007ffc754d1000 	D:\IntelliJ\IntelliJ IDEA Community Edition 2019.3.2\jbr\bin\verify.dll
0x00007ffc72290000 - 0x00007ffc7247d000 	C:\WINDOWS\SYSTEM32\DBGHELP.DLL
0x00007ffc72260000 - 0x00007ffc7228a000 	C:\WINDOWS\SYSTEM32\dbgcore.DLL
0x00007ffc62e40000 - 0x00007ffc62e69000 	D:\IntelliJ\IntelliJ IDEA Community Edition 2019.3.2\jbr\bin\java.dll
0x00007ffc75e40000 - 0x00007ffc75e4f000 	D:\IntelliJ\IntelliJ IDEA Community Edition 2019.3.2\jbr\bin\instrument.dll
0x00007ffc6c690000 - 0x00007ffc6c6a7000 	D:\IntelliJ\IntelliJ IDEA Community Edition 2019.3.2\jbr\bin\zip.dll
0x00007ffc759f0000 - 0x00007ffc759fb000 	D:\IntelliJ\IntelliJ IDEA Community Edition 2019.3.2\jbr\bin\jimage.dll
0x00007ffc7b820000 - 0x00007ffc7cd14000 	C:\WINDOWS\System32\SHELL32.dll
0x00007ffc7de60000 - 0x00007ffc7df08000 	C:\WINDOWS\System32\shcore.dll
0x00007ffc7ab40000 - 0x00007ffc7b28d000 	C:\WINDOWS\System32\windows.storage.dll
0x00007ffc7a100000 - 0x00007ffc7a124000 	C:\WINDOWS\System32\profapi.dll
0x00007ffc7a080000 - 0x00007ffc7a0dd000 	C:\WINDOWS\System32\powrprof.dll
0x00007ffc7cd30000 - 0x00007ffc7cd82000 	C:\WINDOWS\System32\shlwapi.dll
0x00007ffc7a980000 - 0x00007ffc7a997000 	C:\WINDOWS\System32\cryptsp.dll
0x00007ffc6c500000 - 0x00007ffc6c51a000 	D:\IntelliJ\IntelliJ IDEA Community Edition 2019.3.2\jbr\bin\net.dll
0x00007ffc70910000 - 0x00007ffc70a02000 	C:\WINDOWS\SYSTEM32\WINHTTP.dll
0x00007ffc79870000 - 0x00007ffc798d7000 	C:\WINDOWS\system32\mswsock.dll
0x00007ffc6af30000 - 0x00007ffc6af44000 	D:\IntelliJ\IntelliJ IDEA Community Edition 2019.3.2\jbr\bin\nio.dll
0x00007ffc6c6b0000 - 0x00007ffc6c6ca000 	D:\IntelliJ\IntelliJ IDEA Community Edition 2019.3.2\bin\breakgen64.dll
0x000002ce17820000 - 0x000002ce17823000 	D:\IntelliJ\IntelliJ IDEA Community Edition 2019.3.2\jbr\bin\api-ms-win-core-console-l1-1-0.dll
0x000002ce17830000 - 0x000002ce17833000 	D:\IntelliJ\IntelliJ IDEA Community Edition 2019.3.2\jbr\bin\api-ms-win-core-datetime-l1-1-0.dll
0x000002ce17840000 - 0x000002ce17843000 	D:\IntelliJ\IntelliJ IDEA Community Edition 2019.3.2\jbr\bin\api-ms-win-core-debug-l1-1-0.dll
0x000002ce17850000 - 0x000002ce17853000 	D:\IntelliJ\IntelliJ IDEA Community Edition 2019.3.2\jbr\bin\api-ms-win-core-errorhandling-l1-1-0.dll
0x000002ce17860000 - 0x000002ce17864000 	D:\IntelliJ\IntelliJ IDEA Community Edition 2019.3.2\jbr\bin\api-ms-win-core-file-l1-1-0.dll
0x000002ce17870000 - 0x000002ce17873000 	D:\IntelliJ\IntelliJ IDEA Community Edition 2019.3.2\jbr\bin\api-ms-win-core-file-l1-2-0.dll
0x000002ce17880000 - 0x000002ce17883000 	D:\IntelliJ\IntelliJ IDEA Community Edition 2019.3.2\jbr\bin\api-ms-win-core-file-l2-1-0.dll
0x000002ce17890000 - 0x000002ce17893000 	D:\IntelliJ\IntelliJ IDEA Community Edition 2019.3.2\jbr\bin\api-ms-win-core-handle-l1-1-0.dll
0x000002ce178a0000 - 0x000002ce178a3000 	D:\IntelliJ\IntelliJ IDEA Community Edition 2019.3.2\jbr\bin\api-ms-win-core-heap-l1-1-0.dll
0x000002ce178b0000 - 0x000002ce178b3000 	D:\IntelliJ\IntelliJ IDEA Community Edition 2019.3.2\jbr\bin\api-ms-win-core-interlocked-l1-1-0.dll
0x000002ce178c0000 - 0x000002ce178c3000 	D:\IntelliJ\IntelliJ IDEA Community Edition 2019.3.2\jbr\bin\api-ms-win-core-libraryloader-l1-1-0.dll
0x000002ce178d0000 - 0x000002ce178d3000 	D:\IntelliJ\IntelliJ IDEA Community Edition 2019.3.2\jbr\bin\api-ms-win-core-localization-l1-2-0.dll
0x000002ce178e0000 - 0x000002ce178e3000 	D:\IntelliJ\IntelliJ IDEA Community Edition 2019.3.2\jbr\bin\api-ms-win-core-memory-l1-1-0.dll
0x000002ce178f0000 - 0x000002ce178f3000 	D:\IntelliJ\IntelliJ IDEA Community Edition 2019.3.2\jbr\bin\api-ms-win-core-namedpipe-l1-1-0.dll
0x000002ce17900000 - 0x000002ce17903000 	D:\IntelliJ\IntelliJ IDEA Community Edition 2019.3.2\jbr\bin\api-ms-win-core-processenvironment-l1-1-0.dll
0x000002ce17910000 - 0x000002ce17913000 	D:\IntelliJ\IntelliJ IDEA Community Edition 2019.3.2\jbr\bin\api-ms-win-core-processthreads-l1-1-0.dll
0x000002ce17920000 - 0x000002ce17923000 	D:\IntelliJ\IntelliJ IDEA Community Edition 2019.3.2\jbr\bin\api-ms-win-core-processthreads-l1-1-1.dll
0x000002ce17930000 - 0x000002ce17933000 	D:\IntelliJ\IntelliJ IDEA Community Edition 2019.3.2\jbr\bin\api-ms-win-core-profile-l1-1-0.dll
0x000002ce17940000 - 0x000002ce17943000 	D:\IntelliJ\IntelliJ IDEA Community Edition 2019.3.2\jbr\bin\api-ms-win-core-rtlsupport-l1-1-0.dll
0x000002ce17950000 - 0x000002ce17953000 	D:\IntelliJ\IntelliJ IDEA Community Edition 2019.3.2\jbr\bin\api-ms-win-core-string-l1-1-0.dll
0x000002ce17960000 - 0x000002ce17963000 	D:\IntelliJ\IntelliJ IDEA Community Edition 2019.3.2\jbr\bin\api-ms-win-core-synch-l1-1-0.dll
0x000002ce17970000 - 0x000002ce17973000 	D:\IntelliJ\IntelliJ IDEA Community Edition 2019.3.2\jbr\bin\api-ms-win-core-synch-l1-2-0.dll
0x000002ce17980000 - 0x000002ce17983000 	D:\IntelliJ\IntelliJ IDEA Community Edition 2019.3.2\jbr\bin\api-ms-win-core-sysinfo-l1-1-0.dll
0x000002ce17990000 - 0x000002ce17993000 	D:\IntelliJ\IntelliJ IDEA Community Edition 2019.3.2\jbr\bin\api-ms-win-core-timezone-l1-1-0.dll
0x000002ce179a0000 - 0x000002ce179a3000 	D:\IntelliJ\IntelliJ IDEA Community Edition 2019.3.2\jbr\bin\api-ms-win-core-util-l1-1-0.dll
0x000002ce179b0000 - 0x000002ce179b3000 	D:\IntelliJ\IntelliJ IDEA Community Edition 2019.3.2\jbr\bin\api-ms-win-crt-conio-l1-1-0.dll
0x000002ce179c0000 - 0x000002ce179c4000 	D:\IntelliJ\IntelliJ IDEA Community Edition 2019.3.2\jbr\bin\api-ms-win-crt-convert-l1-1-0.dll
0x000002ce179d0000 - 0x000002ce179d3000 	D:\IntelliJ\IntelliJ IDEA Community Edition 2019.3.2\jbr\bin\api-ms-win-crt-environment-l1-1-0.dll
0x000002ce179e0000 - 0x000002ce179e3000 	D:\IntelliJ\IntelliJ IDEA Community Edition 2019.3.2\jbr\bin\api-ms-win-crt-filesystem-l1-1-0.dll
0x000002ce179f0000 - 0x000002ce179f3000 	D:\IntelliJ\IntelliJ IDEA Community Edition 2019.3.2\jbr\bin\api-ms-win-crt-heap-l1-1-0.dll
0x000002ce17a00000 - 0x000002ce17a03000 	D:\IntelliJ\IntelliJ IDEA Community Edition 2019.3.2\jbr\bin\api-ms-win-crt-locale-l1-1-0.dll
0x000002ce17a10000 - 0x000002ce17a15000 	D:\IntelliJ\IntelliJ IDEA Community Edition 2019.3.2\jbr\bin\api-ms-win-crt-math-l1-1-0.dll
0x000002ce17a20000 - 0x000002ce17a25000 	D:\IntelliJ\IntelliJ IDEA Community Edition 2019.3.2\jbr\bin\api-ms-win-crt-multibyte-l1-1-0.dll
0x000002ce17a30000 - 0x000002ce17a40000 	D:\IntelliJ\IntelliJ IDEA Community Edition 2019.3.2\jbr\bin\api-ms-win-crt-private-l1-1-0.dll
0x000002ce17a40000 - 0x000002ce17a43000 	D:\IntelliJ\IntelliJ IDEA Community Edition 2019.3.2\jbr\bin\api-ms-win-crt-process-l1-1-0.dll
0x000002ce17a50000 - 0x000002ce17a54000 	D:\IntelliJ\IntelliJ IDEA Community Edition 2019.3.2\jbr\bin\api-ms-win-crt-runtime-l1-1-0.dll
0x000002ce17a60000 - 0x000002ce17a64000 	D:\IntelliJ\IntelliJ IDEA Community Edition 2019.3.2\jbr\bin\api-ms-win-crt-stdio-l1-1-0.dll
0x000002ce17a70000 - 0x000002ce17a74000 	D:\IntelliJ\IntelliJ IDEA Community Edition 2019.3.2\jbr\bin\api-ms-win-crt-string-l1-1-0.dll
0x000002ce17a80000 - 0x000002ce17a83000 	D:\IntelliJ\IntelliJ IDEA Community Edition 2019.3.2\jbr\bin\api-ms-win-crt-time-l1-1-0.dll
0x000002ce17a90000 - 0x000002ce17a93000 	D:\IntelliJ\IntelliJ IDEA Community Edition 2019.3.2\jbr\bin\api-ms-win-crt-utility-l1-1-0.dll
0x00007ffc53fb0000 - 0x00007ffc540aa000 	D:\IntelliJ\IntelliJ IDEA Community Edition 2019.3.2\jbr\bin\ucrtbase.dll
0x00007ffc62f00000 - 0x00007ffc62f52000 	C:\Windows\System32\concrt140.dll
0x00007ffc62ed0000 - 0x00007ffc62ef3000 	D:\IntelliJ\IntelliJ IDEA Community Edition 2019.3.2\jbr\bin\prism_d3d.dll
0x00007ffc71110000 - 0x00007ffc712ae000 	C:\WINDOWS\system32\d3d9.dll
0x00007ffc786c0000 - 0x00007ffc786ee000 	C:\WINDOWS\SYSTEM32\dwmapi.dll
0x00007ffc7a130000 - 0x00007ffc7a30c000 	C:\WINDOWS\System32\CRYPT32.dll
0x00007ffc7a0e0000 - 0x00007ffc7a0f2000 	C:\WINDOWS\System32\MSASN1.dll
0x00007ffc783b0000 - 0x00007ffc7844c000 	C:\WINDOWS\system32\uxtheme.dll
0x00007ffc47de0000 - 0x00007ffc47fa0000 	C:\WINDOWS\System32\DriverStore\FileRepository\igdlh64.inf_amd64_d03105a152ac7ed4\igdumdim64.dll
0x00007ffc64440000 - 0x00007ffc64592000 	C:\WINDOWS\System32\DriverStore\FileRepository\igdlh64.inf_amd64_d03105a152ac7ed4\igdgmm64.dll
0x00007ffc579b0000 - 0x00007ffc579f5000 	D:\IntelliJ\IntelliJ IDEA Community Edition 2019.3.2\jbr\bin\glass.dll
0x00007ffc7cd90000 - 0x00007ffc7ceb7000 	C:\WINDOWS\System32\COMDLG32.dll
0x00007ffc7d550000 - 0x00007ffc7d6a5000 	C:\WINDOWS\System32\ole32.dll
0x00007ffc7d100000 - 0x00007ffc7d1c4000 	C:\WINDOWS\System32\OLEAUT32.dll
0x00007ffc7b2f0000 - 0x00007ffc7b45b000 	C:\WINDOWS\System32\MSCTF.dll
0x00007ffc23270000 - 0x00007ffc26e4b000 	C:\WINDOWS\System32\DriverStore\FileRepository\igdlh64.inf_amd64_d03105a152ac7ed4\igd9dxva64.dll
0x00007ffc32f60000 - 0x00007ffc32f82000 	C:\WINDOWS\System32\DriverStore\FileRepository\igdlh64.inf_amd64_d03105a152ac7ed4\igdinfo64.dll
0x00007ffc603a0000 - 0x00007ffc626f6000 	C:\WINDOWS\System32\DriverStore\FileRepository\igdlh64.inf_amd64_d03105a152ac7ed4\igc64.dll
0x00007ffc45cb0000 - 0x00007ffc45e51000 	D:\IntelliJ\IntelliJ IDEA Community Edition 2019.3.2\jbr\bin\awt.dll
0x00007ffc773b0000 - 0x00007ffc7796e000 	C:\WINDOWS\SYSTEM32\d2d1.dll
0x00007ffc78130000 - 0x00007ffc781bc000 	C:\WINDOWS\SYSTEM32\apphelp.dll
0x00007ffc45b80000 - 0x00007ffc45ca7000 	C:\WINDOWS\system32\opengl32.dll
0x00007ffc62e10000 - 0x00007ffc62e3c000 	C:\WINDOWS\SYSTEM32\GLU32.dll
0x00007ffc62eb0000 - 0x00007ffc62ec4000 	D:\IntelliJ\IntelliJ IDEA Community Edition 2019.3.2\jbr\bin\javafx_font.dll
0x00007ffc578f0000 - 0x00007ffc57975000 	D:\IntelliJ\IntelliJ IDEA Community Edition 2019.3.2\jbr\bin\freetype.dll
0x00007ffc50190000 - 0x00007ffc50238000 	D:\IntelliJ\IntelliJ IDEA Community Edition 2019.3.2\jbr\bin\fontmanager.dll
0x00007ffc65f50000 - 0x00007ffc6624c000 	C:\WINDOWS\SYSTEM32\dwrite.dll
0x00007ffc53f20000 - 0x00007ffc53fb0000 	D:\IntelliJ\IntelliJ IDEA Community Edition 2019.3.2\jbr\bin\glib-lite.dll
0x00007ffc4b480000 - 0x00007ffc4b537000 	D:\IntelliJ\IntelliJ IDEA Community Edition 2019.3.2\jbr\bin\gstreamer-lite.dll
0x00007ffc402b0000 - 0x00007ffc40346000 	C:\WINDOWS\SYSTEM32\DSOUND.dll
0x00007ffc57c60000 - 0x00007ffc57c86000 	D:\IntelliJ\IntelliJ IDEA Community Edition 2019.3.2\jbr\bin\jfxmedia.dll
0x00007ffc7d1d0000 - 0x00007ffc7d272000 	C:\WINDOWS\System32\clbcatq.dll
0x00007ffc76900000 - 0x00007ffc76aa9000 	C:\WINDOWS\system32\propsys.dll
0x00007ffc57980000 - 0x00007ffc579a2000 	D:\IntelliJ\IntelliJ IDEA Community Edition 2019.3.2\jbr\bin\fxplugins.dll
0x00007ffc71600000 - 0x00007ffc71670000 	C:\WINDOWS\System32\MMDevApi.dll
0x00007ffc79e10000 - 0x00007ffc79e39000 	C:\WINDOWS\System32\DEVOBJ.dll
0x00007ffc70e20000 - 0x00007ffc70f68000 	C:\WINDOWS\SYSTEM32\AUDIOSES.DLL
0x00007ffc760b0000 - 0x00007ffc76203000 	C:\WINDOWS\SYSTEM32\wintypes.dll
0x00007ffc75990000 - 0x00007ffc7599a000 	C:\WINDOWS\SYSTEM32\AVRT.dll

dbghelp: loaded successfully - version: 4.0.5 - missing functions: none
symbol engine: initialized successfully - sym options: 0x614 - pdb path: .;D:\IntelliJ\IntelliJ IDEA Community Edition 2019.3.2\jbr\bin;C:\WINDOWS\SYSTEM32;C:\WINDOWS\WinSxS\amd64_microsoft.windows.common-controls_6595b64144ccf1df_6.0.17763.1158_none_de722d88534a897f;D:\IntelliJ\IntelliJ IDEA Community Edition 2019.3.2\jbr\bin\server;D:\IntelliJ\IntelliJ IDEA Community Edition 2019.3.2\bin;C:\WINDOWS\System32\DriverStore\FileRepository\igdlh64.inf_amd64_d03105a152ac7ed4;C:\Program Files\Common Files\Microsoft Shared\Ink;C:\Users\XIAOMi\AppData\Local\Temp\lwjglXIAOMi\3.2.3-build-13

VM Arguments:
jvm_args: -javaagent:D:\IntelliJ\IntelliJ IDEA Community Edition 2019.3.2\lib\idea_rt.jar=56489:D:\IntelliJ\IntelliJ IDEA Community Edition 2019.3.2\bin -Dfile.encoding=UTF-8 
java_command: com.falconfly.menu.MainMenu
java_class_path (initial): D:\projects\4_sem\falcon-fly\out\production\falcon-fly;D:\IntelliJ\lwjgl\lwjgl\lwjgl.jar;D:\IntelliJ\lwjgl\lwjgl\lwjgl-javadoc.jar;D:\IntelliJ\lwjgl\lwjgl\lwjgl-sources.jar;D:\IntelliJ\lwjgl\lwjgl\lwjgl-natives-linux.jar;D:\IntelliJ\lwjgl\lwjgl\lwjgl-natives-macos.jar;D:\IntelliJ\lwjgl\lwjgl\lwjgl-natives-windows.jar;D:\IntelliJ\lwjgl\lwjgl\lwjgl-natives-linux-arm32.jar;D:\IntelliJ\lwjgl\lwjgl\lwjgl-natives-linux-arm64.jar;D:\IntelliJ\lwjgl\lwjgl\lwjgl-natives-windows-x86.jar;D:\IntelliJ\lwjgl\lwjgl-assimp\lwjgl-assimp.jar;D:\IntelliJ\lwjgl\lwjgl-assimp\lwjgl-assimp-javadoc.jar;D:\IntelliJ\lwjgl\lwjgl-assimp\lwjgl-assimp-sources.jar;D:\IntelliJ\lwjgl\lwjgl-assimp\lwjgl-assimp-natives-linux.jar;D:\IntelliJ\lwjgl\lwjgl-assimp\lwjgl-assimp-natives-macos.jar;D:\IntelliJ\lwjgl\lwjgl-assimp\lwjgl-assimp-natives-windows.jar;D:\IntelliJ\lwjgl\lwjgl-assimp\lwjgl-assimp-natives-linux-arm32.jar;D:\IntelliJ\lwjgl\lwjgl-assimp\lwjgl-assimp-natives-linux-arm64.jar;D:\IntelliJ\lwjgl\lwjgl-assimp\lwjgl-assimp-natives-windows-x86.jar;D:\IntelliJ\lwjgl\lwjgl-bgfx\lwjgl-bgfx.jar;D:\IntelliJ\lwjgl\lwjgl-bgfx\lwjgl-bgfx-javadoc.jar;D:\IntelliJ\lwjgl\lwjgl-bgfx\lwjgl-bgfx-sources.jar;D:\IntelliJ\lwjgl\lwjgl-bgfx\lwjgl-bgfx-natives-linux.jar;D:\IntelliJ\lwjgl\lwjgl-bgfx\lwjgl-bgfx-natives-macos.jar;D:\IntelliJ\lwjgl\lwjgl-bgfx\lwjgl-bgfx-natives-windows.jar;D:\IntelliJ\lwjgl\lwjgl-bgfx\lwjgl-bgfx-natives-linux-arm32.jar;D:\IntelliJ\lwjgl\lwjgl-bgfx\lwjgl-bgfx-natives-linux-arm64.jar;D:\IntelliJ\lwjgl\lwjgl-bgfx\lwjgl-bgfx-natives-windows-x86.jar;D:\IntelliJ\lwjgl\lwjgl-cuda\lwjgl-cuda.jar;D:\IntelliJ\lwjgl\lwjgl-cuda\lwjgl-cuda-javadoc.jar;D:\IntelliJ\lwjgl\lwjgl-cuda\lwjgl-cuda-sources.jar;D:\IntelliJ\lwjgl\lwjgl-egl\lwjgl-egl.jar;D:\IntelliJ\lwjgl\lwjgl-egl\lwjgl-egl-javadoc.jar;D:\IntelliJ\lwjgl\lwjgl-egl\lwjgl-egl-sources.jar;D:\IntelliJ\lwjgl\lwjgl-glfw\lwjgl-glfw.jar;D:\IntelliJ\lwjgl\lwjgl-glfw\lwjgl-glfw-javadoc.jar;D:\IntelliJ\lwjgl\lwjgl-glfw\lwjgl-g
Launcher Type: SUN_STANDARD

[Global flags]
     intx CICompilerCount                          = 4                                         {product} {ergonomic}
     uint ConcGCThreads                            = 2                                         {product} {ergonomic}
     uint G1ConcRefinementThreads                  = 8                                         {product} {ergonomic}
   size_t G1HeapRegionSize                         = 1048576                                   {product} {ergonomic}
    uintx GCDrainStackTargetSize                   = 64                                        {product} {ergonomic}
   size_t InitialHeapSize                          = 134217728                                 {product} {ergonomic}
   size_t MarkStackSize                            = 4194304                                   {product} {ergonomic}
   size_t MaxHeapSize                              = 2118123520                                {product} {ergonomic}
   size_t MaxNewSize                               = 1270874112                                {product} {ergonomic}
   size_t MinHeapDeltaBytes                        = 1048576                                   {product} {ergonomic}
    uintx NonNMethodCodeHeapSize                   = 5836300                                {pd product} {ergonomic}
    uintx NonProfiledCodeHeapSize                  = 122910970                              {pd product} {ergonomic}
    uintx ProfiledCodeHeapSize                     = 122910970                              {pd product} {ergonomic}
    uintx ReservedCodeCacheSize                    = 251658240                              {pd product} {ergonomic}
     bool SegmentedCodeCache                       = true                                      {product} {ergonomic}
     bool UseCompressedClassPointers               = true                                 {lp64_product} {ergonomic}
     bool UseCompressedOops                        = true                                 {lp64_product} {ergonomic}
     bool UseG1GC                                  = true                                      {product} {ergonomic}
     bool UseLargePagesIndividualAllocation        = false                                  {pd product} {ergonomic}

Logging:
Log output configuration:
 #0: stdout all=warning uptime,level,tags
 #1: stderr all=off uptime,level,tags

Environment Variables:
PATH=C:\WINDOWS\system32;C:\WINDOWS;C:\WINDOWS\System32\Wbem;C:\WINDOWS\System32\WindowsPowerShell\v1.0\;C:\WINDOWS\System32\OpenSSH\;C:\Program Files (x86)\IncrediBuild;C:\Program Files\NVIDIA Corporation\NVIDIA NvDLISR;C:\Program Files (x86)\NVIDIA Corporation\PhysX\Common;C:\Program Files\Git\cmd;C:\Users\XIAOMi\AppData\Local\Microsoft\WindowsApps;
USERNAME=XIAOMi
OS=Windows_NT
PROCESSOR_IDENTIFIER=Intel64 Family 6 Model 142 Stepping 10, GenuineIntel



---------------  S Y S T E M  ---------------

OS: Windows 10 , 64 bit Build 17763 (10.0.17763.1158)

CPU:total 8 (initial active 8) (4 cores per cpu, 2 threads per core) family 6 model 142 stepping 10, cmov, cx8, fxsr, mmx, sse, sse2, sse3, ssse3, sse4.1, sse4.2, popcnt, avx, avx2, aes, clmul, erms, 3dnowpref, lzcnt, ht, tsc, tscinvbit, bmi1, bmi2, adx, fma

Memory: 4k page, system-wide physical 8076M (1419M free)
TotalPageFile size 19737M (AvailPageFile size 1616M)
current process WorkingSet (physical memory assigned to process): 483M, peak: 528M
current process commit charge ("private bytes"): 515M, peak: 537M

vm_info: OpenJDK 64-Bit Server VM (11.0.5+10-b520.30) for windows-amd64 JRE (11.0.5+10-b520.30), built on Dec 24 2019 12:06:09 by "" with MS VC++ 14.0 (VS2015)

END.
