#
# A fatal error has been detected by the Java Runtime Environment:
#
#  EXCEPTION_ACCESS_VIOLATION (0xc0000005) at pc=0x00007ffc4d5dd88d, pid=14472, tid=16004
#
# JRE version: OpenJDK Runtime Environment (11.0.5+10) (build 11.0.5+10-b520.30)
# Java VM: OpenJDK 64-Bit Server VM (11.0.5+10-b520.30, mixed mode, sharing, tiered, compressed oops, g1 gc, windows-amd64)
# Problematic frame:
# C  0x00007ffc4d5dd88d
#
# No core dump will be written. Minidumps are not enabled by default on client versions of Windows
#
# If you would like to submit a bug report, please visit:
#   http://bugreport.java.com/bugreport/crash.jsp
# The crash happened outside the Java Virtual Machine in native code.
# See problematic frame for where to report the bug.
#

---------------  S U M M A R Y ------------

Command Line: -javaagent:D:\IntelliJ\IntelliJ IDEA Community Edition 2019.3.2\lib\idea_rt.jar=56628:D:\IntelliJ\IntelliJ IDEA Community Edition 2019.3.2\bin -Dfile.encoding=UTF-8 com.falconfly.menu.MainMenu

Host: Intel(R) Core(TM) i5-8250U CPU @ 1.60GHz, 8 cores, 7G,  Windows 10 , 64 bit Build 17763 (10.0.17763.1158)
Time: Sun May 31 21:34:32 2020 Aaea?onu (ceia) elapsed time: 28 seconds (0d 0h 0m 28s)

---------------  T H R E A D  ---------------

Current thread (0x0000024628b7e800):  JavaThread "JavaFX Application Thread" [_thread_in_native, id=16004, stack(0x000000d73f600000,0x000000d73f700000)]

Stack: [0x000000d73f600000,0x000000d73f700000],  sp=0x000000d73f6f7460,  free space=989k
Native frames: (J=compiled Java code, j=interpreted, Vv=VM code, C=native code)
C  0x00007ffc4d5dd88d

Java frames: (J=compiled Java code, j=interpreted, Vv=VM code)
J 3373  org.lwjgl.system.JNI.invokePV(JJ)V (0 bytes) @ 0x0000024618699394 [0x0000024618699340+0x0000000000000054]
j  org.lwjgl.glfw.GLFW.glfwDestroyWindow(J)V+6
j  com.falconfly.menu.style.MainDeath.handleExit(Ljavafx/event/ActionEvent;)V+28
j  com.falconfly.menu.style.MainDeath$$Lambda$299.handle(Ljavafx/event/Event;)V+8
j  com.sun.javafx.event.CompositeEventHandler.dispatchBubblingEvent(Ljavafx/event/Event;)V+51 javafx.base@11.0.5
J 4194 c1 com.sun.javafx.event.EventHandlerManager.dispatchBubblingEvent(Ljavafx/event/Event;)Ljavafx/event/Event; javafx.base@11.0.5 (23 bytes) @ 0x000002461183e934 [0x000002461183e2c0+0x0000000000000674]
J 4210 c1 com.sun.javafx.event.CompositeEventDispatcher.dispatchBubblingEvent(Ljavafx/event/Event;)Ljavafx/event/Event; javafx.base@11.0.5 (35 bytes) @ 0x000002461184b774 [0x000002461184b580+0x00000000000001f4]
J 3972 c1 com.sun.javafx.event.BasicEventDispatcher.dispatchEvent(Ljavafx/event/Event;Ljavafx/event/EventDispatchChain;)Ljavafx/event/Event; javafx.base@11.0.5 (44 bytes) @ 0x000002461179918c [0x0000024611798e00+0x000000000000038c]
J 3674 c1 com.sun.javafx.event.EventDispatchChainImpl.dispatchEvent(Ljavafx/event/Event;)Ljavafx/event/Event; javafx.base@11.0.5 (101 bytes) @ 0x000002461170523c [0x0000024611705060+0x00000000000001dc]
J 3972 c1 com.sun.javafx.event.BasicEventDispatcher.dispatchEvent(Ljavafx/event/Event;Ljavafx/event/EventDispatchChain;)Ljavafx/event/Event; javafx.base@11.0.5 (44 bytes) @ 0x0000024611799094 [0x0000024611798e00+0x0000000000000294]
J 3674 c1 com.sun.javafx.event.EventDispatchChainImpl.dispatchEvent(Ljavafx/event/Event;)Ljavafx/event/Event; javafx.base@11.0.5 (101 bytes) @ 0x000002461170523c [0x0000024611705060+0x00000000000001dc]
J 3972 c1 com.sun.javafx.event.BasicEventDispatcher.dispatchEvent(Ljavafx/event/Event;Ljavafx/event/EventDispatchChain;)Ljavafx/event/Event; javafx.base@11.0.5 (44 bytes) @ 0x0000024611799094 [0x0000024611798e00+0x0000000000000294]
J 3674 c1 com.sun.javafx.event.EventDispatchChainImpl.dispatchEvent(Ljavafx/event/Event;)Ljavafx/event/Event; javafx.base@11.0.5 (101 bytes) @ 0x000002461170523c [0x0000024611705060+0x00000000000001dc]
J 4292 c1 com.sun.javafx.event.EventUtil.fireEvent(Ljavafx/event/EventTarget;Ljavafx/event/Event;)Ljavafx/event/Event; javafx.base@11.0.5 (81 bytes) @ 0x000002461186d15c [0x000002461186c5a0+0x0000000000000bbc]
j  javafx.event.Event.fireEvent(Ljavafx/event/EventTarget;Ljavafx/event/Event;)V+30 javafx.base@11.0.5
j  javafx.scene.Node.fireEvent(Ljavafx/event/Event;)V+86 javafx.graphics@11.0.5
j  javafx.scene.control.Button.fire()V+15 javafx.controls@11.0.5
j  com.sun.javafx.scene.control.behavior.ButtonBehavior.mouseReleased(Ljavafx/scene/input/MouseEvent;)V+27 javafx.controls@11.0.5
j  com.sun.javafx.scene.control.behavior.ButtonBehavior$$Lambda$226.handle(Ljavafx/event/Event;)V+8 javafx.controls@11.0.5
j  com.sun.javafx.scene.control.inputmap.InputMap.handle(Ljavafx/event/Event;)V+61 javafx.controls@11.0.5
j  com.sun.javafx.scene.control.inputmap.InputMap$$Lambda$221.handle(Ljavafx/event/Event;)V+5 javafx.controls@11.0.5
j  com.sun.javafx.event.CompositeEventHandler$NormalEventHandlerRecord.handleBubblingEvent(Ljavafx/event/Event;)V+5 javafx.base@11.0.5
j  com.sun.javafx.event.CompositeEventHandler.dispatchBubblingEvent(Ljavafx/event/Event;)V+28 javafx.base@11.0.5
J 4194 c1 com.sun.javafx.event.EventHandlerManager.dispatchBubblingEvent(Ljavafx/event/Event;)Ljavafx/event/Event; javafx.base@11.0.5 (23 bytes) @ 0x000002461183e934 [0x000002461183e2c0+0x0000000000000674]
J 4210 c1 com.sun.javafx.event.CompositeEventDispatcher.dispatchBubblingEvent(Ljavafx/event/Event;)Ljavafx/event/Event; javafx.base@11.0.5 (35 bytes) @ 0x000002461184b774 [0x000002461184b580+0x00000000000001f4]
J 3972 c1 com.sun.javafx.event.BasicEventDispatcher.dispatchEvent(Ljavafx/event/Event;Ljavafx/event/EventDispatchChain;)Ljavafx/event/Event; javafx.base@11.0.5 (44 bytes) @ 0x000002461179918c [0x0000024611798e00+0x000000000000038c]
J 3674 c1 com.sun.javafx.event.EventDispatchChainImpl.dispatchEvent(Ljavafx/event/Event;)Ljavafx/event/Event; javafx.base@11.0.5 (101 bytes) @ 0x000002461170523c [0x0000024611705060+0x00000000000001dc]
J 3972 c1 com.sun.javafx.event.BasicEventDispatcher.dispatchEvent(Ljavafx/event/Event;Ljavafx/event/EventDispatchChain;)Ljavafx/event/Event; javafx.base@11.0.5 (44 bytes) @ 0x0000024611799094 [0x0000024611798e00+0x0000000000000294]
J 3674 c1 com.sun.javafx.event.EventDispatchChainImpl.dispatchEvent(Ljavafx/event/Event;)Ljavafx/event/Event; javafx.base@11.0.5 (101 bytes) @ 0x000002461170523c [0x0000024611705060+0x00000000000001dc]
J 3972 c1 com.sun.javafx.event.BasicEventDispatcher.dispatchEvent(Ljavafx/event/Event;Ljavafx/event/EventDispatchChain;)Ljavafx/event/Event; javafx.base@11.0.5 (44 bytes) @ 0x0000024611799094 [0x0000024611798e00+0x0000000000000294]
J 3674 c1 com.sun.javafx.event.EventDispatchChainImpl.dispatchEvent(Ljavafx/event/Event;)Ljavafx/event/Event; javafx.base@11.0.5 (101 bytes) @ 0x000002461170523c [0x0000024611705060+0x00000000000001dc]
J 4292 c1 com.sun.javafx.event.EventUtil.fireEvent(Ljavafx/event/EventTarget;Ljavafx/event/Event;)Ljavafx/event/Event; javafx.base@11.0.5 (81 bytes) @ 0x000002461186d15c [0x000002461186c5a0+0x0000000000000bbc]
J 2717 c1 javafx.scene.Scene$MouseHandler.process(Ljavafx/scene/input/MouseEvent;Z)V javafx.graphics@11.0.5 (735 bytes) @ 0x00000246114c9454 [0x00000246114c7700+0x0000000000001d54]
J 2716 c1 javafx.scene.Scene$MouseHandler.access$1300(Ljavafx/scene/Scene$MouseHandler;Ljavafx/scene/input/MouseEvent;Z)V javafx.graphics@11.0.5 (7 bytes) @ 0x00000246114c6f14 [0x00000246114c6ec0+0x0000000000000054]
j  javafx.scene.Scene.processMouseEvent(Ljavafx/scene/input/MouseEvent;)V+6 javafx.graphics@11.0.5
j  javafx.scene.Scene$ScenePeerListener.mouseEvent(Ljavafx/event/EventType;DDDDLjavafx/scene/input/MouseButton;ZZZZZZZZZ)V+46 javafx.graphics@11.0.5
j  com.sun.javafx.tk.quantum.GlassViewEventHandler$MouseEventNotification.run()Ljava/lang/Void;+582 javafx.graphics@11.0.5
j  com.sun.javafx.tk.quantum.GlassViewEventHandler$MouseEventNotification.run()Ljava/lang/Object;+1 javafx.graphics@11.0.5
v  ~StubRoutines::call_stub
J 2156  java.security.AccessController.doPrivileged(Ljava/security/PrivilegedAction;Ljava/security/AccessControlContext;)Ljava/lang/Object; java.base@11.0.5 (0 bytes) @ 0x00000246185b5d36 [0x00000246185b5cc0+0x0000000000000076]
j  com.sun.javafx.tk.quantum.GlassViewEventHandler.lambda$handleMouseEvent$2()Ljava/lang/Void;+11 javafx.graphics@11.0.5
j  com.sun.javafx.tk.quantum.GlassViewEventHandler$$Lambda$263.get()Ljava/lang/Object;+4 javafx.graphics@11.0.5
J 4214 c1 com.sun.javafx.tk.quantum.QuantumToolkit.runWithoutRenderLock(Ljava/util/function/Supplier;)Ljava/lang/Object; javafx.graphics@11.0.5 (49 bytes) @ 0x000002461184c794 [0x000002461184c3c0+0x00000000000003d4]
j  com.sun.javafx.tk.quantum.GlassViewEventHandler.handleMouseEvent(Lcom/sun/glass/ui/View;JIIIIIIIZZ)V+103 javafx.graphics@11.0.5
J 4293 c1 com.sun.glass.ui.View.notifyMouse(IIIIIIIZZ)V javafx.graphics@11.0.5 (221 bytes) @ 0x000002461186efd4 [0x000002461186df40+0x0000000000001094]
v  ~StubRoutines::call_stub
j  com.sun.glass.ui.win.WinApplication._enterNestedEventLoopImpl()Ljava/lang/Object;+0 javafx.graphics@11.0.5
j  com.sun.glass.ui.win.WinApplication._enterNestedEventLoop()Ljava/lang/Object;+15 javafx.graphics@11.0.5
j  com.sun.glass.ui.Application.enterNestedEventLoop()Ljava/lang/Object;+14 javafx.graphics@11.0.5
j  com.sun.glass.ui.EventLoop.enter()Ljava/lang/Object;+42 javafx.graphics@11.0.5
j  com.sun.javafx.tk.quantum.QuantumToolkit.enterNestedEventLoop(Ljava/lang/Object;)Ljava/lang/Object;+94 javafx.graphics@11.0.5
j  javafx.stage.Stage.showAndWait()V+93 javafx.graphics@11.0.5
j  com.falconfly.menu.style.MainDeath.display()V+285
j  com.falconfly.game.FalconFly.update(FLcom/falconfly/engine/input/MouseInput;Lcom/falconfly/engine/Engine;)V+44
J 3815 c1 com.falconfly.engine.Engine.update(F)V (16 bytes) @ 0x000002461174f954 [0x000002461174f860+0x00000000000000f4]
j  com.falconfly.engine.Engine.gameLoop()V+50
j  com.falconfly.engine.Engine.run()V+5
j  com.falconfly.engine.main.Main.main([Ljava/lang/String;)V+29
j  com.falconfly.menu.MainMenu.handle(Ljavafx/event/ActionEvent;)V+134
j  com.falconfly.menu.MainMenu$$Lambda$146.handle(Ljavafx/event/Event;)V+8
j  com.sun.javafx.event.CompositeEventHandler.dispatchBubblingEvent(Ljavafx/event/Event;)V+51 javafx.base@11.0.5
J 2685 c1 com.sun.javafx.event.EventHandlerManager.dispatchBubblingEvent(Ljavafx/event/EventType;Ljavafx/event/Event;)Ljavafx/event/Event; javafx.base@11.0.5 (34 bytes) @ 0x00000246114b0e54 [0x00000246114b0900+0x0000000000000554]
j  com.sun.javafx.event.EventHandlerManager.dispatchBubblingEvent(Ljavafx/event/Event;)Ljavafx/event/Event;+8 javafx.base@11.0.5
j  com.sun.javafx.event.CompositeEventDispatcher.dispatchBubblingEvent(Ljavafx/event/Event;)Ljavafx/event/Event;+11 javafx.base@11.0.5
j  com.sun.javafx.event.BasicEventDispatcher.dispatchEvent(Ljavafx/event/Event;Ljavafx/event/EventDispatchChain;)Ljavafx/event/Event;+29 javafx.base@11.0.5
j  com.sun.javafx.event.EventDispatchChainImpl.dispatchEvent(Ljavafx/event/Event;)Ljavafx/event/Event;+69 javafx.base@11.0.5
j  com.sun.javafx.event.BasicEventDispatcher.dispatchEvent(Ljavafx/event/Event;Ljavafx/event/EventDispatchChain;)Ljavafx/event/Event;+17 javafx.base@11.0.5
j  com.sun.javafx.event.EventDispatchChainImpl.dispatchEvent(Ljavafx/event/Event;)Ljavafx/event/Event;+69 javafx.base@11.0.5
j  com.sun.javafx.event.BasicEventDispatcher.dispatchEvent(Ljavafx/event/Event;Ljavafx/event/EventDispatchChain;)Ljavafx/event/Event;+17 javafx.base@11.0.5
j  com.sun.javafx.event.EventDispatchChainImpl.dispatchEvent(Ljavafx/event/Event;)Ljavafx/event/Event;+69 javafx.base@11.0.5
j  com.sun.javafx.event.EventUtil.fireEventImpl(Ljavafx/event/EventDispatchChain;Ljavafx/event/EventTarget;Ljavafx/event/Event;)Ljavafx/event/Event;+10 javafx.base@11.0.5
j  com.sun.javafx.event.EventUtil.fireEvent(Ljavafx/event/EventTarget;Ljavafx/event/Event;)Ljavafx/event/Event;+37 javafx.base@11.0.5
j  javafx.event.Event.fireEvent(Ljavafx/event/EventTarget;Ljavafx/event/Event;)V+30 javafx.base@11.0.5
j  javafx.scene.Node.fireEvent(Ljavafx/event/Event;)V+86 javafx.graphics@11.0.5
j  javafx.scene.control.Button.fire()V+15 javafx.controls@11.0.5
j  com.sun.javafx.scene.control.behavior.ButtonBehavior.mouseReleased(Ljavafx/scene/input/MouseEvent;)V+27 javafx.controls@11.0.5
j  com.sun.javafx.scene.control.behavior.ButtonBehavior$$Lambda$226.handle(Ljavafx/event/Event;)V+8 javafx.controls@11.0.5
j  com.sun.javafx.scene.control.inputmap.InputMap.handle(Ljavafx/event/Event;)V+61 javafx.controls@11.0.5
j  com.sun.javafx.scene.control.inputmap.InputMap$$Lambda$221.handle(Ljavafx/event/Event;)V+5 javafx.controls@11.0.5
j  com.sun.javafx.event.CompositeEventHandler$NormalEventHandlerRecord.handleBubblingEvent(Ljavafx/event/Event;)V+5 javafx.base@11.0.5
j  com.sun.javafx.event.CompositeEventHandler.dispatchBubblingEvent(Ljavafx/event/Event;)V+28 javafx.base@11.0.5
J 2685 c1 com.sun.javafx.event.EventHandlerManager.dispatchBubblingEvent(Ljavafx/event/EventType;Ljavafx/event/Event;)Ljavafx/event/Event; javafx.base@11.0.5 (34 bytes) @ 0x00000246114b0e54 [0x00000246114b0900+0x0000000000000554]
j  com.sun.javafx.event.EventHandlerManager.dispatchBubblingEvent(Ljavafx/event/Event;)Ljavafx/event/Event;+8 javafx.base@11.0.5
j  com.sun.javafx.event.CompositeEventDispatcher.dispatchBubblingEvent(Ljavafx/event/Event;)Ljavafx/event/Event;+11 javafx.base@11.0.5
j  com.sun.javafx.event.BasicEventDispatcher.dispatchEvent(Ljavafx/event/Event;Ljavafx/event/EventDispatchChain;)Ljavafx/event/Event;+29 javafx.base@11.0.5
j  com.sun.javafx.event.EventDispatchChainImpl.dispatchEvent(Ljavafx/event/Event;)Ljavafx/event/Event;+69 javafx.base@11.0.5
j  com.sun.javafx.event.BasicEventDispatcher.dispatchEvent(Ljavafx/event/Event;Ljavafx/event/EventDispatchChain;)Ljavafx/event/Event;+17 javafx.base@11.0.5
j  com.sun.javafx.event.EventDispatchChainImpl.dispatchEvent(Ljavafx/event/Event;)Ljavafx/event/Event;+69 javafx.base@11.0.5
j  com.sun.javafx.event.BasicEventDispatcher.dispatchEvent(Ljavafx/event/Event;Ljavafx/event/EventDispatchChain;)Ljavafx/event/Event;+17 javafx.base@11.0.5
j  com.sun.javafx.event.EventDispatchChainImpl.dispatchEvent(Ljavafx/event/Event;)Ljavafx/event/Event;+69 javafx.base@11.0.5
j  com.sun.javafx.event.EventUtil.fireEventImpl(Ljavafx/event/EventDispatchChain;Ljavafx/event/EventTarget;Ljavafx/event/Event;)Ljavafx/event/Event;+10 javafx.base@11.0.5
j  com.sun.javafx.event.EventUtil.fireEvent(Ljavafx/event/EventTarget;Ljavafx/event/Event;)Ljavafx/event/Event;+46 javafx.base@11.0.5
J 2717 c1 javafx.scene.Scene$MouseHandler.process(Ljavafx/scene/input/MouseEvent;Z)V javafx.graphics@11.0.5 (735 bytes) @ 0x00000246114c9454 [0x00000246114c7700+0x0000000000001d54]
J 2716 c1 javafx.scene.Scene$MouseHandler.access$1300(Ljavafx/scene/Scene$MouseHandler;Ljavafx/scene/input/MouseEvent;Z)V javafx.graphics@11.0.5 (7 bytes) @ 0x00000246114c6f14 [0x00000246114c6ec0+0x0000000000000054]
j  javafx.scene.Scene.processMouseEvent(Ljavafx/scene/input/MouseEvent;)V+6 javafx.graphics@11.0.5
j  javafx.scene.Scene$ScenePeerListener.mouseEvent(Ljavafx/event/EventType;DDDDLjavafx/scene/input/MouseButton;ZZZZZZZZZ)V+46 javafx.graphics@11.0.5
j  com.sun.javafx.tk.quantum.GlassViewEventHandler$MouseEventNotification.run()Ljava/lang/Void;+582 javafx.graphics@11.0.5
j  com.sun.javafx.tk.quantum.GlassViewEventHandler$MouseEventNotification.run()Ljava/lang/Object;+1 javafx.graphics@11.0.5
v  ~StubRoutines::call_stub
J 2156  java.security.AccessController.doPrivileged(Ljava/security/PrivilegedAction;Ljava/security/AccessControlContext;)Ljava/lang/Object; java.base@11.0.5 (0 bytes) @ 0x00000246185b5d36 [0x00000246185b5cc0+0x0000000000000076]
j  com.sun.javafx.tk.quantum.GlassViewEventHandler.lambda$handleMouseEvent$2()Ljava/lang/Void;+11 javafx.graphics@11.0.5
j  com.sun.javafx.tk.quantum.GlassViewEventHandler$$Lambda$263.get()Ljava/lang/Object;+4 javafx.graphics@11.0.5
j  com.sun.javafx.tk.quantum.QuantumToolkit.runWithoutRenderLock(Ljava/util/function/Supplier;)Ljava/lang/Object;+18 javafx.graphics@11.0.5
j  com.sun.javafx.tk.quantum.GlassViewEventHandler.handleMouseEvent(Lcom/sun/glass/ui/View;JIIIIIIIZZ)V+103 javafx.graphics@11.0.5
j  com.sun.glass.ui.View.handleMouseEvent(JIIIIIIIZZ)V+30 javafx.graphics@11.0.5
j  com.sun.glass.ui.View.notifyMouse(IIIIIIIZZ)V+181 javafx.graphics@11.0.5
v  ~StubRoutines::call_stub
j  com.sun.glass.ui.win.WinApplication._runLoop(Ljava/lang/Runnable;)V+0 javafx.graphics@11.0.5
j  com.sun.glass.ui.win.WinApplication.lambda$runLoop$3(ILjava/lang/Runnable;)V+8 javafx.graphics@11.0.5
j  com.sun.glass.ui.win.WinApplication$$Lambda$60.run()V+12 javafx.graphics@11.0.5
j  java.lang.Thread.run()V+11 java.base@11.0.5
v  ~StubRoutines::call_stub

siginfo: EXCEPTION_ACCESS_VIOLATION (0xc0000005), reading address 0xffffffffffffffff


Register to memory mapping:

RIP=0x00007ffc4d5dd88d points into unknown readable memory: 48 39 48
RAX=0x40309937e119688a is an unknown value
RBX=0x00000246311ab010 points into unknown readable memory: 00 00 00 00 00 00 00 00
RCX=0x00000246311ab010 points into unknown readable memory: 00 00 00 00 00 00 00 00
RDX=0x000000d73f6f7540 is pointing into the stack for thread: 0x0000024628b7e800
RSP=0x000000d73f6f7460 is pointing into the stack for thread: 0x0000024628b7e800
RBP=0x000000d73f6f7550 is pointing into the stack for thread: 0x0000024628b7e800
RSI=0x000002463403f238 is pointing into metadata
RDI=0x000002463403f238 is pointing into metadata
R8 =0x00000246311ab010 points into unknown readable memory: 00 00 00 00 00 00 00 00
R9 =0x00007ffc4d5d63e0 points into unknown readable memory: 40 53 48 83 ec 20 83 3d
R10=0x00007ffc53b71b10 points into unknown readable memory: 49 8b c8 49 ff e1 cc cc
R11=0x0000024618699368 is at entry_point+40 in (nmethod*)0x0000024618699190
R12=0x0 is NULL
R13=0x000000d73f6f7568 is pointing into the stack for thread: 0x0000024628b7e800
R14=0x000000d73f6f7540 is pointing into the stack for thread: 0x0000024628b7e800
R15=0x0000024628b7e800 is a thread


Registers:
RAX=0x40309937e119688a, RBX=0x00000246311ab010, RCX=0x00000246311ab010, RDX=0x000000d73f6f7540
RSP=0x000000d73f6f7460, RBP=0x000000d73f6f7550, RSI=0x000002463403f238, RDI=0x000002463403f238
R8 =0x00000246311ab010, R9 =0x00007ffc4d5d63e0, R10=0x00007ffc53b71b10, R11=0x0000024618699368
R12=0x0000000000000000, R13=0x000000d73f6f7568, R14=0x000000d73f6f7540, R15=0x0000024628b7e800
RIP=0x00007ffc4d5dd88d, EFLAGS=0x0000000000010206

Top of Stack: (sp=0x000000d73f6f7460)
0x000000d73f6f7460:   00000246109f9e73 000000008518dab0
0x000000d73f6f7470:   000000d73f6f7470 000002462773a188
0x000000d73f6f7480:   00000246311ab010 00007ffc4d5daf09
0x000000d73f6f7490:   0000024634150428 000000008591a2e0
0x000000d73f6f74a0:   000002462773a1b8 0000000000000000
0x000000d73f6f74b0:   000002463403f238 00007ffc4d5d6470
0x000000d73f6f74c0:   00000246311ab010 0000000000000000
0x000000d73f6f74d0:   000000008518dab0 000000d73f6f74d8
0x000000d73f6f74e0:   000002463531ba00 0000024618699434
0x000000d73f6f74f0:   0000024627987548 0000000000000000
0x000000d73f6f7500:   00000000858ae8e0 0000024627976cb0
0x000000d73f6f7510:   0000000000000000 000000d73f6f7530
0x000000d73f6f7520:   000000d73f6f7588 00000246109f9e73
0x000000d73f6f7530:   0000000000000000 0000000085102ad8
0x000000d73f6f7540:   0000000081d665c8 0000024627976f52
0x000000d73f6f7550:   000000d73f6f75d0 00000246109f9e73 

Instructions: (pc=0x00007ffc4d5dd88d)
0x00007ffc4d5dd78d:   00 00 48 8b cb 48 8d 54 24 20 e8 64 14 00 00 85
0x00007ffc4d5dd79d:   c0 75 78 33 c0 48 8b 9c 24 10 04 00 00 48 8b 8d
0x00007ffc4d5dd7ad:   f0 02 00 00 48 33 cc e8 d7 3f 00 00 48 8b bc 24
0x00007ffc4d5dd7bd:   20 04 00 00 48 81 c4 00 04 00 00 5d c3 3d 02 60
0x00007ffc4d5dd7cd:   03 00 75 1f e8 3a 2b 00 00 85 c0 74 c6 4c 8d 85
0x00007ffc4d5dd7dd:   a0 02 00 00 48 8b cb 48 8d 54 24 20 e8 52 26 00
0x00007ffc4d5dd7ed:   00 eb ac 3d 03 60 03 00 75 25 e8 d4 39 00 00 85
0x00007ffc4d5dd7fd:   c0 74 a0 4c 8d 85 a0 02 00 00 48 8b cb 48 8d 54
0x00007ffc4d5dd80d:   24 20 e8 8c 37 00 00 85 c0 74 88 8b 4c 24 20 85
0x00007ffc4d5dd81d:   c9 74 1e 48 8d 54 24 20 48 8b cb e8 f3 3b ff ff
0x00007ffc4d5dd82d:   85 c0 75 0d 48 8b cb e8 a7 8b ff ff e9 62 ff ff
0x00007ffc4d5dd83d:   ff 48 8b c3 e9 5c ff ff ff cc cc cc cc cc cc cc
0x00007ffc4d5dd84d:   cc cc cc 48 83 ec 28 83 3d 95 a2 04 00 00 75 13
0x00007ffc4d5dd85d:   33 d2 b9 01 00 01 00 e8 f7 43 ff ff 33 c0 48 83
0x00007ffc4d5dd86d:   c4 28 c3 48 8b 81 48 03 00 00 48 83 c4 28 c3 cc
0x00007ffc4d5dd87d:   cc cc cc 40 53 48 83 ec 20 48 8b 41 40 48 8b d9
0x00007ffc4d5dd88d:   48 39 48 18 75 56 83 2d a2 b1 04 00 01 75 34 b9
0x00007ffc4d5dd89d:   00 00 00 80 ff 15 11 b8 01 00 45 33 c0 41 8d 50
0x00007ffc4d5dd8ad:   01 8d 4a 04 e8 2a 9e ff ff 85 c0 74 16 8b 15 3c
0x00007ffc4d5dd8bd:   bf 04 00 45 33 c9 45 33 c0 41 8d 49 5d ff 15 68
0x00007ffc4d5dd8cd:   bc 01 00 48 8b 4b 40 33 d2 e8 f5 78 ff ff 48 8b
0x00007ffc4d5dd8dd:   4b 40 48 83 c4 20 5b e9 67 cb ff ff 48 83 c4 20
0x00007ffc4d5dd8ed:   5b c3 cc 40 53 48 83 ec 40 48 8b 05 2b 98 04 00
0x00007ffc4d5dd8fd:   48 33 c4 48 89 44 24 30 48 8b d9 48 85 c9 74 3b
0x00007ffc4d5dd90d:   48 8b 89 48 03 00 00 48 8d 54 24 20 ff 15 91 ba
0x00007ffc4d5dd91d:   01 00 48 8b 8b 48 03 00 00 48 8d 54 24 20 ff 15
0x00007ffc4d5dd92d:   4f ba 01 00 48 8b 8b 48 03 00 00 48 8d 54 24 28
0x00007ffc4d5dd93d:   ff 15 3d ba 01 00 48 8d 4c 24 20 ff 15 f2 b9 01
0x00007ffc4d5dd94d:   00 48 8b 4c 24 30 48 33 cc e8 35 3e 00 00 48 83
0x00007ffc4d5dd95d:   c4 40 5b c3 cc cc cc cc cc cc cc cc cc cc cc cc
0x00007ffc4d5dd96d:   cc cc cc 48 83 ec 28 81 79 74 01 40 03 00 75 33
0x00007ffc4d5dd97d:   48 8b 49 48 48 85 c9 74 0f 48 8b 49 08 48 83 c4 


Stack slot to memory mapping:
stack at sp + 0 slots: 0x00000246109f9e73 is at code_begin+2355 in an Interpreter codelet
invoke return entry points  [0x00000246109f9540, 0x00000246109f9f60]  2592 bytes
stack at sp + 1 slots: 0x000000008518dab0 is an oop: javafx.stage.Window$12 
{0x000000008518dab0} - klass: 'javafx/stage/Window$12'
stack at sp + 2 slots: 0x000000d73f6f7470 is pointing into the stack for thread: 0x0000024628b7e800
stack at sp + 3 slots: 0x000002462773a188 is pointing into metadata
stack at sp + 4 slots: 0x00000246311ab010 points into unknown readable memory: 00 00 00 00 00 00 00 00
stack at sp + 5 slots: 0x00007ffc4d5daf09 points into unknown readable memory: 48 8b 83 68 02 00 00
stack at sp + 6 slots: 0x0000024634150428 is pointing into metadata
stack at sp + 7 slots: 0x000000008591a2e0 points into unknown readable memory: 11 65 36 42 71 00 00 00


---------------  P R O C E S S  ---------------

Threads class SMR info:
_java_thread_list=0x0000024630f826f0, length=24, elements={
0x000002460c946000, 0x00000246272a5000, 0x00000246272a9000, 0x00000246272c2800,
0x00000246272c3800, 0x00000246272c5800, 0x00000246272cb800, 0x00000246272dd000,
0x000002462728a000, 0x0000024628188000, 0x0000024628ad7000, 0x00000246286c0000,
0x0000024628ddc000, 0x0000024628b7e800, 0x000002462902a800, 0x0000024628c00800,
0x0000024629012800, 0x000002462900f000, 0x00000246290da000, 0x00000246290db000,
0x00000246290dd800, 0x00000246290de000, 0x00000246290db800, 0x00000246290df000
}

Java Threads: ( => current thread )
  0x000002460c946000 JavaThread "main" [_thread_blocked, id=17208, stack(0x000000d73e100000,0x000000d73e200000)]
  0x00000246272a5000 JavaThread "Reference Handler" daemon [_thread_blocked, id=16436, stack(0x000000d73e800000,0x000000d73e900000)]
  0x00000246272a9000 JavaThread "Finalizer" daemon [_thread_blocked, id=2192, stack(0x000000d73e900000,0x000000d73ea00000)]
  0x00000246272c2800 JavaThread "Signal Dispatcher" daemon [_thread_blocked, id=18176, stack(0x000000d73ea00000,0x000000d73eb00000)]
  0x00000246272c3800 JavaThread "Attach Listener" daemon [_thread_blocked, id=84, stack(0x000000d73eb00000,0x000000d73ec00000)]
  0x00000246272c5800 JavaThread "C2 CompilerThread0" daemon [_thread_blocked, id=12392, stack(0x000000d73ec00000,0x000000d73ed00000)]
  0x00000246272cb800 JavaThread "C1 CompilerThread0" daemon [_thread_blocked, id=15284, stack(0x000000d73ed00000,0x000000d73ee00000)]
  0x00000246272dd000 JavaThread "Sweeper thread" daemon [_thread_blocked, id=1408, stack(0x000000d73ee00000,0x000000d73ef00000)]
  0x000002462728a000 JavaThread "Common-Cleaner" daemon [_thread_blocked, id=1124, stack(0x000000d73ef00000,0x000000d73f000000)]
  0x0000024628188000 JavaThread "Monitor Ctrl-Break" daemon [_thread_in_native, id=15440, stack(0x000000d73f100000,0x000000d73f200000)]
  0x0000024628ad7000 JavaThread "Service Thread" daemon [_thread_blocked, id=17604, stack(0x000000d73f200000,0x000000d73f300000)]
  0x00000246286c0000 JavaThread "QuantumRenderer-0" daemon [_thread_blocked, id=21316, stack(0x000000d73f400000,0x000000d73f500000)]
  0x0000024628ddc000 JavaThread "InvokeLaterDispatcher" daemon [_thread_blocked, id=21408, stack(0x000000d73f500000,0x000000d73f600000)]
=>0x0000024628b7e800 JavaThread "JavaFX Application Thread" [_thread_in_native, id=16004, stack(0x000000d73f600000,0x000000d73f700000)]
  0x000002462902a800 JavaThread "Thread-1" daemon [_thread_in_native, id=3204, stack(0x000000d73fd00000,0x000000d73fe00000)]
  0x0000024628c00800 JavaThread "JavaFX-Launcher" [_thread_blocked, id=16424, stack(0x000000d73fe00000,0x000000d73ff00000)]
  0x0000024629012800 JavaThread "Java2D Disposer" daemon [_thread_blocked, id=16352, stack(0x000000d73ff00000,0x000000d740000000)]
  0x000002462900f000 JavaThread "AWT-Windows" daemon [_thread_in_native, id=2652, stack(0x000000d740100000,0x000000d740200000)]
  0x00000246290da000 JavaThread "JFXMedia Player EventQueueThread" daemon [_thread_blocked, id=20948, stack(0x000000d740500000,0x000000d740600000)]
  0x00000246290db000 JavaThread "Prism Font Disposer" daemon [_thread_blocked, id=12424, stack(0x000000d740000000,0x000000d740100000)]
  0x00000246290dd800 JavaThread "Media Resource Disposer" daemon [_thread_blocked, id=11008, stack(0x000000d740d00000,0x000000d740e00000)]
  0x00000246290de000 JavaThread "JFXMedia Player EventQueueThread" daemon [_thread_blocked, id=1736, stack(0x000000d741300000,0x000000d741400000)]
  0x00000246290db800 JavaThread "Timer-1" daemon [_thread_blocked, id=17264, stack(0x000000d741c00000,0x000000d741d00000)]
  0x00000246290df000 JavaThread "Cleaner-0" daemon [_thread_blocked, id=3036, stack(0x000000d741900000,0x000000d741a00000)]

Other Threads:
  0x00000246272a3000 VMThread "VM Thread" [stack: 0x000000d73e700000,0x000000d73e800000] [id=5856]
  0x0000024628ad7800 WatcherThread [stack: 0x000000d73f300000,0x000000d73f400000] [id=10644]
  0x000002460c95f000 GCTaskThread "GC Thread#0" [stack: 0x000000d73e200000,0x000000d73e300000] [id=13808]
  0x0000024628f72000 GCTaskThread "GC Thread#1" [stack: 0x000000d73fa00000,0x000000d73fb00000] [id=1040]
  0x0000024628f78000 GCTaskThread "GC Thread#2" [stack: 0x000000d73fb00000,0x000000d73fc00000] [id=17276]
  0x0000024628f81000 GCTaskThread "GC Thread#3" [stack: 0x000000d73fc00000,0x000000d73fd00000] [id=6804]
  0x0000024630dc7000 GCTaskThread "GC Thread#4" [stack: 0x000000d740e00000,0x000000d740f00000] [id=3784]
  0x0000024629368800 GCTaskThread "GC Thread#5" [stack: 0x000000d740f00000,0x000000d741000000] [id=4472]
  0x00000246297cb000 GCTaskThread "GC Thread#6" [stack: 0x000000d741000000,0x000000d741100000] [id=12852]
  0x00000246297cc000 GCTaskThread "GC Thread#7" [stack: 0x000000d741100000,0x000000d741200000] [id=14652]
  0x000002460c990000 ConcurrentGCThread "G1 Main Marker" [stack: 0x000000d73e300000,0x000000d73e400000] [id=13180]
  0x000002460c991800 ConcurrentGCThread "G1 Conc#0" [stack: 0x000000d73e400000,0x000000d73e500000] [id=14600]
  0x00000246292cd800 ConcurrentGCThread "G1 Conc#1" [stack: 0x000000d741200000,0x000000d741300000] [id=8988]
  0x0000024627135800 ConcurrentGCThread "G1 Refine#0" [stack: 0x000000d73e500000,0x000000d73e600000] [id=8876]
  0x0000024627136800 ConcurrentGCThread "G1 Young RemSet Sampling" [stack: 0x000000d73e600000,0x000000d73e700000] [id=11252]

Threads with active compile tasks:

VM state:not at safepoint (normal execution)

VM Mutex/Monitor currently owned by a thread: None

Heap address: 0x0000000081c00000, size: 2020 MB, Compressed Oops mode: 32-bit
Narrow klass base: 0x0000000800000000, Narrow klass shift: 3
Compressed class space size: 1073741824 Address: 0x0000000840000000

Heap:
 garbage-first heap   total 157696K, used 134036K [0x0000000081c00000, 0x0000000100000000)
  region size 1024K, 89 young (91136K), 1 survivors (1024K)
 Metaspace       used 23557K, capacity 24321K, committed 24448K, reserved 1071104K
  class space    used 2335K, capacity 2640K, committed 2688K, reserved 1048576K
Heap Regions: E=young(eden), S=young(survivor), O=old, HS=humongous(starts), HC=humongous(continues), CS=collection set, F=free, A=archive, TAMS=top-at-mark-start (previous, next)
|   0|0x0000000081c00000, 0x0000000081d00000, 0x0000000081d00000|100%| O|  |TAMS 0x0000000081d00000, 0x0000000081c00000| Untracked 
|   1|0x0000000081d00000, 0x0000000081e00000, 0x0000000081e00000|100%| O|  |TAMS 0x0000000081d00000, 0x0000000081d00000| Untracked 
|   2|0x0000000081e00000, 0x0000000081e2b400, 0x0000000081f00000| 16%| O|  |TAMS 0x0000000081e00000, 0x0000000081e00000| Untracked 
|   3|0x0000000081f00000, 0x0000000082000000, 0x0000000082000000|100%|HS|  |TAMS 0x0000000081f00000, 0x0000000081f00000| Complete 
|   4|0x0000000082000000, 0x0000000082100000, 0x0000000082100000|100%|HC|  |TAMS 0x0000000082000000, 0x0000000082000000| Complete 
|   5|0x0000000082100000, 0x0000000082100000, 0x0000000082200000|  0%| F|  |TAMS 0x0000000082100000, 0x0000000082100000| Untracked 
|   6|0x0000000082200000, 0x0000000082200000, 0x0000000082300000|  0%| F|  |TAMS 0x0000000082200000, 0x0000000082200000| Untracked 
|   7|0x0000000082300000, 0x0000000082300000, 0x0000000082400000|  0%| F|  |TAMS 0x0000000082300000, 0x0000000082300000| Untracked 
|   8|0x0000000082400000, 0x0000000082400000, 0x0000000082500000|  0%| F|  |TAMS 0x0000000082400000, 0x0000000082400000| Untracked 
|   9|0x0000000082500000, 0x0000000082600000, 0x0000000082600000|100%|HS|  |TAMS 0x0000000082600000, 0x0000000082500000| Complete 
|  10|0x0000000082600000, 0x0000000082700000, 0x0000000082700000|100%|HC|  |TAMS 0x0000000082700000, 0x0000000082600000| Complete 
|  11|0x0000000082700000, 0x0000000082800000, 0x0000000082800000|100%|HC|  |TAMS 0x0000000082800000, 0x0000000082700000| Complete 
|  12|0x0000000082800000, 0x0000000082900000, 0x0000000082900000|100%|HC|  |TAMS 0x0000000082900000, 0x0000000082800000| Complete 
|  13|0x0000000082900000, 0x0000000082a00000, 0x0000000082a00000|100%|HC|  |TAMS 0x0000000082a00000, 0x0000000082900000| Complete 
|  14|0x0000000082a00000, 0x0000000082b00000, 0x0000000082b00000|100%|HC|  |TAMS 0x0000000082b00000, 0x0000000082a00000| Complete 
|  15|0x0000000082b00000, 0x0000000082c00000, 0x0000000082c00000|100%|HS|  |TAMS 0x0000000082c00000, 0x0000000082b00000| Complete 
|  16|0x0000000082c00000, 0x0000000082d00000, 0x0000000082d00000|100%|HC|  |TAMS 0x0000000082d00000, 0x0000000082c00000| Complete 
|  17|0x0000000082d00000, 0x0000000082e00000, 0x0000000082e00000|100%|HC|  |TAMS 0x0000000082e00000, 0x0000000082d00000| Complete 
|  18|0x0000000082e00000, 0x0000000082f00000, 0x0000000082f00000|100%|HC|  |TAMS 0x0000000082f00000, 0x0000000082e00000| Complete 
|  19|0x0000000082f00000, 0x0000000083000000, 0x0000000083000000|100%|HC|  |TAMS 0x0000000083000000, 0x0000000082f00000| Complete 
|  20|0x0000000083000000, 0x0000000083100000, 0x0000000083100000|100%|HC|  |TAMS 0x0000000083100000, 0x0000000083000000| Complete 
|  21|0x0000000083100000, 0x0000000083200000, 0x0000000083200000|100%|HC|  |TAMS 0x0000000083200000, 0x0000000083100000| Complete 
|  22|0x0000000083200000, 0x0000000083300000, 0x0000000083300000|100%|HC|  |TAMS 0x0000000083300000, 0x0000000083200000| Complete 
|  23|0x0000000083300000, 0x0000000083400000, 0x0000000083400000|100%|HS|  |TAMS 0x0000000083400000, 0x0000000083300000| Complete 
|  24|0x0000000083400000, 0x0000000083500000, 0x0000000083500000|100%|HC|  |TAMS 0x0000000083500000, 0x0000000083400000| Complete 
|  25|0x0000000083500000, 0x0000000083600000, 0x0000000083600000|100%|HC|  |TAMS 0x0000000083600000, 0x0000000083500000| Complete 
|  26|0x0000000083600000, 0x0000000083700000, 0x0000000083700000|100%|HC|  |TAMS 0x0000000083700000, 0x0000000083600000| Complete 
|  27|0x0000000083700000, 0x0000000083800000, 0x0000000083800000|100%|HC|  |TAMS 0x0000000083800000, 0x0000000083700000| Complete 
|  28|0x0000000083800000, 0x0000000083900000, 0x0000000083900000|100%|HC|  |TAMS 0x0000000083900000, 0x0000000083800000| Complete 
|  29|0x0000000083900000, 0x0000000083a00000, 0x0000000083a00000|100%|HC|  |TAMS 0x0000000083a00000, 0x0000000083900000| Complete 
|  30|0x0000000083a00000, 0x0000000083b00000, 0x0000000083b00000|100%|HC|  |TAMS 0x0000000083b00000, 0x0000000083a00000| Complete 
|  31|0x0000000083b00000, 0x0000000083c00000, 0x0000000083c00000|100%|HS|  |TAMS 0x0000000083c00000, 0x0000000083b00000| Complete 
|  32|0x0000000083c00000, 0x0000000083d00000, 0x0000000083d00000|100%|HC|  |TAMS 0x0000000083d00000, 0x0000000083c00000| Complete 
|  33|0x0000000083d00000, 0x0000000083e00000, 0x0000000083e00000|100%|HS|  |TAMS 0x0000000083e00000, 0x0000000083d00000| Complete 
|  34|0x0000000083e00000, 0x0000000083f00000, 0x0000000083f00000|100%|HC|  |TAMS 0x0000000083f00000, 0x0000000083e00000| Complete 
|  35|0x0000000083f00000, 0x0000000084000000, 0x0000000084000000|100%|HS|  |TAMS 0x0000000084000000, 0x0000000083f00000| Complete 
|  36|0x0000000084000000, 0x0000000084100000, 0x0000000084100000|100%|HC|  |TAMS 0x0000000084100000, 0x0000000084000000| Complete 
|  37|0x0000000084100000, 0x0000000084200000, 0x0000000084200000|100%| O|  |TAMS 0x0000000084200000, 0x0000000084100000| Untracked 
|  38|0x0000000084200000, 0x0000000084300000, 0x0000000084300000|100%| O|  |TAMS 0x0000000084300000, 0x0000000084200000| Untracked 
|  39|0x0000000084300000, 0x0000000084400000, 0x0000000084400000|100%|HS|  |TAMS 0x0000000084400000, 0x0000000084300000| Complete 
|  40|0x0000000084400000, 0x0000000084400000, 0x0000000084500000|  0%| F|  |TAMS 0x0000000084400000, 0x0000000084400000| Untracked 
|  41|0x0000000084500000, 0x0000000084500000, 0x0000000084600000|  0%| F|  |TAMS 0x0000000084500000, 0x0000000084500000| Untracked 
|  42|0x0000000084600000, 0x0000000084600000, 0x0000000084700000|  0%| F|  |TAMS 0x0000000084600000, 0x0000000084600000| Untracked 
|  43|0x0000000084700000, 0x0000000084700000, 0x0000000084800000|  0%| F|  |TAMS 0x0000000084700000, 0x0000000084700000| Untracked 
|  44|0x0000000084800000, 0x0000000084800000, 0x0000000084900000|  0%| F|  |TAMS 0x0000000084800000, 0x0000000084800000| Untracked 
|  45|0x0000000084900000, 0x0000000084900000, 0x0000000084a00000|  0%| F|  |TAMS 0x0000000084900000, 0x0000000084900000| Untracked 
|  46|0x0000000084a00000, 0x0000000084a00000, 0x0000000084b00000|  0%| F|  |TAMS 0x0000000084a00000, 0x0000000084a00000| Untracked 
|  47|0x0000000084b00000, 0x0000000084b00000, 0x0000000084c00000|  0%| F|  |TAMS 0x0000000084b00000, 0x0000000084b00000| Untracked 
|  48|0x0000000084c00000, 0x0000000084c00000, 0x0000000084d00000|  0%| F|  |TAMS 0x0000000084c00000, 0x0000000084c00000| Untracked 
|  49|0x0000000084d00000, 0x0000000084d00000, 0x0000000084e00000|  0%| F|  |TAMS 0x0000000084d00000, 0x0000000084d00000| Untracked 
|  50|0x0000000084e00000, 0x0000000084e00000, 0x0000000084f00000|  0%| F|  |TAMS 0x0000000084e00000, 0x0000000084e00000| Untracked 
|  51|0x0000000084f00000, 0x0000000084f00000, 0x0000000085000000|  0%| F|  |TAMS 0x0000000084f00000, 0x0000000084f00000| Untracked 
|  52|0x0000000085000000, 0x0000000085000000, 0x0000000085100000|  0%| F|  |TAMS 0x0000000085000000, 0x0000000085000000| Untracked 
|  53|0x0000000085100000, 0x00000000851b9f10, 0x0000000085200000| 72%| S|CS|TAMS 0x0000000085100000, 0x0000000085100000| Complete 
|  54|0x0000000085200000, 0x0000000085200000, 0x0000000085300000|  0%| F|  |TAMS 0x0000000085200000, 0x0000000085200000| Untracked 
|  55|0x0000000085300000, 0x0000000085300000, 0x0000000085400000|  0%| F|  |TAMS 0x0000000085300000, 0x0000000085300000| Untracked 
|  56|0x0000000085400000, 0x0000000085500000, 0x0000000085500000|100%|HS|  |TAMS 0x0000000085500000, 0x0000000085400000| Complete 
|  57|0x0000000085500000, 0x0000000085600000, 0x0000000085600000|100%|HC|  |TAMS 0x0000000085600000, 0x0000000085500000| Complete 
|  58|0x0000000085600000, 0x0000000085700000, 0x0000000085700000|100%| O|  |TAMS 0x0000000085700000, 0x0000000085600000| Untracked 
|  59|0x0000000085700000, 0x0000000085800000, 0x0000000085800000|100%| O|  |TAMS 0x0000000085800000, 0x0000000085700000| Untracked 
|  60|0x0000000085800000, 0x0000000085900000, 0x0000000085900000|100%| O|  |TAMS 0x0000000085900000, 0x0000000085800000| Untracked 
|  61|0x0000000085900000, 0x0000000085a00000, 0x0000000085a00000|100%| O|  |TAMS 0x0000000085a00000, 0x0000000085900000| Untracked 
|  62|0x0000000085a00000, 0x0000000085b00000, 0x0000000085b00000|100%| O|  |TAMS 0x0000000085b00000, 0x0000000085a00000| Untracked 
|  63|0x0000000085b00000, 0x0000000085c00000, 0x0000000085c00000|100%| O|  |TAMS 0x0000000085b43400, 0x0000000085b00000| Untracked 
|  64|0x0000000085c00000, 0x0000000085c00000, 0x0000000085d00000|  0%| F|  |TAMS 0x0000000085c00000, 0x0000000085c00000| Untracked 
|  65|0x0000000085d00000, 0x0000000085d00000, 0x0000000085e00000|  0%| F|  |TAMS 0x0000000085d00000, 0x0000000085d00000| Untracked 
|  66|0x0000000085e00000, 0x0000000085ebb0d0, 0x0000000085f00000| 73%| E|  |TAMS 0x0000000085e00000, 0x0000000085e00000| Complete 
|  67|0x0000000085f00000, 0x0000000086000000, 0x0000000086000000|100%| E|CS|TAMS 0x0000000085f00000, 0x0000000085f00000| Complete 
|  68|0x0000000086000000, 0x0000000086100000, 0x0000000086100000|100%| E|CS|TAMS 0x0000000086000000, 0x0000000086000000| Complete 
|  69|0x0000000086100000, 0x0000000086200000, 0x0000000086200000|100%| E|CS|TAMS 0x0000000086100000, 0x0000000086100000| Complete 
|  70|0x0000000086200000, 0x0000000086300000, 0x0000000086300000|100%| E|CS|TAMS 0x0000000086200000, 0x0000000086200000| Complete 
|  71|0x0000000086300000, 0x0000000086400000, 0x0000000086400000|100%| E|CS|TAMS 0x0000000086300000, 0x0000000086300000| Complete 
|  72|0x0000000086400000, 0x0000000086500000, 0x0000000086500000|100%| E|CS|TAMS 0x0000000086400000, 0x0000000086400000| Complete 
|  73|0x0000000086500000, 0x0000000086600000, 0x0000000086600000|100%| E|CS|TAMS 0x0000000086500000, 0x0000000086500000| Complete 
|  74|0x0000000086600000, 0x0000000086700000, 0x0000000086700000|100%| E|CS|TAMS 0x0000000086600000, 0x0000000086600000| Complete 
|  75|0x0000000086700000, 0x0000000086800000, 0x0000000086800000|100%| E|CS|TAMS 0x0000000086700000, 0x0000000086700000| Complete 
|  76|0x0000000086800000, 0x0000000086900000, 0x0000000086900000|100%| E|CS|TAMS 0x0000000086800000, 0x0000000086800000| Complete 
|  77|0x0000000086900000, 0x0000000086a00000, 0x0000000086a00000|100%| E|CS|TAMS 0x0000000086900000, 0x0000000086900000| Complete 
|  78|0x0000000086a00000, 0x0000000086b00000, 0x0000000086b00000|100%| E|CS|TAMS 0x0000000086a00000, 0x0000000086a00000| Complete 
|  79|0x0000000086b00000, 0x0000000086c00000, 0x0000000086c00000|100%| E|CS|TAMS 0x0000000086b00000, 0x0000000086b00000| Complete 
|  80|0x0000000086c00000, 0x0000000086d00000, 0x0000000086d00000|100%| E|CS|TAMS 0x0000000086c00000, 0x0000000086c00000| Complete 
|  81|0x0000000086d00000, 0x0000000086e00000, 0x0000000086e00000|100%| E|CS|TAMS 0x0000000086d00000, 0x0000000086d00000| Complete 
|  82|0x0000000086e00000, 0x0000000086f00000, 0x0000000086f00000|100%| E|CS|TAMS 0x0000000086e00000, 0x0000000086e00000| Complete 
|  83|0x0000000086f00000, 0x0000000087000000, 0x0000000087000000|100%| E|CS|TAMS 0x0000000086f00000, 0x0000000086f00000| Complete 
|  84|0x0000000087000000, 0x0000000087100000, 0x0000000087100000|100%| E|CS|TAMS 0x0000000087000000, 0x0000000087000000| Complete 
|  85|0x0000000087100000, 0x0000000087200000, 0x0000000087200000|100%| E|CS|TAMS 0x0000000087100000, 0x0000000087100000| Complete 
|  86|0x0000000087200000, 0x0000000087300000, 0x0000000087300000|100%| E|CS|TAMS 0x0000000087200000, 0x0000000087200000| Complete 
|  87|0x0000000087300000, 0x0000000087400000, 0x0000000087400000|100%| E|CS|TAMS 0x0000000087300000, 0x0000000087300000| Complete 
|  88|0x0000000087400000, 0x0000000087500000, 0x0000000087500000|100%| E|CS|TAMS 0x0000000087400000, 0x0000000087400000| Complete 
|  89|0x0000000087500000, 0x0000000087600000, 0x0000000087600000|100%| E|CS|TAMS 0x0000000087500000, 0x0000000087500000| Complete 
|  90|0x0000000087600000, 0x0000000087700000, 0x0000000087700000|100%| E|CS|TAMS 0x0000000087600000, 0x0000000087600000| Complete 
|  91|0x0000000087700000, 0x0000000087800000, 0x0000000087800000|100%| E|CS|TAMS 0x0000000087700000, 0x0000000087700000| Complete 
|  92|0x0000000087800000, 0x0000000087900000, 0x0000000087900000|100%| E|CS|TAMS 0x0000000087800000, 0x0000000087800000| Complete 
|  93|0x0000000087900000, 0x0000000087a00000, 0x0000000087a00000|100%| E|CS|TAMS 0x0000000087900000, 0x0000000087900000| Complete 
|  94|0x0000000087a00000, 0x0000000087b00000, 0x0000000087b00000|100%| E|CS|TAMS 0x0000000087a00000, 0x0000000087a00000| Complete 
|  95|0x0000000087b00000, 0x0000000087c00000, 0x0000000087c00000|100%| E|CS|TAMS 0x0000000087b00000, 0x0000000087b00000| Complete 
|  96|0x0000000087c00000, 0x0000000087d00000, 0x0000000087d00000|100%| E|CS|TAMS 0x0000000087c00000, 0x0000000087c00000| Complete 
|  97|0x0000000087d00000, 0x0000000087e00000, 0x0000000087e00000|100%| E|CS|TAMS 0x0000000087d00000, 0x0000000087d00000| Complete 
|  98|0x0000000087e00000, 0x0000000087f00000, 0x0000000087f00000|100%| E|CS|TAMS 0x0000000087e00000, 0x0000000087e00000| Complete 
|  99|0x0000000087f00000, 0x0000000088000000, 0x0000000088000000|100%| E|CS|TAMS 0x0000000087f00000, 0x0000000087f00000| Complete 
| 100|0x0000000088000000, 0x0000000088100000, 0x0000000088100000|100%| E|CS|TAMS 0x0000000088000000, 0x0000000088000000| Complete 
| 101|0x0000000088100000, 0x0000000088200000, 0x0000000088200000|100%| E|CS|TAMS 0x0000000088100000, 0x0000000088100000| Complete 
| 102|0x0000000088200000, 0x0000000088300000, 0x0000000088300000|100%| E|CS|TAMS 0x0000000088200000, 0x0000000088200000| Complete 
| 103|0x0000000088300000, 0x0000000088400000, 0x0000000088400000|100%| E|CS|TAMS 0x0000000088300000, 0x0000000088300000| Complete 
| 104|0x0000000088400000, 0x0000000088500000, 0x0000000088500000|100%| E|CS|TAMS 0x0000000088400000, 0x0000000088400000| Complete 
| 105|0x0000000088500000, 0x0000000088600000, 0x0000000088600000|100%| E|CS|TAMS 0x0000000088500000, 0x0000000088500000| Complete 
| 106|0x0000000088600000, 0x0000000088700000, 0x0000000088700000|100%| E|CS|TAMS 0x0000000088600000, 0x0000000088600000| Complete 
| 107|0x0000000088700000, 0x0000000088800000, 0x0000000088800000|100%| E|CS|TAMS 0x0000000088700000, 0x0000000088700000| Complete 
| 108|0x0000000088800000, 0x0000000088900000, 0x0000000088900000|100%| E|CS|TAMS 0x0000000088800000, 0x0000000088800000| Complete 
| 109|0x0000000088900000, 0x0000000088a00000, 0x0000000088a00000|100%| E|CS|TAMS 0x0000000088900000, 0x0000000088900000| Complete 
| 110|0x0000000088a00000, 0x0000000088b00000, 0x0000000088b00000|100%| E|CS|TAMS 0x0000000088a00000, 0x0000000088a00000| Complete 
| 111|0x0000000088b00000, 0x0000000088c00000, 0x0000000088c00000|100%| E|CS|TAMS 0x0000000088b00000, 0x0000000088b00000| Complete 
| 112|0x0000000088c00000, 0x0000000088d00000, 0x0000000088d00000|100%| E|CS|TAMS 0x0000000088c00000, 0x0000000088c00000| Complete 
| 113|0x0000000088d00000, 0x0000000088e00000, 0x0000000088e00000|100%| E|CS|TAMS 0x0000000088d00000, 0x0000000088d00000| Complete 
| 114|0x0000000088e00000, 0x0000000088f00000, 0x0000000088f00000|100%| E|CS|TAMS 0x0000000088e00000, 0x0000000088e00000| Complete 
| 115|0x0000000088f00000, 0x0000000089000000, 0x0000000089000000|100%| E|CS|TAMS 0x0000000088f00000, 0x0000000088f00000| Complete 
| 116|0x0000000089000000, 0x0000000089100000, 0x0000000089100000|100%| E|CS|TAMS 0x0000000089000000, 0x0000000089000000| Complete 
| 117|0x0000000089100000, 0x0000000089200000, 0x0000000089200000|100%| E|CS|TAMS 0x0000000089100000, 0x0000000089100000| Complete 
| 118|0x0000000089200000, 0x0000000089300000, 0x0000000089300000|100%| E|CS|TAMS 0x0000000089200000, 0x0000000089200000| Complete 
| 119|0x0000000089300000, 0x0000000089400000, 0x0000000089400000|100%| E|CS|TAMS 0x0000000089300000, 0x0000000089300000| Complete 
| 120|0x0000000089400000, 0x0000000089500000, 0x0000000089500000|100%| E|CS|TAMS 0x0000000089400000, 0x0000000089400000| Complete 
| 121|0x0000000089500000, 0x0000000089600000, 0x0000000089600000|100%| E|CS|TAMS 0x0000000089500000, 0x0000000089500000| Complete 
| 122|0x0000000089600000, 0x0000000089700000, 0x0000000089700000|100%| E|CS|TAMS 0x0000000089600000, 0x0000000089600000| Complete 
| 123|0x0000000089700000, 0x0000000089800000, 0x0000000089800000|100%| E|CS|TAMS 0x0000000089700000, 0x0000000089700000| Complete 
| 124|0x0000000089800000, 0x0000000089900000, 0x0000000089900000|100%| E|CS|TAMS 0x0000000089800000, 0x0000000089800000| Complete 
| 125|0x0000000089900000, 0x0000000089a00000, 0x0000000089a00000|100%| E|CS|TAMS 0x0000000089900000, 0x0000000089900000| Complete 
| 126|0x0000000089a00000, 0x0000000089b00000, 0x0000000089b00000|100%| E|CS|TAMS 0x0000000089a00000, 0x0000000089a00000| Complete 
| 127|0x0000000089b00000, 0x0000000089c00000, 0x0000000089c00000|100%| E|CS|TAMS 0x0000000089b00000, 0x0000000089b00000| Complete 
| 128|0x0000000089c00000, 0x0000000089d00000, 0x0000000089d00000|100%| E|CS|TAMS 0x0000000089c00000, 0x0000000089c00000| Complete 
| 129|0x0000000089d00000, 0x0000000089e00000, 0x0000000089e00000|100%| E|CS|TAMS 0x0000000089d00000, 0x0000000089d00000| Complete 
| 130|0x0000000089e00000, 0x0000000089f00000, 0x0000000089f00000|100%| E|CS|TAMS 0x0000000089e00000, 0x0000000089e00000| Complete 
| 131|0x0000000089f00000, 0x000000008a000000, 0x000000008a000000|100%| E|CS|TAMS 0x0000000089f00000, 0x0000000089f00000| Complete 
| 132|0x000000008a000000, 0x000000008a100000, 0x000000008a100000|100%| E|CS|TAMS 0x000000008a000000, 0x000000008a000000| Complete 
| 133|0x000000008a100000, 0x000000008a200000, 0x000000008a200000|100%| E|CS|TAMS 0x000000008a100000, 0x000000008a100000| Complete 
| 134|0x000000008a200000, 0x000000008a300000, 0x000000008a300000|100%| E|CS|TAMS 0x000000008a200000, 0x000000008a200000| Complete 
| 135|0x000000008a300000, 0x000000008a400000, 0x000000008a400000|100%| E|CS|TAMS 0x000000008a300000, 0x000000008a300000| Complete 
| 136|0x000000008a400000, 0x000000008a500000, 0x000000008a500000|100%| E|CS|TAMS 0x000000008a400000, 0x000000008a400000| Complete 
| 137|0x000000008a500000, 0x000000008a600000, 0x000000008a600000|100%| E|CS|TAMS 0x000000008a500000, 0x000000008a500000| Complete 
| 138|0x000000008a600000, 0x000000008a700000, 0x000000008a700000|100%| E|CS|TAMS 0x000000008a600000, 0x000000008a600000| Complete 
| 139|0x000000008a700000, 0x000000008a800000, 0x000000008a800000|100%| E|CS|TAMS 0x000000008a700000, 0x000000008a700000| Complete 
| 140|0x000000008a800000, 0x000000008a900000, 0x000000008a900000|100%| E|CS|TAMS 0x000000008a800000, 0x000000008a800000| Complete 
| 141|0x000000008a900000, 0x000000008aa00000, 0x000000008aa00000|100%| E|CS|TAMS 0x000000008a900000, 0x000000008a900000| Complete 
| 142|0x000000008aa00000, 0x000000008ab00000, 0x000000008ab00000|100%| E|CS|TAMS 0x000000008aa00000, 0x000000008aa00000| Complete 
| 143|0x000000008ab00000, 0x000000008ac00000, 0x000000008ac00000|100%| E|CS|TAMS 0x000000008ab00000, 0x000000008ab00000| Complete 
| 144|0x000000008ac00000, 0x000000008ad00000, 0x000000008ad00000|100%| E|CS|TAMS 0x000000008ac00000, 0x000000008ac00000| Complete 
| 145|0x000000008ad00000, 0x000000008ae00000, 0x000000008ae00000|100%| E|CS|TAMS 0x000000008ad00000, 0x000000008ad00000| Complete 
| 146|0x000000008ae00000, 0x000000008af00000, 0x000000008af00000|100%| E|CS|TAMS 0x000000008ae00000, 0x000000008ae00000| Complete 
| 147|0x000000008af00000, 0x000000008b000000, 0x000000008b000000|100%| E|CS|TAMS 0x000000008af00000, 0x000000008af00000| Complete 
| 148|0x000000008b000000, 0x000000008b100000, 0x000000008b100000|100%| E|CS|TAMS 0x000000008b000000, 0x000000008b000000| Complete 
| 149|0x000000008b100000, 0x000000008b200000, 0x000000008b200000|100%| E|CS|TAMS 0x000000008b100000, 0x000000008b100000| Complete 
| 150|0x000000008b200000, 0x000000008b300000, 0x000000008b300000|100%| E|CS|TAMS 0x000000008b200000, 0x000000008b200000| Complete 
| 151|0x000000008b300000, 0x000000008b400000, 0x000000008b400000|100%| E|CS|TAMS 0x000000008b300000, 0x000000008b300000| Complete 
| 152|0x000000008b400000, 0x000000008b500000, 0x000000008b500000|100%| E|CS|TAMS 0x000000008b400000, 0x000000008b400000| Complete 
| 153|0x000000008b500000, 0x000000008b600000, 0x000000008b600000|100%| E|CS|TAMS 0x000000008b500000, 0x000000008b500000| Complete 

Card table byte_map: [0x0000024620140000,0x0000024620540000] _byte_map_base: 0x000002461fd32000

Marking Bits (Prev, Next): (CMBitMap*) 0x000002460c987418, (CMBitMap*) 0x000002460c987450
 Prev Bits: [0x0000024620940000, 0x00000246228d0000)
 Next Bits: [0x00000246228d0000, 0x0000024624860000)

Polling page: 0x000002460c100000

Metaspace:

Usage:
  Non-class:     21.17 MB capacity,    20.72 MB ( 98%) used,   373.73 KB (  2%) free+waste,    85.31 KB ( <1%) overhead. 
      Class:      2.58 MB capacity,     2.28 MB ( 88%) used,   263.23 KB ( 10%) free+waste,    41.50 KB (  2%) overhead. 
       Both:     23.75 MB capacity,    23.01 MB ( 97%) used,   636.96 KB (  3%) free+waste,   126.81 KB ( <1%) overhead. 

Virtual space:
  Non-class space:       22.00 MB reserved,      21.25 MB ( 97%) committed 
      Class space:        1.00 GB reserved,       2.63 MB ( <1%) committed 
             Both:        1.02 GB reserved,      23.88 MB (  2%) committed 

Chunk freelists:
   Non-Class:  15.00 KB
       Class:  16.00 KB
        Both:  31.00 KB

MaxMetaspaceSize: 17179869184.00 GB
CompressedClassSpaceSize: 1.00 GB

CodeHeap 'non-profiled nmethods': size=120000Kb used=2600Kb max_used=2600Kb free=117400Kb
 bounds [0x00000246184c0000, 0x0000024618750000, 0x000002461f9f0000]
CodeHeap 'profiled nmethods': size=120000Kb used=9161Kb max_used=9161Kb free=110838Kb
 bounds [0x0000024610f90000, 0x0000024611890000, 0x00000246184c0000]
CodeHeap 'non-nmethods': size=5760Kb used=1760Kb max_used=1817Kb free=3999Kb
 bounds [0x00000246109f0000, 0x0000024610c60000, 0x0000024610f90000]
 total_blobs=7281 nmethods=4326 adapters=1311
 compilation: enabled
              stopped_count=0, restarted_count=0
 full_count=0

Compilation events (20 events):
Event: 28.231 Thread 0x00000246272cb800 nmethod 4321 0x000002461187cc10 code [0x000002461187ce60, 0x000002461187d810]
Event: 28.231 Thread 0x00000246272cb800 4323       3       javafx.scene.layout.Region::snapSizeY (10 bytes)
Event: 28.233 Thread 0x00000246272c5800 nmethod 4320 0x0000024618749810 code [0x00000246187499c0, 0x0000024618749b68]
Event: 28.233 Thread 0x00000246272cb800 nmethod 4323 0x000002461187da90 code [0x000002461187dd40, 0x000002461187e840]
Event: 28.233 Thread 0x00000246272cb800 4322       3       javafx.beans.binding.DoubleExpression::getValue (8 bytes)
Event: 28.234 Thread 0x00000246272cb800 nmethod 4322 0x000002461187eb90 code [0x000002461187ed80, 0x000002461187f1b0]
Event: 28.240 Thread 0x00000246272cb800 4324       3       java.nio.FloatBuffer::clear (7 bytes)
Event: 28.241 Thread 0x00000246272cb800 nmethod 4324 0x000002461187f310 code [0x000002461187f4c0, 0x000002461187f6b8]
Event: 28.241 Thread 0x00000246272cb800 4325       3       com.sun.prism.d3d.D3DShader::setConstants (64 bytes)
Event: 28.242 Thread 0x00000246272cb800 nmethod 4325 0x000002461187f790 code [0x000002461187f980, 0x000002461187fe70]
Event: 28.245 Thread 0x00000246272cb800 4326       1       com.sun.prism.impl.ps.BaseShaderContext::getLCDBuffer (5 bytes)
Event: 28.245 Thread 0x00000246272cb800 nmethod 4326 0x0000024618749c90 code [0x0000024618749e40, 0x0000024618749f78]
Event: 28.458 Thread 0x00000246272cb800 4327       3       com.sun.javafx.event.EventRedirector::dispatchCapturingEvent (52 bytes)
Event: 28.461 Thread 0x00000246272cb800 nmethod 4327 0x0000024611880010 code [0x0000024611880220, 0x0000024611880900]
Event: 28.461 Thread 0x00000246272cb800 4328       3       com.sun.javafx.event.EventRedirector::redirectEvent (97 bytes)
Event: 28.463 Thread 0x00000246272cb800 nmethod 4328 0x0000024611880b10 code [0x0000024611880d80, 0x0000024611881960]
Event: 28.463 Thread 0x00000246272cb800 4329       3       java.util.concurrent.CopyOnWriteArrayList::isEmpty (13 bytes)
Event: 28.463 Thread 0x00000246272cb800 nmethod 4329 0x0000024611881c90 code [0x0000024611881e60, 0x00000246118820d8]
Event: 28.463 Thread 0x00000246272cb800 4330       3       com.sun.javafx.event.BasicEventDispatcher::dispatchCapturingEvent (2 bytes)
Event: 28.464 Thread 0x00000246272cb800 nmethod 4330 0x0000024611882190 code [0x0000024611882340, 0x00000246118824b8]

GC Heap History (20 events):
Event: 9.415 GC heap before
{Heap before GC invocations=19 (full 0):
 garbage-first heap   total 131072K, used 111711K [0x0000000081c00000, 0x0000000100000000)
  region size 1024K, 70 young (71680K), 4 survivors (4096K)
 Metaspace       used 21472K, capacity 22275K, committed 22528K, reserved 1069056K
  class space    used 2223K, capacity 2558K, committed 2560K, reserved 1048576K
}
Event: 9.417 GC heap after
{Heap after GC invocations=20 (full 0):
 garbage-first heap   total 157696K, used 42629K [0x0000000081c00000, 0x0000000100000000)
  region size 1024K, 2 young (2048K), 2 survivors (2048K)
 Metaspace       used 21472K, capacity 22275K, committed 22528K, reserved 1069056K
  class space    used 2223K, capacity 2558K, committed 2560K, reserved 1048576K
}
Event: 9.521 GC heap before
{Heap before GC invocations=20 (full 0):
 garbage-first heap   total 157696K, used 120453K [0x0000000081c00000, 0x0000000100000000)
  region size 1024K, 79 young (80896K), 2 survivors (2048K)
 Metaspace       used 21472K, capacity 22275K, committed 22528K, reserved 1069056K
  class space    used 2223K, capacity 2558K, committed 2560K, reserved 1048576K
}
Event: 9.523 GC heap after
{Heap after GC invocations=21 (full 0):
 garbage-first heap   total 157696K, used 42908K [0x0000000081c00000, 0x0000000100000000)
  region size 1024K, 2 young (2048K), 2 survivors (2048K)
 Metaspace       used 21472K, capacity 22275K, committed 22528K, reserved 1069056K
  class space    used 2223K, capacity 2558K, committed 2560K, reserved 1048576K
}
Event: 9.622 GC heap before
{Heap before GC invocations=21 (full 0):
 garbage-first heap   total 157696K, used 127900K [0x0000000081c00000, 0x0000000100000000)
  region size 1024K, 85 young (87040K), 2 survivors (2048K)
 Metaspace       used 21473K, capacity 22275K, committed 22528K, reserved 1069056K
  class space    used 2223K, capacity 2558K, committed 2560K, reserved 1048576K
}
Event: 9.623 GC heap after
{Heap after GC invocations=22 (full 0):
 garbage-first heap   total 157696K, used 42469K [0x0000000081c00000, 0x0000000100000000)
  region size 1024K, 1 young (1024K), 1 survivors (1024K)
 Metaspace       used 21473K, capacity 22275K, committed 22528K, reserved 1069056K
  class space    used 2223K, capacity 2558K, committed 2560K, reserved 1048576K
}
Event: 9.718 GC heap before
{Heap before GC invocations=22 (full 0):
 garbage-first heap   total 157696K, used 134629K [0x0000000081c00000, 0x0000000100000000)
  region size 1024K, 92 young (94208K), 1 survivors (1024K)
 Metaspace       used 21473K, capacity 22275K, committed 22528K, reserved 1069056K
  class space    used 2223K, capacity 2558K, committed 2560K, reserved 1048576K
}
Event: 9.719 GC heap after
{Heap after GC invocations=23 (full 0):
 garbage-first heap   total 157696K, used 42496K [0x0000000081c00000, 0x0000000100000000)
  region size 1024K, 1 young (1024K), 1 survivors (1024K)
 Metaspace       used 21473K, capacity 22275K, committed 22528K, reserved 1069056K
  class space    used 2223K, capacity 2558K, committed 2560K, reserved 1048576K
}
Event: 9.831 GC heap before
{Heap before GC invocations=23 (full 0):
 garbage-first heap   total 157696K, used 134656K [0x0000000081c00000, 0x0000000100000000)
  region size 1024K, 91 young (93184K), 1 survivors (1024K)
 Metaspace       used 21497K, capacity 22339K, committed 22528K, reserved 1069056K
  class space    used 2223K, capacity 2558K, committed 2560K, reserved 1048576K
}
Event: 9.832 GC heap after
{Heap after GC invocations=24 (full 0):
 garbage-first heap   total 157696K, used 42741K [0x0000000081c00000, 0x0000000100000000)
  region size 1024K, 1 young (1024K), 1 survivors (1024K)
 Metaspace       used 21497K, capacity 22339K, committed 22528K, reserved 1069056K
  class space    used 2223K, capacity 2558K, committed 2560K, reserved 1048576K
}
Event: 11.143 GC heap before
{Heap before GC invocations=24 (full 0):
 garbage-first heap   total 157696K, used 135925K [0x0000000081c00000, 0x0000000100000000)
  region size 1024K, 92 young (94208K), 1 survivors (1024K)
 Metaspace       used 22450K, capacity 23267K, committed 23424K, reserved 1071104K
  class space    used 2258K, capacity 2590K, committed 2688K, reserved 1048576K
}
Event: 11.146 GC heap after
{Heap after GC invocations=25 (full 0):
 garbage-first heap   total 157696K, used 42346K [0x0000000081c00000, 0x0000000100000000)
  region size 1024K, 1 young (1024K), 1 survivors (1024K)
 Metaspace       used 22450K, capacity 23267K, committed 23424K, reserved 1071104K
  class space    used 2258K, capacity 2590K, committed 2688K, reserved 1048576K
}
Event: 13.258 GC heap before
{Heap before GC invocations=25 (full 0):
 garbage-first heap   total 157696K, used 135530K [0x0000000081c00000, 0x0000000100000000)
  region size 1024K, 92 young (94208K), 1 survivors (1024K)
 Metaspace       used 22472K, capacity 23267K, committed 23424K, reserved 1071104K
  class space    used 2258K, capacity 2590K, committed 2688K, reserved 1048576K
}
Event: 13.260 GC heap after
{Heap after GC invocations=26 (full 0):
 garbage-first heap   total 157696K, used 42315K [0x0000000081c00000, 0x0000000100000000)
  region size 1024K, 1 young (1024K), 1 survivors (1024K)
 Metaspace       used 22472K, capacity 23267K, committed 23424K, reserved 1071104K
  class space    used 2258K, capacity 2590K, committed 2688K, reserved 1048576K
}
Event: 15.877 GC heap before
{Heap before GC invocations=26 (full 0):
 garbage-first heap   total 157696K, used 135499K [0x0000000081c00000, 0x0000000100000000)
  region size 1024K, 92 young (94208K), 1 survivors (1024K)
 Metaspace       used 22494K, capacity 23267K, committed 23424K, reserved 1071104K
  class space    used 2258K, capacity 2590K, committed 2688K, reserved 1048576K
}
Event: 15.879 GC heap after
{Heap after GC invocations=27 (full 0):
 garbage-first heap   total 157696K, used 42309K [0x0000000081c00000, 0x0000000100000000)
  region size 1024K, 1 young (1024K), 1 survivors (1024K)
 Metaspace       used 22494K, capacity 23267K, committed 23424K, reserved 1071104K
  class space    used 2258K, capacity 2590K, committed 2688K, reserved 1048576K
}
Event: 19.524 GC heap before
{Heap before GC invocations=27 (full 0):
 garbage-first heap   total 157696K, used 136517K [0x0000000081c00000, 0x0000000100000000)
  region size 1024K, 92 young (94208K), 1 survivors (1024K)
 Metaspace       used 23409K, capacity 24192K, committed 24448K, reserved 1071104K
  class space    used 2335K, capacity 2640K, committed 2688K, reserved 1048576K
}
Event: 19.525 GC heap after
{Heap after GC invocations=28 (full 0):
 garbage-first heap   total 157696K, used 44915K [0x0000000081c00000, 0x0000000100000000)
  region size 1024K, 1 young (1024K), 1 survivors (1024K)
 Metaspace       used 23409K, capacity 24192K, committed 24448K, reserved 1071104K
  class space    used 2335K, capacity 2640K, committed 2688K, reserved 1048576K
}
Event: 24.233 GC heap before
{Heap before GC invocations=28 (full 0):
 garbage-first heap   total 157696K, used 138099K [0x0000000081c00000, 0x0000000100000000)
  region size 1024K, 92 young (94208K), 1 survivors (1024K)
 Metaspace       used 23525K, capacity 24257K, committed 24448K, reserved 1071104K
  class space    used 2335K, capacity 2640K, committed 2688K, reserved 1048576K
}
Event: 24.237 GC heap after
{Heap after GC invocations=29 (full 0):
 garbage-first heap   total 157696K, used 44948K [0x0000000081c00000, 0x0000000100000000)
  region size 1024K, 1 young (1024K), 1 survivors (1024K)
 Metaspace       used 23525K, capacity 24257K, committed 24448K, reserved 1071104K
  class space    used 2335K, capacity 2640K, committed 2688K, reserved 1048576K
}

Deoptimization events (20 events):
Event: 17.276 Thread 0x00000246286c0000 Uncommon trap: trap_request=0xffffff6e fr.pc=0x00000246185f0000 relative=0x00000000000006a0
Event: 17.276 Thread 0x00000246286c0000 Uncommon trap: reason=speculate_class_check action=maybe_recompile pc=0x00000246185f0000 method=com.sun.javafx.sg.prism.NGNode.doRender(Lcom/sun/prism/Graphics;)V @ 330 c2
Event: 17.276 Thread 0x00000246286c0000 DEOPT PACKING pc=0x00000246185f0000 sp=0x000000d73f4fe890
Event: 17.276 Thread 0x00000246286c0000 DEOPT UNPACKING pc=0x0000024610a1922f sp=0x000000d73f4fe7c8 mode 2
Event: 17.282 Thread 0x00000246286c0000 Uncommon trap: trap_request=0xffffff6e fr.pc=0x00000246185f0000 relative=0x00000000000006a0
Event: 17.282 Thread 0x00000246286c0000 Uncommon trap: reason=speculate_class_check action=maybe_recompile pc=0x00000246185f0000 method=com.sun.javafx.sg.prism.NGNode.doRender(Lcom/sun/prism/Graphics;)V @ 330 c2
Event: 17.282 Thread 0x00000246286c0000 DEOPT PACKING pc=0x00000246185f0000 sp=0x000000d73f4fe890
Event: 17.282 Thread 0x00000246286c0000 DEOPT UNPACKING pc=0x0000024610a1922f sp=0x000000d73f4fe7c8 mode 2
Event: 17.819 Thread 0x00000246286c0000 Uncommon trap: trap_request=0xffffff6e fr.pc=0x00000246185f0000 relative=0x00000000000006a0
Event: 17.819 Thread 0x00000246286c0000 Uncommon trap: reason=speculate_class_check action=maybe_recompile pc=0x00000246185f0000 method=com.sun.javafx.sg.prism.NGNode.doRender(Lcom/sun/prism/Graphics;)V @ 330 c2
Event: 17.819 Thread 0x00000246286c0000 DEOPT PACKING pc=0x00000246185f0000 sp=0x000000d73f4fe890
Event: 17.819 Thread 0x00000246286c0000 DEOPT UNPACKING pc=0x0000024610a1922f sp=0x000000d73f4fe7c8 mode 2
Event: 19.023 Thread 0x00000246286c0000 DEOPT PACKING pc=0x000002461179b7bc sp=0x000000d73f4fe530
Event: 19.023 Thread 0x00000246286c0000 DEOPT UNPACKING pc=0x0000024610a1904e sp=0x000000d73f4fd950 mode 0
Event: 25.077 Thread 0x00000246286c0000 DEOPT PACKING pc=0x0000024611829e40 sp=0x000000d73f4fe1b0
Event: 25.077 Thread 0x00000246286c0000 DEOPT UNPACKING pc=0x0000024610a1904e sp=0x000000d73f4fd5d8 mode 0
Event: 27.826 Thread 0x00000246286c0000 DEOPT PACKING pc=0x000002461182a21c sp=0x000000d73f4fe1b0
Event: 27.826 Thread 0x00000246286c0000 DEOPT UNPACKING pc=0x0000024610a1904e sp=0x000000d73f4fd5d8 mode 0
Event: 27.858 Thread 0x00000246286c0000 DEOPT PACKING pc=0x0000024611829e40 sp=0x000000d73f4fe1b0
Event: 27.858 Thread 0x00000246286c0000 DEOPT UNPACKING pc=0x0000024610a1904e sp=0x000000d73f4fd5d8 mode 0

Classes redefined (0 events):
No events

Internal exceptions (20 events):
Event: 2.369 Thread 0x0000024628b7e800 Exception <a 'java/lang/NoSuchMethodError'{0x0000000089005b58}: 'java.lang.Object java.lang.invoke.DirectMethodHandle$Holder.invokeStatic(java.lang.Object, java.lang.Object, double)'> (0x0000000089005b58) thrown at [c:/BuildAgent/work/5ff2f6c26000d570/src
Event: 7.084 Thread 0x0000024628b7e800 Exception <a 'sun/nio/fs/WindowsException'{0x00000000883f2a28}> (0x00000000883f2a28) thrown at [c:/BuildAgent/work/5ff2f6c26000d570/src/hotspot/share/prims/jni.cpp, line 615]
Event: 7.086 Thread 0x0000024628b7e800 Exception <a 'sun/nio/fs/WindowsException'{0x00000000883faab8}> (0x00000000883faab8) thrown at [c:/BuildAgent/work/5ff2f6c26000d570/src/hotspot/share/prims/jni.cpp, line 615]
Event: 7.103 Thread 0x0000024628b7e800 Implicit null exception at 0x00000246185250df to 0x0000024618525556
Event: 7.105 Thread 0x0000024628b7e800 Exception <a 'java/lang/NoSuchMethodError'{0x00000000880e7c50}: 'void java.lang.invoke.DirectMethodHandle$Holder.invokeStatic(java.lang.Object, java.lang.Object, int, java.lang.Object)'> (0x00000000880e7c50) thrown at [c:/BuildAgent/work/5ff2f6c26000d570/
Event: 7.106 Thread 0x0000024628b7e800 Exception <a 'java/lang/NoSuchMethodError'{0x00000000880ee4d0}: 'void java.lang.invoke.DelegatingMethodHandle$Holder.delegate(java.lang.Object, java.lang.Object, int, java.lang.Object)'> (0x00000000880ee4d0) thrown at [c:/BuildAgent/work/5ff2f6c26000d570/
Event: 7.106 Thread 0x0000024628b7e800 Exception <a 'java/lang/NoSuchMethodError'{0x00000000880f5c30}: 'java.lang.Object java.lang.invoke.DirectMethodHandle$Holder.invokeStaticInit(java.lang.Object, java.lang.Object, java.lang.Object)'> (0x00000000880f5c30) thrown at [c:/BuildAgent/work/5ff2f6
Event: 7.122 Thread 0x0000024628b7e800 Exception <a 'sun/nio/fs/WindowsException'{0x0000000087f4f550}> (0x0000000087f4f550) thrown at [c:/BuildAgent/work/5ff2f6c26000d570/src/hotspot/share/prims/jni.cpp, line 615]
Event: 7.122 Thread 0x0000024628b7e800 Exception <a 'sun/nio/fs/WindowsException'{0x0000000087f4fab0}> (0x0000000087f4fab0) thrown at [c:/BuildAgent/work/5ff2f6c26000d570/src/hotspot/share/prims/jni.cpp, line 615]
Event: 7.127 Thread 0x0000024628b7e800 Exception <a 'sun/nio/fs/WindowsException'{0x0000000087fb5fd8}> (0x0000000087fb5fd8) thrown at [c:/BuildAgent/work/5ff2f6c26000d570/src/hotspot/share/prims/jni.cpp, line 615]
Event: 7.127 Thread 0x0000024628b7e800 Exception <a 'sun/nio/fs/WindowsException'{0x0000000087fb6358}> (0x0000000087fb6358) thrown at [c:/BuildAgent/work/5ff2f6c26000d570/src/hotspot/share/prims/jni.cpp, line 615]
Event: 7.329 Thread 0x0000024628b7e800 Exception <a 'sun/nio/fs/WindowsException'{0x0000000087d4c990}> (0x0000000087d4c990) thrown at [c:/BuildAgent/work/5ff2f6c26000d570/src/hotspot/share/prims/jni.cpp, line 615]
Event: 7.329 Thread 0x0000024628b7e800 Exception <a 'sun/nio/fs/WindowsException'{0x0000000087d4cd40}> (0x0000000087d4cd40) thrown at [c:/BuildAgent/work/5ff2f6c26000d570/src/hotspot/share/prims/jni.cpp, line 615]
Event: 7.340 Thread 0x0000024628b7e800 Exception <a 'sun/nio/fs/WindowsException'{0x0000000087ca46c0}> (0x0000000087ca46c0) thrown at [c:/BuildAgent/work/5ff2f6c26000d570/src/hotspot/share/prims/jni.cpp, line 615]
Event: 7.340 Thread 0x0000024628b7e800 Exception <a 'sun/nio/fs/WindowsException'{0x0000000087ca4a78}> (0x0000000087ca4a78) thrown at [c:/BuildAgent/work/5ff2f6c26000d570/src/hotspot/share/prims/jni.cpp, line 615]
Event: 7.343 Thread 0x0000024628b7e800 Exception <a 'sun/nio/fs/WindowsException'{0x0000000087b614d0}> (0x0000000087b614d0) thrown at [c:/BuildAgent/work/5ff2f6c26000d570/src/hotspot/share/prims/jni.cpp, line 615]
Event: 7.343 Thread 0x0000024628b7e800 Exception <a 'sun/nio/fs/WindowsException'{0x0000000087b617c0}> (0x0000000087b617c0) thrown at [c:/BuildAgent/work/5ff2f6c26000d570/src/hotspot/share/prims/jni.cpp, line 615]
Event: 7.808 Thread 0x0000024628b7e800 Exception <a 'sun/nio/fs/WindowsException'{0x0000000088c6d9e0}> (0x0000000088c6d9e0) thrown at [c:/BuildAgent/work/5ff2f6c26000d570/src/hotspot/share/prims/jni.cpp, line 615]
Event: 7.808 Thread 0x0000024628b7e800 Exception <a 'sun/nio/fs/WindowsException'{0x0000000088c6dd70}> (0x0000000088c6dd70) thrown at [c:/BuildAgent/work/5ff2f6c26000d570/src/hotspot/share/prims/jni.cpp, line 615]
Event: 9.843 Thread 0x0000024628b7e800 Implicit null exception at 0x00000246186382b6 to 0x00000246186397a2

Events (20 events):
Event: 28.465 Thread 0x00000246290d9000 Thread added: 0x00000246290d9000
Event: 28.465 Thread 0x00000246290d9000 Thread exited: 0x00000246290d9000
Event: 28.466 Thread 0x00000246290dc800 Thread added: 0x00000246290dc800
Event: 28.466 Thread 0x00000246290dc800 Thread exited: 0x00000246290dc800
Event: 28.466 Thread 0x00000246290dc800 Thread added: 0x00000246290dc800
Event: 28.466 Thread 0x00000246290dc800 Thread exited: 0x00000246290dc800
Event: 28.466 Thread 0x00000246290dc800 Thread added: 0x00000246290dc800
Event: 28.467 Thread 0x00000246290dc800 Thread exited: 0x00000246290dc800
Event: 28.467 Thread 0x00000246290d9000 Thread added: 0x00000246290d9000
Event: 28.467 Thread 0x00000246290d9000 Thread exited: 0x00000246290d9000
Event: 28.467 Thread 0x00000246290d9000 Thread added: 0x00000246290d9000
Event: 28.468 Thread 0x00000246290d9000 Thread exited: 0x00000246290d9000
Event: 28.468 Thread 0x00000246290d9000 Thread added: 0x00000246290d9000
Event: 28.468 Thread 0x00000246290d9000 Thread exited: 0x00000246290d9000
Event: 28.468 Thread 0x00000246290dc800 Thread added: 0x00000246290dc800
Event: 28.468 Thread 0x00000246290dc800 Thread exited: 0x00000246290dc800
Event: 28.468 Thread 0x00000246290d9000 Thread added: 0x00000246290d9000
Event: 28.469 Thread 0x00000246290d9000 Thread exited: 0x00000246290d9000
Event: 28.469 Thread 0x00000246290d9000 Thread added: 0x00000246290d9000
Event: 28.469 Thread 0x00000246290d9000 Thread exited: 0x00000246290d9000


Dynamic libraries:
0x00007ff7a5900000 - 0x00007ff7a590a000 	D:\IntelliJ\IntelliJ IDEA Community Edition 2019.3.2\jbr\bin\java.exe
0x00007ffc7e070000 - 0x00007ffc7e25d000 	C:\WINDOWS\SYSTEM32\ntdll.dll
0x00007ffc7b600000 - 0x00007ffc7b6b3000 	C:\WINDOWS\System32\KERNEL32.DLL
0x00007ffc7a440000 - 0x00007ffc7a6d5000 	C:\WINDOWS\System32\KERNELBASE.dll
0x00007ffc7a6e0000 - 0x00007ffc7a7da000 	C:\WINDOWS\System32\ucrtbase.dll
0x00007ffc62fb0000 - 0x00007ffc62fc9000 	D:\IntelliJ\IntelliJ IDEA Community Edition 2019.3.2\jbr\bin\jli.dll
0x00007ffc63050000 - 0x00007ffc63067000 	D:\IntelliJ\IntelliJ IDEA Community Edition 2019.3.2\jbr\bin\VCRUNTIME140.dll
0x00007ffc7b460000 - 0x00007ffc7b5f7000 	C:\WINDOWS\System32\USER32.dll
0x00007ffc6e1a0000 - 0x00007ffc6e419000 	C:\WINDOWS\WinSxS\amd64_microsoft.windows.common-controls_6595b64144ccf1df_6.0.17763.1158_none_de722d88534a897f\COMCTL32.dll
0x00007ffc7aa70000 - 0x00007ffc7aa90000 	C:\WINDOWS\System32\win32u.dll
0x00007ffc7df10000 - 0x00007ffc7dfae000 	C:\WINDOWS\System32\msvcrt.dll
0x00007ffc7d050000 - 0x00007ffc7d079000 	C:\WINDOWS\System32\GDI32.dll
0x00007ffc7a7e0000 - 0x00007ffc7a979000 	C:\WINDOWS\System32\gdi32full.dll
0x00007ffc7db30000 - 0x00007ffc7de5c000 	C:\WINDOWS\System32\combase.dll
0x00007ffc7a9d0000 - 0x00007ffc7aa70000 	C:\WINDOWS\System32\msvcp_win.dll
0x00007ffc7b6f0000 - 0x00007ffc7b812000 	C:\WINDOWS\System32\RPCRT4.dll
0x00007ffc7a3c0000 - 0x00007ffc7a43e000 	C:\WINDOWS\System32\bcryptPrimitives.dll
0x00007ffc7b6c0000 - 0x00007ffc7b6ee000 	C:\WINDOWS\System32\IMM32.DLL
0x00007ffc4b360000 - 0x00007ffc4b3fd000 	D:\IntelliJ\IntelliJ IDEA Community Edition 2019.3.2\jbr\bin\msvcp140.dll
0x00007ffc29560000 - 0x00007ffc2a01b000 	D:\IntelliJ\IntelliJ IDEA Community Edition 2019.3.2\jbr\bin\server\jvm.dll
0x00007ffc7cf90000 - 0x00007ffc7d033000 	C:\WINDOWS\System32\ADVAPI32.dll
0x00007ffc7d430000 - 0x00007ffc7d4ce000 	C:\WINDOWS\System32\sechost.dll
0x00007ffc7e010000 - 0x00007ffc7e018000 	C:\WINDOWS\System32\PSAPI.DLL
0x00007ffc6f2c0000 - 0x00007ffc6f2e4000 	C:\WINDOWS\SYSTEM32\WINMM.dll
0x00007ffc74b00000 - 0x00007ffc74b0a000 	C:\WINDOWS\SYSTEM32\VERSION.dll
0x00007ffc75d80000 - 0x00007ffc75d89000 	C:\WINDOWS\SYSTEM32\WSOCK32.dll
0x00007ffc7cf20000 - 0x00007ffc7cf8d000 	C:\WINDOWS\System32\WS2_32.dll
0x00007ffc6f080000 - 0x00007ffc6f0ad000 	C:\WINDOWS\SYSTEM32\winmmbase.dll
0x00007ffc7a370000 - 0x00007ffc7a3ba000 	C:\WINDOWS\System32\cfgmgr32.dll
0x00007ffc7a060000 - 0x00007ffc7a071000 	C:\WINDOWS\System32\kernel.appcore.dll
0x00007ffc754c0000 - 0x00007ffc754d1000 	D:\IntelliJ\IntelliJ IDEA Community Edition 2019.3.2\jbr\bin\verify.dll
0x00007ffc72290000 - 0x00007ffc7247d000 	C:\WINDOWS\SYSTEM32\DBGHELP.DLL
0x00007ffc72260000 - 0x00007ffc7228a000 	C:\WINDOWS\SYSTEM32\dbgcore.DLL
0x00007ffc62e40000 - 0x00007ffc62e69000 	D:\IntelliJ\IntelliJ IDEA Community Edition 2019.3.2\jbr\bin\java.dll
0x00007ffc75e40000 - 0x00007ffc75e4f000 	D:\IntelliJ\IntelliJ IDEA Community Edition 2019.3.2\jbr\bin\instrument.dll
0x00007ffc6c690000 - 0x00007ffc6c6a7000 	D:\IntelliJ\IntelliJ IDEA Community Edition 2019.3.2\jbr\bin\zip.dll
0x00007ffc759f0000 - 0x00007ffc759fb000 	D:\IntelliJ\IntelliJ IDEA Community Edition 2019.3.2\jbr\bin\jimage.dll
0x00007ffc7b820000 - 0x00007ffc7cd14000 	C:\WINDOWS\System32\SHELL32.dll
0x00007ffc7de60000 - 0x00007ffc7df08000 	C:\WINDOWS\System32\shcore.dll
0x00007ffc7ab40000 - 0x00007ffc7b28d000 	C:\WINDOWS\System32\windows.storage.dll
0x00007ffc7a100000 - 0x00007ffc7a124000 	C:\WINDOWS\System32\profapi.dll
0x00007ffc7a080000 - 0x00007ffc7a0dd000 	C:\WINDOWS\System32\powrprof.dll
0x00007ffc7cd30000 - 0x00007ffc7cd82000 	C:\WINDOWS\System32\shlwapi.dll
0x00007ffc7a980000 - 0x00007ffc7a997000 	C:\WINDOWS\System32\cryptsp.dll
0x00007ffc6c500000 - 0x00007ffc6c51a000 	D:\IntelliJ\IntelliJ IDEA Community Edition 2019.3.2\jbr\bin\net.dll
0x00007ffc70910000 - 0x00007ffc70a02000 	C:\WINDOWS\SYSTEM32\WINHTTP.dll
0x00007ffc79870000 - 0x00007ffc798d7000 	C:\WINDOWS\system32\mswsock.dll
0x00007ffc6af30000 - 0x00007ffc6af44000 	D:\IntelliJ\IntelliJ IDEA Community Edition 2019.3.2\jbr\bin\nio.dll
0x00007ffc74dd0000 - 0x00007ffc74dea000 	D:\IntelliJ\IntelliJ IDEA Community Edition 2019.3.2\bin\breakgen64.dll
0x00000246297e0000 - 0x00000246297e3000 	D:\IntelliJ\IntelliJ IDEA Community Edition 2019.3.2\jbr\bin\api-ms-win-core-console-l1-1-0.dll
0x00000246297f0000 - 0x00000246297f3000 	D:\IntelliJ\IntelliJ IDEA Community Edition 2019.3.2\jbr\bin\api-ms-win-core-datetime-l1-1-0.dll
0x0000024629800000 - 0x0000024629803000 	D:\IntelliJ\IntelliJ IDEA Community Edition 2019.3.2\jbr\bin\api-ms-win-core-debug-l1-1-0.dll
0x0000024629810000 - 0x0000024629813000 	D:\IntelliJ\IntelliJ IDEA Community Edition 2019.3.2\jbr\bin\api-ms-win-core-errorhandling-l1-1-0.dll
0x0000024629820000 - 0x0000024629824000 	D:\IntelliJ\IntelliJ IDEA Community Edition 2019.3.2\jbr\bin\api-ms-win-core-file-l1-1-0.dll
0x0000024629830000 - 0x0000024629833000 	D:\IntelliJ\IntelliJ IDEA Community Edition 2019.3.2\jbr\bin\api-ms-win-core-file-l1-2-0.dll
0x0000024629840000 - 0x0000024629843000 	D:\IntelliJ\IntelliJ IDEA Community Edition 2019.3.2\jbr\bin\api-ms-win-core-file-l2-1-0.dll
0x0000024629850000 - 0x0000024629853000 	D:\IntelliJ\IntelliJ IDEA Community Edition 2019.3.2\jbr\bin\api-ms-win-core-handle-l1-1-0.dll
0x0000024629860000 - 0x0000024629863000 	D:\IntelliJ\IntelliJ IDEA Community Edition 2019.3.2\jbr\bin\api-ms-win-core-heap-l1-1-0.dll
0x0000024629870000 - 0x0000024629873000 	D:\IntelliJ\IntelliJ IDEA Community Edition 2019.3.2\jbr\bin\api-ms-win-core-interlocked-l1-1-0.dll
0x0000024629880000 - 0x0000024629883000 	D:\IntelliJ\IntelliJ IDEA Community Edition 2019.3.2\jbr\bin\api-ms-win-core-libraryloader-l1-1-0.dll
0x0000024629890000 - 0x0000024629893000 	D:\IntelliJ\IntelliJ IDEA Community Edition 2019.3.2\jbr\bin\api-ms-win-core-localization-l1-2-0.dll
0x00000246298a0000 - 0x00000246298a3000 	D:\IntelliJ\IntelliJ IDEA Community Edition 2019.3.2\jbr\bin\api-ms-win-core-memory-l1-1-0.dll
0x00000246298b0000 - 0x00000246298b3000 	D:\IntelliJ\IntelliJ IDEA Community Edition 2019.3.2\jbr\bin\api-ms-win-core-namedpipe-l1-1-0.dll
0x00000246298c0000 - 0x00000246298c3000 	D:\IntelliJ\IntelliJ IDEA Community Edition 2019.3.2\jbr\bin\api-ms-win-core-processenvironment-l1-1-0.dll
0x00000246298d0000 - 0x00000246298d3000 	D:\IntelliJ\IntelliJ IDEA Community Edition 2019.3.2\jbr\bin\api-ms-win-core-processthreads-l1-1-0.dll
0x00000246298e0000 - 0x00000246298e3000 	D:\IntelliJ\IntelliJ IDEA Community Edition 2019.3.2\jbr\bin\api-ms-win-core-processthreads-l1-1-1.dll
0x00000246298f0000 - 0x00000246298f3000 	D:\IntelliJ\IntelliJ IDEA Community Edition 2019.3.2\jbr\bin\api-ms-win-core-profile-l1-1-0.dll
0x0000024629900000 - 0x0000024629903000 	D:\IntelliJ\IntelliJ IDEA Community Edition 2019.3.2\jbr\bin\api-ms-win-core-rtlsupport-l1-1-0.dll
0x0000024629910000 - 0x0000024629913000 	D:\IntelliJ\IntelliJ IDEA Community Edition 2019.3.2\jbr\bin\api-ms-win-core-string-l1-1-0.dll
0x0000024629920000 - 0x0000024629923000 	D:\IntelliJ\IntelliJ IDEA Community Edition 2019.3.2\jbr\bin\api-ms-win-core-synch-l1-1-0.dll
0x0000024629930000 - 0x0000024629933000 	D:\IntelliJ\IntelliJ IDEA Community Edition 2019.3.2\jbr\bin\api-ms-win-core-synch-l1-2-0.dll
0x0000024629940000 - 0x0000024629943000 	D:\IntelliJ\IntelliJ IDEA Community Edition 2019.3.2\jbr\bin\api-ms-win-core-sysinfo-l1-1-0.dll
0x0000024629950000 - 0x0000024629953000 	D:\IntelliJ\IntelliJ IDEA Community Edition 2019.3.2\jbr\bin\api-ms-win-core-timezone-l1-1-0.dll
0x0000024629960000 - 0x0000024629963000 	D:\IntelliJ\IntelliJ IDEA Community Edition 2019.3.2\jbr\bin\api-ms-win-core-util-l1-1-0.dll
0x0000024629970000 - 0x0000024629973000 	D:\IntelliJ\IntelliJ IDEA Community Edition 2019.3.2\jbr\bin\api-ms-win-crt-conio-l1-1-0.dll
0x0000024629980000 - 0x0000024629984000 	D:\IntelliJ\IntelliJ IDEA Community Edition 2019.3.2\jbr\bin\api-ms-win-crt-convert-l1-1-0.dll
0x0000024629990000 - 0x0000024629993000 	D:\IntelliJ\IntelliJ IDEA Community Edition 2019.3.2\jbr\bin\api-ms-win-crt-environment-l1-1-0.dll
0x00000246299a0000 - 0x00000246299a3000 	D:\IntelliJ\IntelliJ IDEA Community Edition 2019.3.2\jbr\bin\api-ms-win-crt-filesystem-l1-1-0.dll
0x00000246299b0000 - 0x00000246299b3000 	D:\IntelliJ\IntelliJ IDEA Community Edition 2019.3.2\jbr\bin\api-ms-win-crt-heap-l1-1-0.dll
0x00000246299c0000 - 0x00000246299c3000 	D:\IntelliJ\IntelliJ IDEA Community Edition 2019.3.2\jbr\bin\api-ms-win-crt-locale-l1-1-0.dll
0x00000246299d0000 - 0x00000246299d5000 	D:\IntelliJ\IntelliJ IDEA Community Edition 2019.3.2\jbr\bin\api-ms-win-crt-math-l1-1-0.dll
0x00000246299e0000 - 0x00000246299e5000 	D:\IntelliJ\IntelliJ IDEA Community Edition 2019.3.2\jbr\bin\api-ms-win-crt-multibyte-l1-1-0.dll
0x00000246299f0000 - 0x0000024629a00000 	D:\IntelliJ\IntelliJ IDEA Community Edition 2019.3.2\jbr\bin\api-ms-win-crt-private-l1-1-0.dll
0x0000024629a00000 - 0x0000024629a03000 	D:\IntelliJ\IntelliJ IDEA Community Edition 2019.3.2\jbr\bin\api-ms-win-crt-process-l1-1-0.dll
0x0000024629a10000 - 0x0000024629a14000 	D:\IntelliJ\IntelliJ IDEA Community Edition 2019.3.2\jbr\bin\api-ms-win-crt-runtime-l1-1-0.dll
0x0000024629a20000 - 0x0000024629a24000 	D:\IntelliJ\IntelliJ IDEA Community Edition 2019.3.2\jbr\bin\api-ms-win-crt-stdio-l1-1-0.dll
0x0000024629a30000 - 0x0000024629a34000 	D:\IntelliJ\IntelliJ IDEA Community Edition 2019.3.2\jbr\bin\api-ms-win-crt-string-l1-1-0.dll
0x0000024629a40000 - 0x0000024629a43000 	D:\IntelliJ\IntelliJ IDEA Community Edition 2019.3.2\jbr\bin\api-ms-win-crt-time-l1-1-0.dll
0x0000024629a50000 - 0x0000024629a53000 	D:\IntelliJ\IntelliJ IDEA Community Edition 2019.3.2\jbr\bin\api-ms-win-crt-utility-l1-1-0.dll
0x00007ffc53fb0000 - 0x00007ffc540aa000 	D:\IntelliJ\IntelliJ IDEA Community Edition 2019.3.2\jbr\bin\ucrtbase.dll
0x00007ffc62f00000 - 0x00007ffc62f52000 	C:\Windows\System32\concrt140.dll
0x00007ffc6d9b0000 - 0x00007ffc6d9d3000 	D:\IntelliJ\IntelliJ IDEA Community Edition 2019.3.2\jbr\bin\prism_d3d.dll
0x00007ffc71110000 - 0x00007ffc712ae000 	C:\WINDOWS\system32\d3d9.dll
0x00007ffc786c0000 - 0x00007ffc786ee000 	C:\WINDOWS\SYSTEM32\dwmapi.dll
0x00007ffc7a130000 - 0x00007ffc7a30c000 	C:\WINDOWS\System32\CRYPT32.dll
0x00007ffc7a0e0000 - 0x00007ffc7a0f2000 	C:\WINDOWS\System32\MSASN1.dll
0x00007ffc783b0000 - 0x00007ffc7844c000 	C:\WINDOWS\system32\uxtheme.dll
0x00007ffc47de0000 - 0x00007ffc47fa0000 	C:\WINDOWS\System32\DriverStore\FileRepository\igdlh64.inf_amd64_d03105a152ac7ed4\igdumdim64.dll
0x00007ffc64440000 - 0x00007ffc64592000 	C:\WINDOWS\System32\DriverStore\FileRepository\igdlh64.inf_amd64_d03105a152ac7ed4\igdgmm64.dll
0x00007ffc62eb0000 - 0x00007ffc62ef5000 	D:\IntelliJ\IntelliJ IDEA Community Edition 2019.3.2\jbr\bin\glass.dll
0x00007ffc7cd90000 - 0x00007ffc7ceb7000 	C:\WINDOWS\System32\COMDLG32.dll
0x00007ffc7d550000 - 0x00007ffc7d6a5000 	C:\WINDOWS\System32\ole32.dll
0x00007ffc7d100000 - 0x00007ffc7d1c4000 	C:\WINDOWS\System32\OLEAUT32.dll
0x00007ffc7b2f0000 - 0x00007ffc7b45b000 	C:\WINDOWS\System32\MSCTF.dll
0x00007ffc23270000 - 0x00007ffc26e4b000 	C:\WINDOWS\System32\DriverStore\FileRepository\igdlh64.inf_amd64_d03105a152ac7ed4\igd9dxva64.dll
0x00007ffc32f60000 - 0x00007ffc32f82000 	C:\WINDOWS\System32\DriverStore\FileRepository\igdlh64.inf_amd64_d03105a152ac7ed4\igdinfo64.dll
0x00007ffc603a0000 - 0x00007ffc626f6000 	C:\WINDOWS\System32\DriverStore\FileRepository\igdlh64.inf_amd64_d03105a152ac7ed4\igc64.dll
0x00007ffc45cb0000 - 0x00007ffc45e51000 	D:\IntelliJ\IntelliJ IDEA Community Edition 2019.3.2\jbr\bin\awt.dll
0x00007ffc773b0000 - 0x00007ffc7796e000 	C:\WINDOWS\SYSTEM32\d2d1.dll
0x00007ffc78130000 - 0x00007ffc781bc000 	C:\WINDOWS\SYSTEM32\apphelp.dll
0x00007ffc45b80000 - 0x00007ffc45ca7000 	C:\WINDOWS\system32\opengl32.dll
0x00007ffc62e10000 - 0x00007ffc62e3c000 	C:\WINDOWS\SYSTEM32\GLU32.dll
0x00007ffc6c6b0000 - 0x00007ffc6c6c4000 	D:\IntelliJ\IntelliJ IDEA Community Edition 2019.3.2\jbr\bin\javafx_font.dll
0x00007ffc578f0000 - 0x00007ffc57975000 	D:\IntelliJ\IntelliJ IDEA Community Edition 2019.3.2\jbr\bin\freetype.dll
0x00007ffc50190000 - 0x00007ffc50238000 	D:\IntelliJ\IntelliJ IDEA Community Edition 2019.3.2\jbr\bin\fontmanager.dll
0x00007ffc65f50000 - 0x00007ffc6624c000 	C:\WINDOWS\SYSTEM32\dwrite.dll
0x00007ffc53f20000 - 0x00007ffc53fb0000 	D:\IntelliJ\IntelliJ IDEA Community Edition 2019.3.2\jbr\bin\glib-lite.dll
0x00007ffc4b480000 - 0x00007ffc4b537000 	D:\IntelliJ\IntelliJ IDEA Community Edition 2019.3.2\jbr\bin\gstreamer-lite.dll
0x00007ffc402b0000 - 0x00007ffc40346000 	C:\WINDOWS\SYSTEM32\DSOUND.dll
0x00007ffc57c60000 - 0x00007ffc57c86000 	D:\IntelliJ\IntelliJ IDEA Community Edition 2019.3.2\jbr\bin\jfxmedia.dll
0x00007ffc7d1d0000 - 0x00007ffc7d272000 	C:\WINDOWS\System32\clbcatq.dll
0x00007ffc76900000 - 0x00007ffc76aa9000 	C:\WINDOWS\system32\propsys.dll
0x00007ffc579d0000 - 0x00007ffc579f2000 	D:\IntelliJ\IntelliJ IDEA Community Edition 2019.3.2\jbr\bin\fxplugins.dll
0x00007ffc71600000 - 0x00007ffc71670000 	C:\WINDOWS\System32\MMDevApi.dll
0x00007ffc79e10000 - 0x00007ffc79e39000 	C:\WINDOWS\System32\DEVOBJ.dll
0x00007ffc70e20000 - 0x00007ffc70f68000 	C:\WINDOWS\SYSTEM32\AUDIOSES.DLL
0x00007ffc760b0000 - 0x00007ffc76203000 	C:\WINDOWS\SYSTEM32\wintypes.dll
0x00007ffc75990000 - 0x00007ffc7599a000 	C:\WINDOWS\SYSTEM32\AVRT.dll

dbghelp: loaded successfully - version: 4.0.5 - missing functions: none
symbol engine: initialized successfully - sym options: 0x614 - pdb path: .;D:\IntelliJ\IntelliJ IDEA Community Edition 2019.3.2\jbr\bin;C:\WINDOWS\SYSTEM32;C:\WINDOWS\WinSxS\amd64_microsoft.windows.common-controls_6595b64144ccf1df_6.0.17763.1158_none_de722d88534a897f;D:\IntelliJ\IntelliJ IDEA Community Edition 2019.3.2\jbr\bin\server;D:\IntelliJ\IntelliJ IDEA Community Edition 2019.3.2\bin;C:\WINDOWS\System32\DriverStore\FileRepository\igdlh64.inf_amd64_d03105a152ac7ed4;C:\Program Files\Common Files\Microsoft Shared\Ink;C:\Users\XIAOMi\AppData\Local\Temp\lwjglXIAOMi\3.2.3-build-13

VM Arguments:
jvm_args: -javaagent:D:\IntelliJ\IntelliJ IDEA Community Edition 2019.3.2\lib\idea_rt.jar=56628:D:\IntelliJ\IntelliJ IDEA Community Edition 2019.3.2\bin -Dfile.encoding=UTF-8 
java_command: com.falconfly.menu.MainMenu
java_class_path (initial): D:\projects\4_sem\falcon-fly\out\production\falcon-fly;D:\IntelliJ\lwjgl\lwjgl\lwjgl.jar;D:\IntelliJ\lwjgl\lwjgl\lwjgl-javadoc.jar;D:\IntelliJ\lwjgl\lwjgl\lwjgl-sources.jar;D:\IntelliJ\lwjgl\lwjgl\lwjgl-natives-linux.jar;D:\IntelliJ\lwjgl\lwjgl\lwjgl-natives-macos.jar;D:\IntelliJ\lwjgl\lwjgl\lwjgl-natives-windows.jar;D:\IntelliJ\lwjgl\lwjgl\lwjgl-natives-linux-arm32.jar;D:\IntelliJ\lwjgl\lwjgl\lwjgl-natives-linux-arm64.jar;D:\IntelliJ\lwjgl\lwjgl\lwjgl-natives-windows-x86.jar;D:\IntelliJ\lwjgl\lwjgl-assimp\lwjgl-assimp.jar;D:\IntelliJ\lwjgl\lwjgl-assimp\lwjgl-assimp-javadoc.jar;D:\IntelliJ\lwjgl\lwjgl-assimp\lwjgl-assimp-sources.jar;D:\IntelliJ\lwjgl\lwjgl-assimp\lwjgl-assimp-natives-linux.jar;D:\IntelliJ\lwjgl\lwjgl-assimp\lwjgl-assimp-natives-macos.jar;D:\IntelliJ\lwjgl\lwjgl-assimp\lwjgl-assimp-natives-windows.jar;D:\IntelliJ\lwjgl\lwjgl-assimp\lwjgl-assimp-natives-linux-arm32.jar;D:\IntelliJ\lwjgl\lwjgl-assimp\lwjgl-assimp-natives-linux-arm64.jar;D:\IntelliJ\lwjgl\lwjgl-assimp\lwjgl-assimp-natives-windows-x86.jar;D:\IntelliJ\lwjgl\lwjgl-bgfx\lwjgl-bgfx.jar;D:\IntelliJ\lwjgl\lwjgl-bgfx\lwjgl-bgfx-javadoc.jar;D:\IntelliJ\lwjgl\lwjgl-bgfx\lwjgl-bgfx-sources.jar;D:\IntelliJ\lwjgl\lwjgl-bgfx\lwjgl-bgfx-natives-linux.jar;D:\IntelliJ\lwjgl\lwjgl-bgfx\lwjgl-bgfx-natives-macos.jar;D:\IntelliJ\lwjgl\lwjgl-bgfx\lwjgl-bgfx-natives-windows.jar;D:\IntelliJ\lwjgl\lwjgl-bgfx\lwjgl-bgfx-natives-linux-arm32.jar;D:\IntelliJ\lwjgl\lwjgl-bgfx\lwjgl-bgfx-natives-linux-arm64.jar;D:\IntelliJ\lwjgl\lwjgl-bgfx\lwjgl-bgfx-natives-windows-x86.jar;D:\IntelliJ\lwjgl\lwjgl-cuda\lwjgl-cuda.jar;D:\IntelliJ\lwjgl\lwjgl-cuda\lwjgl-cuda-javadoc.jar;D:\IntelliJ\lwjgl\lwjgl-cuda\lwjgl-cuda-sources.jar;D:\IntelliJ\lwjgl\lwjgl-egl\lwjgl-egl.jar;D:\IntelliJ\lwjgl\lwjgl-egl\lwjgl-egl-javadoc.jar;D:\IntelliJ\lwjgl\lwjgl-egl\lwjgl-egl-sources.jar;D:\IntelliJ\lwjgl\lwjgl-glfw\lwjgl-glfw.jar;D:\IntelliJ\lwjgl\lwjgl-glfw\lwjgl-glfw-javadoc.jar;D:\IntelliJ\lwjgl\lwjgl-glfw\lwjgl-g
Launcher Type: SUN_STANDARD

[Global flags]
     intx CICompilerCount                          = 4                                         {product} {ergonomic}
     uint ConcGCThreads                            = 2                                         {product} {ergonomic}
     uint G1ConcRefinementThreads                  = 8                                         {product} {ergonomic}
   size_t G1HeapRegionSize                         = 1048576                                   {product} {ergonomic}
    uintx GCDrainStackTargetSize                   = 64                                        {product} {ergonomic}
   size_t InitialHeapSize                          = 134217728                                 {product} {ergonomic}
   size_t MarkStackSize                            = 4194304                                   {product} {ergonomic}
   size_t MaxHeapSize                              = 2118123520                                {product} {ergonomic}
   size_t MaxNewSize                               = 1270874112                                {product} {ergonomic}
   size_t MinHeapDeltaBytes                        = 1048576                                   {product} {ergonomic}
    uintx NonNMethodCodeHeapSize                   = 5836300                                {pd product} {ergonomic}
    uintx NonProfiledCodeHeapSize                  = 122910970                              {pd product} {ergonomic}
    uintx ProfiledCodeHeapSize                     = 122910970                              {pd product} {ergonomic}
    uintx ReservedCodeCacheSize                    = 251658240                              {pd product} {ergonomic}
     bool SegmentedCodeCache                       = true                                      {product} {ergonomic}
     bool UseCompressedClassPointers               = true                                 {lp64_product} {ergonomic}
     bool UseCompressedOops                        = true                                 {lp64_product} {ergonomic}
     bool UseG1GC                                  = true                                      {product} {ergonomic}
     bool UseLargePagesIndividualAllocation        = false                                  {pd product} {ergonomic}

Logging:
Log output configuration:
 #0: stdout all=warning uptime,level,tags
 #1: stderr all=off uptime,level,tags

Environment Variables:
PATH=C:\WINDOWS\system32;C:\WINDOWS;C:\WINDOWS\System32\Wbem;C:\WINDOWS\System32\WindowsPowerShell\v1.0\;C:\WINDOWS\System32\OpenSSH\;C:\Program Files (x86)\IncrediBuild;C:\Program Files\NVIDIA Corporation\NVIDIA NvDLISR;C:\Program Files (x86)\NVIDIA Corporation\PhysX\Common;C:\Program Files\Git\cmd;C:\Users\XIAOMi\AppData\Local\Microsoft\WindowsApps;
USERNAME=XIAOMi
OS=Windows_NT
PROCESSOR_IDENTIFIER=Intel64 Family 6 Model 142 Stepping 10, GenuineIntel



---------------  S Y S T E M  ---------------

OS: Windows 10 , 64 bit Build 17763 (10.0.17763.1158)

CPU:total 8 (initial active 8) (4 cores per cpu, 2 threads per core) family 6 model 142 stepping 10, cmov, cx8, fxsr, mmx, sse, sse2, sse3, ssse3, sse4.1, sse4.2, popcnt, avx, avx2, aes, clmul, erms, 3dnowpref, lzcnt, ht, tsc, tscinvbit, bmi1, bmi2, adx, fma

Memory: 4k page, system-wide physical 8076M (1783M free)
TotalPageFile size 19929M (AvailPageFile size 1619M)
current process WorkingSet (physical memory assigned to process): 403M, peak: 538M
current process commit charge ("private bytes"): 458M, peak: 559M

vm_info: OpenJDK 64-Bit Server VM (11.0.5+10-b520.30) for windows-amd64 JRE (11.0.5+10-b520.30), built on Dec 24 2019 12:06:09 by "" with MS VC++ 14.0 (VS2015)

END.
